ERROR - 2017-04-19 01:08:32 --> 404 Page Not Found: Search/index
ERROR - 2017-04-19 01:08:32 --> 404 Page Not Found: 273/index
ERROR - 2017-04-19 01:25:53 --> 404 Page Not Found: Phpmyadmin%252525252520/index
ERROR - 2017-04-19 02:30:48 --> 404 Page Not Found: Stssyshtm/index
ERROR - 2017-04-19 02:44:53 --> 404 Page Not Found: Faviconico/index
ERROR - 2017-04-19 02:44:56 --> 404 Page Not Found: Cardqrcode/qrcode_0000000021.jpg
ERROR - 2017-04-19 02:44:56 --> 404 Page Not Found: Cardqrcode/qrcode_0000000101.jpg
ERROR - 2017-04-19 02:44:56 --> 404 Page Not Found: Cardqrcode/qrcode_0000000102.jpg
ERROR - 2017-04-19 02:44:56 --> 404 Page Not Found: Cardqrcode/qrcode_0000000103.jpg
ERROR - 2017-04-19 02:44:57 --> 404 Page Not Found: Cardqrcode/qrcode_0000000104.jpg
ERROR - 2017-04-19 02:44:57 --> 404 Page Not Found: Cardqrcode/qrcode_0000000105.jpg
ERROR - 2017-04-19 02:44:57 --> 404 Page Not Found: Cardqrcode/qrcode_0000000106.jpg
ERROR - 2017-04-19 02:44:57 --> 404 Page Not Found: Cardqrcode/qrcode_0000000107.jpg
ERROR - 2017-04-19 02:44:57 --> 404 Page Not Found: Cardqrcode/qrcode_0000000109.jpg
ERROR - 2017-04-19 02:44:57 --> 404 Page Not Found: Cardqrcode/qrcode_0000000108.jpg
ERROR - 2017-04-19 02:44:57 --> 404 Page Not Found: Cardqrcode/qrcode_0000000110.jpg
ERROR - 2017-04-19 02:44:57 --> 404 Page Not Found: Cardqrcode/qrcode_0000000111.jpg
ERROR - 2017-04-19 02:44:57 --> 404 Page Not Found: Cardqrcode/qrcode_0000000112.jpg
ERROR - 2017-04-19 02:44:57 --> 404 Page Not Found: Cardqrcode/qrcode_0000000114.jpg
ERROR - 2017-04-19 02:44:57 --> 404 Page Not Found: Cardqrcode/qrcode_0000000113.jpg
ERROR - 2017-04-19 02:44:57 --> 404 Page Not Found: Cardqrcode/qrcode_0000000115.jpg
ERROR - 2017-04-19 02:44:57 --> 404 Page Not Found: Cardqrcode/qrcode_0000000116.jpg
ERROR - 2017-04-19 02:44:57 --> 404 Page Not Found: Cardqrcode/qrcode_0000000117.jpg
ERROR - 2017-04-19 02:44:57 --> 404 Page Not Found: Cardqrcode/qrcode_0000000118.jpg
ERROR - 2017-04-19 02:44:57 --> 404 Page Not Found: Cardqrcode/qrcode_0000000121.jpg
ERROR - 2017-04-19 02:44:57 --> 404 Page Not Found: Cardqrcode/qrcode_0000000119.jpg
ERROR - 2017-04-19 02:44:57 --> 404 Page Not Found: Cardqrcode/qrcode_0000000120.jpg
ERROR - 2017-04-19 02:44:57 --> 404 Page Not Found: Cardqrcode/qrcode_0000000122.jpg
ERROR - 2017-04-19 02:44:57 --> 404 Page Not Found: Faviconico/index
ERROR - 2017-04-19 02:45:05 --> 404 Page Not Found: Faviconico/index
ERROR - 2017-04-19 02:45:08 --> 404 Page Not Found: Faviconico/index
ERROR - 2017-04-19 02:45:35 --> 404 Page Not Found: Faviconico/index
ERROR - 2017-04-19 02:45:46 --> 404 Page Not Found: Cardqrcode/qrcode_0000000021.jpg
ERROR - 2017-04-19 02:45:46 --> 404 Page Not Found: Cardqrcode/qrcode_0000000021.jpg
ERROR - 2017-04-19 02:45:46 --> 404 Page Not Found: Cardqrcode/qrcode_0000000102.jpg
ERROR - 2017-04-19 02:45:46 --> 404 Page Not Found: Cardqrcode/qrcode_0000000101.jpg
ERROR - 2017-04-19 02:45:46 --> 404 Page Not Found: Cardqrcode/qrcode_0000000104.jpg
ERROR - 2017-04-19 02:45:47 --> 404 Page Not Found: Cardqrcode/qrcode_0000000105.jpg
ERROR - 2017-04-19 02:45:47 --> 404 Page Not Found: Cardqrcode/qrcode_0000000103.jpg
ERROR - 2017-04-19 02:45:47 --> 404 Page Not Found: Cardqrcode/qrcode_0000000106.jpg
ERROR - 2017-04-19 02:45:47 --> 404 Page Not Found: Cardqrcode/qrcode_0000000107.jpg
ERROR - 2017-04-19 02:45:47 --> 404 Page Not Found: Cardqrcode/qrcode_0000000108.jpg
ERROR - 2017-04-19 02:45:47 --> 404 Page Not Found: Cardqrcode/qrcode_0000000109.jpg
ERROR - 2017-04-19 02:45:47 --> 404 Page Not Found: Cardqrcode/qrcode_0000000112.jpg
ERROR - 2017-04-19 02:45:47 --> 404 Page Not Found: Cardqrcode/qrcode_0000000110.jpg
ERROR - 2017-04-19 02:45:47 --> 404 Page Not Found: Cardqrcode/qrcode_0000000111.jpg
ERROR - 2017-04-19 02:45:47 --> 404 Page Not Found: Cardqrcode/qrcode_0000000114.jpg
ERROR - 2017-04-19 02:45:47 --> 404 Page Not Found: Cardqrcode/qrcode_0000000113.jpg
ERROR - 2017-04-19 02:45:47 --> 404 Page Not Found: Cardqrcode/qrcode_0000000115.jpg
ERROR - 2017-04-19 02:45:47 --> 404 Page Not Found: Cardqrcode/qrcode_0000000116.jpg
ERROR - 2017-04-19 02:45:47 --> 404 Page Not Found: Cardqrcode/qrcode_0000000117.jpg
ERROR - 2017-04-19 02:45:47 --> 404 Page Not Found: Cardqrcode/qrcode_0000000119.jpg
ERROR - 2017-04-19 02:45:47 --> 404 Page Not Found: Cardqrcode/qrcode_0000000118.jpg
ERROR - 2017-04-19 02:45:47 --> 404 Page Not Found: Cardqrcode/qrcode_0000000120.jpg
ERROR - 2017-04-19 02:45:47 --> 404 Page Not Found: Cardqrcode/qrcode_0000000122.jpg
ERROR - 2017-04-19 02:45:47 --> 404 Page Not Found: Cardqrcode/qrcode_0000000121.jpg
ERROR - 2017-04-19 02:45:47 --> 404 Page Not Found: Faviconico/index
ERROR - 2017-04-19 05:01:10 --> 404 Page Not Found: Proxyhtml/index
ERROR - 2017-04-19 05:29:08 --> 404 Page Not Found: Phpmyadmin%25252525252520/index
ERROR - 2017-04-19 07:36:47 --> 404 Page Not Found: Manager/html
ERROR - 2017-04-19 07:49:06 --> 404 Page Not Found: Phpmyadmin%2525252525252520/index
ERROR - 2017-04-19 08:14:56 --> 404 Page Not Found: Manager/html
ERROR - 2017-04-19 08:53:36 --> 404 Page Not Found: Manager/html
ERROR - 2017-04-19 09:02:13 --> 404 Page Not Found: Phpmyadmin/index
ERROR - 2017-04-19 09:20:34 --> 404 Page Not Found: Loginasp/index
ERROR - 2017-04-19 10:32:07 --> 404 Page Not Found: Phpmyadmin%252525252525252520/index
ERROR - 2017-04-19 12:08:39 --> 404 Page Not Found: Loginasp/index
ERROR - 2017-04-19 12:08:48 --> 404 Page Not Found: Loginasp/index
ERROR - 2017-04-19 12:28:47 --> 404 Page Not Found: Phpmyadmin/index
ERROR - 2017-04-19 12:57:53 --> 404 Page Not Found: Wp-includes/js
ERROR - 2017-04-19 12:57:53 --> 404 Page Not Found: Skins/vector
ERROR - 2017-04-19 12:57:53 --> 404 Page Not Found: Misc/states.js
ERROR - 2017-04-19 12:57:53 --> 404 Page Not Found: Static/js
ERROR - 2017-04-19 12:57:54 --> 404 Page Not Found: Include/js
ERROR - 2017-04-19 12:57:54 --> 404 Page Not Found: Include/js
ERROR - 2017-04-19 12:57:54 --> 404 Page Not Found: Include/js
ERROR - 2017-04-19 12:57:54 --> 404 Page Not Found: Res/js
ERROR - 2017-04-19 12:57:54 --> 404 Page Not Found: Js/wind_editor.js
ERROR - 2017-04-19 12:57:54 --> 404 Page Not Found: Styles/prosilver
ERROR - 2017-04-19 12:57:55 --> 404 Page Not Found: Styles/prosilver
ERROR - 2017-04-19 12:57:55 --> 404 Page Not Found: Editor/ubb
ERROR - 2017-04-19 12:57:55 --> 404 Page Not Found: Template/default
ERROR - 2017-04-19 12:57:55 --> 404 Page Not Found: Static/js
ERROR - 2017-04-19 12:57:55 --> 404 Page Not Found: Images/js
ERROR - 2017-04-19 12:57:55 --> 404 Page Not Found: Templets/style
ERROR - 2017-04-19 12:57:56 --> 404 Page Not Found: Include/dedeajax2.js
ERROR - 2017-04-19 12:57:56 --> 404 Page Not Found: Images/default
ERROR - 2017-04-19 12:57:56 --> 404 Page Not Found: Js/lang
ERROR - 2017-04-19 12:57:56 --> 404 Page Not Found: Js/lang
ERROR - 2017-04-19 12:57:56 --> 404 Page Not Found: D/js
ERROR - 2017-04-19 12:57:57 --> 404 Page Not Found: Skin/default
ERROR - 2017-04-19 12:57:57 --> 404 Page Not Found: Media/system
ERROR - 2017-04-19 12:57:57 --> 404 Page Not Found: Media/system
ERROR - 2017-04-19 12:57:57 --> 404 Page Not Found: Lang/zh
ERROR - 2017-04-19 12:57:57 --> 404 Page Not Found: Style/default
ERROR - 2017-04-19 12:57:58 --> 404 Page Not Found: Lang/zh
ERROR - 2017-04-19 12:57:58 --> 404 Page Not Found: Rockmongo/index
ERROR - 2017-04-19 12:57:58 --> 404 Page Not Found: Server-status/index
ERROR - 2017-04-19 12:57:58 --> 404 Page Not Found: Ueditoralljs/index
ERROR - 2017-04-19 12:57:58 --> 404 Page Not Found: Wikilibd/PmWiki.ChangeLog
ERROR - 2017-04-19 12:57:58 --> 404 Page Not Found: 4e5e5d7364f443e28fbf0d3ae744a59a/index
ERROR - 2017-04-19 12:57:59 --> 404 Page Not Found: Jenkins/index
ERROR - 2017-04-19 13:03:42 --> 404 Page Not Found: Phpmyadmin%25252525252525252520/index
ERROR - 2017-04-19 15:17:56 --> 404 Page Not Found: Search/index
ERROR - 2017-04-19 15:17:56 --> 404 Page Not Found: 276/index
ERROR - 2017-04-19 15:22:27 --> 404 Page Not Found: Cache/global
ERROR - 2017-04-19 16:36:15 --> 404 Page Not Found: Phpmyadmin/index
ERROR - 2017-04-19 19:15:48 --> 1 2
ERROR - 2017-04-19 19:15:48 --> 2 0
[2017-04-19 19:15:48][DEBUG] POST http://10.133.193.8/mina_auth/} => [200] {
    "[请求]": {
        "version": 1,
        "componentName": "MA",
        "interface": {
            "interfaceName": "qcloud.cam.id_skey",
            "para": {
                "code": "001YQDZp0PqfEq1yxz0q0bJvZp0YQDZV",
                "encrypt_data": "C+igYMYYs+KEW57l6U8cNHcUovKlpdPYEmBjrpYz5WJ3g7Q6tLKByAEEYA2og5P976J2b2ficA7+d\/pCt0962TPz9kjg0yElPd5ZxmJkSDVTlSkrhy9zq9fflZnWETMsO2wmjpGcprm48W15vnOuHzVqxzcR0G1QQpu35qP6DNz71uggrp4HQSJB70reFRFDdFzYnDbXYPONf\/3MqCvSK9ZEK1Oz4jt5nq0cVXzjUL75mV0CQ3kiqM6cEAngXzjwFeCm4OB8fMwp7HqShW7Z1bo0wvzS+2UizRT9uVr675LMgvVrq53D\/amCDtLwH70W0SF4Su0VvPy7F1nbJKEFCzGd4cokwNJ72Piy21Ww7aC36dJaT\/iK6EwPG2PqtHQSQXyw4HadVbDCSR87jLaBZR8psxtWsmmhbCVW55Y7f2U3qIEOQ+OLoBNyltyGZqr5pIBzrn9XPUbcIAfxWz2WSSaIEUmuR2L42FvZkHOUaz9qSAU1sE3ByvgPBv8p7gW5",
                "iv": "YW1LCCzdBfC4YLW3E6L3fQ=="
            }
        }
    },
    "[响应]": {
        "returnCode": 0,
        "returnMessage": "UPDATE_SESSION_SUCCESS",
        "returnData": {
            "id": "87a6e0454a090934944cdda0ab85a19f",
            "skey": "d34f4fd5bff1e89f36fa4767efa06361",
            "user_info": {
                "openId": "oPicY0e57EAOmbtHo83DJbM_WaAw",
                "nickName": "冯世林",
                "gender": 0,
                "language": "zh_CN",
                "city": "",
                "province": "Jiangsu",
                "country": "CN",
                "avatarUrl": "http:\/\/wx.qlogo.cn\/mmopen\/vi_32\/Q0j4TwGTfTJzok9aGgPw3sYAsG6sXuj72XU5D5oALAIpGCsPXab4ULGGhDOfJwWJ4kUKkDOhzPrxFudnenIkKQ\/0",
                "unionId": "oU11PxFZIDV3Lbd0Dgnum5vdZyGg",
                "watermark": {
                    "timestamp": 1492600548,
                    "appid": "wx3c13313f866a541a"
                }
            },
            "duration": 7200
        },
        "version": 1,
        "componentName": "MA"
    },
    "[耗时]": "236ms"
}

[2017-04-19 19:15:48][DEBUG] Util::writeJsonResult => [200] {
    "F2C224D4-2BCE-4C64-AF9F-A6D872000D1A": 1,
    "session": {
        "id": "87a6e0454a090934944cdda0ab85a19f",
        "skey": "d34f4fd5bff1e89f36fa4767efa06361",
        "openid": "oPicY0e57EAOmbtHo83DJbM_WaAw",
        "unionid": "oU11PxFZIDV3Lbd0Dgnum5vdZyGg"
    }
}

ERROR - 2017-04-19 19:15:48 --> 1 2
ERROR - 2017-04-19 19:15:48 --> 2 0
[2017-04-19 19:15:48][DEBUG] POST http://10.133.193.8/mina_auth/} => [200] {
    "[请求]": {
        "version": 1,
        "componentName": "MA",
        "interface": {
            "interfaceName": "qcloud.cam.id_skey",
            "para": {
                "code": "041z6mSh0SZI6B1JQsOh0VGcSh0z6mSo",
                "encrypt_data": "9WfeXM9+71cWmjvIiJdBeydJYq19Lvp+fsw4G2+4QtO\/BzjP3onGGng95\/7ZB1gEKH3qLhiS4dik4tjUqTnYvsFsaUjGu\/BA+3r2oPRksHtv2BpXs7HIXX075WYmtlXkpKpHG9p1uzlDC6v\/W4hHasUaJr+YXGHCdlum7+p7Y2de\/aQiGgt9BM1++TZnZMukj8WSJqLH1WHQRLEbrWUqsRi9psbq7wzFUNaIbOQTj4\/mIljRyMIsCF5vsFY5NuE\/hMEssNP9a2nAioEBYnJL6aVdmNVRi0qatnjo31qYlnDcblxpLNPUAr1tr8Ci38ZRItbfjv9k36jtyeFhizRnAvGAo1QfNNMIDxfAauFRoEhHSpv2ffVOc5sLwCSdWmqjtAk0k0eoQVTuS\/NEXsex7R\/\/96fhn+KPSPeieJ79SUrWMEth2LTzjFEPkQr\/a9GT+WnV7r+Y2DIIMdDtIWw\/i3HPmvLBw+o81mq3GlyvdnLq7Zbffw4ZGInawlZPit7b",
                "iv": "ck0277B6xp6wf5uQtLpQWQ=="
            }
        }
    },
    "[响应]": {
        "returnCode": 0,
        "returnMessage": "UPDATE_SESSION_SUCCESS",
        "returnData": {
            "id": "87a6e0454a090934944cdda0ab85a19f",
            "skey": "7c6e45cf8391ab777065327d09b1f1b6",
            "user_info": {
                "openId": "oPicY0e57EAOmbtHo83DJbM_WaAw",
                "nickName": "冯世林",
                "gender": 0,
                "language": "zh_CN",
                "city": "",
                "province": "Jiangsu",
                "country": "CN",
                "avatarUrl": "http:\/\/wx.qlogo.cn\/mmopen\/vi_32\/Q0j4TwGTfTJzok9aGgPw3sYAsG6sXuj72XU5D5oALAIpGCsPXab4ULGGhDOfJwWJ4kUKkDOhzPrxFudnenIkKQ\/0",
                "unionId": "oU11PxFZIDV3Lbd0Dgnum5vdZyGg",
                "watermark": {
                    "timestamp": 1492600548,
                    "appid": "wx3c13313f866a541a"
                }
            },
            "duration": 7200
        },
        "version": 1,
        "componentName": "MA"
    },
    "[耗时]": "243ms"
}

[2017-04-19 19:15:48][DEBUG] Util::writeJsonResult => [200] {
    "F2C224D4-2BCE-4C64-AF9F-A6D872000D1A": 1,
    "session": {
        "id": "87a6e0454a090934944cdda0ab85a19f",
        "skey": "7c6e45cf8391ab777065327d09b1f1b6",
        "openid": "oPicY0e57EAOmbtHo83DJbM_WaAw",
        "unionid": "oU11PxFZIDV3Lbd0Dgnum5vdZyGg"
    }
}

ERROR - 2017-04-19 19:16:24 --> 
ERROR - 2017-04-19 19:17:18 --> 
