ERROR - 2017-06-20 00:44:31 --> 404 Page Not Found: Cgi/common.cgi
ERROR - 2017-06-20 00:44:32 --> 404 Page Not Found: Stssyshtm/index
ERROR - 2017-06-20 03:21:22 --> 404 Page Not Found: Cgi/common.cgi
ERROR - 2017-06-20 08:24:12 --> 404 Page Not Found: Cache/global
LDSF - 2017-06-20 08:52:31 --> >>> User->addressbookisempty()
LDSF - 2017-06-20 08:52:31 --> openid=oPicY0et0kcIg0krwpMIk8PYi8Ok
LDSF - 2017-06-20 08:52:31 --> >>> User->loginrecord()
LDSF - 2017-06-20 08:52:31 --> openid=oPicY0et0kcIg0krwpMIk8PYi8Ok
LDSF - 2017-06-20 08:52:33 --> >>> User->profile()
LDSF - 2017-06-20 08:52:33 --> openid=oPicY0et0kcIg0krwpMIk8PYi8Ok
ERROR - 2017-06-20 13:32:01 --> 404 Page Not Found: Themes/blackmin
ERROR - 2017-06-20 14:59:17 --> 404 Page Not Found: Wp-includes/js
ERROR - 2017-06-20 14:59:17 --> 404 Page Not Found: Skins/vector
ERROR - 2017-06-20 14:59:17 --> 404 Page Not Found: Misc/states.js
ERROR - 2017-06-20 14:59:18 --> 404 Page Not Found: Static/js
ERROR - 2017-06-20 14:59:18 --> 404 Page Not Found: Include/js
ERROR - 2017-06-20 14:59:18 --> 404 Page Not Found: Include/js
ERROR - 2017-06-20 14:59:19 --> 404 Page Not Found: Include/js
ERROR - 2017-06-20 14:59:19 --> 404 Page Not Found: Res/js
ERROR - 2017-06-20 14:59:20 --> 404 Page Not Found: Js/wind_editor.js
ERROR - 2017-06-20 14:59:20 --> 404 Page Not Found: Styles/prosilver
ERROR - 2017-06-20 14:59:20 --> 404 Page Not Found: Styles/prosilver
ERROR - 2017-06-20 14:59:21 --> 404 Page Not Found: Editor/ubb
ERROR - 2017-06-20 14:59:21 --> 404 Page Not Found: Template/default
ERROR - 2017-06-20 14:59:21 --> 404 Page Not Found: Static/js
ERROR - 2017-06-20 14:59:22 --> 404 Page Not Found: Images/js
ERROR - 2017-06-20 14:59:22 --> 404 Page Not Found: Templets/style
ERROR - 2017-06-20 14:59:23 --> 404 Page Not Found: Include/dedeajax2.js
ERROR - 2017-06-20 14:59:23 --> 404 Page Not Found: Images/default
ERROR - 2017-06-20 14:59:23 --> 404 Page Not Found: Js/lang
ERROR - 2017-06-20 14:59:24 --> 404 Page Not Found: Js/lang
ERROR - 2017-06-20 14:59:24 --> 404 Page Not Found: D/js
ERROR - 2017-06-20 14:59:25 --> 404 Page Not Found: Skin/default
ERROR - 2017-06-20 14:59:25 --> 404 Page Not Found: Media/system
ERROR - 2017-06-20 14:59:25 --> 404 Page Not Found: Media/system
ERROR - 2017-06-20 14:59:26 --> 404 Page Not Found: Lang/zh
ERROR - 2017-06-20 14:59:26 --> 404 Page Not Found: Style/default
ERROR - 2017-06-20 14:59:26 --> 404 Page Not Found: Lang/zh
ERROR - 2017-06-20 14:59:27 --> 404 Page Not Found: Rockmongo/index
ERROR - 2017-06-20 14:59:27 --> 404 Page Not Found: Server-status/index
ERROR - 2017-06-20 14:59:27 --> 404 Page Not Found: Ueditoralljs/index
ERROR - 2017-06-20 14:59:28 --> 404 Page Not Found: Wikilibd/PmWiki.ChangeLog
ERROR - 2017-06-20 14:59:28 --> 404 Page Not Found: 4e5e5d7364f443e28fbf0d3ae744a59a/index
ERROR - 2017-06-20 14:59:29 --> 404 Page Not Found: Jenkins/index
ERROR - 2017-06-20 16:49:36 --> 404 Page Not Found: Wikilibd/PmWiki.ChangeLog
LDSF - 2017-06-20 19:59:23 --> >>> User->addressbookisempty()
LDSF - 2017-06-20 19:59:23 --> >>> User->loginrecord()
LDSF - 2017-06-20 19:59:23 --> openid=oPicY0et0kcIg0krwpMIk8PYi8Ok
LDSF - 2017-06-20 19:59:23 --> openid=oPicY0et0kcIg0krwpMIk8PYi8Ok
LDSF - 2017-06-20 19:59:25 --> >>> User->profile()
LDSF - 2017-06-20 19:59:25 --> openid=oPicY0et0kcIg0krwpMIk8PYi8Ok
LDSF - 2017-06-20 20:01:08 --> >>> User->profile()
LDSF - 2017-06-20 20:01:09 --> openid=oPicY0et0kcIg0krwpMIk8PYi8Ok
ERROR - 2017-06-20 21:44:18 --> 404 Page Not Found: Phpmyadmin/index
ERROR - 2017-06-20 22:01:56 --> 404 Page Not Found: Ncsitxt/index
ERROR - 2017-06-20 22:01:56 --> 404 Page Not Found: HNAP1/index
ERROR - 2017-06-20 22:01:57 --> 404 Page Not Found: Hudson/script
ERROR - 2017-06-20 22:01:57 --> 404 Page Not Found: Script/index
ERROR - 2017-06-20 23:54:37 --> 404 Page Not Found: Phpmyadmin/index
ERROR - 2017-06-20 23:58:52 --> 404 Page Not Found: Phpmyadmin/index
