ERROR - 2017-06-17 01:11:23 --> 404 Page Not Found: Faviconico/index
ERROR - 2017-06-17 01:12:10 --> 404 Page Not Found: Cardqrcode/qrcode_0000000021.jpg
ERROR - 2017-06-17 01:34:42 --> 404 Page Not Found: Stats/index
ERROR - 2017-06-17 02:49:47 --> 404 Page Not Found: Phpmyadmin/index
ERROR - 2017-06-17 05:44:38 --> 404 Page Not Found: CherryWeb/index
ERROR - 2017-06-17 13:51:49 --> 404 Page Not Found: Manager/html
ERROR - 2017-06-17 14:03:14 --> 404 Page Not Found: Cache/global
ERROR - 2017-06-17 15:11:38 --> 404 Page Not Found: Wp-includes/js
ERROR - 2017-06-17 15:11:38 --> 404 Page Not Found: Skins/vector
ERROR - 2017-06-17 15:11:38 --> 404 Page Not Found: Misc/states.js
ERROR - 2017-06-17 15:11:39 --> 404 Page Not Found: Static/js
ERROR - 2017-06-17 15:11:39 --> 404 Page Not Found: Include/js
ERROR - 2017-06-17 15:11:40 --> 404 Page Not Found: Include/js
ERROR - 2017-06-17 15:11:40 --> 404 Page Not Found: Include/js
ERROR - 2017-06-17 15:11:40 --> 404 Page Not Found: Res/js
ERROR - 2017-06-17 15:11:41 --> 404 Page Not Found: Js/wind_editor.js
ERROR - 2017-06-17 15:11:41 --> 404 Page Not Found: Styles/prosilver
ERROR - 2017-06-17 15:11:41 --> 404 Page Not Found: Styles/prosilver
ERROR - 2017-06-17 15:11:42 --> 404 Page Not Found: Editor/ubb
ERROR - 2017-06-17 15:11:42 --> 404 Page Not Found: Template/default
ERROR - 2017-06-17 15:11:42 --> 404 Page Not Found: Static/js
ERROR - 2017-06-17 15:11:43 --> 404 Page Not Found: Images/js
ERROR - 2017-06-17 15:11:43 --> 404 Page Not Found: Templets/style
ERROR - 2017-06-17 15:11:44 --> 404 Page Not Found: Include/dedeajax2.js
ERROR - 2017-06-17 15:11:44 --> 404 Page Not Found: Images/default
ERROR - 2017-06-17 15:11:44 --> 404 Page Not Found: Js/lang
ERROR - 2017-06-17 15:11:45 --> 404 Page Not Found: Js/lang
ERROR - 2017-06-17 15:11:45 --> 404 Page Not Found: D/js
ERROR - 2017-06-17 15:11:45 --> 404 Page Not Found: Skin/default
ERROR - 2017-06-17 15:11:46 --> 404 Page Not Found: Media/system
ERROR - 2017-06-17 15:11:46 --> 404 Page Not Found: Media/system
ERROR - 2017-06-17 15:11:47 --> 404 Page Not Found: Lang/zh
ERROR - 2017-06-17 15:11:47 --> 404 Page Not Found: Style/default
ERROR - 2017-06-17 15:11:47 --> 404 Page Not Found: Lang/zh
ERROR - 2017-06-17 15:11:48 --> 404 Page Not Found: Rockmongo/index
ERROR - 2017-06-17 15:11:48 --> 404 Page Not Found: Server-status/index
ERROR - 2017-06-17 15:11:48 --> 404 Page Not Found: Ueditoralljs/index
ERROR - 2017-06-17 15:11:49 --> 404 Page Not Found: Wikilibd/PmWiki.ChangeLog
ERROR - 2017-06-17 15:11:49 --> 404 Page Not Found: 4e5e5d7364f443e28fbf0d3ae744a59a/index
ERROR - 2017-06-17 15:11:50 --> 404 Page Not Found: Jenkins/index
ERROR - 2017-06-17 22:58:25 --> 404 Page Not Found: HndUnblockcgi/index
ERROR - 2017-06-17 22:58:26 --> 404 Page Not Found: TmUnblockcgi/index
ERROR - 2017-06-17 23:22:55 --> 404 Page Not Found: Manager/html
ERROR - 2017-06-17 23:57:53 --> 404 Page Not Found: Manager/html
