ERROR - 2017-07-21 01:26:07 --> 404 Page Not Found: Phpmyadmin/index
ERROR - 2017-07-21 02:05:12 --> 404 Page Not Found: Hudson/script
ERROR - 2017-07-21 02:19:32 --> 404 Page Not Found: Manager/html
ERROR - 2017-07-21 05:00:51 --> 404 Page Not Found: Cache/global
ERROR - 2017-07-21 05:10:26 --> 404 Page Not Found: Manager/html
ERROR - 2017-07-21 07:11:59 --> 404 Page Not Found: Wp-includes/js
ERROR - 2017-07-21 07:11:59 --> 404 Page Not Found: Skins/vector
ERROR - 2017-07-21 07:11:59 --> 404 Page Not Found: Misc/states.js
ERROR - 2017-07-21 07:12:00 --> 404 Page Not Found: Static/js
ERROR - 2017-07-21 07:12:00 --> 404 Page Not Found: Include/js
ERROR - 2017-07-21 07:12:01 --> 404 Page Not Found: Include/js
ERROR - 2017-07-21 07:12:01 --> 404 Page Not Found: Include/js
ERROR - 2017-07-21 07:12:01 --> 404 Page Not Found: Res/js
ERROR - 2017-07-21 07:12:02 --> 404 Page Not Found: Js/wind_editor.js
ERROR - 2017-07-21 07:12:02 --> 404 Page Not Found: Styles/prosilver
ERROR - 2017-07-21 07:12:02 --> 404 Page Not Found: Styles/prosilver
ERROR - 2017-07-21 07:12:03 --> 404 Page Not Found: Editor/ubb
ERROR - 2017-07-21 07:12:03 --> 404 Page Not Found: Template/default
ERROR - 2017-07-21 07:12:04 --> 404 Page Not Found: Static/js
ERROR - 2017-07-21 07:12:04 --> 404 Page Not Found: Images/js
ERROR - 2017-07-21 07:12:04 --> 404 Page Not Found: Templets/style
ERROR - 2017-07-21 07:12:05 --> 404 Page Not Found: Include/dedeajax2.js
ERROR - 2017-07-21 07:12:05 --> 404 Page Not Found: Images/default
ERROR - 2017-07-21 07:12:05 --> 404 Page Not Found: Js/lang
ERROR - 2017-07-21 07:12:06 --> 404 Page Not Found: Js/lang
ERROR - 2017-07-21 07:12:06 --> 404 Page Not Found: D/js
ERROR - 2017-07-21 07:12:06 --> 404 Page Not Found: Skin/default
ERROR - 2017-07-21 07:12:07 --> 404 Page Not Found: Media/system
ERROR - 2017-07-21 07:12:07 --> 404 Page Not Found: Media/system
ERROR - 2017-07-21 07:12:08 --> 404 Page Not Found: Lang/zh
ERROR - 2017-07-21 07:12:08 --> 404 Page Not Found: Style/default
ERROR - 2017-07-21 07:12:08 --> 404 Page Not Found: Lang/zh
ERROR - 2017-07-21 07:12:09 --> 404 Page Not Found: Rockmongo/index
ERROR - 2017-07-21 07:12:09 --> 404 Page Not Found: Server-status/index
ERROR - 2017-07-21 07:12:09 --> 404 Page Not Found: Ueditoralljs/index
ERROR - 2017-07-21 07:12:10 --> 404 Page Not Found: Wikilibd/PmWiki.ChangeLog
ERROR - 2017-07-21 07:12:10 --> 404 Page Not Found: 4e5e5d7364f443e28fbf0d3ae744a59a/index
ERROR - 2017-07-21 07:12:10 --> 404 Page Not Found: Jenkins/index
ERROR - 2017-07-21 10:02:32 --> 404 Page Not Found: Wikilibd/PmWiki.ChangeLog
ERROR - 2017-07-21 10:15:55 --> 404 Page Not Found: Jenkins/index
ERROR - 2017-07-21 10:39:18 --> 404 Page Not Found: Server-status/index
ERROR - 2017-07-21 19:58:47 --> 404 Page Not Found: Manager/html
ERROR - 2017-07-21 21:10:26 --> 404 Page Not Found: Robotstxt/index
ERROR - 2017-07-21 21:10:26 --> 404 Page Not Found: Git/HEAD
ERROR - 2017-07-21 21:10:30 --> 404 Page Not Found: Faviconico/index
ERROR - 2017-07-21 23:46:05 --> 404 Page Not Found: Robotstxt/index
ERROR - 2017-07-21 23:46:09 --> 404 Page Not Found: Sitemapxml/index
