ERROR - 2017-05-29 08:25:52 --> 404 Page Not Found: Cache/global
LDSF - 2017-05-29 08:47:57 --> >>> User->addressbookisempty()
LDSF - 2017-05-29 08:47:57 --> >>> User->loginrecord()
LDSF - 2017-05-29 08:47:57 --> openid=oPicY0ebmYBm5Hmzx-hKvZYMAlNA
LDSF - 2017-05-29 08:47:57 --> openid=oPicY0ebmYBm5Hmzx-hKvZYMAlNA
LDSF - 2017-05-29 08:48:01 --> >>> User->profile()
LDSF - 2017-05-29 08:48:01 --> openid=oPicY0ebmYBm5Hmzx-hKvZYMAlNA
LDSF - 2017-05-29 08:48:35 --> >>> User->profile()
LDSF - 2017-05-29 08:48:35 --> openid=oPicY0ebmYBm5Hmzx-hKvZYMAlNA
LDSF - 2017-05-29 12:57:25 --> >>> User->addressbookisempty()
LDSF - 2017-05-29 12:57:25 --> openid=oPicY0WcWjljKc6KFJ5V28vRdFnI
LDSF - 2017-05-29 12:57:25 --> >>> User->loginrecord()
LDSF - 2017-05-29 12:57:25 --> openid=oPicY0WcWjljKc6KFJ5V28vRdFnI
ERROR - 2017-05-29 12:57:35 --> 
ERROR - 2017-05-29 12:57:51 --> 
ERROR - 2017-05-29 14:48:57 --> 404 Page Not Found: Manager/html
ERROR - 2017-05-29 15:20:04 --> 404 Page Not Found: Current_config/Account1
ERROR - 2017-05-29 16:45:42 --> 404 Page Not Found: Cache/global
ERROR - 2017-05-29 17:57:40 --> 404 Page Not Found: Current_config/Account1
ERROR - 2017-05-29 21:58:23 --> 404 Page Not Found: Current_config/Account1
ERROR - 2017-05-29 23:41:01 --> 404 Page Not Found: Current_config/Account1
