ERROR - 2017-03-28 00:14:22 --> 404 Page Not Found: Portal/client
ERROR - 2017-03-28 02:06:32 --> 404 Page Not Found: Vportal/web
ERROR - 2017-03-28 02:31:29 --> 404 Page Not Found: Struts2_23151-showcase/showcase.action
ERROR - 2017-03-28 02:39:14 --> 404 Page Not Found: Web/Index.action
ERROR - 2017-03-28 02:40:53 --> 404 Page Not Found: Struts/login.action
ERROR - 2017-03-28 02:49:38 --> 404 Page Not Found: Portal/client
ERROR - 2017-03-28 02:49:39 --> 404 Page Not Found: Admin/agent
ERROR - 2017-03-28 02:49:40 --> 404 Page Not Found: Vportal/web
ERROR - 2017-03-28 02:49:41 --> 404 Page Not Found: Struts2_23151-showcase/showcase.action
ERROR - 2017-03-28 02:49:41 --> 404 Page Not Found: Struts2-showcase/login.action
ERROR - 2017-03-28 02:49:42 --> 404 Page Not Found: Struts/login.action
ERROR - 2017-03-28 02:49:43 --> 404 Page Not Found: Struts2/login.action
ERROR - 2017-03-28 02:49:44 --> 404 Page Not Found: Web/Index.action
ERROR - 2017-03-28 03:55:02 --> 404 Page Not Found: Cgi-bin/php
ERROR - 2017-03-28 04:26:09 --> 404 Page Not Found: Cache/global
ERROR - 2017-03-28 06:13:43 --> 404 Page Not Found: Loginaction/index
ERROR - 2017-03-28 06:13:52 --> 404 Page Not Found: Loginaction/index
ERROR - 2017-03-28 06:44:09 --> 404 Page Not Found: Web/Index.action
ERROR - 2017-03-28 07:38:52 --> 404 Page Not Found: Wp-includes/js
ERROR - 2017-03-28 07:38:52 --> 404 Page Not Found: Skins/vector
ERROR - 2017-03-28 07:38:52 --> 404 Page Not Found: Misc/states.js
ERROR - 2017-03-28 07:38:53 --> 404 Page Not Found: Static/js
ERROR - 2017-03-28 07:38:53 --> 404 Page Not Found: Include/js
ERROR - 2017-03-28 07:38:54 --> 404 Page Not Found: Include/js
ERROR - 2017-03-28 07:38:54 --> 404 Page Not Found: Include/js
ERROR - 2017-03-28 07:38:54 --> 404 Page Not Found: Res/js
ERROR - 2017-03-28 07:38:55 --> 404 Page Not Found: Js/wind_editor.js
ERROR - 2017-03-28 07:38:55 --> 404 Page Not Found: Styles/prosilver
ERROR - 2017-03-28 07:38:56 --> 404 Page Not Found: Styles/prosilver
ERROR - 2017-03-28 07:38:56 --> 404 Page Not Found: Editor/ubb
ERROR - 2017-03-28 07:38:56 --> 404 Page Not Found: Template/default
ERROR - 2017-03-28 07:38:57 --> 404 Page Not Found: Static/js
ERROR - 2017-03-28 07:38:57 --> 404 Page Not Found: Images/js
ERROR - 2017-03-28 07:38:58 --> 404 Page Not Found: Templets/style
ERROR - 2017-03-28 07:38:58 --> 404 Page Not Found: Include/dedeajax2.js
ERROR - 2017-03-28 07:38:58 --> 404 Page Not Found: Images/default
ERROR - 2017-03-28 07:38:59 --> 404 Page Not Found: Js/lang
ERROR - 2017-03-28 07:38:59 --> 404 Page Not Found: Js/lang
ERROR - 2017-03-28 07:38:59 --> 404 Page Not Found: D/js
ERROR - 2017-03-28 07:39:00 --> 404 Page Not Found: Skin/default
ERROR - 2017-03-28 07:39:00 --> 404 Page Not Found: Media/system
ERROR - 2017-03-28 07:39:01 --> 404 Page Not Found: Media/system
ERROR - 2017-03-28 07:39:01 --> 404 Page Not Found: Lang/zh
ERROR - 2017-03-28 07:39:02 --> 404 Page Not Found: Style/default
ERROR - 2017-03-28 07:39:02 --> 404 Page Not Found: Lang/zh
ERROR - 2017-03-28 07:39:02 --> 404 Page Not Found: Rockmongo/index
ERROR - 2017-03-28 07:39:03 --> 404 Page Not Found: Server-status/index
ERROR - 2017-03-28 07:39:03 --> 404 Page Not Found: Ueditoralljs/index
ERROR - 2017-03-28 07:39:03 --> 404 Page Not Found: Please_read/_search
ERROR - 2017-03-28 07:39:04 --> 404 Page Not Found: Pleasereadthis/index
ERROR - 2017-03-28 07:39:04 --> 404 Page Not Found: Wikilibd/PmWiki.ChangeLog
ERROR - 2017-03-28 07:39:05 --> 404 Page Not Found: Warning/index
ERROR - 2017-03-28 07:39:05 --> 404 Page Not Found: 4e5e5d7364f443e28fbf0d3ae744a59a/index
ERROR - 2017-03-28 07:39:06 --> 404 Page Not Found: Jenkins/index
ERROR - 2017-03-28 08:21:41 --> 404 Page Not Found: Search/index
ERROR - 2017-03-28 08:21:41 --> 404 Page Not Found: 273/index
ERROR - 2017-03-28 08:25:54 --> 404 Page Not Found: Phpmyadmin/index
ERROR - 2017-03-28 08:26:03 --> 404 Page Not Found: Phpmyadmin/index
ERROR - 2017-03-28 10:05:13 --> 404 Page Not Found: NotFoundaction/index
ERROR - 2017-03-28 10:59:42 --> 404 Page Not Found: NotFoundaction/index
ERROR - 2017-03-28 10:59:43 --> 404 Page Not Found: Loginaction/index
ERROR - 2017-03-28 11:09:53 --> 404 Page Not Found: Admin/i18n
ERROR - 2017-03-28 11:26:53 --> 404 Page Not Found: Web/Index.action
ERROR - 2017-03-28 14:07:59 --> 404 Page Not Found: Web/Index.action
ERROR - 2017-03-28 14:08:09 --> 404 Page Not Found: Web/Index.action
ERROR - 2017-03-28 14:38:00 --> 404 Page Not Found: Admin/i18n
ERROR - 2017-03-28 15:44:37 --> 404 Page Not Found: Phpmyadmin/index
ERROR - 2017-03-28 15:45:24 --> 404 Page Not Found: Manager/html
ERROR - 2017-03-28 16:25:03 --> 404 Page Not Found: Phpmyadmin/index
ERROR - 2017-03-28 17:10:55 --> 404 Page Not Found: Phpmyadmin/index
ERROR - 2017-03-28 17:21:02 --> 404 Page Not Found: Current_config/Account1
ERROR - 2017-03-28 19:11:19 --> 404 Page Not Found: Phpmyadmin/index
ERROR - 2017-03-28 20:23:07 --> 404 Page Not Found: Faviconico/index
ERROR - 2017-03-28 20:23:09 --> 404 Page Not Found: Faviconico/index
ERROR - 2017-03-28 20:23:22 --> 404 Page Not Found: Faviconico/index
ERROR - 2017-03-28 20:25:39 --> 404 Page Not Found: Current_config/Account1
ERROR - 2017-03-28 21:24:58 --> 1 2
ERROR - 2017-03-28 21:24:58 --> 2 0
[2017-03-28 21:24:58][DEBUG] POST http://10.133.193.8/mina_auth/} => [200] {
    "[请求]": {
        "version": 1,
        "componentName": "MA",
        "interface": {
            "interfaceName": "qcloud.cam.id_skey",
            "para": {
                "code": "011xGGT52AYEtM0HnJU522yUT52xGGTs",
                "encrypt_data": "y68k6KfDcbez1ltdXiDg90jTemFLj3uMEgknoB5zuy8P9hAbhPQgjiH35KCBsmRxX6FrSppjDKhWFG8HHNU+LK1HdhP6csj0oCL95Ep4XvmZzC+QG3dScDdFgmQ+vPh3HArRDUf40+3bWviGvk0\/+hQwi\/kkE3YTTImRZ7c8yQqopebHx0Zc7nqX7TiH7e+I5gem4NhtXwBd5YnmKZIA8j\/ixU0AaP7ITbRp5P7tGEZBcdJlFTXxDjPUUqLZx0xYZfB5o8uRvS6576C\/QRi1nyHKMXkRcap9PV9vuPfa8IIjRH\/9mG4C8RO43Wje1cHE3Hkqn6d\/JeeGaEIveBFocqiU6iKYzYUT8TNNrn\/pLJYS7FSQbAQsEfjdOluBiYakSVU\/QvMPRib6AksHz+AMAK7UC1+wt9xfSdy9Hf9gYaDxW6W8bpDMIn3+7GILJKWrmYOwOdeSEjvUVUGd0H4ku\/x8MgWCCqzHjaLO8w1UuwQM+KJ\/UuOMEEslbEbAYGK1NOD4eHdGbDyCFDiHt3PryA==",
                "iv": "06EKbNV0saCEYe81RyAWIA=="
            }
        }
    },
    "[响应]": {
        "returnCode": 0,
        "returnMessage": "UPDATE_SESSION_SUCCESS",
        "returnData": {
            "id": "280ca83d168f1844115ea1912f988ec8",
            "skey": "bb58d828019216fb2c93a68c442ca88b",
            "user_info": {
                "openId": "oPicY0cBD5ZB89KieBFSH-PNddIE",
                "nickName": "普通话君",
                "gender": 1,
                "language": "zh_CN",
                "city": "Suzhou",
                "province": "Jiangsu",
                "country": "CN",
                "avatarUrl": "http:\/\/wx.qlogo.cn\/mmopen\/vi_32\/DYAIOgq83eoVvEdGWoKlDIyUibGRJic4ckYwWHy5bJkeTY8vdf4tT4ibjZiccDicibBjoM5N7aTXTSM7s94hMOc4BicDw\/0",
                "unionId": "oU11PxF4Uy0w_t7N6rhIUzOyZ6VU",
                "watermark": {
                    "timestamp": 1490707497,
                    "appid": "wx3c13313f866a541a"
                }
            },
            "duration": 7200
        },
        "version": 1,
        "componentName": "MA"
    },
    "[耗时]": "576ms"
}

[2017-03-28 21:24:58][DEBUG] Util::writeJsonResult => [200] {
    "F2C224D4-2BCE-4C64-AF9F-A6D872000D1A": 1,
    "session": {
        "id": "280ca83d168f1844115ea1912f988ec8",
        "skey": "bb58d828019216fb2c93a68c442ca88b",
        "openid": "oPicY0cBD5ZB89KieBFSH-PNddIE",
        "unionid": "oU11PxF4Uy0w_t7N6rhIUzOyZ6VU"
    }
}

ERROR - 2017-03-28 21:24:58 --> 1 2
ERROR - 2017-03-28 21:24:58 --> 2 0
[2017-03-28 21:24:58][DEBUG] POST http://10.133.193.8/mina_auth/} => [200] {
    "[请求]": {
        "version": 1,
        "componentName": "MA",
        "interface": {
            "interfaceName": "qcloud.cam.id_skey",
            "para": {
                "code": "011qC7nF00oQxh2TkhnF05oknF0qC7nY",
                "encrypt_data": "NK+jwmRDzkJKGgvrgpr\/\/igwcGLZ6dzUH0ww8TLKuL8VeiQlSezPEbq62+22yHRWEDgaxh7BAP7oS7v9vFeMUaUMB8uKe4nakBr7kDTrt2xj9SxbeTt5DNmaXlZt25loyCQdfJArjT\/nB\/d0XJNIwBfGRSLVLfTETayfy9PRiUxPBfzk8nVDDlmpdCdefqvMjGoUR+uxlVKP2e0p+lou9Rgal5JUW2LK5JRUwHjPsq6WCvVQSFVpJW5hetrTVsZO6yhSOg7VRuspc6VfZBQcyH1dS4EF5WuvQv2LvIj1ucCakrUfwuVilGJ8MhyOYoEz+iW1EBYFQYXM2KBKLkVNDF5u\/WDr3P7RUQqZB8CCgo8iH2ZfO7PjeRu6Zini3kHVz5Kq18suszBMBbmvfgktUF0dxk9FYNtEHRaJ+GiuRonj17GaaNnWYN9bkH70o\/ktPxgYYp3Syluje4YAC6aX2s4UiURD8Wcp9jCBSqgKH3VeeBMx4spKuBDrtuZ8d5j43kpxpOLGKY2osVGnJRiPnA==",
                "iv": "zcscoVzDiVuDbJDMi6NEzQ=="
            }
        }
    },
    "[响应]": {
        "returnCode": 0,
        "returnMessage": "UPDATE_SESSION_SUCCESS",
        "returnData": {
            "id": "280ca83d168f1844115ea1912f988ec8",
            "skey": "f25cc3fd9cac942a0bf8c32c2b167d47",
            "user_info": {
                "openId": "oPicY0cBD5ZB89KieBFSH-PNddIE",
                "nickName": "普通话君",
                "gender": 1,
                "language": "zh_CN",
                "city": "Suzhou",
                "province": "Jiangsu",
                "country": "CN",
                "avatarUrl": "http:\/\/wx.qlogo.cn\/mmopen\/vi_32\/DYAIOgq83eoVvEdGWoKlDIyUibGRJic4ckYwWHy5bJkeTY8vdf4tT4ibjZiccDicibBjoM5N7aTXTSM7s94hMOc4BicDw\/0",
                "unionId": "oU11PxF4Uy0w_t7N6rhIUzOyZ6VU",
                "watermark": {
                    "timestamp": 1490707498,
                    "appid": "wx3c13313f866a541a"
                }
            },
            "duration": 7200
        },
        "version": 1,
        "componentName": "MA"
    },
    "[耗时]": "112ms"
}

[2017-03-28 21:24:58][DEBUG] Util::writeJsonResult => [200] {
    "F2C224D4-2BCE-4C64-AF9F-A6D872000D1A": 1,
    "session": {
        "id": "280ca83d168f1844115ea1912f988ec8",
        "skey": "f25cc3fd9cac942a0bf8c32c2b167d47",
        "openid": "oPicY0cBD5ZB89KieBFSH-PNddIE",
        "unionid": "oU11PxF4Uy0w_t7N6rhIUzOyZ6VU"
    }
}

ERROR - 2017-03-28 21:25:13 --> 404 Page Not Found: Cache/global
ERROR - 2017-03-28 22:13:58 --> 404 Page Not Found: Muieblackcat/index
ERROR - 2017-03-28 23:12:57 --> 404 Page Not Found: Phpmyadmin/index
