ERROR - 2017-04-24 01:43:34 --> 404 Page Not Found: Cache/global
ERROR - 2017-04-24 02:13:43 --> 404 Page Not Found: Manager/html
ERROR - 2017-04-24 02:26:08 --> 404 Page Not Found: Faviconico/index
ERROR - 2017-04-24 02:26:14 --> 404 Page Not Found: Faviconico/index
ERROR - 2017-04-24 03:05:18 --> 404 Page Not Found: Manager/html
ERROR - 2017-04-24 07:59:39 --> 404 Page Not Found: Cgi-bin/php
ERROR - 2017-04-24 08:52:10 --> 404 Page Not Found: Phpmyadmin/index
ERROR - 2017-04-24 14:24:13 --> 404 Page Not Found: Wp-includes/js
ERROR - 2017-04-24 14:24:13 --> 404 Page Not Found: Skins/vector
ERROR - 2017-04-24 14:24:14 --> 404 Page Not Found: Misc/states.js
ERROR - 2017-04-24 14:24:14 --> 404 Page Not Found: Static/js
ERROR - 2017-04-24 14:24:14 --> 404 Page Not Found: Include/js
ERROR - 2017-04-24 14:24:15 --> 404 Page Not Found: Include/js
ERROR - 2017-04-24 14:24:15 --> 404 Page Not Found: Include/js
ERROR - 2017-04-24 14:24:15 --> 404 Page Not Found: Res/js
ERROR - 2017-04-24 14:24:16 --> 404 Page Not Found: Js/wind_editor.js
ERROR - 2017-04-24 14:24:16 --> 404 Page Not Found: Styles/prosilver
ERROR - 2017-04-24 14:24:17 --> 404 Page Not Found: Styles/prosilver
ERROR - 2017-04-24 14:24:17 --> 404 Page Not Found: Editor/ubb
ERROR - 2017-04-24 14:24:17 --> 404 Page Not Found: Template/default
ERROR - 2017-04-24 14:24:18 --> 404 Page Not Found: Static/js
ERROR - 2017-04-24 14:24:18 --> 404 Page Not Found: Images/js
ERROR - 2017-04-24 14:24:19 --> 404 Page Not Found: Templets/style
ERROR - 2017-04-24 14:24:19 --> 404 Page Not Found: Include/dedeajax2.js
ERROR - 2017-04-24 14:24:19 --> 404 Page Not Found: Images/default
ERROR - 2017-04-24 14:24:20 --> 404 Page Not Found: Js/lang
ERROR - 2017-04-24 14:24:20 --> 404 Page Not Found: Js/lang
ERROR - 2017-04-24 14:24:20 --> 404 Page Not Found: D/js
ERROR - 2017-04-24 14:24:21 --> 404 Page Not Found: Skin/default
ERROR - 2017-04-24 14:24:21 --> 404 Page Not Found: Media/system
ERROR - 2017-04-24 14:24:22 --> 404 Page Not Found: Media/system
ERROR - 2017-04-24 14:24:22 --> 404 Page Not Found: Lang/zh
ERROR - 2017-04-24 14:24:22 --> 404 Page Not Found: Style/default
ERROR - 2017-04-24 14:24:23 --> 404 Page Not Found: Lang/zh
ERROR - 2017-04-24 14:24:23 --> 404 Page Not Found: Rockmongo/index
ERROR - 2017-04-24 14:24:23 --> 404 Page Not Found: Server-status/index
ERROR - 2017-04-24 14:24:24 --> 404 Page Not Found: Ueditoralljs/index
ERROR - 2017-04-24 14:24:24 --> 404 Page Not Found: Wikilibd/PmWiki.ChangeLog
ERROR - 2017-04-24 14:24:24 --> 404 Page Not Found: 4e5e5d7364f443e28fbf0d3ae744a59a/index
ERROR - 2017-04-24 14:24:25 --> 404 Page Not Found: Jenkins/index
ERROR - 2017-04-24 14:25:47 --> 404 Page Not Found: Wp-includes/js
ERROR - 2017-04-24 14:25:47 --> 404 Page Not Found: Skins/vector
ERROR - 2017-04-24 14:25:48 --> 404 Page Not Found: Misc/states.js
ERROR - 2017-04-24 14:25:48 --> 404 Page Not Found: Static/js
ERROR - 2017-04-24 14:25:48 --> 404 Page Not Found: Include/js
ERROR - 2017-04-24 14:25:49 --> 404 Page Not Found: Include/js
ERROR - 2017-04-24 14:25:49 --> 404 Page Not Found: Include/js
ERROR - 2017-04-24 14:25:50 --> 404 Page Not Found: Res/js
ERROR - 2017-04-24 14:25:50 --> 404 Page Not Found: Js/wind_editor.js
ERROR - 2017-04-24 14:25:50 --> 404 Page Not Found: Styles/prosilver
ERROR - 2017-04-24 14:25:51 --> 404 Page Not Found: Styles/prosilver
ERROR - 2017-04-24 14:25:51 --> 404 Page Not Found: Editor/ubb
ERROR - 2017-04-24 14:25:51 --> 404 Page Not Found: Template/default
ERROR - 2017-04-24 14:25:52 --> 404 Page Not Found: Static/js
ERROR - 2017-04-24 14:25:52 --> 404 Page Not Found: Images/js
ERROR - 2017-04-24 14:25:53 --> 404 Page Not Found: Templets/style
ERROR - 2017-04-24 14:25:53 --> 404 Page Not Found: Include/dedeajax2.js
ERROR - 2017-04-24 14:25:53 --> 404 Page Not Found: Images/default
ERROR - 2017-04-24 14:25:54 --> 404 Page Not Found: Js/lang
ERROR - 2017-04-24 14:25:54 --> 404 Page Not Found: Js/lang
ERROR - 2017-04-24 14:25:54 --> 404 Page Not Found: D/js
ERROR - 2017-04-24 14:25:55 --> 404 Page Not Found: Skin/default
ERROR - 2017-04-24 14:25:55 --> 404 Page Not Found: Media/system
ERROR - 2017-04-24 14:25:56 --> 404 Page Not Found: Media/system
ERROR - 2017-04-24 14:25:56 --> 404 Page Not Found: Lang/zh
ERROR - 2017-04-24 14:25:56 --> 404 Page Not Found: Style/default
ERROR - 2017-04-24 14:25:57 --> 404 Page Not Found: Lang/zh
ERROR - 2017-04-24 14:25:57 --> 404 Page Not Found: Rockmongo/index
ERROR - 2017-04-24 14:25:57 --> 404 Page Not Found: Server-status/index
ERROR - 2017-04-24 14:25:58 --> 404 Page Not Found: Ueditoralljs/index
ERROR - 2017-04-24 14:25:58 --> 404 Page Not Found: Wikilibd/PmWiki.ChangeLog
ERROR - 2017-04-24 14:25:59 --> 404 Page Not Found: 4e5e5d7364f443e28fbf0d3ae744a59a/index
ERROR - 2017-04-24 14:25:59 --> 404 Page Not Found: Jenkins/index
ERROR - 2017-04-24 14:29:51 --> 1 2
ERROR - 2017-04-24 14:29:51 --> 2 0
[2017-04-24 14:29:51][DEBUG] POST http://10.133.193.8/mina_auth/} => [200] {
    "[请求]": {
        "version": 1,
        "componentName": "MA",
        "interface": {
            "interfaceName": "qcloud.cam.id_skey",
            "para": {
                "code": "011P6yT81U3crS1vtjV81v9RT81P6yTP",
                "encrypt_data": "PxnS4AE\/pWxL9XJbtLLTfBkfXMNF+jWXrkvfNfzskPJtmiawFsMkcmgCWfDwS3LWRQQ5VCXM+FzFhMxJD8RXIfuMZdqGzTvoOznouvqdIh5j26rzTXHrLolUUV4m3ovuFDtQKeZgsfsdJgbMhHC1b\/foR6sk37FAYVqCwaa+L1r8uvGqmyswBVX4IIfh6GuOuTfxCaLGjUTkFw1jfb53iUkZZ1JQH57\/VVrYqtnu5IWHwasGhNb2sbI2Sollpb6XhBbVyJYFhrJjtCDjFKfs2MK\/UWDSsICWJZurViMNNEROjeA18x3xsZ0lnT\/PsClgX1phdNa9IZxR5IqaYZvYHRBdEUNTcFiF0VTeO\/wt541k8fC7he\/YOOJ4j12mQOhBa9ijSaK2EcBYttaKRtzOj1B0hMpSVryj06bECyFk1qs9n4tcjvsNKcOQSVMf3HhCESduU+vX7KOx7LTA0oNOZvUPZNy790q+RAVb1loFhYALLrphfxnE9CugndzambBe",
                "iv": "MhY4TG0GS6cXv9VFuyoecA=="
            }
        }
    },
    "[响应]": {
        "returnCode": 0,
        "returnMessage": "UPDATE_SESSION_SUCCESS",
        "returnData": {
            "id": "87a6e0454a090934944cdda0ab85a19f",
            "skey": "ce8e287aa5c5c645268971451a078218",
            "user_info": {
                "openId": "oPicY0e57EAOmbtHo83DJbM_WaAw",
                "nickName": "冯世林",
                "gender": 0,
                "language": "zh_CN",
                "city": "",
                "province": "Jiangsu",
                "country": "CN",
                "avatarUrl": "http:\/\/wx.qlogo.cn\/mmopen\/vi_32\/Q0j4TwGTfTJzok9aGgPw3sYAsG6sXuj72XU5D5oALAIpGCsPXab4ULGGhDOfJwWJ4kUKkDOhzPrxFudnenIkKQ\/0",
                "unionId": "oU11PxFZIDV3Lbd0Dgnum5vdZyGg",
                "watermark": {
                    "timestamp": 1493015389,
                    "appid": "wx3c13313f866a541a"
                }
            },
            "duration": 7200
        },
        "version": 1,
        "componentName": "MA"
    },
    "[耗时]": "156ms"
}

[2017-04-24 14:29:51][DEBUG] Util::writeJsonResult => [200] {
    "F2C224D4-2BCE-4C64-AF9F-A6D872000D1A": 1,
    "session": {
        "id": "87a6e0454a090934944cdda0ab85a19f",
        "skey": "ce8e287aa5c5c645268971451a078218",
        "openid": "oPicY0e57EAOmbtHo83DJbM_WaAw",
        "unionid": "oU11PxFZIDV3Lbd0Dgnum5vdZyGg"
    }
}

ERROR - 2017-04-24 14:29:51 --> 1 2
ERROR - 2017-04-24 14:29:51 --> 2 0
[2017-04-24 14:29:51][DEBUG] POST http://10.133.193.8/mina_auth/} => [200] {
    "[请求]": {
        "version": 1,
        "componentName": "MA",
        "interface": {
            "interfaceName": "qcloud.cam.id_skey",
            "para": {
                "code": "051Xfwy12i39MZ0sg0B12BvJy12Xfwy4",
                "encrypt_data": "do4SmPiUvXtmcU9JyflvDRxosvSm6wUkgwWyEeWqfShIIeo2i73mj10YjkEIlL48OWG\/1JDWZN7qgIoh5jC+7w13AplRuPIaiL1iq3S5SQSWHS7O1YYtVp+74y6oCqanm9XizB5pNhM49MT\/Vk7XKkgm2kawKuCnLCcdB7Gfbm5JLm03fWvMcNrcDb6BOFNOK+dgZ1t0zd\/1uD9xgAtcJ11+iVkbovcvydfUP83uhuNm1RCs5DsMPsesx8BhdUYm2tjidkwO5DzPM6aZH2VpknTTJjavJpCAyrRFKsVHNRfWkPweTqrdR8Ve2ddO3M3vRgkIgTdS2EOvtH0Z2X2xx1ZX76HTDHFcNrREl\/vAg9eciGeftW8Rgl3pl4fH1ghDOofAOOS+oG94ssK24huUW8V9Ebh3ZXYQZe\/hS3VR8q7CqH3VatDX3fBsn4nbiZrrJ\/kkkwvMr\/MGcZhBUTA734HNCHEvlTV93NB8tG9au1XK0iTrdW73OSyF1thakwqg",
                "iv": "5LuI7t\/3Q04loF1DYPgQOQ=="
            }
        }
    },
    "[响应]": {
        "returnCode": 0,
        "returnMessage": "UPDATE_SESSION_SUCCESS",
        "returnData": {
            "id": "87a6e0454a090934944cdda0ab85a19f",
            "skey": "b42edcb3b33c6d4e2415227de4b70a8b",
            "user_info": {
                "openId": "oPicY0e57EAOmbtHo83DJbM_WaAw",
                "nickName": "冯世林",
                "gender": 0,
                "language": "zh_CN",
                "city": "",
                "province": "Jiangsu",
                "country": "CN",
                "avatarUrl": "http:\/\/wx.qlogo.cn\/mmopen\/vi_32\/Q0j4TwGTfTJzok9aGgPw3sYAsG6sXuj72XU5D5oALAIpGCsPXab4ULGGhDOfJwWJ4kUKkDOhzPrxFudnenIkKQ\/0",
                "unionId": "oU11PxFZIDV3Lbd0Dgnum5vdZyGg",
                "watermark": {
                    "timestamp": 1493015390,
                    "appid": "wx3c13313f866a541a"
                }
            },
            "duration": 7200
        },
        "version": 1,
        "componentName": "MA"
    },
    "[耗时]": "159ms"
}

[2017-04-24 14:29:51][DEBUG] Util::writeJsonResult => [200] {
    "F2C224D4-2BCE-4C64-AF9F-A6D872000D1A": 1,
    "session": {
        "id": "87a6e0454a090934944cdda0ab85a19f",
        "skey": "b42edcb3b33c6d4e2415227de4b70a8b",
        "openid": "oPicY0e57EAOmbtHo83DJbM_WaAw",
        "unionid": "oU11PxFZIDV3Lbd0Dgnum5vdZyGg"
    }
}

ERROR - 2017-04-24 14:32:33 --> 404 Page Not Found: Cache/global
ERROR - 2017-04-24 14:48:12 --> 404 Page Not Found: Current_config/Account1
ERROR - 2017-04-24 15:41:53 --> 404 Page Not Found: Loginhtml/index
ERROR - 2017-04-24 17:00:44 --> 404 Page Not Found: 4e5e5d7364f443e28fbf0d3ae744a59a/index
ERROR - 2017-04-24 21:02:44 --> 404 Page Not Found: Loginhtml/index
