ERROR - 2017-03-04 02:52:51 --> 404 Page Not Found: Wp-includes/js
ERROR - 2017-03-04 02:52:51 --> 404 Page Not Found: Skins/vector
ERROR - 2017-03-04 02:52:51 --> 404 Page Not Found: Misc/states.js
ERROR - 2017-03-04 02:52:52 --> 404 Page Not Found: Static/js
ERROR - 2017-03-04 02:52:52 --> 404 Page Not Found: Include/js
ERROR - 2017-03-04 02:52:53 --> 404 Page Not Found: Include/js
ERROR - 2017-03-04 02:52:53 --> 404 Page Not Found: Include/js
ERROR - 2017-03-04 02:52:53 --> 404 Page Not Found: Res/js
ERROR - 2017-03-04 02:52:54 --> 404 Page Not Found: Js/wind_editor.js
ERROR - 2017-03-04 02:52:54 --> 404 Page Not Found: Styles/prosilver
ERROR - 2017-03-04 02:52:55 --> 404 Page Not Found: Styles/prosilver
ERROR - 2017-03-04 02:52:55 --> 404 Page Not Found: Editor/ubb
ERROR - 2017-03-04 02:52:55 --> 404 Page Not Found: Template/default
ERROR - 2017-03-04 02:52:56 --> 404 Page Not Found: Static/js
ERROR - 2017-03-04 02:52:56 --> 404 Page Not Found: Images/js
ERROR - 2017-03-04 02:52:57 --> 404 Page Not Found: Templets/style
ERROR - 2017-03-04 02:52:57 --> 404 Page Not Found: Include/dedeajax2.js
ERROR - 2017-03-04 02:52:57 --> 404 Page Not Found: Images/default
ERROR - 2017-03-04 02:52:58 --> 404 Page Not Found: Js/lang
ERROR - 2017-03-04 02:52:58 --> 404 Page Not Found: Js/lang
ERROR - 2017-03-04 02:52:59 --> 404 Page Not Found: D/js
ERROR - 2017-03-04 02:52:59 --> 404 Page Not Found: Skin/default
ERROR - 2017-03-04 02:52:59 --> 404 Page Not Found: Media/system
ERROR - 2017-03-04 02:53:00 --> 404 Page Not Found: Media/system
ERROR - 2017-03-04 02:53:00 --> 404 Page Not Found: Lang/zh
ERROR - 2017-03-04 02:53:01 --> 404 Page Not Found: Style/default
ERROR - 2017-03-04 02:53:01 --> 404 Page Not Found: Lang/zh
ERROR - 2017-03-04 02:53:02 --> 404 Page Not Found: Rockmongo/index
ERROR - 2017-03-04 02:53:02 --> 404 Page Not Found: Server-status/index
ERROR - 2017-03-04 02:53:02 --> 404 Page Not Found: Ueditoralljs/index
ERROR - 2017-03-04 02:53:03 --> 404 Page Not Found: Please_read/_search
ERROR - 2017-03-04 02:53:03 --> 404 Page Not Found: Pleasereadthis/index
ERROR - 2017-03-04 02:53:04 --> 404 Page Not Found: Wikilibd/PmWiki.ChangeLog
ERROR - 2017-03-04 02:53:04 --> 404 Page Not Found: Warning/index
ERROR - 2017-03-04 02:53:04 --> 404 Page Not Found: 4e5e5d7364f443e28fbf0d3ae744a59a/index
ERROR - 2017-03-04 02:53:05 --> 404 Page Not Found: Jenkins/index
ERROR - 2017-03-04 02:54:30 --> 404 Page Not Found: Wp-includes/js
ERROR - 2017-03-04 02:54:31 --> 404 Page Not Found: Skins/vector
ERROR - 2017-03-04 02:54:31 --> 404 Page Not Found: Misc/states.js
ERROR - 2017-03-04 02:54:31 --> 404 Page Not Found: Static/js
ERROR - 2017-03-04 02:54:32 --> 404 Page Not Found: Include/js
ERROR - 2017-03-04 02:54:32 --> 404 Page Not Found: Include/js
ERROR - 2017-03-04 02:54:33 --> 404 Page Not Found: Include/js
ERROR - 2017-03-04 02:54:33 --> 404 Page Not Found: Res/js
ERROR - 2017-03-04 02:54:34 --> 404 Page Not Found: Js/wind_editor.js
ERROR - 2017-03-04 02:54:34 --> 404 Page Not Found: Styles/prosilver
ERROR - 2017-03-04 02:54:34 --> 404 Page Not Found: Styles/prosilver
ERROR - 2017-03-04 02:54:35 --> 404 Page Not Found: Editor/ubb
ERROR - 2017-03-04 02:54:35 --> 404 Page Not Found: Template/default
ERROR - 2017-03-04 02:54:36 --> 404 Page Not Found: Static/js
ERROR - 2017-03-04 02:54:36 --> 404 Page Not Found: Images/js
ERROR - 2017-03-04 02:54:36 --> 404 Page Not Found: Templets/style
ERROR - 2017-03-04 02:54:37 --> 404 Page Not Found: Include/dedeajax2.js
ERROR - 2017-03-04 02:54:37 --> 404 Page Not Found: Images/default
ERROR - 2017-03-04 02:54:37 --> 404 Page Not Found: Js/lang
ERROR - 2017-03-04 02:54:38 --> 404 Page Not Found: Js/lang
ERROR - 2017-03-04 02:54:38 --> 404 Page Not Found: D/js
ERROR - 2017-03-04 02:54:39 --> 404 Page Not Found: Skin/default
ERROR - 2017-03-04 02:54:39 --> 404 Page Not Found: Media/system
ERROR - 2017-03-04 02:54:39 --> 404 Page Not Found: Media/system
ERROR - 2017-03-04 02:54:40 --> 404 Page Not Found: Lang/zh
ERROR - 2017-03-04 02:54:40 --> 404 Page Not Found: Style/default
ERROR - 2017-03-04 02:54:41 --> 404 Page Not Found: Lang/zh
ERROR - 2017-03-04 02:54:41 --> 404 Page Not Found: Rockmongo/index
ERROR - 2017-03-04 02:54:41 --> 404 Page Not Found: Server-status/index
ERROR - 2017-03-04 02:54:42 --> 404 Page Not Found: Ueditoralljs/index
ERROR - 2017-03-04 02:54:42 --> 404 Page Not Found: Please_read/_search
ERROR - 2017-03-04 02:54:43 --> 404 Page Not Found: Pleasereadthis/index
ERROR - 2017-03-04 02:54:43 --> 404 Page Not Found: Wikilibd/PmWiki.ChangeLog
ERROR - 2017-03-04 02:54:43 --> 404 Page Not Found: Warning/index
ERROR - 2017-03-04 02:54:44 --> 404 Page Not Found: 4e5e5d7364f443e28fbf0d3ae744a59a/index
ERROR - 2017-03-04 02:54:44 --> 404 Page Not Found: Jenkins/index
ERROR - 2017-03-04 03:24:22 --> 404 Page Not Found: Phpmyadmin/index
ERROR - 2017-03-04 03:47:18 --> 404 Page Not Found: Warning/index
ERROR - 2017-03-04 03:58:58 --> 404 Page Not Found: Search/index
ERROR - 2017-03-04 03:58:58 --> 404 Page Not Found: 273/index
ERROR - 2017-03-04 05:01:42 --> 404 Page Not Found: Jenkins/index
ERROR - 2017-03-04 05:01:52 --> 404 Page Not Found: Jenkins/index
ERROR - 2017-03-04 05:05:38 --> 404 Page Not Found: Rockmongo/index
ERROR - 2017-03-04 05:15:07 --> 404 Page Not Found: Please_read/_search
ERROR - 2017-03-04 05:15:16 --> 404 Page Not Found: Please_read/_search
ERROR - 2017-03-04 05:15:16 --> 404 Page Not Found: Please_read/_search
ERROR - 2017-03-04 05:15:16 --> 404 Page Not Found: Please_read/_search
ERROR - 2017-03-04 05:15:16 --> 404 Page Not Found: Please_read/_search
ERROR - 2017-03-04 05:16:31 --> 404 Page Not Found: Wikilibd/PmWiki.ChangeLog
ERROR - 2017-03-04 05:28:29 --> 404 Page Not Found: Server-status/index
ERROR - 2017-03-04 05:28:38 --> 404 Page Not Found: Server-status/index
ERROR - 2017-03-04 05:59:22 --> 404 Page Not Found: Manager/html
ERROR - 2017-03-04 06:02:34 --> 404 Page Not Found: Cache/global
ERROR - 2017-03-04 07:21:58 --> 404 Page Not Found: Manager/html
ERROR - 2017-03-04 08:19:46 --> 404 Page Not Found: Wikilibd/PmWiki.ChangeLog
ERROR - 2017-03-04 10:39:48 --> 404 Page Not Found: Proxychecker/check.cgi
ERROR - 2017-03-04 12:08:01 --> 404 Page Not Found: Manager/html
ERROR - 2017-03-04 13:54:11 --> 1 2
ERROR - 2017-03-04 13:54:11 --> 2 0
[2017-03-04 13:54:11][DEBUG] POST http://10.133.193.8/mina_auth/} => [200] {
    "[请求]": {
        "version": 1,
        "componentName": "MA",
        "interface": {
            "interfaceName": "qcloud.cam.id_skey",
            "para": {
                "code": "011tOqkT0Ytu5U1BHVjT0k8tkT0tOqkD",
                "encrypt_data": "B+kvmUzVi4hfdJa1KKMRxWIeAVfZ8ic1yUlJAtE590z329KFJdfC9HOCN+RXKUmdiDNgqY4nIgTVsqzg6pmjRiU+uVoRKNmrHGAN2Y+Lg5KOTpGbLTPINjQd1X0vyaiTu7o3PYhpDkgsQ\/lfHnaubIxSC7HX8y0SXdNh+0WT5B0A2G52FNMHzQunlbD9UXQedjCVVQF6aL23nHusKtRfdFpsl\/E5WZJLxGbLaK1s3ealMcLQc7DgO2Ibf\/\/mioIMI3JleprscmRK4XoNPRxjMEF+d5MdB5vf+T+Q4nfhBtSaMwwDIMwQjHp4iBSKmGGxNwReEeJL8OeMPOsvpmPjTkoNdmquNIhF1Z8QF2Cuo8o\/InjRNKvLFhg0CUt5QgBI\/E65f2saxZrTvVgMsKbTX+yFF64CRMlUWVhnwovI\/AHxQjvvaJ6IHpNYJ+gjZaiJKn522vtF7FJotYJNlGaZ1BpLIBNGTPyfIMYhe1YgCR8=",
                "iv": "gtv8R5OyTKpW\/MSMUnr5Og=="
            }
        }
    },
    "[响应]": {
        "returnCode": 0,
        "returnMessage": "UPDATE_SESSION_SUCCESS",
        "returnData": {
            "id": "2a20bd9d0d240a74d6514ce55ba4a61f",
            "skey": "f32940fb35a7b0956a35ff81395f9639",
            "openid": "oPicY0cBD5ZB89KieBFSH-PNddIE",
            "user_info": {
                "openId": "oPicY0cBD5ZB89KieBFSH-PNddIE",
                "nickName": "普通话君",
                "gender": 1,
                "language": "zh_CN",
                "city": "Suzhou",
                "province": "Jiangsu",
                "country": "CN",
                "avatarUrl": "http:\/\/wx.qlogo.cn\/mmopen\/vi_32\/DYAIOgq83eoVvEdGWoKlDIyUibGRJic4ckYwWHy5bJkeTY8vdf4tT4ibjZiccDicibBjoM5N7aTXTSM7s94hMOc4BicDw\/0",
                "watermark": {
                    "timestamp": 1488606851,
                    "appid": "wx3c13313f866a541a"
                }
            },
            "duration": 7200
        },
        "version": 1,
        "componentName": "MA"
    },
    "[耗时]": "151ms"
}

[2017-03-04 13:54:11][DEBUG] Util::writeJsonResult => [200] {
    "F2C224D4-2BCE-4C64-AF9F-A6D872000D1A": 1,
    "session": {
        "id": "2a20bd9d0d240a74d6514ce55ba4a61f",
        "skey": "f32940fb35a7b0956a35ff81395f9639",
        "openid": "oPicY0cBD5ZB89KieBFSH-PNddIE"
    }
}

ERROR - 2017-03-04 15:23:01 --> Severity: Notice --> Trying to get property of non-object /data/release/php-weapp-demo/application/models/User_model.php 30
ERROR - 2017-03-04 15:23:02 --> 1 2
ERROR - 2017-03-04 15:23:02 --> 2 0
[2017-03-04 15:23:02][DEBUG] POST http://10.133.193.8/mina_auth/} => [200] {
    "[请求]": {
        "version": 1,
        "componentName": "MA",
        "interface": {
            "interfaceName": "qcloud.cam.id_skey",
            "para": {
                "code": "031sY5kM0J6VF528kGgM0Ty9kM0sY5kT",
                "encrypt_data": "loH2UZHQOaEiRL1KcRi1caxukTIwuafdBa0PuIwQDyCV0SKQ\/OxJzBa2Q5kQrAGlcV9G22yhBi3acUudVI7zaeTgVJ4VAHAufJp9pvYuK2kNRLa9NheSlMvlmFTOEX77RUq0rWZqC1wPfqfg4HlsJbcqXJB+IGtcgUxH+\/7Ph2CYxx0eINZCcpNGAzCOfhWNWKfu0wdxFM+YFCmwrkptvT0P4Sq+gUvpg1Y9aoVAVXKBBuihcnr\/QiC6JsY30qLk6DqJ5lFqcmBlf4S+ffoNYp6XLpqrd8UmHWtz63dkrprBnoMdL7\/31\/htbjfX\/eSERzI3k4wruUAU2yVIw1g18r1wiOQ8jKVxxU02oBC4op\/vOY\/KrihAmmMMdUm6OId5v7Oz8m1T9AbAveNHktnA3F+A2wTV3gd3FxHy1R5pNrebaNRe1Q9SwFm\/ZJfvBP3pYOAlIii0yjmRAVR6yRJW4Vuca45vTCpz2BHCuWD8\/zM=",
                "iv": "wd8WVnKUpRIgqbOF14MI1g=="
            }
        }
    },
    "[响应]": {
        "returnCode": 0,
        "returnMessage": "UPDATE_SESSION_SUCCESS",
        "returnData": {
            "id": "2cf24fa4e47169cf5cdc27fae97ea51d",
            "skey": "a383a2adb90f18e1d85c639eaee1c718",
            "openid": "oPicY0eKLErSVPY9eCynPyHwZYB8",
            "user_info": {
                "openId": "oPicY0eKLErSVPY9eCynPyHwZYB8",
                "nickName": "蒋煜天.在路上",
                "gender": 1,
                "language": "en",
                "city": "Suzhou",
                "province": "Jiangsu",
                "country": "CN",
                "avatarUrl": "http:\/\/wx.qlogo.cn\/mmopen\/vi_32\/DYAIOgq83ep6oLvpbBfVcYSLBjobULhjllh9epmRg03RiaFZNoTNtoH9JRCRrAcuEjFgkVoblGFFTopTPTOvfgg\/0",
                "watermark": {
                    "timestamp": 1488612182,
                    "appid": "wx3c13313f866a541a"
                }
            },
            "duration": 7200
        },
        "version": 1,
        "componentName": "MA"
    },
    "[耗时]": "106ms"
}

[2017-03-04 15:23:02][DEBUG] Util::writeJsonResult => [200] {
    "F2C224D4-2BCE-4C64-AF9F-A6D872000D1A": 1,
    "session": {
        "id": "2cf24fa4e47169cf5cdc27fae97ea51d",
        "skey": "a383a2adb90f18e1d85c639eaee1c718",
        "openid": "oPicY0eKLErSVPY9eCynPyHwZYB8"
    }
}

ERROR - 2017-03-04 15:29:53 --> 404 Page Not Found: Phpmyadmin/index
ERROR - 2017-03-04 15:29:55 --> 404 Page Not Found: Phpmyadmin/index
ERROR - 2017-03-04 17:05:20 --> Severity: Warning --> Cannot modify header information - headers already sent by (output started at /data/release/php-weapp-demo/application/controllers/Card.php:149) /data/release/php-weapp-demo/system/core/Common.php 573
ERROR - 2017-03-04 17:05:20 --> Severity: Error --> Call to undefined method Card_model::getCardByCardnoAndPassword() /data/release/php-weapp-demo/application/controllers/Card.php 149
ERROR - 2017-03-04 17:08:29 --> Severity: Warning --> Missing argument 1 for Card::carddeliveryinfo() /data/release/php-weapp-demo/application/controllers/Card.php 164
ERROR - 2017-03-04 17:08:29 --> Severity: Notice --> Undefined variable: cardno /data/release/php-weapp-demo/application/controllers/Card.php 170
ERROR - 2017-03-04 17:08:29 --> Severity: Warning --> Cannot modify header information - headers already sent by (output started at /data/release/php-weapp-demo/application/controllers/Card.php:171) /data/release/php-weapp-demo/system/core/Common.php 573
ERROR - 2017-03-04 17:08:29 --> Severity: Error --> Call to undefined method Card::getCardDeliveryInfo() /data/release/php-weapp-demo/application/controllers/Card.php 171
ERROR - 2017-03-04 17:09:11 --> Severity: Warning --> Missing argument 1 for Card::carddeliveryinfo() /data/release/php-weapp-demo/application/controllers/Card.php 164
ERROR - 2017-03-04 17:09:11 --> Severity: Notice --> Undefined variable: cardno /data/release/php-weapp-demo/application/controllers/Card.php 170
ERROR - 2017-03-04 17:09:11 --> Severity: Warning --> Cannot modify header information - headers already sent by (output started at /data/release/php-weapp-demo/application/controllers/Card.php:171) /data/release/php-weapp-demo/system/core/Common.php 573
ERROR - 2017-03-04 17:09:11 --> Severity: Error --> Call to undefined method Card::getCardDeliveryInfo() /data/release/php-weapp-demo/application/controllers/Card.php 171
ERROR - 2017-03-04 17:10:03 --> Severity: Warning --> Missing argument 1 for Card::carddeliveryinfo() /data/release/php-weapp-demo/application/controllers/Card.php 164
ERROR - 2017-03-04 17:10:03 --> Severity: Notice --> Undefined variable: cardno /data/release/php-weapp-demo/application/controllers/Card.php 170
ERROR - 2017-03-04 17:10:03 --> Severity: Warning --> Cannot modify header information - headers already sent by (output started at /data/release/php-weapp-demo/application/controllers/Card.php:171) /data/release/php-weapp-demo/system/core/Common.php 573
ERROR - 2017-03-04 17:10:03 --> Severity: Error --> Call to undefined method Card::getCardDeliveryInfo() /data/release/php-weapp-demo/application/controllers/Card.php 171
ERROR - 2017-03-04 17:10:32 --> Severity: Warning --> Cannot modify header information - headers already sent by (output started at /data/release/php-weapp-demo/application/controllers/Card.php:171) /data/release/php-weapp-demo/system/core/Common.php 573
ERROR - 2017-03-04 17:10:32 --> Severity: Error --> Call to undefined method Card::getCardDeliveryInfo() /data/release/php-weapp-demo/application/controllers/Card.php 171
ERROR - 2017-03-04 17:10:58 --> Severity: Warning --> Cannot modify header information - headers already sent by (output started at /data/release/php-weapp-demo/application/controllers/Card.php:171) /data/release/php-weapp-demo/system/core/Common.php 573
ERROR - 2017-03-04 17:10:58 --> Severity: Error --> Call to undefined method Card::getCardDeliveryInfo() /data/release/php-weapp-demo/application/controllers/Card.php 171
ERROR - 2017-03-04 17:56:08 --> 404 Page Not Found: Good/null
ERROR - 2017-03-04 17:56:32 --> 404 Page Not Found: Good/null
ERROR - 2017-03-04 18:52:45 --> Severity: Notice --> Undefined index: validatestr /data/release/php-weapp-demo/application/controllers/Card.php 200
ERROR - 2017-03-04 18:53:05 --> Severity: Notice --> Undefined index: validatestr /data/release/php-weapp-demo/application/controllers/Card.php 200
ERROR - 2017-03-04 18:53:33 --> Severity: Notice --> Undefined index: validatestr /data/release/php-weapp-demo/application/controllers/Card.php 200
ERROR - 2017-03-04 18:53:41 --> Severity: Notice --> Undefined index: validatestr /data/release/php-weapp-demo/application/controllers/Card.php 200
ERROR - 2017-03-04 18:53:51 --> Severity: Notice --> Undefined index: validatestr /data/release/php-weapp-demo/application/controllers/Card.php 200
ERROR - 2017-03-04 18:53:57 --> Severity: Notice --> Undefined index: validatestr /data/release/php-weapp-demo/application/controllers/Card.php 200
ERROR - 2017-03-04 19:50:51 --> 404 Page Not Found: Phpmyadmin/index
ERROR - 2017-03-04 19:51:02 --> 404 Page Not Found: Phpmyadmin/index
ERROR - 2017-03-04 19:56:29 --> Severity: Notice --> Trying to get property of non-object /data/release/php-weapp-demo/application/models/User_model.php 30
ERROR - 2017-03-04 19:56:29 --> 1 2
ERROR - 2017-03-04 19:56:29 --> 2 0
[2017-03-04 19:56:29][DEBUG] POST http://10.133.193.8/mina_auth/} => [200] {
    "[请求]": {
        "version": 1,
        "componentName": "MA",
        "interface": {
            "interfaceName": "qcloud.cam.id_skey",
            "para": {
                "code": "021eSynL11BYD21hQ6oL1xtjnL1eSynN",
                "encrypt_data": "g8LEKjCBCxEgM8MeQTaawVT\/miSksuLofUqnxxBK2k\/ThrXE7xlnDijU04WgqX6gRzj7FIXYvu8fP8EexBG6dyrSPCzKClYyUzViyjYpdO8GatsSPR+zYxq5BrdWZEbcDmHiUcHNkiszDNF4YYuwGyQrqwUzeiM1OT4XKMz09kTTpMiFrtAdzn0BTyEyTBEu7bipmFIBdMNGe4afDeamPZGmofBuc3mZmiqrivoZIeWR4Oy8YxI\/X5gWznqUPmXQqaUjNk1jFC8qdd9j2I6BoW6bSniBFwFl7bT+T60WY6hegxuefQeYqpKWA68SbBa6BpZg3Y7ngrNMFfO9IfD6AntEl79b2OrfadGsCpLroEAq3ISlxcXpKf8H1M3Nnbs4z\/tI7cQGRX2GCyEVswsF53hpf\/tYNyhacCT45aH3nY2zTP6AXISLnkQhnDjEPfU3lreQxvV\/XbMXdgZ\/tJMi3U8xNo4NwT6nFZIO0w+Q1aM=",
                "iv": "YU1hYYUrBs72n2AOTq+elQ=="
            }
        }
    },
    "[响应]": {
        "returnCode": 0,
        "returnMessage": "UPDATE_SESSION_SUCCESS",
        "returnData": {
            "id": "2cf24fa4e47169cf5cdc27fae97ea51d",
            "skey": "b3102238b234b0d1fab3e7ae649d0693",
            "openid": "oPicY0eKLErSVPY9eCynPyHwZYB8",
            "user_info": {
                "openId": "oPicY0eKLErSVPY9eCynPyHwZYB8",
                "nickName": "蒋煜天.在路上",
                "gender": 1,
                "language": "en",
                "city": "Suzhou",
                "province": "Jiangsu",
                "country": "CN",
                "avatarUrl": "http:\/\/wx.qlogo.cn\/mmopen\/vi_32\/DYAIOgq83ep6oLvpbBfVcYSLBjobULhjllh9epmRg03RiaFZNoTNtoH9JRCRrAcuEjFgkVoblGFFTopTPTOvfgg\/0",
                "watermark": {
                    "timestamp": 1488628589,
                    "appid": "wx3c13313f866a541a"
                }
            },
            "duration": 7200
        },
        "version": 1,
        "componentName": "MA"
    },
    "[耗时]": "95ms"
}

[2017-03-04 19:56:29][DEBUG] Util::writeJsonResult => [200] {
    "F2C224D4-2BCE-4C64-AF9F-A6D872000D1A": 1,
    "session": {
        "id": "2cf24fa4e47169cf5cdc27fae97ea51d",
        "skey": "b3102238b234b0d1fab3e7ae649d0693",
        "openid": "oPicY0eKLErSVPY9eCynPyHwZYB8"
    }
}

ERROR - 2017-03-04 21:05:55 --> Severity: Notice --> Trying to get property of non-object /data/release/php-weapp-demo/application/models/User_model.php 30
ERROR - 2017-03-04 21:06:15 --> Severity: Notice --> Trying to get property of non-object /data/release/php-weapp-demo/application/models/User_model.php 30
ERROR - 2017-03-04 21:06:46 --> Severity: Notice --> Trying to get property of non-object /data/release/php-weapp-demo/application/models/User_model.php 30
ERROR - 2017-03-04 21:19:29 --> Severity: Notice --> Trying to get property of non-object /data/release/php-weapp-demo/application/models/User_model.php 30
ERROR - 2017-03-04 21:36:56 --> Severity: Notice --> Trying to get property of non-object /data/release/php-weapp-demo/application/models/User_model.php 30
ERROR - 2017-03-04 21:40:09 --> Severity: Notice --> Trying to get property of non-object /data/release/php-weapp-demo/application/models/User_model.php 30
ERROR - 2017-03-04 21:45:15 --> Severity: Notice --> Trying to get property of non-object /data/release/php-weapp-demo/application/models/User_model.php 30
ERROR - 2017-03-04 21:45:28 --> Severity: Notice --> Trying to get property of non-object /data/release/php-weapp-demo/application/models/User_model.php 30
ERROR - 2017-03-04 21:45:43 --> Severity: Notice --> Trying to get property of non-object /data/release/php-weapp-demo/application/models/User_model.php 30
ERROR - 2017-03-04 21:45:54 --> Severity: Notice --> Trying to get property of non-object /data/release/php-weapp-demo/application/models/User_model.php 30
ERROR - 2017-03-04 21:45:58 --> Severity: Notice --> Trying to get property of non-object /data/release/php-weapp-demo/application/models/User_model.php 30
ERROR - 2017-03-04 21:46:56 --> Severity: Notice --> Trying to get property of non-object /data/release/php-weapp-demo/application/models/User_model.php 30
ERROR - 2017-03-04 21:47:35 --> Severity: Notice --> Trying to get property of non-object /data/release/php-weapp-demo/application/models/User_model.php 30
ERROR - 2017-03-04 21:57:39 --> Severity: Notice --> Trying to get property of non-object /data/release/php-weapp-demo/application/models/User_model.php 30
ERROR - 2017-03-04 22:04:50 --> 404 Page Not Found: Cache/global
