ERROR - 2017-06-12 02:50:54 --> 404 Page Not Found: Cache/global
ERROR - 2017-06-12 10:16:08 --> 404 Page Not Found: Phpmyadmin/index
ERROR - 2017-06-12 10:16:08 --> 404 Page Not Found: Phpmyadmin/index
ERROR - 2017-06-12 10:37:50 --> 404 Page Not Found: Manager/html
ERROR - 2017-06-12 11:46:05 --> 404 Page Not Found: Manager/html
ERROR - 2017-06-12 12:41:18 --> 404 Page Not Found: Manager/html
ERROR - 2017-06-12 15:20:40 --> 404 Page Not Found: Wp-includes/js
ERROR - 2017-06-12 15:20:41 --> 404 Page Not Found: Skins/vector
ERROR - 2017-06-12 15:20:41 --> 404 Page Not Found: Misc/states.js
ERROR - 2017-06-12 15:20:42 --> 404 Page Not Found: Static/js
ERROR - 2017-06-12 15:20:42 --> 404 Page Not Found: Include/js
ERROR - 2017-06-12 15:20:42 --> 404 Page Not Found: Include/js
ERROR - 2017-06-12 15:20:43 --> 404 Page Not Found: Include/js
ERROR - 2017-06-12 15:20:43 --> 404 Page Not Found: Res/js
ERROR - 2017-06-12 15:20:43 --> 404 Page Not Found: Js/wind_editor.js
ERROR - 2017-06-12 15:20:44 --> 404 Page Not Found: Styles/prosilver
ERROR - 2017-06-12 15:20:44 --> 404 Page Not Found: Styles/prosilver
ERROR - 2017-06-12 15:20:45 --> 404 Page Not Found: Editor/ubb
ERROR - 2017-06-12 15:20:45 --> 404 Page Not Found: Template/default
ERROR - 2017-06-12 15:20:45 --> 404 Page Not Found: Static/js
ERROR - 2017-06-12 15:20:46 --> 404 Page Not Found: Images/js
ERROR - 2017-06-12 15:20:46 --> 404 Page Not Found: Templets/style
ERROR - 2017-06-12 15:20:46 --> 404 Page Not Found: Include/dedeajax2.js
ERROR - 2017-06-12 15:20:47 --> 404 Page Not Found: Images/default
ERROR - 2017-06-12 15:20:47 --> 404 Page Not Found: Js/lang
ERROR - 2017-06-12 15:20:48 --> 404 Page Not Found: Js/lang
ERROR - 2017-06-12 15:20:48 --> 404 Page Not Found: D/js
ERROR - 2017-06-12 15:20:48 --> 404 Page Not Found: Skin/default
ERROR - 2017-06-12 15:20:49 --> 404 Page Not Found: Media/system
ERROR - 2017-06-12 15:20:49 --> 404 Page Not Found: Media/system
ERROR - 2017-06-12 15:20:50 --> 404 Page Not Found: Lang/zh
ERROR - 2017-06-12 15:20:50 --> 404 Page Not Found: Style/default
ERROR - 2017-06-12 15:20:50 --> 404 Page Not Found: Lang/zh
ERROR - 2017-06-12 15:20:51 --> 404 Page Not Found: Rockmongo/index
ERROR - 2017-06-12 15:20:51 --> 404 Page Not Found: Server-status/index
ERROR - 2017-06-12 15:20:51 --> 404 Page Not Found: Ueditoralljs/index
ERROR - 2017-06-12 15:20:52 --> 404 Page Not Found: Wikilibd/PmWiki.ChangeLog
ERROR - 2017-06-12 15:20:52 --> 404 Page Not Found: 4e5e5d7364f443e28fbf0d3ae744a59a/index
ERROR - 2017-06-12 15:20:52 --> 404 Page Not Found: Jenkins/index
ERROR - 2017-06-12 22:11:52 --> 404 Page Not Found: Cache/global
