ERROR - 2017-07-03 03:40:08 --> 404 Page Not Found: Muieblackcat/index
ERROR - 2017-07-03 03:43:17 --> 404 Page Not Found: Muieblackcat/index
ERROR - 2017-07-03 03:46:16 --> 404 Page Not Found: Recordings/index
ERROR - 2017-07-03 03:53:54 --> 404 Page Not Found: Muieblackcat/index
ERROR - 2017-07-03 04:10:24 --> 404 Page Not Found: Mhello/index
ERROR - 2017-07-03 06:32:02 --> 404 Page Not Found: Muieblackcat/index
ERROR - 2017-07-03 07:46:41 --> 404 Page Not Found: Manager/html
ERROR - 2017-07-03 09:06:06 --> 404 Page Not Found: Manager/html
ERROR - 2017-07-03 14:32:45 --> 404 Page Not Found: Wp-includes/js
ERROR - 2017-07-03 14:32:46 --> 404 Page Not Found: Skins/vector
ERROR - 2017-07-03 14:32:46 --> 404 Page Not Found: Misc/states.js
ERROR - 2017-07-03 14:32:46 --> 404 Page Not Found: Static/js
ERROR - 2017-07-03 14:32:46 --> 404 Page Not Found: Include/js
ERROR - 2017-07-03 14:32:46 --> 404 Page Not Found: Include/js
ERROR - 2017-07-03 14:32:46 --> 404 Page Not Found: Include/js
ERROR - 2017-07-03 14:32:47 --> 404 Page Not Found: Res/js
ERROR - 2017-07-03 14:32:47 --> 404 Page Not Found: Js/wind_editor.js
ERROR - 2017-07-03 14:32:47 --> 404 Page Not Found: Styles/prosilver
ERROR - 2017-07-03 14:32:47 --> 404 Page Not Found: Styles/prosilver
ERROR - 2017-07-03 14:32:47 --> 404 Page Not Found: Editor/ubb
ERROR - 2017-07-03 14:32:48 --> 404 Page Not Found: Template/default
ERROR - 2017-07-03 14:32:48 --> 404 Page Not Found: Static/js
ERROR - 2017-07-03 14:32:48 --> 404 Page Not Found: Images/js
ERROR - 2017-07-03 14:32:48 --> 404 Page Not Found: Templets/style
ERROR - 2017-07-03 14:32:48 --> 404 Page Not Found: Include/dedeajax2.js
ERROR - 2017-07-03 14:32:48 --> 404 Page Not Found: Images/default
ERROR - 2017-07-03 14:32:49 --> 404 Page Not Found: Js/lang
ERROR - 2017-07-03 14:32:49 --> 404 Page Not Found: Js/lang
ERROR - 2017-07-03 14:32:49 --> 404 Page Not Found: D/js
ERROR - 2017-07-03 14:32:49 --> 404 Page Not Found: Skin/default
ERROR - 2017-07-03 14:32:49 --> 404 Page Not Found: Media/system
ERROR - 2017-07-03 14:32:50 --> 404 Page Not Found: Media/system
ERROR - 2017-07-03 14:32:50 --> 404 Page Not Found: Lang/zh
ERROR - 2017-07-03 14:32:50 --> 404 Page Not Found: Style/default
ERROR - 2017-07-03 14:32:50 --> 404 Page Not Found: Lang/zh
ERROR - 2017-07-03 14:32:50 --> 404 Page Not Found: Rockmongo/index
ERROR - 2017-07-03 14:32:50 --> 404 Page Not Found: Server-status/index
ERROR - 2017-07-03 14:32:51 --> 404 Page Not Found: Ueditoralljs/index
ERROR - 2017-07-03 14:32:51 --> 404 Page Not Found: Wikilibd/PmWiki.ChangeLog
ERROR - 2017-07-03 14:32:51 --> 404 Page Not Found: 4e5e5d7364f443e28fbf0d3ae744a59a/index
ERROR - 2017-07-03 14:32:51 --> 404 Page Not Found: Jenkins/index
ERROR - 2017-07-03 14:35:39 --> 1 2
ERROR - 2017-07-03 14:35:39 --> 2 0
[2017-07-03 14:35:39][DEBUG] POST http://10.133.193.8/mina_auth/} => [200] {
    "[è¯·æ±‚]": {
        "version": 1,
        "componentName": "MA",
        "interface": {
            "interfaceName": "qcloud.cam.id_skey",
            "para": {
                "code": "013PW2Sg0eeenB1Co4Rg0XviSg0PW2Sk",
                "encrypt_data": "0RJyP3yCujQKW3pOAJC4zTvaMEvp84vUmOSGKXo9Vait0kMiUcu46jGaTjCyOwzzCmNNRUEa0x7sVQLYclTiGSFdD1pb6ZoLoYCUBGKBtozi4qwJTR\/IjfWpD71X1KjmUkCAIzWxR5y+ciivCu9775Fx0H1XThlJdnTWIcyddu6G1KXigmkwBcp53AbrTZ7GPiL7WK2jDrWdztlG1nwXh75Q8jaDy1RgPb9TtObqZdlwafDiIChvSKQ+qJ8vo5wDNv\/bLDRr0oRAfYTx3CJNhH2SQIzmSmOlb8QP27ouDL\/XdN+cSCdvQvdcDuNlHdnbfBpyW2I23loDZncyU74QB5HqgikU2ZSpeOTrSMnSzr8\/npSoVXViGzKriwrq+n4pPoUafn9ppcHknk9I6DTVa0ymDwixvrPJEgQeRAx37jreGRIirE1wviTprOqngF6eT\/8eJPQ5NO7VhXcEIeEmiiWBmrxCkNAGBcyqV\/8Go182CgVl+f+1TEAmuJ5B\/HOs",
                "iv": "06h0jPrcClUAO7MPWo9UZQ=="
            }
        }
    },
    "[å“åº”]": {
        "returnCode": 0,
        "returnMessage": "NEW_SESSION_SUCCESS",
        "returnData": {
            "id": "cfb4114f55caffb66d478bfb967412ff",
            "skey": "c862ddb8324a976ccf7a2f772cfc116d",
            "user_info": {
                "openId": "oPicY0UFa1z6CoTPkiXkbr4nQ__I",
                "nickName": "ðŸ’‹  ç¤¼å¾…",
                "gender": 1,
                "language": "zh_CN",
                "city": "",
                "province": "",
                "country": "DZ",
                "avatarUrl": "https:\/\/wx.qlogo.cn\/mmopen\/vi_32\/sP0FjtX7b59rqdR1prBvAVhcLKVWWgzVbYsQPGSus8Ycl3kjULeicDbDhOuFmVG4kqZf4vTbXcqVjZQMMVwoTYg\/0",
                "unionId": "oU11PxLmD312SPlf2Z-BagxexCR8",
                "watermark": {
                    "timestamp": 1499063738,
                    "appid": "wx3c13313f866a541a"
                }
            },
            "duration": 7200
        },
        "version": 1,
        "componentName": "MA"
    },
    "[è€—æ—¶]": "273ms"
}

[2017-07-03 14:35:39][DEBUG] Util::writeJsonResult => [200] {
    "F2C224D4-2BCE-4C64-AF9F-A6D872000D1A": 1,
    "session": {
        "id": "cfb4114f55caffb66d478bfb967412ff",
        "skey": "c862ddb8324a976ccf7a2f772cfc116d",
        "openid": "oPicY0UFa1z6CoTPkiXkbr4nQ__I",
        "unionid": "oU11PxLmD312SPlf2Z-BagxexCR8"
    }
}

ERROR - 2017-07-03 14:35:39 --> 1 2
ERROR - 2017-07-03 14:35:39 --> 2 0
[2017-07-03 14:35:39][DEBUG] POST http://10.133.193.8/mina_auth/} => [200] {
    "[è¯·æ±‚]": {
        "version": 1,
        "componentName": "MA",
        "interface": {
            "interfaceName": "qcloud.cam.id_skey",
            "para": {
                "code": "003hYVnb2GvTFQ0BAhkb26YRnb2hYVnn",
                "encrypt_data": "3a7pTYU6L+IZ4TKZw+yKqeYujXCSW6xBhNeaHu1qhXORWTuk\/49TI+DY9MTetTZpoF0KZTvhI6ZNlFV0xGMYcvqgnRRds77tXN1Z5NRpYs5Luyo3GwEPklbyJroLsuXCXmY2R9SbENwD4DcqnEuFL2Rue9sN5dpwbcYyvtWfS+GPIIqfwyWXjb36Pll2c0LCzE21OHqhh+ACs9xUPtSg0WpbW1OyXGa9+sNYIFLoJKJvyqYQQYA\/iG8HBXvG5tHOUnMP+Rw00NzdFk\/r3\/aJsNY6\/wHvYP7trgEJz3PxIzCXeGRQaw1H7MJMvCk0akXjY\/xI1bzmd2MbXqvyrg2cE4\/0Zj6b7tlz5AgWk63A1B6DCvDH0KjnZwNbci73Y6aPpSPoOwB3Mi4TRIBzxfIir4VnspJEkPxoUFKqAPFA\/xW0aV+w02WyUf6qRpfbQXNYS2AD0xoqpT8n4SsNlpodK8fIe16bk5Wdj+hTLOtFUvC0zG+bTgEupDJH1p+uyk5K",
                "iv": "t+x8etWeUxWC9+JeA\/w8WQ=="
            }
        }
    },
    "[å“åº”]": {
        "returnCode": 0,
        "returnMessage": "UPDATE_SESSION_SUCCESS",
        "returnData": {
            "id": "cfb4114f55caffb66d478bfb967412ff",
            "skey": "5eeb0ec0c9545f64fa2ab0a202930451",
            "user_info": {
                "openId": "oPicY0UFa1z6CoTPkiXkbr4nQ__I",
                "nickName": "ðŸ’‹  ç¤¼å¾…",
                "gender": 1,
                "language": "zh_CN",
                "city": "",
                "province": "",
                "country": "DZ",
                "avatarUrl": "https:\/\/wx.qlogo.cn\/mmopen\/vi_32\/sP0FjtX7b59rqdR1prBvAVhcLKVWWgzVbYsQPGSus8Ycl3kjULeicDbDhOuFmVG4kqZf4vTbXcqVjZQMMVwoTYg\/0",
                "unionId": "oU11PxLmD312SPlf2Z-BagxexCR8",
                "watermark": {
                    "timestamp": 1499063738,
                    "appid": "wx3c13313f866a541a"
                }
            },
            "duration": 7200
        },
        "version": 1,
        "componentName": "MA"
    },
    "[è€—æ—¶]": "125ms"
}

[2017-07-03 14:35:39][DEBUG] Util::writeJsonResult => [200] {
    "F2C224D4-2BCE-4C64-AF9F-A6D872000D1A": 1,
    "session": {
        "id": "cfb4114f55caffb66d478bfb967412ff",
        "skey": "5eeb0ec0c9545f64fa2ab0a202930451",
        "openid": "oPicY0UFa1z6CoTPkiXkbr4nQ__I",
        "unionid": "oU11PxLmD312SPlf2Z-BagxexCR8"
    }
}

LDSF - 2017-07-03 14:35:39 --> >>> User->addressbookisempty()
LDSF - 2017-07-03 14:35:39 --> openid=oPicY0UFa1z6CoTPkiXkbr4nQ__I
ERROR - 2017-07-03 14:35:39 --> Severity: Notice --> Trying to get property of non-object /data/release/php-weapp-demo/application/models/User_model.php 30
LDSF - 2017-07-03 14:35:39 --> >>> User->loginrecord()
LDSF - 2017-07-03 14:35:39 --> openid=oPicY0UFa1z6CoTPkiXkbr4nQ__I
ERROR - 2017-07-03 14:37:39 --> 
ERROR - 2017-07-03 14:38:11 --> 
ERROR - 2017-07-03 14:38:13 --> 
ERROR - 2017-07-03 14:38:32 --> 
ERROR - 2017-07-03 14:38:36 --> 
ERROR - 2017-07-03 14:38:56 --> 
ERROR - 2017-07-03 17:36:12 --> 404 Page Not Found: 4e5e5d7364f443e28fbf0d3ae744a59a/index
ERROR - 2017-07-03 18:28:39 --> 404 Page Not Found: HndUnblockcgi/index
ERROR - 2017-07-03 18:28:40 --> 404 Page Not Found: TmUnblockcgi/index
ERROR - 2017-07-03 18:28:41 --> 404 Page Not Found: Moo/index
ERROR - 2017-07-03 20:03:20 --> 404 Page Not Found: Phpmyadmin/index
ERROR - 2017-07-03 20:08:47 --> 404 Page Not Found: Cache/global
ERROR - 2017-07-03 21:24:59 --> 404 Page Not Found: Moo/index
