ERROR - 2017-02-22 00:50:38 --> 404 Page Not Found: Wikilibd/PmWiki.ChangeLog
ERROR - 2017-02-22 01:20:40 --> 404 Page Not Found: 4e5e5d7364f443e28fbf0d3ae744a59a/index
ERROR - 2017-02-22 01:20:49 --> 404 Page Not Found: 4e5e5d7364f443e28fbf0d3ae744a59a/index
ERROR - 2017-02-22 01:20:49 --> 404 Page Not Found: Please_read/_search
ERROR - 2017-02-22 01:23:16 --> 404 Page Not Found: Jenkins/index
ERROR - 2017-02-22 01:23:28 --> 404 Page Not Found: Jenkins/index
ERROR - 2017-02-22 01:38:00 --> 404 Page Not Found: Cache/global
ERROR - 2017-02-22 02:52:09 --> 404 Page Not Found: Warning/index
ERROR - 2017-02-22 03:03:00 --> 404 Page Not Found: Server-status/index
ERROR - 2017-02-22 03:03:12 --> 404 Page Not Found: Server-status/index
ERROR - 2017-02-22 03:18:02 --> 404 Page Not Found: Pleasereadthis/index
ERROR - 2017-02-22 03:42:40 --> 404 Page Not Found: Search/index
ERROR - 2017-02-22 03:42:41 --> 404 Page Not Found: 273/index
ERROR - 2017-02-22 06:01:10 --> 404 Page Not Found: Proxyhtml/index
ERROR - 2017-02-22 06:36:08 --> 404 Page Not Found: Server-status/index
ERROR - 2017-02-22 06:41:09 --> 404 Page Not Found: Manager/html
ERROR - 2017-02-22 06:41:21 --> 404 Page Not Found: Manager/html
ERROR - 2017-02-22 10:54:45 --> 404 Page Not Found: Server-status/index
ERROR - 2017-02-22 13:14:35 --> 1 2
ERROR - 2017-02-22 13:14:35 --> 2 0
[2017-02-22 13:14:35][DEBUG] POST http://10.133.193.8/mina_auth/} => [200] {
    "[请求]": {
        "version": 1,
        "componentName": "MA",
        "interface": {
            "interfaceName": "qcloud.cam.id_skey",
            "para": {
                "code": "0017qv2U0v7jjW17TTZT08YC2U07qv2X",
                "encrypt_data": "kIkKj+eg9lDCsSv4XgnyQyEuKV0OYX1m5ZwcHck3Sj8XM91wvI6NLSFlLVhrLWaQgnK03YKSAk0aQIAPxbzp55LY8gM5nJQql9aJsN3ev1cysx5p6HqNPNiUwpp73LR9EZipZHSNZlR4Ft56E71jNIAXSHtiQTI\/RbU+nKPmnvXBCZ8xCqsFE1M3Tbksh\/Jto0KrjaTyV0UNusGwJMGtkq1SKOTFFlaJQ6SwUyz8VAN0oiwJq1oEnqd+a1OpkT7zbOpj\/B9keuQTWiZDSc6KPOVW3tR1vBQM9HNd\/RaU6W1IvheMpCWnTjP16tOQurgKqvLFwhrPr15XbhmCw8n9VG3XDYx2TqVsKTJDZy8d4UkeUx0T7dXjResSogftn3Zmbg9yIWDyUwS9aePLStq\/A+BzwZFg6+2+47Cu3JfZB5U5IthX72D2m\/qW1CSzuNbQK4c1IZ0C+gwoqf49vMP\/tZyze7HpVIC3Bqjpg7xZyco=",
                "iv": "DXPh5MLljAJpxLhHw1opew=="
            }
        }
    },
    "[响应]": {
        "returnCode": 0,
        "returnMessage": "UPDATE_SESSION_SUCCESS",
        "returnData": {
            "id": "2a20bd9d0d240a74d6514ce55ba4a61f",
            "skey": "0f734469f09ba9bb223f62a5631b7994",
            "openid": "oPicY0cBD5ZB89KieBFSH-PNddIE",
            "user_info": {
                "openId": "oPicY0cBD5ZB89KieBFSH-PNddIE",
                "nickName": "普通话君",
                "gender": 1,
                "language": "zh_CN",
                "city": "Suzhou",
                "province": "Jiangsu",
                "country": "CN",
                "avatarUrl": "http:\/\/wx.qlogo.cn\/mmopen\/vi_32\/DYAIOgq83eoVvEdGWoKlDIyUibGRJic4ckYwWHy5bJkeTY8vdf4tT4ibjZiccDicibBjoM5N7aTXTSM7s94hMOc4BicDw\/0",
                "watermark": {
                    "timestamp": 1487740474,
                    "appid": "wx3c13313f866a541a"
                }
            },
            "duration": 7200
        },
        "version": 1,
        "componentName": "MA"
    },
    "[耗时]": "118ms"
}

[2017-02-22 13:14:35][DEBUG] Util::writeJsonResult => [200] {
    "F2C224D4-2BCE-4C64-AF9F-A6D872000D1A": 1,
    "session": {
        "id": "2a20bd9d0d240a74d6514ce55ba4a61f",
        "skey": "0f734469f09ba9bb223f62a5631b7994",
        "openid": "oPicY0cBD5ZB89KieBFSH-PNddIE"
    }
}

ERROR - 2017-02-22 17:33:23 --> 404 Page Not Found: Admin/index
ERROR - 2017-02-22 19:48:02 --> 1 2
ERROR - 2017-02-22 19:48:02 --> 2 0
[2017-02-22 19:48:02][DEBUG] POST http://10.133.193.8/mina_auth/} => [200] {
    "[请求]": {
        "version": 1,
        "componentName": "MA",
        "interface": {
            "interfaceName": "qcloud.cam.id_skey",
            "para": {
                "code": "041b8G6g0HTWdA1Pmw5g0N1C6g0b8G6t",
                "encrypt_data": "h3ew2bqQARt8QFaLAjg1WWBBxYqY30egLwvul4VKS9ipWZWUvnxVt5+yPQCz3NXB78U67qwqYwB33Hb8bWMh58T3jrf4chZoxLn06bF+nurtm567F\/b56fT+sRuHD6WOuFkuqhWeoLi68cEMg+RG3NNIqqugmkTo3pVmsf9Lp79iBcK1LF+\/AbrrnAunLRTrNWUd8ug1GhvV3xlsedz5kwo5UrfKfiUINBMBqRiw85O2nGq6D2ru3LtF+tA3qUz0o0RZlmBpzGxF9s3eMQYCWx6Z04xeP4YbsaF6NJ1y+x7Nxk8atfSqAGnXYwHue24PsIDQjRs7\/HFpxC98uCPIsB+VU\/VU1yNbjQS0bJ6qGRQ+7jkmzMw9fmAx7KLIlF5\/xxvJxnhhQd98mfrq180+eU0qqpJfuUNK\/pp2Sgli\/Kd9XG1ywg2QEIlTfmQaCW2QggrdaJllSjpo+PA5AZloiRImb51CWfNoU41PdYhXHR0=",
                "iv": "aRNvZaXM3szU7cF\/NeyiCg=="
            }
        }
    },
    "[响应]": {
        "returnCode": 0,
        "returnMessage": "UPDATE_SESSION_SUCCESS",
        "returnData": {
            "id": "2a20bd9d0d240a74d6514ce55ba4a61f",
            "skey": "e396e7dc196fe03a717440ff25d872c9",
            "openid": "oPicY0cBD5ZB89KieBFSH-PNddIE",
            "user_info": {
                "openId": "oPicY0cBD5ZB89KieBFSH-PNddIE",
                "nickName": "普通话君",
                "gender": 1,
                "language": "zh_CN",
                "city": "Suzhou",
                "province": "Jiangsu",
                "country": "CN",
                "avatarUrl": "http:\/\/wx.qlogo.cn\/mmopen\/vi_32\/DYAIOgq83eoVvEdGWoKlDIyUibGRJic4ckYwWHy5bJkeTY8vdf4tT4ibjZiccDicibBjoM5N7aTXTSM7s94hMOc4BicDw\/0",
                "watermark": {
                    "timestamp": 1487764082,
                    "appid": "wx3c13313f866a541a"
                }
            },
            "duration": 7200
        },
        "version": 1,
        "componentName": "MA"
    },
    "[耗时]": "115ms"
}

[2017-02-22 19:48:02][DEBUG] Util::writeJsonResult => [200] {
    "F2C224D4-2BCE-4C64-AF9F-A6D872000D1A": 1,
    "session": {
        "id": "2a20bd9d0d240a74d6514ce55ba4a61f",
        "skey": "e396e7dc196fe03a717440ff25d872c9",
        "openid": "oPicY0cBD5ZB89KieBFSH-PNddIE"
    }
}

ERROR - 2017-02-22 21:34:18 --> 1 2
ERROR - 2017-02-22 21:34:18 --> 2 0
[2017-02-22 21:34:18][DEBUG] POST http://10.133.193.8/mina_auth/} => [200] {
    "[请求]": {
        "version": 1,
        "componentName": "MA",
        "interface": {
            "interfaceName": "qcloud.cam.id_skey",
            "para": {
                "code": "041wlq9x1B9PUc0rKa7x18Mg9x1wlq9Q",
                "encrypt_data": "yKa\/Fc3x3JF2zoCIidjyl7y49RiopTSyh5JEiFjmF0qzR8jeRJycC6QbQQGOzKtsgYn4k\/4eTmq4FKO7kjxfUVsHGPvmYqybSkvH84NeAfLw6LnIQorYFPZIo1qeFcUUgHYNbTDheE0TTOxOxQZ2KQzz\/JpDVBztFamuZ1LHBhu9NiDtz2DVVAuoud4\/qqfx\/mkLeaKobBUhNpvLuWlSthh6GLdHRJpo28w1TiL6bl\/4fPMjsF5+9+FpFO6whxYvK15ECvmBszQMXLTOVJenRXJioQ5aKzvEraNhMbp\/RhYq\/owu+vicYL3v7zUCWsoQIGuFA41O2oZn0TGR+YrySJh55areXsOOD1afVHEyOvQdQ8EuFA4NfeR7XKggbKeAORAtktM7vDweWoN2mZv6sfT3ChoEFP4mbbQ63cRI1Lz3edJWKWmEdHfji1W55fwQuAZS9Vqosma6hiuahkhV0bbpEOaN5DYyQBUtM0zGct0=",
                "iv": "EXaJxOerPsCzkXIOuGOk4w=="
            }
        }
    },
    "[响应]": {
        "returnCode": 0,
        "returnMessage": "UPDATE_SESSION_SUCCESS",
        "returnData": {
            "id": "2a20bd9d0d240a74d6514ce55ba4a61f",
            "skey": "0cc9bd454bc213962540eed5436f67f3",
            "openid": "oPicY0cBD5ZB89KieBFSH-PNddIE",
            "user_info": {
                "openId": "oPicY0cBD5ZB89KieBFSH-PNddIE",
                "nickName": "普通话君",
                "gender": 1,
                "language": "zh_CN",
                "city": "Suzhou",
                "province": "Jiangsu",
                "country": "CN",
                "avatarUrl": "http:\/\/wx.qlogo.cn\/mmopen\/vi_32\/DYAIOgq83eoVvEdGWoKlDIyUibGRJic4ckYwWHy5bJkeTY8vdf4tT4ibjZiccDicibBjoM5N7aTXTSM7s94hMOc4BicDw\/0",
                "watermark": {
                    "timestamp": 1487770457,
                    "appid": "wx3c13313f866a541a"
                }
            },
            "duration": 7200
        },
        "version": 1,
        "componentName": "MA"
    },
    "[耗时]": "94ms"
}

[2017-02-22 21:34:18][DEBUG] Util::writeJsonResult => [200] {
    "F2C224D4-2BCE-4C64-AF9F-A6D872000D1A": 1,
    "session": {
        "id": "2a20bd9d0d240a74d6514ce55ba4a61f",
        "skey": "0cc9bd454bc213962540eed5436f67f3",
        "openid": "oPicY0cBD5ZB89KieBFSH-PNddIE"
    }
}

ERROR - 2017-02-22 22:12:56 --> 404 Page Not Found: Wp-includes/js
ERROR - 2017-02-22 22:12:56 --> 404 Page Not Found: Skins/vector
ERROR - 2017-02-22 22:12:57 --> 404 Page Not Found: Misc/states.js
ERROR - 2017-02-22 22:12:57 --> 404 Page Not Found: Static/js
ERROR - 2017-02-22 22:12:57 --> 404 Page Not Found: Include/js
ERROR - 2017-02-22 22:12:57 --> 404 Page Not Found: Include/js
ERROR - 2017-02-22 22:12:57 --> 404 Page Not Found: Include/js
ERROR - 2017-02-22 22:12:58 --> 404 Page Not Found: Res/js
ERROR - 2017-02-22 22:12:58 --> 404 Page Not Found: Js/wind_editor.js
ERROR - 2017-02-22 22:12:58 --> 404 Page Not Found: Styles/prosilver
ERROR - 2017-02-22 22:12:58 --> 404 Page Not Found: Styles/prosilver
ERROR - 2017-02-22 22:12:59 --> 404 Page Not Found: Editor/ubb
ERROR - 2017-02-22 22:12:59 --> 404 Page Not Found: Template/default
ERROR - 2017-02-22 22:12:59 --> 404 Page Not Found: Static/js
ERROR - 2017-02-22 22:12:59 --> 404 Page Not Found: Images/js
ERROR - 2017-02-22 22:12:59 --> 404 Page Not Found: Templets/style
ERROR - 2017-02-22 22:13:00 --> 404 Page Not Found: Include/dedeajax2.js
ERROR - 2017-02-22 22:13:00 --> 404 Page Not Found: Images/default
ERROR - 2017-02-22 22:13:00 --> 404 Page Not Found: Js/lang
ERROR - 2017-02-22 22:13:00 --> 404 Page Not Found: Js/lang
ERROR - 2017-02-22 22:13:00 --> 404 Page Not Found: D/js
ERROR - 2017-02-22 22:13:01 --> 404 Page Not Found: Skin/default
ERROR - 2017-02-22 22:13:01 --> 404 Page Not Found: Media/system
ERROR - 2017-02-22 22:13:01 --> 404 Page Not Found: Media/system
ERROR - 2017-02-22 22:13:02 --> 404 Page Not Found: Lang/zh
ERROR - 2017-02-22 22:13:02 --> 404 Page Not Found: Style/default
ERROR - 2017-02-22 22:13:02 --> 404 Page Not Found: Lang/zh
ERROR - 2017-02-22 22:13:02 --> 404 Page Not Found: Rockmongo/index
ERROR - 2017-02-22 22:13:02 --> 404 Page Not Found: Server-status/index
ERROR - 2017-02-22 22:13:03 --> 404 Page Not Found: Ueditoralljs/index
ERROR - 2017-02-22 22:13:03 --> 404 Page Not Found: Please_read/_search
ERROR - 2017-02-22 22:13:03 --> 404 Page Not Found: Pleasereadthis/index
ERROR - 2017-02-22 22:13:03 --> 404 Page Not Found: Wikilibd/PmWiki.ChangeLog
ERROR - 2017-02-22 22:13:04 --> 404 Page Not Found: Warning/index
ERROR - 2017-02-22 22:13:04 --> 404 Page Not Found: 4e5e5d7364f443e28fbf0d3ae744a59a/index
ERROR - 2017-02-22 22:13:04 --> 404 Page Not Found: Jenkins/index
ERROR - 2017-02-22 22:14:13 --> 404 Page Not Found: Wp-includes/js
ERROR - 2017-02-22 22:14:14 --> 404 Page Not Found: Skins/vector
ERROR - 2017-02-22 22:14:14 --> 404 Page Not Found: Misc/states.js
ERROR - 2017-02-22 22:14:14 --> 404 Page Not Found: Static/js
ERROR - 2017-02-22 22:14:14 --> 404 Page Not Found: Include/js
ERROR - 2017-02-22 22:14:14 --> 404 Page Not Found: Include/js
ERROR - 2017-02-22 22:14:15 --> 404 Page Not Found: Include/js
ERROR - 2017-02-22 22:14:15 --> 404 Page Not Found: Res/js
ERROR - 2017-02-22 22:14:15 --> 404 Page Not Found: Js/wind_editor.js
ERROR - 2017-02-22 22:14:15 --> 404 Page Not Found: Styles/prosilver
ERROR - 2017-02-22 22:14:15 --> 404 Page Not Found: Styles/prosilver
ERROR - 2017-02-22 22:14:16 --> 404 Page Not Found: Editor/ubb
ERROR - 2017-02-22 22:14:16 --> 404 Page Not Found: Template/default
ERROR - 2017-02-22 22:14:16 --> 404 Page Not Found: Static/js
ERROR - 2017-02-22 22:14:16 --> 404 Page Not Found: Images/js
ERROR - 2017-02-22 22:14:17 --> 404 Page Not Found: Templets/style
ERROR - 2017-02-22 22:14:17 --> 404 Page Not Found: Include/dedeajax2.js
ERROR - 2017-02-22 22:14:17 --> 404 Page Not Found: Images/default
ERROR - 2017-02-22 22:14:17 --> 404 Page Not Found: Js/lang
ERROR - 2017-02-22 22:14:17 --> 404 Page Not Found: Js/lang
ERROR - 2017-02-22 22:14:18 --> 404 Page Not Found: D/js
ERROR - 2017-02-22 22:14:18 --> 404 Page Not Found: Skin/default
ERROR - 2017-02-22 22:14:18 --> 404 Page Not Found: Media/system
ERROR - 2017-02-22 22:14:18 --> 404 Page Not Found: Media/system
ERROR - 2017-02-22 22:14:18 --> 404 Page Not Found: Lang/zh
ERROR - 2017-02-22 22:14:19 --> 404 Page Not Found: Style/default
ERROR - 2017-02-22 22:14:19 --> 404 Page Not Found: Lang/zh
ERROR - 2017-02-22 22:14:19 --> 404 Page Not Found: Rockmongo/index
ERROR - 2017-02-22 22:14:19 --> 404 Page Not Found: Server-status/index
ERROR - 2017-02-22 22:14:20 --> 404 Page Not Found: Ueditoralljs/index
ERROR - 2017-02-22 22:14:20 --> 404 Page Not Found: Please_read/_search
ERROR - 2017-02-22 22:14:20 --> 404 Page Not Found: Pleasereadthis/index
ERROR - 2017-02-22 22:14:20 --> 404 Page Not Found: Wikilibd/PmWiki.ChangeLog
ERROR - 2017-02-22 22:14:20 --> 404 Page Not Found: Warning/index
ERROR - 2017-02-22 22:14:21 --> 404 Page Not Found: 4e5e5d7364f443e28fbf0d3ae744a59a/index
ERROR - 2017-02-22 22:14:21 --> 404 Page Not Found: Jenkins/index
ERROR - 2017-02-22 23:17:30 --> 404 Page Not Found: Cache/global
