ERROR - 2017-06-02 00:15:41 --> 404 Page Not Found: Cache/global
ERROR - 2017-06-02 04:32:06 --> 404 Page Not Found: Cgi/common.cgi
ERROR - 2017-06-02 04:32:07 --> 404 Page Not Found: Stssyshtm/index
ERROR - 2017-06-02 07:14:35 --> 404 Page Not Found: Cgi/common.cgi
ERROR - 2017-06-02 09:25:11 --> 404 Page Not Found: Stssyshtm/index
ERROR - 2017-06-02 14:50:24 --> 404 Page Not Found: Faviconico/index
ERROR - 2017-06-02 15:41:48 --> 404 Page Not Found: HNAP1/index
ERROR - 2017-06-02 18:04:34 --> 404 Page Not Found: HNAP1/index
ERROR - 2017-06-02 18:58:48 --> 404 Page Not Found: Data/admin
ERROR - 2017-06-02 20:16:49 --> 404 Page Not Found: Search/index
ERROR - 2017-06-02 20:16:49 --> 404 Page Not Found: 2712/index
ERROR - 2017-06-02 21:50:31 --> 404 Page Not Found: 404/search_children.js
ERROR - 2017-06-02 23:25:53 --> 404 Page Not Found: Wp-includes/js
ERROR - 2017-06-02 23:25:53 --> 404 Page Not Found: Skins/vector
ERROR - 2017-06-02 23:25:54 --> 404 Page Not Found: Misc/states.js
ERROR - 2017-06-02 23:25:54 --> 404 Page Not Found: Static/js
ERROR - 2017-06-02 23:25:54 --> 404 Page Not Found: Include/js
ERROR - 2017-06-02 23:25:55 --> 404 Page Not Found: Include/js
ERROR - 2017-06-02 23:25:55 --> 404 Page Not Found: Include/js
ERROR - 2017-06-02 23:25:55 --> 404 Page Not Found: Res/js
ERROR - 2017-06-02 23:25:56 --> 404 Page Not Found: Js/wind_editor.js
ERROR - 2017-06-02 23:25:56 --> 404 Page Not Found: Styles/prosilver
ERROR - 2017-06-02 23:25:57 --> 404 Page Not Found: Styles/prosilver
ERROR - 2017-06-02 23:25:57 --> 404 Page Not Found: Editor/ubb
ERROR - 2017-06-02 23:25:57 --> 404 Page Not Found: Template/default
ERROR - 2017-06-02 23:25:58 --> 404 Page Not Found: Static/js
ERROR - 2017-06-02 23:25:58 --> 404 Page Not Found: Images/js
ERROR - 2017-06-02 23:25:58 --> 404 Page Not Found: Templets/style
ERROR - 2017-06-02 23:25:59 --> 404 Page Not Found: Include/dedeajax2.js
ERROR - 2017-06-02 23:25:59 --> 404 Page Not Found: Images/default
ERROR - 2017-06-02 23:26:00 --> 404 Page Not Found: Js/lang
ERROR - 2017-06-02 23:26:00 --> 404 Page Not Found: Js/lang
ERROR - 2017-06-02 23:26:00 --> 404 Page Not Found: D/js
ERROR - 2017-06-02 23:26:01 --> 404 Page Not Found: Skin/default
ERROR - 2017-06-02 23:26:01 --> 404 Page Not Found: Media/system
ERROR - 2017-06-02 23:26:01 --> 404 Page Not Found: Media/system
ERROR - 2017-06-02 23:26:02 --> 404 Page Not Found: Lang/zh
ERROR - 2017-06-02 23:26:02 --> 404 Page Not Found: Style/default
ERROR - 2017-06-02 23:26:02 --> 404 Page Not Found: Lang/zh
ERROR - 2017-06-02 23:26:03 --> 404 Page Not Found: Rockmongo/index
ERROR - 2017-06-02 23:26:03 --> 404 Page Not Found: Server-status/index
ERROR - 2017-06-02 23:26:04 --> 404 Page Not Found: Ueditoralljs/index
ERROR - 2017-06-02 23:26:04 --> 404 Page Not Found: Wikilibd/PmWiki.ChangeLog
ERROR - 2017-06-02 23:26:04 --> 404 Page Not Found: 4e5e5d7364f443e28fbf0d3ae744a59a/index
ERROR - 2017-06-02 23:26:05 --> 404 Page Not Found: Jenkins/index
