ERROR - 2017-08-08 03:11:43 --> 404 Page Not Found: 404/search_children.js
ERROR - 2017-08-08 04:03:09 --> 404 Page Not Found: Proxyhtml/index
ERROR - 2017-08-08 06:03:08 --> 404 Page Not Found: Proxyhtml/index
LDSF - 2017-08-08 07:11:11 --> >>> User->addressbookisempty()
LDSF - 2017-08-08 07:11:11 --> openid=oPicY0aOqA-UQnG0g3MJ4bPNFwHc
LDSF - 2017-08-08 07:11:11 --> >>> User->loginrecord()
LDSF - 2017-08-08 07:11:11 --> openid=oPicY0aOqA-UQnG0g3MJ4bPNFwHc
ERROR - 2017-08-08 07:11:13 --> 
ERROR - 2017-08-08 07:11:32 --> 
LDSF - 2017-08-08 07:11:52 --> >>> User->addressbookisempty()
LDSF - 2017-08-08 07:11:53 --> openid=oPicY0aOqA-UQnG0g3MJ4bPNFwHc
LDSF - 2017-08-08 07:11:53 --> >>> User->loginrecord()
LDSF - 2017-08-08 07:11:53 --> openid=oPicY0aOqA-UQnG0g3MJ4bPNFwHc
LDSF - 2017-08-08 07:12:10 --> >>> User->profile()
LDSF - 2017-08-08 07:12:10 --> openid=oPicY0aOqA-UQnG0g3MJ4bPNFwHc
LDSF - 2017-08-08 07:15:59 --> >>> User->addressbookisempty()
LDSF - 2017-08-08 07:15:59 --> openid=oPicY0aOqA-UQnG0g3MJ4bPNFwHc
LDSF - 2017-08-08 07:16:00 --> >>> User->loginrecord()
LDSF - 2017-08-08 07:16:00 --> openid=oPicY0aOqA-UQnG0g3MJ4bPNFwHc
LDSF - 2017-08-08 07:17:37 --> >>> User->addressbookisempty()
LDSF - 2017-08-08 07:17:37 --> openid=oPicY0aOqA-UQnG0g3MJ4bPNFwHc
LDSF - 2017-08-08 07:17:37 --> >>> User->loginrecord()
LDSF - 2017-08-08 07:17:37 --> openid=oPicY0aOqA-UQnG0g3MJ4bPNFwHc
ERROR - 2017-08-08 07:47:55 --> 404 Page Not Found: Wp-includes/js
ERROR - 2017-08-08 07:47:55 --> 404 Page Not Found: Skins/vector
ERROR - 2017-08-08 07:47:56 --> 404 Page Not Found: Misc/states.js
ERROR - 2017-08-08 07:47:56 --> 404 Page Not Found: Static/js
ERROR - 2017-08-08 07:47:57 --> 404 Page Not Found: Include/js
ERROR - 2017-08-08 07:47:57 --> 404 Page Not Found: Include/js
ERROR - 2017-08-08 07:47:57 --> 404 Page Not Found: Include/js
ERROR - 2017-08-08 07:47:58 --> 404 Page Not Found: Res/js
ERROR - 2017-08-08 07:47:58 --> 404 Page Not Found: Js/wind_editor.js
ERROR - 2017-08-08 07:47:58 --> 404 Page Not Found: Styles/prosilver
ERROR - 2017-08-08 07:47:59 --> 404 Page Not Found: Styles/prosilver
ERROR - 2017-08-08 07:47:59 --> 404 Page Not Found: Editor/ubb
ERROR - 2017-08-08 07:48:00 --> 404 Page Not Found: Template/default
ERROR - 2017-08-08 07:48:00 --> 404 Page Not Found: Static/js
ERROR - 2017-08-08 07:48:00 --> 404 Page Not Found: Images/js
ERROR - 2017-08-08 07:48:01 --> 404 Page Not Found: Templets/style
ERROR - 2017-08-08 07:48:01 --> 404 Page Not Found: Include/dedeajax2.js
ERROR - 2017-08-08 07:48:02 --> 404 Page Not Found: Images/default
ERROR - 2017-08-08 07:48:02 --> 404 Page Not Found: Js/lang
ERROR - 2017-08-08 07:48:02 --> 404 Page Not Found: Js/lang
ERROR - 2017-08-08 07:48:03 --> 404 Page Not Found: D/js
ERROR - 2017-08-08 07:48:03 --> 404 Page Not Found: Skin/default
ERROR - 2017-08-08 07:48:04 --> 404 Page Not Found: Media/system
ERROR - 2017-08-08 07:48:04 --> 404 Page Not Found: Media/system
ERROR - 2017-08-08 07:48:04 --> 404 Page Not Found: Lang/zh
ERROR - 2017-08-08 07:48:05 --> 404 Page Not Found: Style/default
ERROR - 2017-08-08 07:48:05 --> 404 Page Not Found: Lang/zh
ERROR - 2017-08-08 07:48:05 --> 404 Page Not Found: Rockmongo/index
ERROR - 2017-08-08 07:48:06 --> 404 Page Not Found: Server-status/index
ERROR - 2017-08-08 07:48:06 --> 404 Page Not Found: Ueditoralljs/index
ERROR - 2017-08-08 07:48:07 --> 404 Page Not Found: Wikilibd/PmWiki.ChangeLog
ERROR - 2017-08-08 07:48:07 --> 404 Page Not Found: 4e5e5d7364f443e28fbf0d3ae744a59a/index
ERROR - 2017-08-08 07:48:07 --> 404 Page Not Found: Jenkins/index
ERROR - 2017-08-08 08:03:23 --> 404 Page Not Found: Manager/html
LDSF - 2017-08-08 08:11:46 --> >>> User->addressbookisempty()
LDSF - 2017-08-08 08:11:46 --> openid=oPicY0aGdvC5dofGN1QqvyNE2KEQ
LDSF - 2017-08-08 08:11:47 --> >>> User->loginrecord()
LDSF - 2017-08-08 08:11:47 --> openid=oPicY0aGdvC5dofGN1QqvyNE2KEQ
LDSF - 2017-08-08 08:11:50 --> >>> User->profile()
LDSF - 2017-08-08 08:11:50 --> openid=oPicY0aGdvC5dofGN1QqvyNE2KEQ
LDSF - 2017-08-08 08:11:56 --> >>> User->addressbook() opt=default
LDSF - 2017-08-08 08:11:56 --> openid=oPicY0aGdvC5dofGN1QqvyNE2KEQ
LDSF - 2017-08-08 08:12:07 --> >>> User->addressbook() opt=all
LDSF - 2017-08-08 08:12:07 --> openid=oPicY0aGdvC5dofGN1QqvyNE2KEQ
LDSF - 2017-08-08 08:14:13 --> >>> Card->makedelivery()
LDSF - 2017-08-08 08:14:13 --> post={"cardno":"7934168250","openid":"oPicY0aGdvC5dofGN1QqvyNE2KEQ","contactname":"ä»æ™ºæ–‡","contacttel":"13814961528","contactaddress":"æ±Ÿè‹ è‹å·ž å´ä¸­åŒº å´ä¸­ç»æµŽæŠ€æœ¯å¼€å‘åŒºè‹è¡—111å·ç»å‘å¤§æ¥¼","expectdate":"2017-08-11","remark":""}
LDSF - 2017-08-08 08:14:20 --> >>> User->addressbook() opt=default
LDSF - 2017-08-08 08:14:20 --> openid=oPicY0aGdvC5dofGN1QqvyNE2KEQ
ERROR - 2017-08-08 10:23:49 --> 404 Page Not Found: Jenkins/index
ERROR - 2017-08-08 10:26:29 --> 404 Page Not Found: Skins/vector
ERROR - 2017-08-08 10:44:19 --> 404 Page Not Found: Wikilibd/PmWiki.ChangeLog
ERROR - 2017-08-08 11:31:12 --> 404 Page Not Found: Server-status/index
ERROR - 2017-08-08 12:07:10 --> 404 Page Not Found: Proxyhtml/index
ERROR - 2017-08-08 12:48:10 --> 404 Page Not Found: Faviconico/index
LDSF - 2017-08-08 12:48:20 --> >>> User->addressbookisempty()
LDSF - 2017-08-08 12:48:20 --> openid=oPicY0cBD5ZB89KieBFSH-PNddIE
LDSF - 2017-08-08 12:48:20 --> >>> User->loginrecord()
LDSF - 2017-08-08 12:48:20 --> openid=oPicY0cBD5ZB89KieBFSH-PNddIE
ERROR - 2017-08-08 13:20:23 --> 404 Page Not Found: Manager/html
ERROR - 2017-08-08 14:04:35 --> 404 Page Not Found: Manager/html
ERROR - 2017-08-08 16:47:31 --> 1 2
ERROR - 2017-08-08 16:47:31 --> 2 0
[2017-08-08 16:47:31][DEBUG] POST http://10.133.193.8/mina_auth/} => [200] {
    "[è¯·æ±‚]": {
        "version": 1,
        "componentName": "MA",
        "interface": {
            "interfaceName": "qcloud.cam.id_skey",
            "para": {
                "code": "011t7qGT13RxB81nUPGT1E3KGT1t7qGa",
                "encrypt_data": "3xLQ9BEkKyBqiTM80aY8fLXYuOyuZ62nJGszBRly3znAJRJ1187O0Xtr4pznnxywN4aG46BSpf+yvRjb95kDF4eyYqT87MBzm7eSlpAq3yXBBBV\/K1UucFmjrSwxXuZZtUsapkvwB+6tkn9nXWUFS5+1TtncO7GRRc9mt+lpCHcJV3n771wpdQklrYW+QLPQU4SjT4gKroLLvKxVY8NIz\/j7jQZXDActOO+Ndgjo2dwUYE8l\/BstyLN32y9\/P+oT2IehB7tv6u9dUCY2Vze6DFu93XtwPti0kKnP+pQyoKUYArtglrb4AUPZDpkJ8bvdrNsfGfUGd0vgW8knjWDec2xfbJ\/w3w2VuxCt5qoiyWBgApVPMRKUEeJ+HQ50Ddu3T2HWsufrQiMN23tHZXc4X40RMIGqGrnax6IbT9asAsgLnkY2PxayG+3ab83kDsJs7dDAhMoXysami6pRsFTgMwrUQuhQD91nglZANN65FjFfZuK0TmQ402c26D3UlMt+e33Iuc0+PhPvFLoMZYAIEg==",
                "iv": "Hdfy4US5r7fJ7D\/BiNV3QA=="
            }
        }
    },
    "[å“åº”]": {
        "returnCode": 0,
        "returnMessage": "UPDATE_SESSION_SUCCESS",
        "returnData": {
            "id": "ee86963f09814dc5d3e2695e5128554b",
            "skey": "af0321a6e9d9d8006d9e28785f40ce71",
            "user_info": {
                "openId": "oPicY0ea1s8KWcYdONG6dOfqrRVI",
                "nickName": "å¾å‡Œå›",
                "gender": 1,
                "language": "zh_CN",
                "city": "Suzhou",
                "province": "Jiangsu",
                "country": "China",
                "avatarUrl": "https:\/\/wx.qlogo.cn\/mmopen\/vi_32\/DYAIOgq83erdvPgOX9prdVEKbtC4yrb8yV4aZ3Tf3wD5D3nB55t6R1W2z7jWyiccjIbdibcJrRlhbBF5Sf0YSBSA\/0",
                "unionId": "oU11PxFCHFmMmxZ4yAT1EtTNUibA",
                "watermark": {
                    "timestamp": 1502182050,
                    "appid": "wx3c13313f866a541a"
                }
            },
            "duration": 7200
        },
        "version": 1,
        "componentName": "MA"
    },
    "[è€—æ—¶]": "138ms"
}

[2017-08-08 16:47:31][DEBUG] Util::writeJsonResult => [200] {
    "F2C224D4-2BCE-4C64-AF9F-A6D872000D1A": 1,
    "session": {
        "id": "ee86963f09814dc5d3e2695e5128554b",
        "skey": "af0321a6e9d9d8006d9e28785f40ce71",
        "openid": "oPicY0ea1s8KWcYdONG6dOfqrRVI",
        "unionid": "oU11PxFCHFmMmxZ4yAT1EtTNUibA"
    }
}

ERROR - 2017-08-08 16:47:31 --> 1 2
ERROR - 2017-08-08 16:47:31 --> 2 0
[2017-08-08 16:47:31][DEBUG] POST http://10.133.193.8/mina_auth/} => [200] {
    "[è¯·æ±‚]": {
        "version": 1,
        "componentName": "MA",
        "interface": {
            "interfaceName": "qcloud.cam.id_skey",
            "para": {
                "code": "081mTHii12WIpz0jgJji1MeBii1mTHis",
                "encrypt_data": "4aCSJ5bKkCOqRCgWsFComxItt+XFHDInPvMVl1fGQyIXapeZoliH13C7na1uaxedEaA15i7ibVqTQY6j0hItl8je+9\/J1D3zc6J6Irs9jGj\/2aSydVjLfuCR1oLJxLsIIPyUn2\/RiH1BxV2EbUJaSVCrF6dW2oP2ecyQqa934Wptj4fX\/3TJujjMrUhrBY9dDVg2eA\/92FXAsjADSwTESad0nmJwR8ZwE\/eWAqMFkSbP87GLrv7lypculruxH2vST7jmi+aclVMQCykMQY85O+NPncisPwyuhIJbEo8uBiACzzKT7QY36y1FezcDe5B7yHI\/l4yjU4sXxUJ6mvAdGOYjsvMORgJmLIheltgaTaASiQxl8OfQcbJUY9srWqOjw1G1f4s7Rkjuqx5NG\/OznEQd+UUgC3ae0ELl2+ayhmRMZ69GjPVIVA+DVvCrC\/dLrOK8QqJwJMFVaInBqgHNdYBqM55jxv6Sz5f7FsdNrYcqQFQ2s7D7hR1VGcN53ohU0y9Tt3MaycliY2xwwiVhKw==",
                "iv": "7W\/wBDNguHjTl8s8xz7qMg=="
            }
        }
    },
    "[å“åº”]": {
        "returnCode": 0,
        "returnMessage": "UPDATE_SESSION_SUCCESS",
        "returnData": {
            "id": "ee86963f09814dc5d3e2695e5128554b",
            "skey": "f1662102059d5dbee5c7404dc9ec64ee",
            "user_info": {
                "openId": "oPicY0ea1s8KWcYdONG6dOfqrRVI",
                "nickName": "å¾å‡Œå›",
                "gender": 1,
                "language": "zh_CN",
                "city": "Suzhou",
                "province": "Jiangsu",
                "country": "China",
                "avatarUrl": "https:\/\/wx.qlogo.cn\/mmopen\/vi_32\/DYAIOgq83erdvPgOX9prdVEKbtC4yrb8yV4aZ3Tf3wD5D3nB55t6R1W2z7jWyiccjIbdibcJrRlhbBF5Sf0YSBSA\/0",
                "unionId": "oU11PxFCHFmMmxZ4yAT1EtTNUibA",
                "watermark": {
                    "timestamp": 1502182050,
                    "appid": "wx3c13313f866a541a"
                }
            },
            "duration": 7200
        },
        "version": 1,
        "componentName": "MA"
    },
    "[è€—æ—¶]": "95ms"
}

[2017-08-08 16:47:31][DEBUG] Util::writeJsonResult => [200] {
    "F2C224D4-2BCE-4C64-AF9F-A6D872000D1A": 1,
    "session": {
        "id": "ee86963f09814dc5d3e2695e5128554b",
        "skey": "f1662102059d5dbee5c7404dc9ec64ee",
        "openid": "oPicY0ea1s8KWcYdONG6dOfqrRVI",
        "unionid": "oU11PxFCHFmMmxZ4yAT1EtTNUibA"
    }
}

LDSF - 2017-08-08 16:47:32 --> >>> User->addressbookisempty()
LDSF - 2017-08-08 16:47:32 --> openid=oPicY0ea1s8KWcYdONG6dOfqrRVI
LDSF - 2017-08-08 16:47:32 --> >>> User->loginrecord()
LDSF - 2017-08-08 16:47:32 --> openid=oPicY0ea1s8KWcYdONG6dOfqrRVI
LDSF - 2017-08-08 16:47:35 --> >>> User->profile()
LDSF - 2017-08-08 16:47:35 --> openid=oPicY0ea1s8KWcYdONG6dOfqrRVI
LDSF - 2017-08-08 16:47:48 --> >>> User->addressbookisempty()
LDSF - 2017-08-08 16:47:48 --> openid=oPicY0ea1s8KWcYdONG6dOfqrRVI
LDSF - 2017-08-08 16:47:49 --> >>> User->loginrecord()
LDSF - 2017-08-08 16:47:49 --> openid=oPicY0ea1s8KWcYdONG6dOfqrRVI
LDSF - 2017-08-08 16:47:52 --> >>> User->profile()
LDSF - 2017-08-08 16:47:52 --> openid=oPicY0ea1s8KWcYdONG6dOfqrRVI
LDSF - 2017-08-08 16:48:06 --> >>> User->addressbook() opt=default
LDSF - 2017-08-08 16:48:06 --> openid=oPicY0ea1s8KWcYdONG6dOfqrRVI
LDSF - 2017-08-08 16:50:05 --> >>> User->addressbookisempty()
LDSF - 2017-08-08 16:50:05 --> openid=oPicY0ea1s8KWcYdONG6dOfqrRVI
LDSF - 2017-08-08 16:50:05 --> >>> User->loginrecord()
LDSF - 2017-08-08 16:50:05 --> openid=oPicY0ea1s8KWcYdONG6dOfqrRVI
LDSF - 2017-08-08 16:50:07 --> >>> User->profile()
LDSF - 2017-08-08 16:50:07 --> openid=oPicY0ea1s8KWcYdONG6dOfqrRVI
LDSF - 2017-08-08 16:50:38 --> >>> User->addressbook() opt=default
LDSF - 2017-08-08 16:50:38 --> openid=oPicY0ea1s8KWcYdONG6dOfqrRVI
ERROR - 2017-08-08 17:34:10 --> 404 Page Not Found: Manager/html
ERROR - 2017-08-08 17:53:56 --> 1 2
ERROR - 2017-08-08 17:53:56 --> 2 0
[2017-08-08 17:53:56][DEBUG] POST http://10.133.193.8/mina_auth/} => [200] {
    "[è¯·æ±‚]": {
        "version": 1,
        "componentName": "MA",
        "interface": {
            "interfaceName": "qcloud.cam.id_skey",
            "para": {
                "code": "0011fmYE0XanDi2oB8XE0wvvYE01fmYc",
                "encrypt_data": "JnILBsEwr7Yvc83jPGw5vowSoBICXk7m8qkembY\/BED2ESDdRYy2imwZGWBzYyI4m\/8lk2wZHafzNbUfl4DjJ4QGF2gKepFGVztzLEt\/fXsM0z45tLBwA7K0QQHo1UPWoSHN+mc8C\/agDveApdUJzcWMHEmyBd7C1E2TnLSb\/W67rSiRJ\/cy0rWGZRWyXZcrIDrA7tGzoOM\/50mA\/+Fz4XztaSUxnbCDypReYMZuD0w9v0kcc+xta8jbe7\/XvxhUll5dLjKwSxoHWvNyuml9lovoEEk+gB2u\/LozjlLuhtAqQ5V2goAJ4rGH2sxensJ9SRTOnyXjuK5pY1DDc9b1mJ9sArkq4b57xpV2e\/B7YtLLxhWSUtBP4NdmNMb30U1kMerigdtJOfwtEfqoa1+\/4F6O\/Nxo\/g0hAzeEykdqWztbI9r4eLJtuQLt1aQg4bVv1AZrR4319x5EtmqsYUFWQvLsiVcAiDyqLeU6y0P40ouyzct1KWOWF5n3o+teknDybJ6x7gclvu43TmewV9LhbQ==",
                "iv": "O7b6Jxo2ipJicYtyzesfIw=="
            }
        }
    },
    "[å“åº”]": {
        "returnCode": 0,
        "returnMessage": "NEW_SESSION_SUCCESS",
        "returnData": {
            "id": "fe8fd4060161cc9ef7c42f9288221559",
            "skey": "980d3d095fa354ef4c72ea38a09daec3",
            "user_info": {
                "openId": "oPicY0aJz2vy_7YF6Pn9advONfWg",
                "nickName": "çŽ‹å¢¨å¢¨",
                "gender": 2,
                "language": "zh_CN",
                "city": "Suzhou",
                "province": "Jiangsu",
                "country": "China",
                "avatarUrl": "https:\/\/wx.qlogo.cn\/mmopen\/vi_32\/Q0j4TwGTfTJwy3I8DFo54Yfcx6KbXk6WJZxDTrD3BBYicsXbG5p7gNGSmnk6QfGzicm3PNref3ddwykvzJgMzKZw\/0",
                "unionId": "oU11PxAqT8xvvjD6yi6yWk9Nz9pM",
                "watermark": {
                    "timestamp": 1502186034,
                    "appid": "wx3c13313f866a541a"
                }
            },
            "duration": 7200
        },
        "version": 1,
        "componentName": "MA"
    },
    "[è€—æ—¶]": "107ms"
}

[2017-08-08 17:53:56][DEBUG] Util::writeJsonResult => [200] {
    "F2C224D4-2BCE-4C64-AF9F-A6D872000D1A": 1,
    "session": {
        "id": "fe8fd4060161cc9ef7c42f9288221559",
        "skey": "980d3d095fa354ef4c72ea38a09daec3",
        "openid": "oPicY0aJz2vy_7YF6Pn9advONfWg",
        "unionid": "oU11PxAqT8xvvjD6yi6yWk9Nz9pM"
    }
}

ERROR - 2017-08-08 17:53:56 --> 1 2
ERROR - 2017-08-08 17:53:56 --> 2 0
[2017-08-08 17:53:56][DEBUG] POST http://10.133.193.8/mina_auth/} => [200] {
    "[è¯·æ±‚]": {
        "version": 1,
        "componentName": "MA",
        "interface": {
            "interfaceName": "qcloud.cam.id_skey",
            "para": {
                "code": "0815DWhr03Yhnc1Tkcgr0ViOhr05DWhZ",
                "encrypt_data": "lFiiDWFbYYGUa7IjwTE7SXrcRK27shGdYQSVaFkQmtha9gwro98Jbul8mTKjvIpD32yG156i6pQYtp49kdOZfWfDB47dY4xxKU2NFTsrJ3+4inHxx73s5bjs4FBX2+uu0r5Jg7ATwhW9SiaHpVZAwAX8RZqogXV6UGDVEimxEOwwup\/XaF33wnAdyA3cRP6Q5+l16QoCwQ6t\/mWr2UjuhaSV2ykI5fp\/7+zEYPNq9RvxROq6dvScvzCPNfjHMnpqZ3Oi4TiDUyksqJz2Y1FJkutaszpRQD46kOV7h9fxmgRjmu1AXTtqhdetPBcySjJDJ1lZOoj88GsGDPN+Miemx30lc0F+IMPnEM1gXGABnficut4YaLuAi+\/440XywMBwR71KYhZJNdHwA4xomqGHLXJXKc3pjOA2pJFrLgkbY91PS6b8nusCWCHCTQyRAb\/MMamEmV3IDIMdpEexjXjXeCIDnIe\/Tes8GfKqaO21EUGDR8hcQAo21HrrTaTXAv9ElwXMB6LVZby5oBIk8dBwTQ==",
                "iv": "C5DhisD1IhKu49ZqBfZuUA=="
            }
        }
    },
    "[å“åº”]": {
        "returnCode": 0,
        "returnMessage": "NEW_SESSION_SUCCESS",
        "returnData": {
            "id": "fe8fd4060161cc9ef7c42f9288221559",
            "skey": "8a842483136291b3eecc4a9103cba753",
            "user_info": {
                "openId": "oPicY0aJz2vy_7YF6Pn9advONfWg",
                "nickName": "çŽ‹å¢¨å¢¨",
                "gender": 2,
                "language": "zh_CN",
                "city": "Suzhou",
                "province": "Jiangsu",
                "country": "China",
                "avatarUrl": "https:\/\/wx.qlogo.cn\/mmopen\/vi_32\/Q0j4TwGTfTJwy3I8DFo54Yfcx6KbXk6WJZxDTrD3BBYicsXbG5p7gNGSmnk6QfGzicm3PNref3ddwykvzJgMzKZw\/0",
                "unionId": "oU11PxAqT8xvvjD6yi6yWk9Nz9pM",
                "watermark": {
                    "timestamp": 1502186035,
                    "appid": "wx3c13313f866a541a"
                }
            },
            "duration": 7200
        },
        "version": 1,
        "componentName": "MA"
    },
    "[è€—æ—¶]": "104ms"
}

[2017-08-08 17:53:56][DEBUG] Util::writeJsonResult => [200] {
    "F2C224D4-2BCE-4C64-AF9F-A6D872000D1A": 1,
    "session": {
        "id": "fe8fd4060161cc9ef7c42f9288221559",
        "skey": "8a842483136291b3eecc4a9103cba753",
        "openid": "oPicY0aJz2vy_7YF6Pn9advONfWg",
        "unionid": "oU11PxAqT8xvvjD6yi6yWk9Nz9pM"
    }
}

LDSF - 2017-08-08 17:53:56 --> >>> User->addressbookisempty()
LDSF - 2017-08-08 17:53:56 --> openid=oPicY0aJz2vy_7YF6Pn9advONfWg
ERROR - 2017-08-08 17:53:56 --> Severity: Notice --> Trying to get property of non-object /data/release/php-weapp-demo/application/models/User_model.php 30
LDSF - 2017-08-08 17:53:56 --> >>> User->loginrecord()
LDSF - 2017-08-08 17:53:56 --> openid=oPicY0aJz2vy_7YF6Pn9advONfWg
ERROR - 2017-08-08 17:54:02 --> 404 Page Not Found: Faviconico/index
LDSF - 2017-08-08 17:54:35 --> >>> User->addressbook() opt=default
LDSF - 2017-08-08 17:54:35 --> openid=oPicY0aJz2vy_7YF6Pn9advONfWg
LDSF - 2017-08-08 17:54:44 --> >>> User->addressbook() opt=all
LDSF - 2017-08-08 17:54:44 --> openid=oPicY0aJz2vy_7YF6Pn9advONfWg
LDSF - 2017-08-08 17:56:40 --> >>> Card->makedelivery()
LDSF - 2017-08-08 17:56:40 --> post={"validatestr":"ViBQYOlfDdJFOUjxMDnMaUuDCPRaQvKea9ZKvFRSgMQ","cardno":"5046287391","openid":"oPicY0aJz2vy_7YF6Pn9advONfWg","contactname":"çŽ‹è’™","contacttel":"18962126126","contactaddress":"æ±Ÿè‹ è‹å·ž ç›¸åŸŽåŒº å¤å…ƒè·¯æ™¨æ›¦é¦¨è‹‘12å¹¢301å®¤","expectdate":"2017-08-09","remark":"çŽ‹è’™"}
ERROR - 2017-08-08 18:24:39 --> 1 2
ERROR - 2017-08-08 18:24:39 --> 2 0
[2017-08-08 18:24:39][DEBUG] POST http://10.133.193.8/mina_auth/} => [200] {
    "[è¯·æ±‚]": {
        "version": 1,
        "componentName": "MA",
        "interface": {
            "interfaceName": "qcloud.cam.id_skey",
            "para": {
                "code": "013txFon1b3Ehl0C83nn1XDwon1txFoG",
                "encrypt_data": "V9DnJqKxMgtSF2KY52PwR5FoAPy92RD1+G1dL\/FhuMrtlkrDAE6XAxyZFMcUOUKMQFluZtIWcENiz+6IB8CD2Tg+oJ0JT2J53m2xuWgpFY5MNZ5GxWCjoIbs3XJskSwKrccMFHzMfFnAPTuOpzGChoroMMAUMbdA2pGjhZPvZDS3LRL\/17+Mx+qkC71zku7eJPGuUQPZLrg8An7fVqnoTBBwCBBCwNuPG7pQwXIO+1a6GGIs9Zq2vI+UPvOexbYF9IbyvCVXArykXfWIZ+snrCdyH\/kTNlpEvurFjuIVqcEH1ruTzBCHAUYb55zmhNlagQus\/xwbSLEYBgL8JuxKTP8Pf2Nd7c43HpSSV7+++YlV9ChPvrwjvECcxClSJu3GbN2i\/z5wmvv2AguUMUGbb\/YvfmL742i7vr2OMs+OV44+uUHpfkaUmQPQ89C4gzuzmIOLeoJHilMSuGmPUVuq4pvjW3v1eI39W5GmA7w7e5HDbEc5KKJ2dGSC+HjqeiyD",
                "iv": "9nQLpgTGRAe84a6SvlK+3w=="
            }
        }
    },
    "[å“åº”]": {
        "returnCode": 0,
        "returnMessage": "NEW_SESSION_SUCCESS",
        "returnData": {
            "id": "8cadbe043064c0b65b19ddb347db4853",
            "skey": "5e3a0e8f8592777dd1242a3bb5ccdaf0",
            "user_info": {
                "openId": "oPicY0bdlpD6_s84DIEV6lSLJWGI",
                "nickName": "æ¨±èˆžæ´²",
                "gender": 0,
                "language": "zh_CN",
                "city": "",
                "province": "",
                "country": "",
                "avatarUrl": "https:\/\/wx.qlogo.cn\/mmopen\/vi_32\/hoMKN5nicibWVicIhyP6XLpJW33VO7J43PYP7bFLOLZbehgBJ6IuibpjokicJvrGpltTp987EK8lbOn5tJN7nuYeU8g\/0",
                "unionId": "oU11PxLXkcKPAYd1dULWUYOpI6ik",
                "watermark": {
                    "timestamp": 1502187878,
                    "appid": "wx3c13313f866a541a"
                }
            },
            "duration": 7200
        },
        "version": 1,
        "componentName": "MA"
    },
    "[è€—æ—¶]": "188ms"
}

[2017-08-08 18:24:39][DEBUG] Util::writeJsonResult => [200] {
    "F2C224D4-2BCE-4C64-AF9F-A6D872000D1A": 1,
    "session": {
        "id": "8cadbe043064c0b65b19ddb347db4853",
        "skey": "5e3a0e8f8592777dd1242a3bb5ccdaf0",
        "openid": "oPicY0bdlpD6_s84DIEV6lSLJWGI",
        "unionid": "oU11PxLXkcKPAYd1dULWUYOpI6ik"
    }
}

ERROR - 2017-08-08 18:24:39 --> 1 2
ERROR - 2017-08-08 18:24:39 --> 2 0
[2017-08-08 18:24:39][DEBUG] POST http://10.133.193.8/mina_auth/} => [200] {
    "[è¯·æ±‚]": {
        "version": 1,
        "componentName": "MA",
        "interface": {
            "interfaceName": "qcloud.cam.id_skey",
            "para": {
                "code": "003K4bfh2wUy4H01GHhh2bzffh2K4bfX",
                "encrypt_data": "i6koIIi1+5XoDVIy089p1OsVrJgElEbCtAz5m3gjCk13f06XzQ0+o9PRVdM0n8fO6bhvAqJ5F6Fsh6\/zgd2P7JfgOQ9n+wuZCY3iKo297iSXwpzM6QVvmQKnCK\/9CYURFvkJc5QhZUn6OI4Rrruf\/kQrB+YxTsDQ37VEMS+lOLuVEEjw5zgKYQlun2GmASGNjC+RmNiOyKS6VCKQFRVHO1GbagfO8cup1NH8gQEZiuP9KMrxERqjHLhRjYxXLTuECka9JwJwz1RpJfD8J6p9gZjer53Y9T7JK\/lmljizlkh61t\/1zAo8RhVSlvsRFNeutUkElFQCLMLS8TGWVIwYwOe1Ko2DEQSCF1Lt8neQejlBB4SaunvHbndnIAbKU5aEW0soeLv91lyTBjvXcS444oQ+jbQacFkq7fm3lDqvfKETD4IxnyOPMRP+CC2fFAZwhTt45TeOEGvvNo4ZSKpOuNhG1zSmvghqugY7YkJvS8Gpbs5Ypk1bbRT0TiKjzLe8",
                "iv": "M27fX7SXIGZ7kxlp1DwnKA=="
            }
        }
    },
    "[å“åº”]": {
        "returnCode": 0,
        "returnMessage": "UPDATE_SESSION_SUCCESS",
        "returnData": {
            "id": "8cadbe043064c0b65b19ddb347db4853",
            "skey": "4a21202b5502b38320c0ebf80b499ddd",
            "user_info": {
                "openId": "oPicY0bdlpD6_s84DIEV6lSLJWGI",
                "nickName": "æ¨±èˆžæ´²",
                "gender": 0,
                "language": "zh_CN",
                "city": "",
                "province": "",
                "country": "",
                "avatarUrl": "https:\/\/wx.qlogo.cn\/mmopen\/vi_32\/hoMKN5nicibWVicIhyP6XLpJW33VO7J43PYP7bFLOLZbehgBJ6IuibpjokicJvrGpltTp987EK8lbOn5tJN7nuYeU8g\/0",
                "unionId": "oU11PxLXkcKPAYd1dULWUYOpI6ik",
                "watermark": {
                    "timestamp": 1502187878,
                    "appid": "wx3c13313f866a541a"
                }
            },
            "duration": 7200
        },
        "version": 1,
        "componentName": "MA"
    },
    "[è€—æ—¶]": "151ms"
}

[2017-08-08 18:24:39][DEBUG] Util::writeJsonResult => [200] {
    "F2C224D4-2BCE-4C64-AF9F-A6D872000D1A": 1,
    "session": {
        "id": "8cadbe043064c0b65b19ddb347db4853",
        "skey": "4a21202b5502b38320c0ebf80b499ddd",
        "openid": "oPicY0bdlpD6_s84DIEV6lSLJWGI",
        "unionid": "oU11PxLXkcKPAYd1dULWUYOpI6ik"
    }
}

LDSF - 2017-08-08 18:24:40 --> >>> User->addressbookisempty()
LDSF - 2017-08-08 18:24:40 --> openid=oPicY0bdlpD6_s84DIEV6lSLJWGI
ERROR - 2017-08-08 18:24:40 --> Severity: Notice --> Trying to get property of non-object /data/release/php-weapp-demo/application/models/User_model.php 30
LDSF - 2017-08-08 18:24:40 --> >>> User->loginrecord()
LDSF - 2017-08-08 18:24:40 --> openid=oPicY0bdlpD6_s84DIEV6lSLJWGI
LDSF - 2017-08-08 18:25:56 --> >>> User->addressbook() opt=default
LDSF - 2017-08-08 18:25:56 --> openid=oPicY0bdlpD6_s84DIEV6lSLJWGI
LDSF - 2017-08-08 18:28:59 --> >>> Card->makedelivery()
LDSF - 2017-08-08 18:28:59 --> post={"validatestr":"UyUHY7kKBYlFOUjxMzvKakuNDP9fQvKea9ZIylIj9Ls","cardno":"5360189724","openid":"oPicY0bdlpD6_s84DIEV6lSLJWGI","contactname":"æ¶‚é”","contacttel":"17312570119","contactaddress":"æ±Ÿè‹ è‹å·ž è‹å·žå·¥ä¸šå›­åŒº ä»çˆ±è·¯188å·","expectdate":"2017-08-09","remark":"æ¶‚é”"}
LDSF - 2017-08-08 18:29:10 --> >>> User->addressbookisempty()
LDSF - 2017-08-08 18:29:10 --> openid=oPicY0bdlpD6_s84DIEV6lSLJWGI
LDSF - 2017-08-08 18:29:10 --> >>> User->loginrecord()
LDSF - 2017-08-08 18:29:10 --> openid=oPicY0bdlpD6_s84DIEV6lSLJWGI
LDSF - 2017-08-08 18:30:32 --> >>> User->addressbookisempty()
LDSF - 2017-08-08 18:30:32 --> openid=oPicY0bdlpD6_s84DIEV6lSLJWGI
LDSF - 2017-08-08 18:30:32 --> >>> User->loginrecord()
LDSF - 2017-08-08 18:30:32 --> openid=oPicY0bdlpD6_s84DIEV6lSLJWGI
LDSF - 2017-08-08 18:34:04 --> >>> User->addressbook() opt=default
LDSF - 2017-08-08 18:34:04 --> openid=oPicY0bdlpD6_s84DIEV6lSLJWGI
LDSF - 2017-08-08 18:36:18 --> >>> User->addressbookisempty()
LDSF - 2017-08-08 18:36:18 --> openid=oPicY0bdlpD6_s84DIEV6lSLJWGI
LDSF - 2017-08-08 18:36:18 --> >>> User->loginrecord()
LDSF - 2017-08-08 18:36:18 --> openid=oPicY0bdlpD6_s84DIEV6lSLJWGI
ERROR - 2017-08-08 18:36:21 --> 
ERROR - 2017-08-08 18:36:29 --> 
LDSF - 2017-08-08 18:40:00 --> >>> User->addressbookisempty()
LDSF - 2017-08-08 18:40:00 --> openid=oPicY0bdlpD6_s84DIEV6lSLJWGI
LDSF - 2017-08-08 18:40:00 --> >>> User->loginrecord()
LDSF - 2017-08-08 18:40:00 --> openid=oPicY0bdlpD6_s84DIEV6lSLJWGI
LDSF - 2017-08-08 18:40:06 --> >>> User->addressbook() opt=default
LDSF - 2017-08-08 18:40:06 --> openid=oPicY0bdlpD6_s84DIEV6lSLJWGI
LDSF - 2017-08-08 20:04:33 --> >>> User->addressbookisempty()
LDSF - 2017-08-08 20:04:33 --> openid=oPicY0WhcjfaEdglxkzfVy9iYQsw
LDSF - 2017-08-08 20:04:33 --> >>> User->loginrecord()
LDSF - 2017-08-08 20:04:33 --> openid=oPicY0WhcjfaEdglxkzfVy9iYQsw
LDSF - 2017-08-08 20:04:36 --> >>> User->profile()
LDSF - 2017-08-08 20:04:36 --> openid=oPicY0WhcjfaEdglxkzfVy9iYQsw
LDSF - 2017-08-08 20:04:49 --> >>> User->addressbookisempty()
LDSF - 2017-08-08 20:04:49 --> openid=oPicY0WhcjfaEdglxkzfVy9iYQsw
LDSF - 2017-08-08 20:04:49 --> >>> User->loginrecord()
LDSF - 2017-08-08 20:04:49 --> openid=oPicY0WhcjfaEdglxkzfVy9iYQsw
LDSF - 2017-08-08 20:04:51 --> >>> User->profile()
LDSF - 2017-08-08 20:04:51 --> openid=oPicY0WhcjfaEdglxkzfVy9iYQsw
LDSF - 2017-08-08 20:04:57 --> >>> User->addressbook() opt=default
LDSF - 2017-08-08 20:04:57 --> openid=oPicY0WhcjfaEdglxkzfVy9iYQsw
LDSF - 2017-08-08 20:05:26 --> >>> User->addressbookisempty()
LDSF - 2017-08-08 20:05:26 --> openid=oPicY0WhcjfaEdglxkzfVy9iYQsw
LDSF - 2017-08-08 20:05:26 --> >>> User->loginrecord()
LDSF - 2017-08-08 20:05:26 --> openid=oPicY0WhcjfaEdglxkzfVy9iYQsw
LDSF - 2017-08-08 20:05:35 --> >>> User->profile()
LDSF - 2017-08-08 20:05:35 --> openid=oPicY0WhcjfaEdglxkzfVy9iYQsw
LDSF - 2017-08-08 20:05:40 --> >>> User->addressbook() opt=default
LDSF - 2017-08-08 20:05:40 --> openid=oPicY0WhcjfaEdglxkzfVy9iYQsw
LDSF - 2017-08-08 20:05:44 --> >>> User->addressbookisempty()
LDSF - 2017-08-08 20:05:44 --> openid=oPicY0bdlpD6_s84DIEV6lSLJWGI
LDSF - 2017-08-08 20:05:44 --> >>> User->loginrecord()
LDSF - 2017-08-08 20:05:44 --> openid=oPicY0bdlpD6_s84DIEV6lSLJWGI
ERROR - 2017-08-08 20:07:01 --> 
ERROR - 2017-08-08 20:07:05 --> 
ERROR - 2017-08-08 20:07:07 --> 
LDSF - 2017-08-08 20:41:04 --> >>> User->addressbookisempty()
LDSF - 2017-08-08 20:41:04 --> openid=oPicY0cBD5ZB89KieBFSH-PNddIE
LDSF - 2017-08-08 20:41:05 --> >>> User->loginrecord()
LDSF - 2017-08-08 20:41:05 --> openid=oPicY0cBD5ZB89KieBFSH-PNddIE
ERROR - 2017-08-08 20:41:10 --> 
ERROR - 2017-08-08 20:41:17 --> 
LDSF - 2017-08-08 20:41:49 --> >>> User->addressbook() opt=default
LDSF - 2017-08-08 20:41:49 --> openid=oPicY0cBD5ZB89KieBFSH-PNddIE
ERROR - 2017-08-08 21:29:12 --> 1 2
ERROR - 2017-08-08 21:29:12 --> 2 0
[2017-08-08 21:29:12][DEBUG] POST http://10.133.193.8/mina_auth/} => [200] {
    "[è¯·æ±‚]": {
        "version": 1,
        "componentName": "MA",
        "interface": {
            "interfaceName": "qcloud.cam.id_skey",
            "para": {
                "code": "071xfRZN0tIPp927ujYN0WkLZN0xfRZG",
                "encrypt_data": "w4dUJk5MPcDzHOyoP0dlWts+w4H\/HW8EZU7ijXWde0pJKHTvHBuXkRkLi7IPLlZlHOLETqLIbzqDiGlbH7ua3n\/ivwTssFU6z\/nwv\/IMKCFZ6y2ZstctxIC5cK6RLNY63PJr8Mi8L0HETaHXj1c0cpBNELhwwcSU6X05zrZQRGPW9qHUdNoqRzX19qOjnLeiQmt7wB\/+ZsHC7ol7KG6lfENYUhIzwJEcAiDJv20QmL+UfI8yYr\/osQgiSBYtRW+9IMpaVh+KMK+duMNdmbg6FFhPvktBqa5lDr0b9zJE3JMySbLZ8DiJdfdDmhirJlI8esZEm3++fPDWGI63JygPO39gniHBfCVaiQMsJl6I4DH+EyO\/mw80+bA3HkCwxI4Ws1cX8S8mbZMK8aWtTpYyDQegEFhpBIr4fmUwcm2ox3o6DfbF2oX7+ZoY1f8BXBtftVFp+1Kcj1yAH43+Xo65agTncweCvrBCJiaA1Ttd6H6rll3Dez07F2\/sRyRqh1QuY1yS5XIya7LxPAwwb9KTcg==",
                "iv": "OeGkMhn3Ei5Y\/j0EwX3Gvg=="
            }
        }
    },
    "[å“åº”]": {
        "returnCode": 0,
        "returnMessage": "UPDATE_SESSION_SUCCESS",
        "returnData": {
            "id": "2af8a9fbccd4a505f2292c359a3e20cc",
            "skey": "24299d0b1dd15d144417bb30ab959077",
            "user_info": {
                "openId": "oPicY0Sott8VNg_pe1lwPCo6uVbQ",
                "nickName": "å…°ðŸ³ã€‡",
                "gender": 2,
                "language": "zh_CN",
                "city": "Suzhou",
                "province": "Jiangsu",
                "country": "China",
                "avatarUrl": "https:\/\/wx.qlogo.cn\/mmopen\/vi_32\/DYAIOgq83erPXJPEhkeFqQ7jcKSK4lhBf16ibayKzWfCCicVV40XWVa9F8GThm6Z5GSQUAjAEqcn2Zicw4aVvaqUg\/0",
                "unionId": "oU11PxD9c5twJIeHGd7qTv9UE0sk",
                "watermark": {
                    "timestamp": 1502198951,
                    "appid": "wx3c13313f866a541a"
                }
            },
            "duration": 7200
        },
        "version": 1,
        "componentName": "MA"
    },
    "[è€—æ—¶]": "127ms"
}

[2017-08-08 21:29:12][DEBUG] Util::writeJsonResult => [200] {
    "F2C224D4-2BCE-4C64-AF9F-A6D872000D1A": 1,
    "session": {
        "id": "2af8a9fbccd4a505f2292c359a3e20cc",
        "skey": "24299d0b1dd15d144417bb30ab959077",
        "openid": "oPicY0Sott8VNg_pe1lwPCo6uVbQ",
        "unionid": "oU11PxD9c5twJIeHGd7qTv9UE0sk"
    }
}

ERROR - 2017-08-08 21:29:12 --> 1 2
ERROR - 2017-08-08 21:29:12 --> 2 0
[2017-08-08 21:29:12][DEBUG] POST http://10.133.193.8/mina_auth/} => [200] {
    "[è¯·æ±‚]": {
        "version": 1,
        "componentName": "MA",
        "interface": {
            "interfaceName": "qcloud.cam.id_skey",
            "para": {
                "code": "071UyVYZ0i0ja22cnzZZ0nRIYZ0UyVYr",
                "encrypt_data": "4AOGZcoXxgBdTD22xierIkSlfcw0nxFtKrZio8WnRvP7hCy7x6O+emueuxQyRF5ZM0HqFQoQUkjrNhCqiTj0j4rg1oXKOh44UElNiwxu91eF1QrcaNByb3Tu54ttE1akgplLlkoctHwgOrB5EnHiLt4cYtmVVdUkFwCTh+AXUwyZ2OkyTXTJ0Lk2JouZxTGFeN8LPCenc2zPy91v+RSxnGkLBN6qroP3vSUxsVhhCD\/kt\/HZdAQEouBFrYhhpVMe+VnbF8QfsBmZ32nLI25P7td\/Pjb8jNFbCiBHR+ZLoJf\/II9hOjY1liTeFB9MFjKIAI0h6mMfVjQUyH7hSEXhmhG0Z2aBBPeN9YTGgtgBSj6TbupbEQqDJQeGS7wAhwxWJwJU+f1qJd810hw5uyclHdoaaSu\/xmtoiLJuBX4JAfCMgjOefAWEGmJUOE9GFaPiMl6Ysp7hyrkwgmemHswuGnVqLMrkdURFEOGNYpzVIZFhWZusQ3lBvJngwEtHDBZAtcxU7\/cJUIUH+MCJRNdfzw==",
                "iv": "ANxvdl1PzcR+LtZxaC48oA=="
            }
        }
    },
    "[å“åº”]": {
        "returnCode": 0,
        "returnMessage": "UPDATE_SESSION_SUCCESS",
        "returnData": {
            "id": "2af8a9fbccd4a505f2292c359a3e20cc",
            "skey": "adb251e4777cbd3898344ddd3024a397",
            "user_info": {
                "openId": "oPicY0Sott8VNg_pe1lwPCo6uVbQ",
                "nickName": "å…°ðŸ³ã€‡",
                "gender": 2,
                "language": "zh_CN",
                "city": "Suzhou",
                "province": "Jiangsu",
                "country": "China",
                "avatarUrl": "https:\/\/wx.qlogo.cn\/mmopen\/vi_32\/DYAIOgq83erPXJPEhkeFqQ7jcKSK4lhBf16ibayKzWfCCicVV40XWVa9F8GThm6Z5GSQUAjAEqcn2Zicw4aVvaqUg\/0",
                "unionId": "oU11PxD9c5twJIeHGd7qTv9UE0sk",
                "watermark": {
                    "timestamp": 1502198951,
                    "appid": "wx3c13313f866a541a"
                }
            },
            "duration": 7200
        },
        "version": 1,
        "componentName": "MA"
    },
    "[è€—æ—¶]": "137ms"
}

[2017-08-08 21:29:12][DEBUG] Util::writeJsonResult => [200] {
    "F2C224D4-2BCE-4C64-AF9F-A6D872000D1A": 1,
    "session": {
        "id": "2af8a9fbccd4a505f2292c359a3e20cc",
        "skey": "adb251e4777cbd3898344ddd3024a397",
        "openid": "oPicY0Sott8VNg_pe1lwPCo6uVbQ",
        "unionid": "oU11PxD9c5twJIeHGd7qTv9UE0sk"
    }
}

LDSF - 2017-08-08 21:29:13 --> >>> User->addressbookisempty()
LDSF - 2017-08-08 21:29:13 --> openid=oPicY0Sott8VNg_pe1lwPCo6uVbQ
LDSF - 2017-08-08 21:29:13 --> >>> User->loginrecord()
LDSF - 2017-08-08 21:29:13 --> openid=oPicY0Sott8VNg_pe1lwPCo6uVbQ
ERROR - 2017-08-08 21:29:35 --> 
ERROR - 2017-08-08 21:29:40 --> 
ERROR - 2017-08-08 21:29:42 --> 
LDSF - 2017-08-08 21:29:48 --> >>> User->addressbookisempty()
LDSF - 2017-08-08 21:29:48 --> openid=oPicY0Sott8VNg_pe1lwPCo6uVbQ
LDSF - 2017-08-08 21:29:48 --> >>> User->loginrecord()
LDSF - 2017-08-08 21:29:48 --> openid=oPicY0Sott8VNg_pe1lwPCo6uVbQ
ERROR - 2017-08-08 21:29:50 --> 
ERROR - 2017-08-08 21:29:52 --> 
ERROR - 2017-08-08 23:06:54 --> 404 Page Not Found: Proxyhtml/index
ERROR - 2017-08-08 23:30:27 --> 404 Page Not Found: Cgi/common.cgi
ERROR - 2017-08-08 23:30:31 --> 404 Page Not Found: Stssyshtm/index
