ERROR - 2017-06-16 01:01:05 --> 404 Page Not Found: Proxyhtml/index
ERROR - 2017-06-16 02:50:39 --> 404 Page Not Found: CFIDE/administrator
ERROR - 2017-06-16 02:52:22 --> 404 Page Not Found: Search/index
ERROR - 2017-06-16 02:52:22 --> 404 Page Not Found: 273/index
ERROR - 2017-06-16 03:36:15 --> 404 Page Not Found: Loginaction/index
ERROR - 2017-06-16 04:27:44 --> 404 Page Not Found: Phpmyadmin/index
ERROR - 2017-06-16 04:34:14 --> 404 Page Not Found: Loginaction/index
ERROR - 2017-06-16 04:34:14 --> 404 Page Not Found: Loginaction/index
ERROR - 2017-06-16 04:34:14 --> 404 Page Not Found: Loginaction/index
ERROR - 2017-06-16 04:34:15 --> 404 Page Not Found: Loginaction/index
ERROR - 2017-06-16 04:34:15 --> 404 Page Not Found: Loginaction/index
ERROR - 2017-06-16 04:34:16 --> 404 Page Not Found: Loginaction/index
ERROR - 2017-06-16 04:34:22 --> 404 Page Not Found: Loginaction/index
ERROR - 2017-06-16 04:34:23 --> 404 Page Not Found: Loginaction/index
ERROR - 2017-06-16 04:34:23 --> 404 Page Not Found: Loginaction/index
ERROR - 2017-06-16 04:34:23 --> 404 Page Not Found: Loginaction/index
ERROR - 2017-06-16 04:34:24 --> 404 Page Not Found: Loginaction/index
ERROR - 2017-06-16 04:34:24 --> 404 Page Not Found: Loginaction/index
ERROR - 2017-06-16 04:34:25 --> 404 Page Not Found: Loginaction/index
ERROR - 2017-06-16 04:34:26 --> 404 Page Not Found: Loginaction/index
ERROR - 2017-06-16 04:34:26 --> 404 Page Not Found: Loginaction/index
ERROR - 2017-06-16 04:34:26 --> 404 Page Not Found: Loginaction/index
ERROR - 2017-06-16 04:34:27 --> 404 Page Not Found: Loginaction/index
ERROR - 2017-06-16 04:34:28 --> 404 Page Not Found: Loginaction/index
ERROR - 2017-06-16 04:34:42 --> 404 Page Not Found: Loginaction/index
ERROR - 2017-06-16 04:34:42 --> 404 Page Not Found: Loginaction/index
ERROR - 2017-06-16 11:25:49 --> 404 Page Not Found: Manager/html
ERROR - 2017-06-16 12:52:50 --> 404 Page Not Found: HNAP1/index
ERROR - 2017-06-16 15:12:15 --> 404 Page Not Found: Wp-includes/js
ERROR - 2017-06-16 15:12:15 --> 404 Page Not Found: Skins/vector
ERROR - 2017-06-16 15:12:16 --> 404 Page Not Found: Misc/states.js
ERROR - 2017-06-16 15:12:16 --> 404 Page Not Found: Static/js
ERROR - 2017-06-16 15:12:16 --> 404 Page Not Found: Include/js
ERROR - 2017-06-16 15:12:17 --> 404 Page Not Found: Include/js
ERROR - 2017-06-16 15:12:17 --> 404 Page Not Found: Include/js
ERROR - 2017-06-16 15:12:18 --> 404 Page Not Found: Res/js
ERROR - 2017-06-16 15:12:18 --> 404 Page Not Found: Js/wind_editor.js
ERROR - 2017-06-16 15:12:18 --> 404 Page Not Found: Styles/prosilver
ERROR - 2017-06-16 15:12:19 --> 404 Page Not Found: Styles/prosilver
ERROR - 2017-06-16 15:12:19 --> 404 Page Not Found: Editor/ubb
ERROR - 2017-06-16 15:12:20 --> 404 Page Not Found: Template/default
ERROR - 2017-06-16 15:12:20 --> 404 Page Not Found: Static/js
ERROR - 2017-06-16 15:12:20 --> 404 Page Not Found: Images/js
ERROR - 2017-06-16 15:12:21 --> 404 Page Not Found: Templets/style
ERROR - 2017-06-16 15:12:21 --> 404 Page Not Found: Include/dedeajax2.js
ERROR - 2017-06-16 15:12:21 --> 404 Page Not Found: Images/default
ERROR - 2017-06-16 15:12:22 --> 404 Page Not Found: Js/lang
ERROR - 2017-06-16 15:12:22 --> 404 Page Not Found: Js/lang
ERROR - 2017-06-16 15:12:23 --> 404 Page Not Found: D/js
ERROR - 2017-06-16 15:12:23 --> 404 Page Not Found: Skin/default
ERROR - 2017-06-16 15:12:23 --> 404 Page Not Found: Media/system
ERROR - 2017-06-16 15:12:24 --> 404 Page Not Found: Media/system
ERROR - 2017-06-16 15:12:24 --> 404 Page Not Found: Lang/zh
ERROR - 2017-06-16 15:12:24 --> 404 Page Not Found: Style/default
ERROR - 2017-06-16 15:12:25 --> 404 Page Not Found: Lang/zh
ERROR - 2017-06-16 15:12:25 --> 404 Page Not Found: Rockmongo/index
ERROR - 2017-06-16 15:12:25 --> 404 Page Not Found: Server-status/index
ERROR - 2017-06-16 15:12:26 --> 404 Page Not Found: Ueditoralljs/index
ERROR - 2017-06-16 15:12:26 --> 404 Page Not Found: Wikilibd/PmWiki.ChangeLog
ERROR - 2017-06-16 15:12:27 --> 404 Page Not Found: 4e5e5d7364f443e28fbf0d3ae744a59a/index
ERROR - 2017-06-16 15:12:27 --> 404 Page Not Found: Jenkins/index
ERROR - 2017-06-16 15:43:33 --> 404 Page Not Found: Cache/global
ERROR - 2017-06-16 17:32:57 --> 404 Page Not Found: Faviconico/index
ERROR - 2017-06-16 17:33:09 --> 404 Page Not Found: Stats/index
ERROR - 2017-06-16 18:46:17 --> 404 Page Not Found: Rockmongo/index
ERROR - 2017-06-16 19:00:35 --> 404 Page Not Found: 404/search_children.js
ERROR - 2017-06-16 20:04:39 --> 404 Page Not Found: Phpmyadmin/index
ERROR - 2017-06-16 23:01:02 --> 404 Page Not Found: Phpmyadmin/index
ERROR - 2017-06-16 23:57:58 --> 404 Page Not Found: Cache/global
