ERROR - 2017-05-02 01:05:51 --> 404 Page Not Found: Cgi/common.cgi
ERROR - 2017-05-02 03:41:38 --> 404 Page Not Found: Cache/global
ERROR - 2017-05-02 05:28:26 --> 404 Page Not Found: Manager/html
ERROR - 2017-05-02 05:34:04 --> 404 Page Not Found: Cache/global
ERROR - 2017-05-02 06:47:15 --> 404 Page Not Found: Phpmyadmin/index
ERROR - 2017-05-02 07:07:47 --> 404 Page Not Found: Phpmyadmin/index
ERROR - 2017-05-02 13:16:53 --> 1 2
ERROR - 2017-05-02 13:16:53 --> 2 0
[2017-05-02 13:16:53][DEBUG] POST http://10.133.193.8/mina_auth/} => [200] {
    "[请求]": {
        "version": 1,
        "componentName": "MA",
        "interface": {
            "interfaceName": "qcloud.cam.id_skey",
            "para": {
                "code": "051gCzy40g8XDH1towy40gbay40gCzyk",
                "encrypt_data": "W\/bpMIgwRE9i55YXs0glQY944af+ttMTFP21blEYURqAH8MdarCozKCu\/LTsJmxSZEPE3PwjMAYACtNfpD9DBQ+kwuGCAOpFWg3kjy6RnnU2vn7oB6tKvky\/60AKPjxUTZaDF2gMpsrkjtb1dBQmrPdUwHIfqchWCeNe0IvXZFANQvojoC33AYcALXzYVTrRv18gZLywfF6c3bnzdyf68YRs\/DDBtcCWS5l5PlVG\/lSA+0wxkAEYEjLxxxpIIqJurj09Zjv2YpLEH+XklJyqntq+BteOyaLtYa4NSW7XGayzHfARfENQfE7xh7ZoFA\/+T7V4Sw8vrbSmb8f+3m9bLNSi8Ex+XZJoYpcCT2ebox3B\/A7ZsQzdxkTXyM8mffLzAzRGTQLXoeQbCnstWIe966uch5NiiS1xLhBUIq8cGDrsqwlsfLJXPZ9c7ty5SJzmeLpBrPtVMVvlI0t9e+0R396gKadZ5YrLNxgSNANbhUhd2DdExlA5yPHtb4a9YsMscR94AaT5ohhvbE3J86J+Wg==",
                "iv": "m8TUeMoFZ8oGmSg19RmA4Q=="
            }
        }
    },
    "[响应]": {
        "returnCode": 0,
        "returnMessage": "UPDATE_SESSION_SUCCESS",
        "returnData": {
            "id": "cc55b3d2a2a7382475a279a8c1c4c59f",
            "skey": "aa0ac1639a6a64185042963340985c33",
            "user_info": {
                "openId": "oPicY0RBxd9Ix1mmRWsjbymqSagM",
                "nickName": "从前有座山",
                "gender": 0,
                "language": "zh_CN",
                "city": "",
                "province": "",
                "country": "CN",
                "avatarUrl": "http:\/\/wx.qlogo.cn\/mmopen\/vi_32\/Q0j4TwGTfTLQicRxpnk1xTsZnDOx4YJCGgEia2MB4yFx60IaWCyibbP5SKl7ZZRUSCnphTAvOBHAj4zDWdcLM4KQw\/0",
                "unionId": "oU11PxBlkSLvjgnKJLw_BjWFX-gI",
                "watermark": {
                    "timestamp": 1493702212,
                    "appid": "wx3c13313f866a541a"
                }
            },
            "duration": 7200
        },
        "version": 1,
        "componentName": "MA"
    },
    "[耗时]": "141ms"
}

[2017-05-02 13:16:53][DEBUG] Util::writeJsonResult => [200] {
    "F2C224D4-2BCE-4C64-AF9F-A6D872000D1A": 1,
    "session": {
        "id": "cc55b3d2a2a7382475a279a8c1c4c59f",
        "skey": "aa0ac1639a6a64185042963340985c33",
        "openid": "oPicY0RBxd9Ix1mmRWsjbymqSagM",
        "unionid": "oU11PxBlkSLvjgnKJLw_BjWFX-gI"
    }
}

ERROR - 2017-05-02 13:16:53 --> 1 2
ERROR - 2017-05-02 13:16:53 --> 2 0
[2017-05-02 13:16:53][DEBUG] POST http://10.133.193.8/mina_auth/} => [200] {
    "[请求]": {
        "version": 1,
        "componentName": "MA",
        "interface": {
            "interfaceName": "qcloud.cam.id_skey",
            "para": {
                "code": "001GlxCa1pfbWS14O2Ea1cHlCa1GlxCJ",
                "encrypt_data": "9hK4lvP7aKEor6Ln9q0zrGTAtIzgZKCkpEJwygDqC2oeyn+fQG0+WTwhCOITNWZBhTctt3iSqCa28AvwhaSGjaXYpmHvRY27tzQi5ypHcITvjEntJ6C77mwL0ARWtfK2xpH2fz9OSOBYI1M1qLo4Kyxp\/4Joaym4THWs5cpnV5H1s0OH6oynB34pa54dE4mCeA9CB4\/F0TNhu5yFlBsXkg995\/+yKLXc2rrW37gomXMIYgeCIY5bcjRXXQIY\/xT7S0ob1zZCVLZgRhOz2MNk9wp4YLV3Ch0+okgUChFXFH9mOadfOO\/lwXKLZW6GeIZ58DQKivJx974kjfwnCkAopaDPDyxg+BQ4U7w2sMs2s00qor\/KXdyu+tvXWKOw+DmW7787neWsrD3FzLvEsFLHFKUUeW9lKuHb3XUAL2LNL+ilJysj0N8lS4w5kF\/LG1oIUy1RDG2aAQxUi6E4Dy1erOU2GZfUTHlugDvD7M3oKh9c\/g7NUBqAwEtcdT18AWopFx3fEkRSQULnC6BA\/3tWqQ==",
                "iv": "ysH8fKct9zuOazd3i+wATg=="
            }
        }
    },
    "[响应]": {
        "returnCode": 0,
        "returnMessage": "UPDATE_SESSION_SUCCESS",
        "returnData": {
            "id": "cc55b3d2a2a7382475a279a8c1c4c59f",
            "skey": "ad812ddbc4e38f48a920740d1d27c60a",
            "user_info": {
                "openId": "oPicY0RBxd9Ix1mmRWsjbymqSagM",
                "nickName": "从前有座山",
                "gender": 0,
                "language": "zh_CN",
                "city": "",
                "province": "",
                "country": "CN",
                "avatarUrl": "http:\/\/wx.qlogo.cn\/mmopen\/vi_32\/Q0j4TwGTfTLQicRxpnk1xTsZnDOx4YJCGgEia2MB4yFx60IaWCyibbP5SKl7ZZRUSCnphTAvOBHAj4zDWdcLM4KQw\/0",
                "unionId": "oU11PxBlkSLvjgnKJLw_BjWFX-gI",
                "watermark": {
                    "timestamp": 1493702212,
                    "appid": "wx3c13313f866a541a"
                }
            },
            "duration": 7200
        },
        "version": 1,
        "componentName": "MA"
    },
    "[耗时]": "146ms"
}

[2017-05-02 13:16:53][DEBUG] Util::writeJsonResult => [200] {
    "F2C224D4-2BCE-4C64-AF9F-A6D872000D1A": 1,
    "session": {
        "id": "cc55b3d2a2a7382475a279a8c1c4c59f",
        "skey": "ad812ddbc4e38f48a920740d1d27c60a",
        "openid": "oPicY0RBxd9Ix1mmRWsjbymqSagM",
        "unionid": "oU11PxBlkSLvjgnKJLw_BjWFX-gI"
    }
}

ERROR - 2017-05-02 13:17:07 --> 
ERROR - 2017-05-02 13:17:36 --> 
ERROR - 2017-05-02 13:36:33 --> 404 Page Not Found: Manager/html
ERROR - 2017-05-02 14:05:22 --> 404 Page Not Found: Current_config/Account1
ERROR - 2017-05-02 14:13:26 --> 404 Page Not Found: Wp-includes/js
ERROR - 2017-05-02 14:13:26 --> 404 Page Not Found: Skins/vector
ERROR - 2017-05-02 14:13:27 --> 404 Page Not Found: Misc/states.js
ERROR - 2017-05-02 14:13:27 --> 404 Page Not Found: Static/js
ERROR - 2017-05-02 14:13:28 --> 404 Page Not Found: Include/js
ERROR - 2017-05-02 14:13:28 --> 404 Page Not Found: Include/js
ERROR - 2017-05-02 14:13:28 --> 404 Page Not Found: Include/js
ERROR - 2017-05-02 14:13:29 --> 404 Page Not Found: Res/js
ERROR - 2017-05-02 14:13:29 --> 404 Page Not Found: Js/wind_editor.js
ERROR - 2017-05-02 14:13:29 --> 404 Page Not Found: Styles/prosilver
ERROR - 2017-05-02 14:13:30 --> 404 Page Not Found: Styles/prosilver
ERROR - 2017-05-02 14:13:30 --> 404 Page Not Found: Editor/ubb
ERROR - 2017-05-02 14:13:31 --> 404 Page Not Found: Template/default
ERROR - 2017-05-02 14:13:31 --> 404 Page Not Found: Static/js
ERROR - 2017-05-02 14:13:31 --> 404 Page Not Found: Images/js
ERROR - 2017-05-02 14:13:32 --> 404 Page Not Found: Templets/style
ERROR - 2017-05-02 14:13:32 --> 404 Page Not Found: Include/dedeajax2.js
ERROR - 2017-05-02 14:13:33 --> 404 Page Not Found: Images/default
ERROR - 2017-05-02 14:13:33 --> 404 Page Not Found: Js/lang
ERROR - 2017-05-02 14:13:33 --> 404 Page Not Found: Js/lang
ERROR - 2017-05-02 14:13:34 --> 404 Page Not Found: D/js
ERROR - 2017-05-02 14:13:34 --> 404 Page Not Found: Skin/default
ERROR - 2017-05-02 14:13:35 --> 404 Page Not Found: Media/system
ERROR - 2017-05-02 14:13:35 --> 404 Page Not Found: Media/system
ERROR - 2017-05-02 14:13:35 --> 404 Page Not Found: Lang/zh
ERROR - 2017-05-02 14:13:36 --> 404 Page Not Found: Style/default
ERROR - 2017-05-02 14:13:36 --> 404 Page Not Found: Lang/zh
ERROR - 2017-05-02 14:13:36 --> 404 Page Not Found: Rockmongo/index
ERROR - 2017-05-02 14:13:37 --> 404 Page Not Found: Server-status/index
ERROR - 2017-05-02 14:13:37 --> 404 Page Not Found: Ueditoralljs/index
ERROR - 2017-05-02 14:13:38 --> 404 Page Not Found: Wikilibd/PmWiki.ChangeLog
ERROR - 2017-05-02 14:13:38 --> 404 Page Not Found: 4e5e5d7364f443e28fbf0d3ae744a59a/index
ERROR - 2017-05-02 14:13:38 --> 404 Page Not Found: Jenkins/index
ERROR - 2017-05-02 14:26:54 --> 404 Page Not Found: Manager/html
ERROR - 2017-05-02 14:31:20 --> 1 2
ERROR - 2017-05-02 14:31:20 --> 2 0
[2017-05-02 14:31:20][DEBUG] POST http://10.133.193.8/mina_auth/} => [200] {
    "[请求]": {
        "version": 1,
        "componentName": "MA",
        "interface": {
            "interfaceName": "qcloud.cam.id_skey",
            "para": {
                "code": "021bXHPI0uoSzj2gzTOI0XP2QI0bXHPk",
                "encrypt_data": "rop4X+KNQJAe3UAVJkPi6IYkl07spMFhmpjGebb6vnlPz78KEUtc82uY7oK\/9mDIBhhwt635\/taHttpK3pOWLzCb3fvV9AMvTEsL35ogKhn4bXdQ29WmGkvybH5GzJTDiUAu47MQaLcXK0R+woA68LBQx7nzqEA2Z5QDudDG64VmkM2DagPi4VRywMQbLs14MxQDk7YevvCXVkKxwh20mYvXSH0eVj3trMqgXlY6TxlmKfCD9whWA2dtx9UP8Ap57zbEvxxzS0piKlTlw7oOX0jbAsN\/uhe0RXmCz8rwQIL7eO0JBGRgtwql5k57XGoReLVuTr+HrquAEeht0rvxRYjrKoiVlWYo2wUp+mLpasZJG7oc4Ue\/K5YN2ZY7Vnh+Z4EPVpi88gdsKnRt8Azf3cYFFht6iFu7dX\/e3yQBQ9cdzn9Xk9wEYrQq9aAdH1DMM9g7hKeLOqAOd15Hqjk+CbDCjXUMXk1eFaeenmI6DnIzAbPESEZ5xocfV3Ey2b1Lr3gg8RiU3rI\/gUL6xr8m7w==",
                "iv": "B8d3ITIT8\/ENue4DB\/LmBA=="
            }
        }
    },
    "[响应]": {
        "returnCode": 0,
        "returnMessage": "UPDATE_SESSION_SUCCESS",
        "returnData": {
            "id": "280ca83d168f1844115ea1912f988ec8",
            "skey": "56c6a81d265d737f882acbccb114a741",
            "user_info": {
                "openId": "oPicY0cBD5ZB89KieBFSH-PNddIE",
                "nickName": "普通话君",
                "gender": 1,
                "language": "zh_CN",
                "city": "Suzhou",
                "province": "Jiangsu",
                "country": "CN",
                "avatarUrl": "http:\/\/wx.qlogo.cn\/mmopen\/vi_32\/DYAIOgq83eoVvEdGWoKlDIyUibGRJic4ckYwWHy5bJkeTY8vdf4tT4ibjZiccDicibBjoM5N7aTXTSM7s94hMOc4BicDw\/0",
                "unionId": "oU11PxF4Uy0w_t7N6rhIUzOyZ6VU",
                "watermark": {
                    "timestamp": 1493706679,
                    "appid": "wx3c13313f866a541a"
                }
            },
            "duration": 7200
        },
        "version": 1,
        "componentName": "MA"
    },
    "[耗时]": "130ms"
}

[2017-05-02 14:31:20][DEBUG] Util::writeJsonResult => [200] {
    "F2C224D4-2BCE-4C64-AF9F-A6D872000D1A": 1,
    "session": {
        "id": "280ca83d168f1844115ea1912f988ec8",
        "skey": "56c6a81d265d737f882acbccb114a741",
        "openid": "oPicY0cBD5ZB89KieBFSH-PNddIE",
        "unionid": "oU11PxF4Uy0w_t7N6rhIUzOyZ6VU"
    }
}

ERROR - 2017-05-02 14:31:20 --> 1 2
ERROR - 2017-05-02 14:31:20 --> 2 0
[2017-05-02 14:31:20][DEBUG] POST http://10.133.193.8/mina_auth/} => [200] {
    "[请求]": {
        "version": 1,
        "componentName": "MA",
        "interface": {
            "interfaceName": "qcloud.cam.id_skey",
            "para": {
                "code": "001QSEPV1rCS4T0571PV1dTBPV1QSEPQ",
                "encrypt_data": "duf5VxcQ9PaDZ43Zy3R\/zzSFj9ejhfk1Sqq7ZV7ZmqY9UOQtFpMytoCrwIGxbLn\/iosLIiISgohV+7DX6V5VCo0PODaCHSxm3HkK57YuKS2I0GcgQBt2wU6k+\/NbvPMUwzBk9SKJ6Xn9TtKHDUkMLF+ZSfbvZWX81AspbtWIxQoPR9OtB4RzcpKnt5xMbzB8LyiTkS067p1cQvbjykPYcv1Rglnuol5bnvxvT00b745+jWgsLc6+Tkf4soz3S6JE\/IXkh\/rm67j1qstbsOUoqgbo\/cnUwp7zWA3XGmpNG3EqTOHlOEcdSRsKBY3jHVK6rUbVjB7xE8iGMk6kdXwDEH0QT1FFwMWnGIKUviQzW6qujR9Kyjw7+c+gloiRGNMeUH3GGXtPhbBfCjliS5TpEDolgZNjukRSPCDSo6VjzF3qTAyz1zGoorszQzieg1fBcSrvWVLzx6jO1IDaBTd5gv9qhL5h5wwWzeKgPm6++C4ffUjBcb4bAn5wsT5i4A7vT9IdOEnyfIhuGyfoybR0hw==",
                "iv": "vKAy0uEJCGb2J\/hcgJfVTg=="
            }
        }
    },
    "[响应]": {
        "returnCode": 0,
        "returnMessage": "UPDATE_SESSION_SUCCESS",
        "returnData": {
            "id": "280ca83d168f1844115ea1912f988ec8",
            "skey": "b566964fdf061696a794cb546ec015ca",
            "user_info": {
                "openId": "oPicY0cBD5ZB89KieBFSH-PNddIE",
                "nickName": "普通话君",
                "gender": 1,
                "language": "zh_CN",
                "city": "Suzhou",
                "province": "Jiangsu",
                "country": "CN",
                "avatarUrl": "http:\/\/wx.qlogo.cn\/mmopen\/vi_32\/DYAIOgq83eoVvEdGWoKlDIyUibGRJic4ckYwWHy5bJkeTY8vdf4tT4ibjZiccDicibBjoM5N7aTXTSM7s94hMOc4BicDw\/0",
                "unionId": "oU11PxF4Uy0w_t7N6rhIUzOyZ6VU",
                "watermark": {
                    "timestamp": 1493706679,
                    "appid": "wx3c13313f866a541a"
                }
            },
            "duration": 7200
        },
        "version": 1,
        "componentName": "MA"
    },
    "[耗时]": "155ms"
}

[2017-05-02 14:31:20][DEBUG] Util::writeJsonResult => [200] {
    "F2C224D4-2BCE-4C64-AF9F-A6D872000D1A": 1,
    "session": {
        "id": "280ca83d168f1844115ea1912f988ec8",
        "skey": "b566964fdf061696a794cb546ec015ca",
        "openid": "oPicY0cBD5ZB89KieBFSH-PNddIE",
        "unionid": "oU11PxF4Uy0w_t7N6rhIUzOyZ6VU"
    }
}

ERROR - 2017-05-02 14:31:23 --> 
ERROR - 2017-05-02 14:32:19 --> 
ERROR - 2017-05-02 14:34:10 --> 
ERROR - 2017-05-02 14:37:51 --> 404 Page Not Found: Faviconico/index
ERROR - 2017-05-02 15:52:12 --> 404 Page Not Found: Manager/html
ERROR - 2017-05-02 16:03:36 --> 1 2
ERROR - 2017-05-02 16:03:36 --> 2 0
[2017-05-02 16:03:36][DEBUG] POST http://10.133.193.8/mina_auth/} => [200] {
    "[请求]": {
        "version": 1,
        "componentName": "MA",
        "interface": {
            "interfaceName": "qcloud.cam.id_skey",
            "para": {
                "code": "003GpC8O0ESkZ82pu78O0FUw8O0GpC8W",
                "encrypt_data": "2V7YOP5bmmjIjsGMicTFwvCc9E+R+4AKJdcELPQAopFWrlakMVkM\/roKkZHVPFgcwei4mFREZrxSz6NG35LrvkNSnmy8CxGTqBG54RIGcqcLvDTZQQGH226QX8+qj9YvipG2yTw3Ieqeyp3woRsaBZdW2Qz\/uUFe1eA0wHqrM4uC6zyNLvxqrYAY\/Xs1JOZj4NMOTMvzEdAUIY9t3azNUDtZcb77ghYYG6l\/Uk8zgQ\/+HnMK0MF4C9B72ztbmK6DmqmiHfgNaWFysvB+\/iZ\/U4RIOoI6z74\/NhmlKTaf50Q5yDggkB7D5lTDbWhtrKEe0d4tSiHPuofhZ44h7o1UKNUfe6jIFcPIs1YZsDA8yqDi7Ux8F9OdgQtBw9rbI3yrjpb28G1YW9MToOsckQj61Fmr8NhGlvet0mIL5FxDk6fu9t9dHcnEoQRNSY0DyZYEEU517ysw8\/hThxQk0dkBPKRxLhQ+XFU2AycHu9Sk+\/k+onwo8pqaYrp0ADcwNhjtHjuHHNJ\/1D4lnIhMRZF37g==",
                "iv": "2D3M2J9DEmI5DvncCoKZHQ=="
            }
        }
    },
    "[响应]": {
        "returnCode": 0,
        "returnMessage": "NEW_SESSION_SUCCESS",
        "returnData": {
            "id": "9e251e19e92e7a71741373fd96bb9361",
            "skey": "5a8da8cda3f9d0ae29ee3cbca623c0a9",
            "user_info": {
                "openId": "oPicY0Th2VGGd4vpSfEUfAeWQYXs",
                "nickName": "赵舒森",
                "gender": 1,
                "language": "zh_CN",
                "city": "Suzhou",
                "province": "Jiangsu",
                "country": "CN",
                "avatarUrl": "http:\/\/wx.qlogo.cn\/mmopen\/vi_32\/207SGpo7UicuHicvenB1Q9XKz6uxnGI5mLSVPnBBzxEplMe853K88qGeFml13I75w8mZnjrbREx78wVmFVbhIrvA\/0",
                "unionId": "oU11PxImaSD1cJ1kGNih_u1HF9e0",
                "watermark": {
                    "timestamp": 1493712215,
                    "appid": "wx3c13313f866a541a"
                }
            },
            "duration": 7200
        },
        "version": 1,
        "componentName": "MA"
    },
    "[耗时]": "190ms"
}

[2017-05-02 16:03:36][DEBUG] Util::writeJsonResult => [200] {
    "F2C224D4-2BCE-4C64-AF9F-A6D872000D1A": 1,
    "session": {
        "id": "9e251e19e92e7a71741373fd96bb9361",
        "skey": "5a8da8cda3f9d0ae29ee3cbca623c0a9",
        "openid": "oPicY0Th2VGGd4vpSfEUfAeWQYXs",
        "unionid": "oU11PxImaSD1cJ1kGNih_u1HF9e0"
    }
}

ERROR - 2017-05-02 16:03:36 --> 1 2
ERROR - 2017-05-02 16:03:36 --> 2 0
[2017-05-02 16:03:36][DEBUG] POST http://10.133.193.8/mina_auth/} => [200] {
    "[请求]": {
        "version": 1,
        "componentName": "MA",
        "interface": {
            "interfaceName": "qcloud.cam.id_skey",
            "para": {
                "code": "003uQesk1BZgYj0vpmrk1MeZrk1uQesp",
                "encrypt_data": "QPmXmiC\/Llxu07wjJFd1BMzgaf5CIIjWHuTgzzpw8x0godxgmIpCvppQJ18tPixb9ih4+1lBJKWhJauEZAGt1K1kV2pzCdIM77+VamZS4HLhw6GywuBzrCZJt2qiBOoU0x9kaol8LuSNYl3Y2LOsKR5dzYWCztMiyzjo+YkNB+e\/jZv6EWALgQEGoCqsZNQk3i5JE3E8Tf3pacrrqkUdCjdIWLLLfh4eyAzsiXhE\/+TBWN\/32pGPVP0iXqOcAg3P2q0kT7TRWb3NcKJZEmcc3bk90NeDEUl913tnJ7rLIumQV433\/VBxatLG43kwdKgX6VFLiLdnLrLVALcpCkFNmUZTYbWffUlx2OClb7TVHZGpDApZV6JF4WU2DVzlcSCYN6300n3Rh1ibGwhsJmxIwkdRZzCgfguOHbGERaW7snBvlCQfOqncff4VCv3dgH\/6\/gtSaDNNbwb3HeW3J8vY1ULA4f6\/MTyzyev35OsNNJmyYCb0ORcxFmleEf+nrHkoLcsuNrUhKAbvsTO7RAvzcg==",
                "iv": "YMppEHRodpQtNT7E8q7n0Q=="
            }
        }
    },
    "[响应]": {
        "returnCode": 0,
        "returnMessage": "UPDATE_SESSION_SUCCESS",
        "returnData": {
            "id": "9e251e19e92e7a71741373fd96bb9361",
            "skey": "825307ab9680741abc00eb281c5a10c5",
            "user_info": {
                "openId": "oPicY0Th2VGGd4vpSfEUfAeWQYXs",
                "nickName": "赵舒森",
                "gender": 1,
                "language": "zh_CN",
                "city": "Suzhou",
                "province": "Jiangsu",
                "country": "CN",
                "avatarUrl": "http:\/\/wx.qlogo.cn\/mmopen\/vi_32\/207SGpo7UicuHicvenB1Q9XKz6uxnGI5mLSVPnBBzxEplMe853K88qGeFml13I75w8mZnjrbREx78wVmFVbhIrvA\/0",
                "unionId": "oU11PxImaSD1cJ1kGNih_u1HF9e0",
                "watermark": {
                    "timestamp": 1493712215,
                    "appid": "wx3c13313f866a541a"
                }
            },
            "duration": 7200
        },
        "version": 1,
        "componentName": "MA"
    },
    "[耗时]": "216ms"
}

[2017-05-02 16:03:36][DEBUG] Util::writeJsonResult => [200] {
    "F2C224D4-2BCE-4C64-AF9F-A6D872000D1A": 1,
    "session": {
        "id": "9e251e19e92e7a71741373fd96bb9361",
        "skey": "825307ab9680741abc00eb281c5a10c5",
        "openid": "oPicY0Th2VGGd4vpSfEUfAeWQYXs",
        "unionid": "oU11PxImaSD1cJ1kGNih_u1HF9e0"
    }
}

ERROR - 2017-05-02 16:03:37 --> Severity: Notice --> Trying to get property of non-object /data/release/php-weapp-demo/application/models/User_model.php 30
ERROR - 2017-05-02 16:03:42 --> 
ERROR - 2017-05-02 16:22:57 --> 
ERROR - 2017-05-02 17:11:51 --> 404 Page Not Found: Jenkins/index
ERROR - 2017-05-02 17:36:42 --> 404 Page Not Found: Skins/vector
ERROR - 2017-05-02 22:29:33 --> 404 Page Not Found: Faviconico/index
ERROR - 2017-05-02 23:14:16 --> 404 Page Not Found: 404/search_children.js
ERROR - 2017-05-02 23:32:58 --> 404 Page Not Found: Robotstxt/index
ERROR - 2017-05-02 23:32:59 --> 404 Page Not Found: Test_404_page/index
ERROR - 2017-05-02 23:33:00 --> 404 Page Not Found: Issmall/index
ERROR - 2017-05-02 23:33:01 --> 404 Page Not Found: Administrator/manifests
ERROR - 2017-05-02 23:33:02 --> 404 Page Not Found: Docs/index
ERROR - 2017-05-02 23:33:03 --> 404 Page Not Found: Tpl/user
ERROR - 2017-05-02 23:33:03 --> 404 Page Not Found: Faviconico/index
ERROR - 2017-05-02 23:33:03 --> 404 Page Not Found: Images/login
ERROR - 2017-05-02 23:33:03 --> 404 Page Not Found: Images/login
ERROR - 2017-05-02 23:33:04 --> 404 Page Not Found: Tpl/login
ERROR - 2017-05-02 23:33:04 --> 404 Page Not Found: Images/login
ERROR - 2017-05-02 23:33:04 --> 404 Page Not Found: New_gb/help
ERROR - 2017-05-02 23:33:05 --> 404 Page Not Found: Web2/login_template
ERROR - 2017-05-02 23:33:05 --> 404 Page Not Found: Docscss/index
ERROR - 2017-05-02 23:33:05 --> 404 Page Not Found: Phpmyadmin/themes
ERROR - 2017-05-02 23:33:06 --> 404 Page Not Found: Phpmyadmin/favicon.ico
ERROR - 2017-05-02 23:33:06 --> 404 Page Not Found: Phpmyadmin/docs.css
ERROR - 2017-05-02 23:33:06 --> 404 Page Not Found: Fckeditor/fckconfig.js
ERROR - 2017-05-02 23:33:07 --> 404 Page Not Found: Fckeditor/editor
ERROR - 2017-05-02 23:33:07 --> 404 Page Not Found: Fckeditor/license.txt
ERROR - 2017-05-02 23:33:07 --> 404 Page Not Found: Fckeditor/editor
ERROR - 2017-05-02 23:33:08 --> 404 Page Not Found: Fckeditor/fckeditor.js
ERROR - 2017-05-02 23:33:08 --> 404 Page Not Found: FCK/editor
ERROR - 2017-05-02 23:33:08 --> 404 Page Not Found: FCK/fckeditor.js
ERROR - 2017-05-02 23:33:08 --> 404 Page Not Found: Fckeditorjs/index
ERROR - 2017-05-02 23:33:09 --> 404 Page Not Found: Editor/fckeditor.js
ERROR - 2017-05-02 23:33:09 --> 404 Page Not Found: Editor/js
ERROR - 2017-05-02 23:33:10 --> 404 Page Not Found: Ckeditor/ckeditor.js
ERROR - 2017-05-02 23:33:10 --> 404 Page Not Found: Scripts/ckeditor
ERROR - 2017-05-02 23:33:10 --> 404 Page Not Found: Statics/admin
ERROR - 2017-05-02 23:33:11 --> 404 Page Not Found: Images/login
ERROR - 2017-05-02 23:33:11 --> 404 Page Not Found: Images/login
ERROR - 2017-05-02 23:33:11 --> 404 Page Not Found: Images/login
ERROR - 2017-05-02 23:33:12 --> 404 Page Not Found: Next/img
ERROR - 2017-05-02 23:33:12 --> 404 Page Not Found: Maintloginjsp/index
ERROR - 2017-05-02 23:33:12 --> 404 Page Not Found: Coremail/displayVerifyCode.jsp
ERROR - 2017-05-02 23:33:13 --> 404 Page Not Found: Coremail/forgetpwd.jsp
ERROR - 2017-05-02 23:33:13 --> 404 Page Not Found: Common/help
ERROR - 2017-05-02 23:33:14 --> 404 Page Not Found: Common/help
ERROR - 2017-05-02 23:33:14 --> 404 Page Not Found: Coremail/common
ERROR - 2017-05-02 23:33:14 --> 404 Page Not Found: Coremail/common
ERROR - 2017-05-02 23:33:15 --> 404 Page Not Found: Auth/login
ERROR - 2017-05-02 23:33:15 --> 404 Page Not Found: E/master
ERROR - 2017-05-02 23:33:16 --> 404 Page Not Found: Master/login.aspx
ERROR - 2017-05-02 23:33:17 --> 404 Page Not Found: Admin/template
ERROR - 2017-05-02 23:33:17 --> 404 Page Not Found: Licensetxt/index
ERROR - 2017-05-02 23:33:18 --> 404 Page Not Found: Ckfinder/ckfinder.html
ERROR - 2017-05-02 23:33:18 --> 404 Page Not Found: Ckfinder/install.txt
ERROR - 2017-05-02 23:33:19 --> 404 Page Not Found: Ckeditor/ckfinder
ERROR - 2017-05-02 23:33:19 --> 404 Page Not Found: Ckeditor/ckfinder
ERROR - 2017-05-02 23:33:22 --> 404 Page Not Found: Images/js
ERROR - 2017-05-02 23:33:23 --> 404 Page Not Found: Data/config.js
ERROR - 2017-05-02 23:33:26 --> 404 Page Not Found: Dialog/dialog.js
ERROR - 2017-05-02 23:33:27 --> 404 Page Not Found: Editorjs/index
ERROR - 2017-05-02 23:33:27 --> 404 Page Not Found: Images/2_11.gif
ERROR - 2017-05-02 23:33:28 --> 404 Page Not Found: Js/buttons.js
ERROR - 2017-05-02 23:33:28 --> 404 Page Not Found: Indexcgi/index
ERROR - 2017-05-02 23:33:28 --> 404 Page Not Found: Cgi/index.cgi
ERROR - 2017-05-02 23:33:29 --> 404 Page Not Found: Default/images
ERROR - 2017-05-02 23:33:29 --> 404 Page Not Found: Extman/default
ERROR - 2017-05-02 23:33:29 --> 404 Page Not Found: Admin/js
ERROR - 2017-05-02 23:33:30 --> 404 Page Not Found: Ids/admin
ERROR - 2017-05-02 23:33:31 --> 404 Page Not Found: Ids/admin
ERROR - 2017-05-02 23:33:31 --> 404 Page Not Found: Images/default
ERROR - 2017-05-02 23:33:31 --> 404 Page Not Found: News/admin
ERROR - 2017-05-02 23:33:32 --> 404 Page Not Found: News/admin
ERROR - 2017-05-02 23:33:32 --> 404 Page Not Found: Admin/inc
ERROR - 2017-05-02 23:33:32 --> 404 Page Not Found: Siteserver/upgrade
ERROR - 2017-05-02 23:33:33 --> 404 Page Not Found: Siteserver/login.aspx
ERROR - 2017-05-02 23:33:33 --> 404 Page Not Found: UserCenter/css
ERROR - 2017-05-02 23:33:33 --> 404 Page Not Found: Help/ch_gb
ERROR - 2017-05-02 23:33:34 --> 404 Page Not Found: Images/hwem.css
ERROR - 2017-05-02 23:33:34 --> 404 Page Not Found: CuteSoft_Client/CuteEditor
ERROR - 2017-05-02 23:33:34 --> 404 Page Not Found: CuteSoft_Client/CuteEditor
ERROR - 2017-05-02 23:33:35 --> 404 Page Not Found: CuteSoft_Client/CuteEditor
ERROR - 2017-05-02 23:33:35 --> 404 Page Not Found: CuteSoft_Client/CuteEditor
ERROR - 2017-05-02 23:33:36 --> 404 Page Not Found: 404jpg/index
ERROR - 2017-05-02 23:33:36 --> 404 Page Not Found: Default/css
ERROR - 2017-05-02 23:33:36 --> 404 Page Not Found: App/login.jsp
ERROR - 2017-05-02 23:33:36 --> 404 Page Not Found: App/js
ERROR - 2017-05-02 23:33:37 --> 404 Page Not Found: Console/js
ERROR - 2017-05-02 23:33:37 --> 404 Page Not Found: Console/include
ERROR - 2017-05-02 23:33:37 --> 404 Page Not Found: Console/auth
ERROR - 2017-05-02 23:33:38 --> 404 Page Not Found: Console/js
ERROR - 2017-05-02 23:33:38 --> 404 Page Not Found: App/images
ERROR - 2017-05-02 23:33:38 --> 404 Page Not Found: App/images
ERROR - 2017-05-02 23:33:39 --> 404 Page Not Found: Addons/theme
ERROR - 2017-05-02 23:33:39 --> 404 Page Not Found: Apps/admin
ERROR - 2017-05-02 23:33:40 --> 404 Page Not Found: Addons/theme
ERROR - 2017-05-02 23:33:40 --> 404 Page Not Found: Addons/theme
ERROR - 2017-05-02 23:33:40 --> 404 Page Not Found: Admin/SouthidcEditor
ERROR - 2017-05-02 23:33:40 --> 404 Page Not Found: Admin/SouthidcEditor
ERROR - 2017-05-02 23:33:41 --> 404 Page Not Found: Admin/SouthidcEditor
ERROR - 2017-05-02 23:33:41 --> 404 Page Not Found: Images/login9
ERROR - 2017-05-02 23:33:42 --> 404 Page Not Found: App/home
ERROR - 2017-05-02 23:33:42 --> 404 Page Not Found: Searchhtml/index
ERROR - 2017-05-02 23:33:42 --> 404 Page Not Found: Advfile/ad12.js
ERROR - 2017-05-02 23:33:43 --> 404 Page Not Found: Modules/Users
ERROR - 2017-05-02 23:33:43 --> 404 Page Not Found: Include/images
ERROR - 2017-05-02 23:33:43 --> 404 Page Not Found: Helpnew/faq
ERROR - 2017-05-02 23:33:44 --> 404 Page Not Found: Ymail/images
ERROR - 2017-05-02 23:33:44 --> 404 Page Not Found: Skin/frontend
ERROR - 2017-05-02 23:33:44 --> 404 Page Not Found: READMEtxt/index
ERROR - 2017-05-02 23:33:45 --> 404 Page Not Found: Pub/guiedit
ERROR - 2017-05-02 23:33:46 --> 404 Page Not Found: Pub/skins
ERROR - 2017-05-02 23:33:46 --> 404 Page Not Found: Docs/DOCUMENTATION.txt
ERROR - 2017-05-02 23:33:47 --> 404 Page Not Found: Wq_StranJFjs/index
ERROR - 2017-05-02 23:33:47 --> 404 Page Not Found: Admin/login.asp
ERROR - 2017-05-02 23:33:47 --> 404 Page Not Found: Admin/login.aspx
ERROR - 2017-05-02 23:33:48 --> 404 Page Not Found: Erroraspx/index
ERROR - 2017-05-02 23:33:48 --> 404 Page Not Found: Inc/playerKinds.xml
ERROR - 2017-05-02 23:33:49 --> 404 Page Not Found: Install/index
ERROR - 2017-05-02 23:33:49 --> 404 Page Not Found: Template/1
ERROR - 2017-05-02 23:33:50 --> 404 Page Not Found: Back/scripts
ERROR - 2017-05-02 23:33:50 --> 404 Page Not Found: Images/logo_product-cml.png
ERROR - 2017-05-02 23:33:50 --> 404 Page Not Found: Themes/graphics
ERROR - 2017-05-02 23:33:51 --> 404 Page Not Found: Themes/default
ERROR - 2017-05-02 23:33:51 --> 404 Page Not Found: Themes/default
ERROR - 2017-05-02 23:33:51 --> 404 Page Not Found: Kindeditor-minjs/index
ERROR - 2017-05-02 23:33:52 --> 404 Page Not Found: Kindeditorjs/index
ERROR - 2017-05-02 23:33:52 --> 404 Page Not Found: Lang/en.js
ERROR - 2017-05-02 23:33:52 --> 404 Page Not Found: Themes/default
ERROR - 2017-05-02 23:33:53 --> 404 Page Not Found: Examples/index.html
ERROR - 2017-05-02 23:33:53 --> 404 Page Not Found: Examples/file-manager.html
ERROR - 2017-05-02 23:33:54 --> 404 Page Not Found: Plugins/filemanager
ERROR - 2017-05-02 23:33:54 --> 404 Page Not Found: Plugins/anchor
ERROR - 2017-05-02 23:33:54 --> 404 Page Not Found: Aspnet/README.txt
ERROR - 2017-05-02 23:33:55 --> 404 Page Not Found: Examples/readonly.html
ERROR - 2017-05-02 23:33:55 --> 404 Page Not Found: Forums/list.page
ERROR - 2017-05-02 23:33:56 --> 404 Page Not Found: Style/default
ERROR - 2017-05-02 23:33:56 --> 404 Page Not Found: Public/js
ERROR - 2017-05-02 23:33:56 --> 404 Page Not Found: Media/com_hikashop
ERROR - 2017-05-02 23:33:57 --> 404 Page Not Found: Templates/jsn_glass_pro
ERROR - 2017-05-02 23:33:58 --> 404 Page Not Found: Help/user
ERROR - 2017-05-02 23:33:58 --> 404 Page Not Found: Scripts/jquery
ERROR - 2017-05-02 23:33:58 --> 404 Page Not Found: DeptWebsiteActiondo/index
ERROR - 2017-05-02 23:33:59 --> 404 Page Not Found: Whir_system/login.aspx
ERROR - 2017-05-02 23:33:59 --> 404 Page Not Found: Whir_system/module
ERROR - 2017-05-02 23:34:00 --> 404 Page Not Found: System/Login.aspx
ERROR - 2017-05-02 23:34:00 --> 404 Page Not Found: User/Login.aspx
ERROR - 2017-05-02 23:34:00 --> 404 Page Not Found: Count/CounterLink.asp
ERROR - 2017-05-02 23:34:01 --> 404 Page Not Found: API/DW
ERROR - 2017-05-02 23:34:01 --> 404 Page Not Found: API/DW
ERROR - 2017-05-02 23:34:02 --> 404 Page Not Found: API/DW
ERROR - 2017-05-02 23:34:03 --> 404 Page Not Found: Admin/Common
ERROR - 2017-05-02 23:34:03 --> 404 Page Not Found: API/DW
ERROR - 2017-05-02 23:34:03 --> 404 Page Not Found: API/DW
ERROR - 2017-05-02 23:34:04 --> 404 Page Not Found: Admin/Login.aspx
ERROR - 2017-05-02 23:34:04 --> 404 Page Not Found: Admin/Images
ERROR - 2017-05-02 23:34:04 --> 404 Page Not Found: Template/Default
ERROR - 2017-05-02 23:34:04 --> 404 Page Not Found: Prompt/images
ERROR - 2017-05-02 23:34:05 --> 404 Page Not Found: Admin/Images
ERROR - 2017-05-02 23:34:05 --> 404 Page Not Found: App/Tpl
ERROR - 2017-05-02 23:34:06 --> 404 Page Not Found: Script/valid_formdata.js
ERROR - 2017-05-02 23:34:06 --> 404 Page Not Found: Stylesheetcss/index
ERROR - 2017-05-02 23:34:06 --> 404 Page Not Found: Includes/general.js
ERROR - 2017-05-02 23:34:07 --> 404 Page Not Found: E/data
ERROR - 2017-05-02 23:34:07 --> 404 Page Not Found: Archiver/index
ERROR - 2017-05-02 23:34:08 --> 404 Page Not Found: Tools/rss.aspx
ERROR - 2017-05-02 23:34:08 --> 404 Page Not Found: Admin_loginasp/index
ERROR - 2017-05-02 23:34:08 --> 404 Page Not Found: Administrator/images
ERROR - 2017-05-02 23:34:09 --> 404 Page Not Found: Images/ASK_logo.gif
ERROR - 2017-05-02 23:34:09 --> 404 Page Not Found: Adminsoft/templates
ERROR - 2017-05-02 23:34:09 --> 404 Page Not Found: Vcms/admin.do
ERROR - 2017-05-02 23:34:09 --> 404 Page Not Found: Vcms/favicon.ico
ERROR - 2017-05-02 23:34:10 --> 404 Page Not Found: Vcms/templates
ERROR - 2017-05-02 23:34:10 --> 404 Page Not Found: Action-login/index
ERROR - 2017-05-02 23:34:11 --> 404 Page Not Found: Data/install.lock
ERROR - 2017-05-02 23:34:11 --> 404 Page Not Found: Action-site-type-map/index
ERROR - 2017-05-02 23:34:11 --> 404 Page Not Found: Action-site-type-linkhtml/index
ERROR - 2017-05-02 23:34:12 --> 404 Page Not Found: Admin/images
ERROR - 2017-05-02 23:34:12 --> 404 Page Not Found: Admin/images
ERROR - 2017-05-02 23:34:13 --> 404 Page Not Found: Mthemes/default
ERROR - 2017-05-02 23:34:13 --> 404 Page Not Found: Archive/archive.css
ERROR - 2017-05-02 23:34:13 --> 404 Page Not Found: Clientscript/vbulletin_ajax_htmlloader.js
ERROR - 2017-05-02 23:34:14 --> 404 Page Not Found: Cms/index
ERROR - 2017-05-02 23:34:14 --> 404 Page Not Found: Sp/login
ERROR - 2017-05-02 23:34:15 --> 404 Page Not Found: ServerInfotxt/index
ERROR - 2017-05-02 23:34:15 --> 404 Page Not Found: Config/ZL_License.txt
ERROR - 2017-05-02 23:34:15 --> 404 Page Not Found: Try/index
ERROR - 2017-05-02 23:34:16 --> 404 Page Not Found: Images/logo.png
ERROR - 2017-05-02 23:34:16 --> 404 Page Not Found: Ntalker/lawfirm.aspx
ERROR - 2017-05-02 23:34:16 --> 404 Page Not Found: Searchhtml/index
ERROR - 2017-05-02 23:34:16 --> 404 Page Not Found: Loginasp/index
ERROR - 2017-05-02 23:34:17 --> 404 Page Not Found: Feedasp/index
ERROR - 2017-05-02 23:34:17 --> 404 Page Not Found: Inc/Templates
ERROR - 2017-05-02 23:34:17 --> 404 Page Not Found: Jcms/index.jsp
ERROR - 2017-05-02 23:34:18 --> 404 Page Not Found: Jcms/index_jcms.jsp
ERROR - 2017-05-02 23:34:18 --> 404 Page Not Found: Resource/Counter.aspx
ERROR - 2017-05-02 23:34:18 --> 404 Page Not Found: Broadcast/broadcastview.aspx
ERROR - 2017-05-02 23:34:19 --> 404 Page Not Found: Historytxt/index
ERROR - 2017-05-02 23:34:19 --> 404 Page Not Found: Common/common.js
ERROR - 2017-05-02 23:34:20 --> 404 Page Not Found: Ks_inc/ajax.js
ERROR - 2017-05-02 23:34:20 --> 404 Page Not Found: Api/api_user.xml
ERROR - 2017-05-02 23:34:20 --> 404 Page Not Found: Ycportal/js
ERROR - 2017-05-02 23:34:21 --> 404 Page Not Found: Static/hgicon.png
ERROR - 2017-05-02 23:34:21 --> 404 Page Not Found: Template/home.htm
ERROR - 2017-05-02 23:34:21 --> 404 Page Not Found: System/skins
ERROR - 2017-05-02 23:34:22 --> 404 Page Not Found: System/language
ERROR - 2017-05-02 23:34:22 --> 404 Page Not Found: Js/ajax_x.js
ERROR - 2017-05-02 23:34:22 --> 404 Page Not Found: Images/login_Name.jpg
ERROR - 2017-05-02 23:34:23 --> 404 Page Not Found: Datacenter/downloadApp
ERROR - 2017-05-02 23:34:23 --> 404 Page Not Found: Licencetxt/index
ERROR - 2017-05-02 23:34:24 --> 404 Page Not Found: Images/logo_88x31.gif
ERROR - 2017-05-02 23:34:24 --> 404 Page Not Found: Rssaspx/index
ERROR - 2017-05-02 23:34:25 --> 404 Page Not Found: Max-templates/classic
ERROR - 2017-05-02 23:34:26 --> 404 Page Not Found: Plug/publish
ERROR - 2017-05-02 23:34:26 --> 404 Page Not Found: Lib/js
ERROR - 2017-05-02 23:34:27 --> 404 Page Not Found: Theme/default
ERROR - 2017-05-02 23:34:27 --> 404 Page Not Found: Public/Admin
ERROR - 2017-05-02 23:34:28 --> 404 Page Not Found: Public/about.html
ERROR - 2017-05-02 23:34:28 --> 404 Page Not Found: Help/en
ERROR - 2017-05-02 23:34:28 --> 404 Page Not Found: Imagesschool/style1
ERROR - 2017-05-02 23:34:28 --> 404 Page Not Found: Script/login.js
ERROR - 2017-05-02 23:34:29 --> 404 Page Not Found: Images/zh-CN
ERROR - 2017-05-02 23:34:29 --> 404 Page Not Found: Customdir/images
ERROR - 2017-05-02 23:34:29 --> 404 Page Not Found: Images/favicon.ico
ERROR - 2017-05-02 23:34:30 --> 404 Page Not Found: Images/logo-white.png
ERROR - 2017-05-02 23:34:30 --> 404 Page Not Found: Include/dedeajax2.js
ERROR - 2017-05-02 23:34:30 --> 404 Page Not Found: Data/admin
ERROR - 2017-05-02 23:34:31 --> 404 Page Not Found: Plus/sitemap.html
ERROR - 2017-05-02 23:34:31 --> 404 Page Not Found: Plus/rssmap.html
ERROR - 2017-05-02 23:34:32 --> 404 Page Not Found: Member/space
ERROR - 2017-05-02 23:34:32 --> 404 Page Not Found: Plus/img
ERROR - 2017-05-02 23:34:32 --> 404 Page Not Found: Archiver/index
ERROR - 2017-05-02 23:34:33 --> 404 Page Not Found: CHANGELOGtxt/index
ERROR - 2017-05-02 23:34:33 --> 404 Page Not Found: Changelogtxt/index
ERROR - 2017-05-02 23:34:35 --> 404 Page Not Found: Help/index
ERROR - 2017-05-02 23:34:35 --> 404 Page Not Found: Images/branding
ERROR - 2017-05-02 23:34:35 --> 404 Page Not Found: Install/logo.gif
ERROR - 2017-05-02 23:34:36 --> 404 Page Not Found: Install/index.asp
ERROR - 2017-05-02 23:34:36 --> 404 Page Not Found: Admin/login.asp
ERROR - 2017-05-02 23:34:36 --> 404 Page Not Found: Images/actcms.css
ERROR - 2017-05-02 23:34:36 --> 404 Page Not Found: Plus/search
ERROR - 2017-05-02 23:34:37 --> 404 Page Not Found: ACT_inc/Act.js
ERROR - 2017-05-02 23:34:37 --> 404 Page Not Found: ACT_inc/T
ERROR - 2017-05-02 23:34:37 --> 404 Page Not Found: WMcms_Typeasp/index
ERROR - 2017-05-02 23:34:38 --> 404 Page Not Found: CSS/wMcms_default.css
ERROR - 2017-05-02 23:34:38 --> 404 Page Not Found: Nz0808/index.asp
ERROR - 2017-05-02 23:34:38 --> 404 Page Not Found: Skywcm/index.jsp
ERROR - 2017-05-02 23:34:38 --> 404 Page Not Found: Wcm/login.jsp
ERROR - 2017-05-02 23:34:39 --> 404 Page Not Found: Cwsfiles/component
ERROR - 2017-05-02 23:34:39 --> 404 Page Not Found: Structure/index.htm
ERROR - 2017-05-02 23:34:39 --> 404 Page Not Found: Admin/Admin_Login.asp
ERROR - 2017-05-02 23:34:40 --> 404 Page Not Found: IMAGES/logo.gif
ERROR - 2017-05-02 23:34:40 --> 404 Page Not Found: Cms/cms
ERROR - 2017-05-02 23:34:40 --> 404 Page Not Found: Cms/cms
ERROR - 2017-05-02 23:34:41 --> 404 Page Not Found: Inc/js
ERROR - 2017-05-02 23:34:41 --> 404 Page Not Found: Admin/Admin_Login.asp
ERROR - 2017-05-02 23:34:41 --> 404 Page Not Found: Connasp/index
ERROR - 2017-05-02 23:34:42 --> 404 Page Not Found: ShowLoginasp/index
ERROR - 2017-05-02 23:34:42 --> 404 Page Not Found: Language/Gb2312.xml
ERROR - 2017-05-02 23:34:42 --> 404 Page Not Found: SiteMap/Article_1.xml
ERROR - 2017-05-02 23:34:42 --> 404 Page Not Found: Article/Js
ERROR - 2017-05-02 23:34:44 --> 404 Page Not Found: Soft/JS
ERROR - 2017-05-02 23:34:44 --> 404 Page Not Found: Article/Js
ERROR - 2017-05-02 23:34:44 --> 404 Page Not Found: Ecdomain/login.do
ERROR - 2017-05-02 23:34:45 --> 404 Page Not Found: Ecdomain/ecplatform
ERROR - 2017-05-02 23:34:45 --> 404 Page Not Found: Ecdomain/portal
ERROR - 2017-05-02 23:34:45 --> 404 Page Not Found: Widgets/Scripts
ERROR - 2017-05-02 23:34:45 --> 404 Page Not Found: Admin/Signin.aspx
ERROR - 2017-05-02 23:34:46 --> 404 Page Not Found: Admin/images
ERROR - 2017-05-02 23:34:46 --> 404 Page Not Found: Admin/images
ERROR - 2017-05-02 23:34:46 --> 404 Page Not Found: Admin/theme
ERROR - 2017-05-02 23:34:47 --> 404 Page Not Found: Wcmfiles/js
ERROR - 2017-05-02 23:34:47 --> 404 Page Not Found: Wps/portal
ERROR - 2017-05-02 23:34:47 --> 404 Page Not Found: Wps/peopleawareness
ERROR - 2017-05-02 23:34:48 --> 404 Page Not Found: Wps_semanticTag/javascript
ERROR - 2017-05-02 23:34:48 --> 404 Page Not Found: Wps/PA_PABJCSGENERALPROJE
ERROR - 2017-05-02 23:34:48 --> 404 Page Not Found: Wps/menu
ERROR - 2017-05-02 23:34:49 --> 404 Page Not Found: Wps/themes
ERROR - 2017-05-02 23:34:49 --> 404 Page Not Found: Wps/themes
ERROR - 2017-05-02 23:34:49 --> 404 Page Not Found: Sys/Contents
ERROR - 2017-05-02 23:34:50 --> 404 Page Not Found: AdminCP/login.do
ERROR - 2017-05-02 23:34:50 --> 404 Page Not Found: AdminCP/index
ERROR - 2017-05-02 23:34:50 --> 404 Page Not Found: AdminCP/Publisher
ERROR - 2017-05-02 23:34:51 --> 404 Page Not Found: Easycms/topic.do
ERROR - 2017-05-02 23:34:52 --> 404 Page Not Found: Jeaf/sso
ERROR - 2017-05-02 23:34:52 --> 404 Page Not Found: ConfigWeb%5CIndexaspx/index
ERROR - 2017-05-02 23:34:52 --> 404 Page Not Found: AdminManager/AdminLogo.aspx
ERROR - 2017-05-02 23:34:52 --> 404 Page Not Found: AdminManager/Images
ERROR - 2017-05-02 23:34:53 --> 404 Page Not Found: AdminManager/images
ERROR - 2017-05-02 23:34:53 --> 404 Page Not Found: System/sys_login_easysite.asp
ERROR - 2017-05-02 23:34:53 --> 404 Page Not Found: System/sys_login_eos.asp
ERROR - 2017-05-02 23:34:54 --> 404 Page Not Found: System/sys_login_ex6.asp
ERROR - 2017-05-02 23:34:54 --> 404 Page Not Found: Cms4jadmin/login.jsp
ERROR - 2017-05-02 23:34:54 --> 404 Page Not Found: Cms4jadmin/login_ok.jsp
ERROR - 2017-05-02 23:34:54 --> 404 Page Not Found: Cms/webback
ERROR - 2017-05-02 23:34:55 --> 404 Page Not Found: Cms/webback
ERROR - 2017-05-02 23:34:55 --> 404 Page Not Found: Img/pic
ERROR - 2017-05-02 23:34:56 --> 404 Page Not Found: IndexViewControllerdo/index
ERROR - 2017-05-02 23:34:56 --> 404 Page Not Found: View/resource
ERROR - 2017-05-02 23:34:56 --> 404 Page Not Found: View/resource
ERROR - 2017-05-02 23:34:56 --> 404 Page Not Found: View/resource
ERROR - 2017-05-02 23:34:57 --> 404 Page Not Found: Indexdo/index
ERROR - 2017-05-02 23:34:57 --> 404 Page Not Found: Zfstyle_v4/logo
ERROR - 2017-05-02 23:34:57 --> 404 Page Not Found: Include/EcsServerApi.js
ERROR - 2017-05-02 23:34:59 --> 404 Page Not Found: Images/Default_bg_002.gif
ERROR - 2017-05-02 23:34:59 --> 404 Page Not Found: M/index
ERROR - 2017-05-02 23:35:00 --> 404 Page Not Found: Custom/SkinTemplate
ERROR - 2017-05-02 23:35:00 --> 404 Page Not Found: Eams/static
ERROR - 2017-05-02 23:35:01 --> 404 Page Not Found: Templates/default
ERROR - 2017-05-02 23:35:01 --> 404 Page Not Found: Sofprogecsinterview/interview
ERROR - 2017-05-02 23:35:02 --> 404 Page Not Found: Sofpro/cms
ERROR - 2017-05-02 23:35:02 --> 404 Page Not Found: Sofpro/index
ERROR - 2017-05-02 23:35:02 --> 404 Page Not Found: Sofpro/cms
ERROR - 2017-05-02 23:35:03 --> 404 Page Not Found: Sofpro/images
ERROR - 2017-05-02 23:35:03 --> 404 Page Not Found: Sofpro/images
ERROR - 2017-05-02 23:35:03 --> 404 Page Not Found: Loginjspx/index
ERROR - 2017-05-02 23:35:04 --> 404 Page Not Found: Login/Jeecms.do
ERROR - 2017-05-02 23:35:04 --> 404 Page Not Found: Jeeadmin/jeecms
ERROR - 2017-05-02 23:35:04 --> 404 Page Not Found: Webbuilder/script
ERROR - 2017-05-02 23:35:05 --> 404 Page Not Found: Include/install_ocx.aspx
ERROR - 2017-05-02 23:35:05 --> 404 Page Not Found: Data/images
ERROR - 2017-05-02 23:35:05 --> 404 Page Not Found: Nobody/mobile.htm
ERROR - 2017-05-02 23:35:06 --> 404 Page Not Found: System/Update.aspx
ERROR - 2017-05-02 23:35:06 --> 404 Page Not Found: Site/Pages
ERROR - 2017-05-02 23:35:06 --> 404 Page Not Found: Site/SystemThemes
ERROR - 2017-05-02 23:35:07 --> 404 Page Not Found: Static/images
ERROR - 2017-05-02 23:35:08 --> 404 Page Not Found: Wp-content/index
ERROR - 2017-05-02 23:35:08 --> 404 Page Not Found: Licensetxt/index
ERROR - 2017-05-02 23:35:09 --> 404 Page Not Found: Readmehtml/index
ERROR - 2017-05-02 23:35:09 --> 404 Page Not Found: Business/images
ERROR - 2017-05-02 23:35:09 --> 404 Page Not Found: Logo/logo_jw.png
ERROR - 2017-05-02 23:35:09 --> 404 Page Not Found: Was/help.jsp
ERROR - 2017-05-02 23:35:10 --> 404 Page Not Found: Was5/web
ERROR - 2017-05-02 23:35:10 --> 404 Page Not Found: Was/main.html
ERROR - 2017-05-02 23:35:10 --> 404 Page Not Found: Was5/web
ERROR - 2017-05-02 23:35:11 --> 404 Page Not Found: Was40/search
ERROR - 2017-05-02 23:35:12 --> 404 Page Not Found: _dwr/engine.js
ERROR - 2017-05-02 23:35:12 --> 404 Page Not Found: _dwr/interface
ERROR - 2017-05-02 23:35:12 --> 404 Page Not Found: _dwr/interface
ERROR - 2017-05-02 23:35:13 --> 404 Page Not Found: _dwr/interface
ERROR - 2017-05-02 23:35:13 --> 404 Page Not Found: Phpmyadmin/index
ERROR - 2017-05-02 23:35:13 --> 404 Page Not Found: Weblog/index
ERROR - 2017-05-02 23:35:14 --> 404 Page Not Found: Blog/index
ERROR - 2017-05-02 23:35:14 --> 404 Page Not Found: Forum/index
ERROR - 2017-05-02 23:35:14 --> 404 Page Not Found: Bbs/index
ERROR - 2017-05-02 23:35:15 --> 404 Page Not Found: Wcm/index
ERROR - 2017-05-02 23:35:15 --> 404 Page Not Found: Admin/editor
