ERROR - 2017-05-08 01:18:28 --> 404 Page Not Found: Phpmyadmin/index
ERROR - 2017-05-08 03:01:24 --> 404 Page Not Found: Phpmyadmin/index
ERROR - 2017-05-08 03:43:25 --> 404 Page Not Found: Manager/html
ERROR - 2017-05-08 04:29:11 --> 404 Page Not Found: Phpmyadmin/index
ERROR - 2017-05-08 08:52:19 --> 404 Page Not Found: A2billing/common
ERROR - 2017-05-08 10:12:14 --> 404 Page Not Found: Phpmyadmin/index
ERROR - 2017-05-08 11:41:42 --> 404 Page Not Found: A2billing/common
ERROR - 2017-05-08 13:14:00 --> 404 Page Not Found: Wp-includes/js
ERROR - 2017-05-08 13:14:00 --> 404 Page Not Found: Skins/vector
ERROR - 2017-05-08 13:14:00 --> 404 Page Not Found: Misc/states.js
ERROR - 2017-05-08 13:14:01 --> 404 Page Not Found: Static/js
ERROR - 2017-05-08 13:14:01 --> 404 Page Not Found: Include/js
ERROR - 2017-05-08 13:14:01 --> 404 Page Not Found: Include/js
ERROR - 2017-05-08 13:14:02 --> 404 Page Not Found: Include/js
ERROR - 2017-05-08 13:14:02 --> 404 Page Not Found: Res/js
ERROR - 2017-05-08 13:14:03 --> 404 Page Not Found: Js/wind_editor.js
ERROR - 2017-05-08 13:14:03 --> 404 Page Not Found: Styles/prosilver
ERROR - 2017-05-08 13:14:03 --> 404 Page Not Found: Styles/prosilver
ERROR - 2017-05-08 13:14:04 --> 404 Page Not Found: Editor/ubb
ERROR - 2017-05-08 13:14:04 --> 404 Page Not Found: Template/default
ERROR - 2017-05-08 13:14:04 --> 404 Page Not Found: Static/js
ERROR - 2017-05-08 13:14:05 --> 404 Page Not Found: Images/js
ERROR - 2017-05-08 13:14:05 --> 404 Page Not Found: Templets/style
ERROR - 2017-05-08 13:14:06 --> 404 Page Not Found: Include/dedeajax2.js
ERROR - 2017-05-08 13:14:06 --> 404 Page Not Found: Images/default
ERROR - 2017-05-08 13:14:06 --> 404 Page Not Found: Js/lang
ERROR - 2017-05-08 13:14:07 --> 404 Page Not Found: Js/lang
ERROR - 2017-05-08 13:14:07 --> 404 Page Not Found: D/js
ERROR - 2017-05-08 13:14:08 --> 404 Page Not Found: Skin/default
ERROR - 2017-05-08 13:14:08 --> 404 Page Not Found: Media/system
ERROR - 2017-05-08 13:14:08 --> 404 Page Not Found: Media/system
ERROR - 2017-05-08 13:14:09 --> 404 Page Not Found: Lang/zh
ERROR - 2017-05-08 13:14:09 --> 404 Page Not Found: Style/default
ERROR - 2017-05-08 13:14:09 --> 404 Page Not Found: Lang/zh
ERROR - 2017-05-08 13:14:10 --> 404 Page Not Found: Rockmongo/index
ERROR - 2017-05-08 13:14:10 --> 404 Page Not Found: Server-status/index
ERROR - 2017-05-08 13:14:11 --> 404 Page Not Found: Ueditoralljs/index
ERROR - 2017-05-08 13:14:11 --> 404 Page Not Found: Wikilibd/PmWiki.ChangeLog
ERROR - 2017-05-08 13:14:11 --> 404 Page Not Found: 4e5e5d7364f443e28fbf0d3ae744a59a/index
ERROR - 2017-05-08 13:14:12 --> 404 Page Not Found: Jenkins/index
ERROR - 2017-05-08 13:15:22 --> 404 Page Not Found: Wp-includes/js
ERROR - 2017-05-08 13:15:22 --> 404 Page Not Found: Skins/vector
ERROR - 2017-05-08 13:15:23 --> 404 Page Not Found: Misc/states.js
ERROR - 2017-05-08 13:15:23 --> 404 Page Not Found: Static/js
ERROR - 2017-05-08 13:15:23 --> 404 Page Not Found: Include/js
ERROR - 2017-05-08 13:15:24 --> 404 Page Not Found: Include/js
ERROR - 2017-05-08 13:15:24 --> 404 Page Not Found: Include/js
ERROR - 2017-05-08 13:15:25 --> 404 Page Not Found: Res/js
ERROR - 2017-05-08 13:15:25 --> 404 Page Not Found: Js/wind_editor.js
ERROR - 2017-05-08 13:15:25 --> 404 Page Not Found: Styles/prosilver
ERROR - 2017-05-08 13:15:26 --> 404 Page Not Found: Styles/prosilver
ERROR - 2017-05-08 13:15:26 --> 404 Page Not Found: Editor/ubb
ERROR - 2017-05-08 13:15:26 --> 404 Page Not Found: Template/default
ERROR - 2017-05-08 13:15:27 --> 404 Page Not Found: Static/js
ERROR - 2017-05-08 13:15:27 --> 404 Page Not Found: Images/js
ERROR - 2017-05-08 13:15:28 --> 404 Page Not Found: Templets/style
ERROR - 2017-05-08 13:15:28 --> 404 Page Not Found: Include/dedeajax2.js
ERROR - 2017-05-08 13:15:28 --> 404 Page Not Found: Images/default
ERROR - 2017-05-08 13:15:29 --> 404 Page Not Found: Js/lang
ERROR - 2017-05-08 13:15:29 --> 404 Page Not Found: Js/lang
ERROR - 2017-05-08 13:15:30 --> 404 Page Not Found: D/js
ERROR - 2017-05-08 13:15:30 --> 404 Page Not Found: Skin/default
ERROR - 2017-05-08 13:15:30 --> 404 Page Not Found: Media/system
ERROR - 2017-05-08 13:15:31 --> 404 Page Not Found: Media/system
ERROR - 2017-05-08 13:15:31 --> 404 Page Not Found: Lang/zh
ERROR - 2017-05-08 13:15:31 --> 404 Page Not Found: Style/default
ERROR - 2017-05-08 13:15:32 --> 404 Page Not Found: Lang/zh
ERROR - 2017-05-08 13:15:32 --> 404 Page Not Found: Rockmongo/index
ERROR - 2017-05-08 13:15:32 --> 404 Page Not Found: Server-status/index
ERROR - 2017-05-08 13:15:33 --> 404 Page Not Found: Ueditoralljs/index
ERROR - 2017-05-08 13:15:33 --> 404 Page Not Found: Wikilibd/PmWiki.ChangeLog
ERROR - 2017-05-08 13:15:34 --> 404 Page Not Found: 4e5e5d7364f443e28fbf0d3ae744a59a/index
ERROR - 2017-05-08 13:15:34 --> 404 Page Not Found: Jenkins/index
ERROR - 2017-05-08 16:09:03 --> 404 Page Not Found: Cache/global
ERROR - 2017-05-08 16:46:28 --> 404 Page Not Found: Rockmongo/index
ERROR - 2017-05-08 21:55:38 --> 404 Page Not Found: Phpmyadmin/index
