ERROR - 2017-06-28 00:16:52 --> 404 Page Not Found: Manager/html
ERROR - 2017-06-28 01:58:13 --> 404 Page Not Found: Phpmyadmin/index
ERROR - 2017-06-28 07:05:13 --> 404 Page Not Found: HndUnblockcgi/index
ERROR - 2017-06-28 07:05:14 --> 404 Page Not Found: TmUnblockcgi/index
ERROR - 2017-06-28 07:05:15 --> 404 Page Not Found: Moo/index
ERROR - 2017-06-28 07:17:15 --> 404 Page Not Found: Cache/global
ERROR - 2017-06-28 10:15:35 --> 404 Page Not Found: Moo/index
ERROR - 2017-06-28 13:12:34 --> 404 Page Not Found: Manager/html
ERROR - 2017-06-28 14:43:29 --> 404 Page Not Found: Wp-includes/js
ERROR - 2017-06-28 14:43:30 --> 404 Page Not Found: Skins/vector
ERROR - 2017-06-28 14:43:30 --> 404 Page Not Found: Misc/states.js
ERROR - 2017-06-28 14:43:31 --> 404 Page Not Found: Static/js
ERROR - 2017-06-28 14:43:31 --> 404 Page Not Found: Include/js
ERROR - 2017-06-28 14:43:31 --> 404 Page Not Found: Include/js
ERROR - 2017-06-28 14:43:32 --> 404 Page Not Found: Include/js
ERROR - 2017-06-28 14:43:32 --> 404 Page Not Found: Res/js
ERROR - 2017-06-28 14:43:32 --> 404 Page Not Found: Js/wind_editor.js
ERROR - 2017-06-28 14:43:33 --> 404 Page Not Found: Styles/prosilver
ERROR - 2017-06-28 14:43:33 --> 404 Page Not Found: Styles/prosilver
ERROR - 2017-06-28 14:43:34 --> 404 Page Not Found: Editor/ubb
ERROR - 2017-06-28 14:43:34 --> 404 Page Not Found: Template/default
ERROR - 2017-06-28 14:43:34 --> 404 Page Not Found: Static/js
ERROR - 2017-06-28 14:43:35 --> 404 Page Not Found: Images/js
ERROR - 2017-06-28 14:43:35 --> 404 Page Not Found: Templets/style
ERROR - 2017-06-28 14:43:35 --> 404 Page Not Found: Include/dedeajax2.js
ERROR - 2017-06-28 14:43:36 --> 404 Page Not Found: Images/default
ERROR - 2017-06-28 14:43:36 --> 404 Page Not Found: Js/lang
ERROR - 2017-06-28 14:43:37 --> 404 Page Not Found: Js/lang
ERROR - 2017-06-28 14:43:37 --> 404 Page Not Found: D/js
ERROR - 2017-06-28 14:43:37 --> 404 Page Not Found: Skin/default
ERROR - 2017-06-28 14:43:38 --> 404 Page Not Found: Media/system
ERROR - 2017-06-28 14:43:38 --> 404 Page Not Found: Media/system
ERROR - 2017-06-28 14:43:38 --> 404 Page Not Found: Lang/zh
ERROR - 2017-06-28 14:43:39 --> 404 Page Not Found: Style/default
ERROR - 2017-06-28 14:43:39 --> 404 Page Not Found: Lang/zh
ERROR - 2017-06-28 14:43:39 --> 404 Page Not Found: Rockmongo/index
ERROR - 2017-06-28 14:43:40 --> 404 Page Not Found: Server-status/index
ERROR - 2017-06-28 14:43:40 --> 404 Page Not Found: Ueditoralljs/index
ERROR - 2017-06-28 14:43:41 --> 404 Page Not Found: Wikilibd/PmWiki.ChangeLog
ERROR - 2017-06-28 14:43:41 --> 404 Page Not Found: 4e5e5d7364f443e28fbf0d3ae744a59a/index
ERROR - 2017-06-28 14:43:41 --> 404 Page Not Found: Jenkins/index
ERROR - 2017-06-28 15:14:01 --> 404 Page Not Found: Manager/html
ERROR - 2017-06-28 16:15:17 --> 404 Page Not Found: Manager/html
ERROR - 2017-06-28 17:28:28 --> 404 Page Not Found: 4e5e5d7364f443e28fbf0d3ae744a59a/index
ERROR - 2017-06-28 17:41:30 --> 404 Page Not Found: Phpmyadmin/index
ERROR - 2017-06-28 18:39:15 --> 404 Page Not Found: Skins/vector
ERROR - 2017-06-28 19:01:06 --> 404 Page Not Found: Manager/html
