ERROR - 2017-03-27 00:16:24 --> 404 Page Not Found: Struts-251/login.action
ERROR - 2017-03-27 00:55:39 --> 404 Page Not Found: Portal/client
ERROR - 2017-03-27 00:57:38 --> 404 Page Not Found: Struts-25/login.action
ERROR - 2017-03-27 03:07:31 --> 404 Page Not Found: Struts-2510/login.action
ERROR - 2017-03-27 03:32:06 --> 404 Page Not Found: Shell/index
ERROR - 2017-03-27 03:32:16 --> 404 Page Not Found: Shell/index
ERROR - 2017-03-27 03:53:08 --> 404 Page Not Found: Struts-25-BETA2/login.action
ERROR - 2017-03-27 03:53:09 --> 404 Page Not Found: Struts-23201/login.action
ERROR - 2017-03-27 03:53:18 --> 404 Page Not Found: Struts-23201/login.action
ERROR - 2017-03-27 03:53:18 --> 404 Page Not Found: Struts-23201/login.action
ERROR - 2017-03-27 03:53:18 --> 404 Page Not Found: Struts-23201/login.action
ERROR - 2017-03-27 03:53:18 --> 404 Page Not Found: Struts-23201/login.action
ERROR - 2017-03-27 03:53:18 --> 404 Page Not Found: Struts-23241/login.action
ERROR - 2017-03-27 05:22:52 --> 404 Page Not Found: Cache/global
ERROR - 2017-03-27 05:35:08 --> 404 Page Not Found: Faviconico/index
ERROR - 2017-03-27 05:35:11 --> 404 Page Not Found: Faviconico/index
ERROR - 2017-03-27 05:36:07 --> 404 Page Not Found: Faviconico/index
ERROR - 2017-03-27 05:38:19 --> 404 Page Not Found: Manager/html
ERROR - 2017-03-27 05:41:02 --> 404 Page Not Found: Faviconico/index
ERROR - 2017-03-27 05:41:04 --> 404 Page Not Found: Faviconico/index
ERROR - 2017-03-27 05:41:29 --> 404 Page Not Found: Faviconico/index
ERROR - 2017-03-27 05:42:07 --> 404 Page Not Found: Faviconico/index
ERROR - 2017-03-27 05:57:56 --> 404 Page Not Found: Portal/client
ERROR - 2017-03-27 05:57:56 --> 404 Page Not Found: Admin/agent
ERROR - 2017-03-27 05:57:57 --> 404 Page Not Found: Vportal/web
ERROR - 2017-03-27 05:57:58 --> 404 Page Not Found: Struts2_23151-showcase/showcase.action
ERROR - 2017-03-27 05:57:59 --> 404 Page Not Found: Struts2-showcase/login.action
ERROR - 2017-03-27 05:57:59 --> 404 Page Not Found: Struts/login.action
ERROR - 2017-03-27 05:58:00 --> 404 Page Not Found: Struts2/login.action
ERROR - 2017-03-27 05:58:01 --> 404 Page Not Found: Web/Index.action
ERROR - 2017-03-27 06:16:18 --> 404 Page Not Found: Struts2-core-238/login.action
ERROR - 2017-03-27 07:25:26 --> 404 Page Not Found: Struts-2510/login.action
ERROR - 2017-03-27 07:26:26 --> 404 Page Not Found: Shell/index
ERROR - 2017-03-27 07:39:58 --> 404 Page Not Found: Wp-includes/js
ERROR - 2017-03-27 07:39:58 --> 404 Page Not Found: Skins/vector
ERROR - 2017-03-27 07:39:59 --> 404 Page Not Found: Misc/states.js
ERROR - 2017-03-27 07:39:59 --> 404 Page Not Found: Static/js
ERROR - 2017-03-27 07:39:59 --> 404 Page Not Found: Include/js
ERROR - 2017-03-27 07:40:00 --> 404 Page Not Found: Include/js
ERROR - 2017-03-27 07:40:00 --> 404 Page Not Found: Include/js
ERROR - 2017-03-27 07:40:01 --> 404 Page Not Found: Res/js
ERROR - 2017-03-27 07:40:01 --> 404 Page Not Found: Js/wind_editor.js
ERROR - 2017-03-27 07:40:02 --> 404 Page Not Found: Styles/prosilver
ERROR - 2017-03-27 07:40:02 --> 404 Page Not Found: Styles/prosilver
ERROR - 2017-03-27 07:40:03 --> 404 Page Not Found: Editor/ubb
ERROR - 2017-03-27 07:40:03 --> 404 Page Not Found: Template/default
ERROR - 2017-03-27 07:40:04 --> 404 Page Not Found: Static/js
ERROR - 2017-03-27 07:40:04 --> 404 Page Not Found: Images/js
ERROR - 2017-03-27 07:40:04 --> 404 Page Not Found: Templets/style
ERROR - 2017-03-27 07:40:05 --> 404 Page Not Found: Include/dedeajax2.js
ERROR - 2017-03-27 07:40:05 --> 404 Page Not Found: Images/default
ERROR - 2017-03-27 07:40:06 --> 404 Page Not Found: Js/lang
ERROR - 2017-03-27 07:40:06 --> 404 Page Not Found: Js/lang
ERROR - 2017-03-27 07:40:06 --> 404 Page Not Found: D/js
ERROR - 2017-03-27 07:40:07 --> 404 Page Not Found: Skin/default
ERROR - 2017-03-27 07:40:07 --> 404 Page Not Found: Media/system
ERROR - 2017-03-27 07:40:08 --> 404 Page Not Found: Media/system
ERROR - 2017-03-27 07:40:08 --> 404 Page Not Found: Lang/zh
ERROR - 2017-03-27 07:40:09 --> 404 Page Not Found: Style/default
ERROR - 2017-03-27 07:40:09 --> 404 Page Not Found: Lang/zh
ERROR - 2017-03-27 07:40:09 --> 404 Page Not Found: Rockmongo/index
ERROR - 2017-03-27 07:40:10 --> 404 Page Not Found: Server-status/index
ERROR - 2017-03-27 07:40:10 --> 404 Page Not Found: Ueditoralljs/index
ERROR - 2017-03-27 07:40:10 --> 404 Page Not Found: Please_read/_search
ERROR - 2017-03-27 07:40:11 --> 404 Page Not Found: Pleasereadthis/index
ERROR - 2017-03-27 07:40:11 --> 404 Page Not Found: Wikilibd/PmWiki.ChangeLog
ERROR - 2017-03-27 07:40:12 --> 404 Page Not Found: Warning/index
ERROR - 2017-03-27 07:40:12 --> 404 Page Not Found: 4e5e5d7364f443e28fbf0d3ae744a59a/index
ERROR - 2017-03-27 07:40:12 --> 404 Page Not Found: Jenkins/index
ERROR - 2017-03-27 07:46:13 --> 404 Page Not Found: Struts2_23151-showcase/showcase.action
ERROR - 2017-03-27 07:46:26 --> 404 Page Not Found: Struts2_23151-showcase/showcase.action
ERROR - 2017-03-27 07:47:10 --> 404 Page Not Found: Manager/html
ERROR - 2017-03-27 07:47:10 --> 404 Page Not Found: Manager/html
ERROR - 2017-03-27 07:47:10 --> 404 Page Not Found: Manager/html
ERROR - 2017-03-27 07:47:10 --> 404 Page Not Found: Manager/html
ERROR - 2017-03-27 07:57:59 --> 404 Page Not Found: Web/Index.action
ERROR - 2017-03-27 08:04:52 --> 404 Page Not Found: Struts-25101-src/login.action
ERROR - 2017-03-27 08:05:01 --> 404 Page Not Found: Struts-2331/login.action
ERROR - 2017-03-27 08:08:30 --> 404 Page Not Found: Struts2/login.action
ERROR - 2017-03-27 08:08:40 --> 404 Page Not Found: Struts2/login.action
ERROR - 2017-03-27 08:20:36 --> 404 Page Not Found: Admin/agent
ERROR - 2017-03-27 10:16:27 --> 404 Page Not Found: Shell/index
ERROR - 2017-03-27 12:47:25 --> 404 Page Not Found: Shell/index
ERROR - 2017-03-27 14:11:33 --> 404 Page Not Found: Faviconico/index
ERROR - 2017-03-27 14:16:39 --> 404 Page Not Found: Phpmyadmin/index
ERROR - 2017-03-27 14:26:00 --> 404 Page Not Found: Portal/client
ERROR - 2017-03-27 14:26:01 --> 404 Page Not Found: Admin/agent
ERROR - 2017-03-27 14:26:02 --> 404 Page Not Found: Vportal/web
ERROR - 2017-03-27 14:26:03 --> 404 Page Not Found: Struts2_23151-showcase/showcase.action
ERROR - 2017-03-27 14:26:04 --> 404 Page Not Found: Struts2-showcase/login.action
ERROR - 2017-03-27 14:26:05 --> 404 Page Not Found: Struts/login.action
ERROR - 2017-03-27 14:26:06 --> 404 Page Not Found: Struts2/login.action
ERROR - 2017-03-27 14:26:06 --> 404 Page Not Found: Web/Index.action
ERROR - 2017-03-27 15:47:30 --> 404 Page Not Found: NotFoundaction/index
ERROR - 2017-03-27 15:47:39 --> 404 Page Not Found: Loginaction/index
ERROR - 2017-03-27 16:44:16 --> 404 Page Not Found: Struts2_23151-showcase/showcase.action
ERROR - 2017-03-27 16:44:26 --> 404 Page Not Found: Vportal/web
ERROR - 2017-03-27 16:44:26 --> 404 Page Not Found: Struts2-showcase/login.action
ERROR - 2017-03-27 17:56:24 --> 404 Page Not Found: Portal/client
ERROR - 2017-03-27 17:56:24 --> 404 Page Not Found: Admin/agent
ERROR - 2017-03-27 17:56:25 --> 404 Page Not Found: Vportal/web
ERROR - 2017-03-27 17:56:26 --> 404 Page Not Found: Struts2_23151-showcase/showcase.action
ERROR - 2017-03-27 17:56:26 --> 404 Page Not Found: Struts2-showcase/login.action
ERROR - 2017-03-27 17:56:27 --> 404 Page Not Found: Struts/login.action
ERROR - 2017-03-27 17:56:28 --> 404 Page Not Found: Struts2/login.action
ERROR - 2017-03-27 17:56:29 --> 404 Page Not Found: Web/Index.action
ERROR - 2017-03-27 19:25:11 --> 404 Page Not Found: Loginaction/index
ERROR - 2017-03-27 19:25:11 --> 404 Page Not Found: NotFoundaction/index
ERROR - 2017-03-27 20:55:59 --> 404 Page Not Found: Portal/client
ERROR - 2017-03-27 20:55:59 --> 404 Page Not Found: Vportal/web
ERROR - 2017-03-27 21:17:32 --> 404 Page Not Found: Admin/agent
ERROR - 2017-03-27 22:26:14 --> 404 Page Not Found: NotFoundaction/index
ERROR - 2017-03-27 23:24:12 --> 404 Page Not Found: Portal/client
ERROR - 2017-03-27 23:24:12 --> 404 Page Not Found: Admin/agent
ERROR - 2017-03-27 23:24:13 --> 404 Page Not Found: Vportal/web
ERROR - 2017-03-27 23:24:13 --> 404 Page Not Found: Struts2_23151-showcase/showcase.action
ERROR - 2017-03-27 23:24:14 --> 404 Page Not Found: Struts2-showcase/login.action
ERROR - 2017-03-27 23:24:15 --> 404 Page Not Found: Struts/login.action
ERROR - 2017-03-27 23:24:15 --> 404 Page Not Found: Struts2/login.action
ERROR - 2017-03-27 23:24:16 --> 404 Page Not Found: Web/Index.action
ERROR - 2017-03-27 23:58:16 --> 404 Page Not Found: Portal/client
