ERROR - 2017-05-05 00:43:00 --> 404 Page Not Found: Cache/global
ERROR - 2017-05-05 05:34:40 --> 404 Page Not Found: A2billing/common
ERROR - 2017-05-05 13:41:20 --> 404 Page Not Found: Wp-includes/js
ERROR - 2017-05-05 13:41:21 --> 404 Page Not Found: Skins/vector
ERROR - 2017-05-05 13:41:21 --> 404 Page Not Found: Misc/states.js
ERROR - 2017-05-05 13:41:21 --> 404 Page Not Found: Static/js
ERROR - 2017-05-05 13:41:21 --> 404 Page Not Found: Include/js
ERROR - 2017-05-05 13:41:21 --> 404 Page Not Found: Include/js
ERROR - 2017-05-05 13:41:21 --> 404 Page Not Found: Include/js
ERROR - 2017-05-05 13:41:22 --> 404 Page Not Found: Res/js
ERROR - 2017-05-05 13:41:22 --> 404 Page Not Found: Js/wind_editor.js
ERROR - 2017-05-05 13:41:22 --> 404 Page Not Found: Styles/prosilver
ERROR - 2017-05-05 13:41:22 --> 404 Page Not Found: Styles/prosilver
ERROR - 2017-05-05 13:41:22 --> 404 Page Not Found: Editor/ubb
ERROR - 2017-05-05 13:41:23 --> 404 Page Not Found: Template/default
ERROR - 2017-05-05 13:41:23 --> 404 Page Not Found: Static/js
ERROR - 2017-05-05 13:41:23 --> 404 Page Not Found: Images/js
ERROR - 2017-05-05 13:41:23 --> 404 Page Not Found: Templets/style
ERROR - 2017-05-05 13:41:23 --> 404 Page Not Found: Include/dedeajax2.js
ERROR - 2017-05-05 13:41:24 --> 404 Page Not Found: Images/default
ERROR - 2017-05-05 13:41:24 --> 404 Page Not Found: Js/lang
ERROR - 2017-05-05 13:41:24 --> 404 Page Not Found: Js/lang
ERROR - 2017-05-05 13:41:24 --> 404 Page Not Found: D/js
ERROR - 2017-05-05 13:41:24 --> 404 Page Not Found: Skin/default
ERROR - 2017-05-05 13:41:25 --> 404 Page Not Found: Media/system
ERROR - 2017-05-05 13:41:25 --> 404 Page Not Found: Media/system
ERROR - 2017-05-05 13:41:25 --> 404 Page Not Found: Lang/zh
ERROR - 2017-05-05 13:41:25 --> 404 Page Not Found: Style/default
ERROR - 2017-05-05 13:41:25 --> 404 Page Not Found: Lang/zh
ERROR - 2017-05-05 13:41:26 --> 404 Page Not Found: Rockmongo/index
ERROR - 2017-05-05 13:41:26 --> 404 Page Not Found: Server-status/index
ERROR - 2017-05-05 13:41:26 --> 404 Page Not Found: Ueditoralljs/index
ERROR - 2017-05-05 13:41:26 --> 404 Page Not Found: Wikilibd/PmWiki.ChangeLog
ERROR - 2017-05-05 13:41:26 --> 404 Page Not Found: 4e5e5d7364f443e28fbf0d3ae744a59a/index
ERROR - 2017-05-05 13:41:26 --> 404 Page Not Found: Jenkins/index
ERROR - 2017-05-05 13:42:48 --> 404 Page Not Found: Wp-includes/js
ERROR - 2017-05-05 13:42:48 --> 404 Page Not Found: Skins/vector
ERROR - 2017-05-05 13:42:49 --> 404 Page Not Found: Misc/states.js
ERROR - 2017-05-05 13:42:49 --> 404 Page Not Found: Static/js
ERROR - 2017-05-05 13:42:49 --> 404 Page Not Found: Include/js
ERROR - 2017-05-05 13:42:49 --> 404 Page Not Found: Include/js
ERROR - 2017-05-05 13:42:49 --> 404 Page Not Found: Include/js
ERROR - 2017-05-05 13:42:50 --> 404 Page Not Found: Res/js
ERROR - 2017-05-05 13:42:50 --> 404 Page Not Found: Js/wind_editor.js
ERROR - 2017-05-05 13:42:50 --> 404 Page Not Found: Styles/prosilver
ERROR - 2017-05-05 13:42:50 --> 404 Page Not Found: Styles/prosilver
ERROR - 2017-05-05 13:42:50 --> 404 Page Not Found: Editor/ubb
ERROR - 2017-05-05 13:42:51 --> 404 Page Not Found: Template/default
ERROR - 2017-05-05 13:42:51 --> 404 Page Not Found: Static/js
ERROR - 2017-05-05 13:42:51 --> 404 Page Not Found: Images/js
ERROR - 2017-05-05 13:42:51 --> 404 Page Not Found: Templets/style
ERROR - 2017-05-05 13:42:51 --> 404 Page Not Found: Include/dedeajax2.js
ERROR - 2017-05-05 13:42:52 --> 404 Page Not Found: Images/default
ERROR - 2017-05-05 13:42:52 --> 404 Page Not Found: Js/lang
ERROR - 2017-05-05 13:42:52 --> 404 Page Not Found: Js/lang
ERROR - 2017-05-05 13:42:52 --> 404 Page Not Found: D/js
ERROR - 2017-05-05 13:42:52 --> 404 Page Not Found: Skin/default
ERROR - 2017-05-05 13:42:52 --> 404 Page Not Found: Media/system
ERROR - 2017-05-05 13:42:53 --> 404 Page Not Found: Media/system
ERROR - 2017-05-05 13:42:53 --> 404 Page Not Found: Lang/zh
ERROR - 2017-05-05 13:42:53 --> 404 Page Not Found: Style/default
ERROR - 2017-05-05 13:42:53 --> 404 Page Not Found: Lang/zh
ERROR - 2017-05-05 13:42:53 --> 404 Page Not Found: Rockmongo/index
ERROR - 2017-05-05 13:42:54 --> 404 Page Not Found: Server-status/index
ERROR - 2017-05-05 13:42:54 --> 404 Page Not Found: Ueditoralljs/index
ERROR - 2017-05-05 13:42:54 --> 404 Page Not Found: Wikilibd/PmWiki.ChangeLog
ERROR - 2017-05-05 13:42:54 --> 404 Page Not Found: 4e5e5d7364f443e28fbf0d3ae744a59a/index
ERROR - 2017-05-05 13:42:54 --> 404 Page Not Found: Jenkins/index
ERROR - 2017-05-05 15:57:56 --> 404 Page Not Found: Skins/vector
ERROR - 2017-05-05 17:39:00 --> 404 Page Not Found: Server-status/index
ERROR - 2017-05-05 17:41:05 --> 404 Page Not Found: 4e5e5d7364f443e28fbf0d3ae744a59a/index
ERROR - 2017-05-05 20:56:47 --> 404 Page Not Found: Cache/global
ERROR - 2017-05-05 22:54:08 --> 404 Page Not Found: Info/SYSTEM
ERROR - 2017-05-05 22:54:08 --> 404 Page Not Found: Info/SYSTEM
ERROR - 2017-05-05 22:54:09 --> 404 Page Not Found: Ifixwebspace/index
ERROR - 2017-05-05 22:54:09 --> 404 Page Not Found: Ifixwebspace/index
ERROR - 2017-05-05 22:54:09 --> 404 Page Not Found: Info/SYSTEM
ERROR - 2017-05-05 22:54:10 --> 404 Page Not Found: Info/SYSTEM
ERROR - 2017-05-05 22:54:37 --> 404 Page Not Found: 404/search_children.js
