ERROR - 2017-04-23 04:44:05 --> 404 Page Not Found: Faviconico/index
ERROR - 2017-04-23 04:44:07 --> 404 Page Not Found: Faviconico/index
ERROR - 2017-04-23 04:45:22 --> 404 Page Not Found: Faviconico/index
ERROR - 2017-04-23 04:45:24 --> 404 Page Not Found: Faviconico/index
ERROR - 2017-04-23 04:45:38 --> 404 Page Not Found: Faviconico/index
ERROR - 2017-04-23 04:45:40 --> 404 Page Not Found: Faviconico/index
ERROR - 2017-04-23 04:45:56 --> 404 Page Not Found: Faviconico/index
ERROR - 2017-04-23 04:46:04 --> 404 Page Not Found: Cardqrcode/qrcode_0000000021.jpg
ERROR - 2017-04-23 04:46:04 --> 404 Page Not Found: Cardqrcode/qrcode_0000000102.jpg
ERROR - 2017-04-23 04:46:04 --> 404 Page Not Found: Cardqrcode/qrcode_0000000103.jpg
ERROR - 2017-04-23 04:46:04 --> 404 Page Not Found: Cardqrcode/qrcode_0000000101.jpg
ERROR - 2017-04-23 04:46:04 --> 404 Page Not Found: Cardqrcode/qrcode_0000000105.jpg
ERROR - 2017-04-23 04:46:04 --> 404 Page Not Found: Cardqrcode/qrcode_0000000104.jpg
ERROR - 2017-04-23 04:46:04 --> 404 Page Not Found: Cardqrcode/qrcode_0000000106.jpg
ERROR - 2017-04-23 04:46:05 --> 404 Page Not Found: Cardqrcode/qrcode_0000000108.jpg
ERROR - 2017-04-23 04:46:05 --> 404 Page Not Found: Cardqrcode/qrcode_0000000109.jpg
ERROR - 2017-04-23 04:46:05 --> 404 Page Not Found: Cardqrcode/qrcode_0000000107.jpg
ERROR - 2017-04-23 04:46:05 --> 404 Page Not Found: Cardqrcode/qrcode_0000000110.jpg
ERROR - 2017-04-23 04:46:05 --> 404 Page Not Found: Cardqrcode/qrcode_0000000111.jpg
ERROR - 2017-04-23 04:46:05 --> 404 Page Not Found: Cardqrcode/qrcode_0000000114.jpg
ERROR - 2017-04-23 04:46:05 --> 404 Page Not Found: Cardqrcode/qrcode_0000000113.jpg
ERROR - 2017-04-23 04:46:05 --> 404 Page Not Found: Cardqrcode/qrcode_0000000115.jpg
ERROR - 2017-04-23 04:46:05 --> 404 Page Not Found: Cardqrcode/qrcode_0000000116.jpg
ERROR - 2017-04-23 04:46:05 --> 404 Page Not Found: Cardqrcode/qrcode_0000000117.jpg
ERROR - 2017-04-23 04:46:05 --> 404 Page Not Found: Cardqrcode/qrcode_0000000118.jpg
ERROR - 2017-04-23 04:46:05 --> 404 Page Not Found: Cardqrcode/qrcode_0000000112.jpg
ERROR - 2017-04-23 04:46:05 --> 404 Page Not Found: Cardqrcode/qrcode_0000000119.jpg
ERROR - 2017-04-23 04:46:05 --> 404 Page Not Found: Cardqrcode/qrcode_0000000121.jpg
ERROR - 2017-04-23 04:46:05 --> 404 Page Not Found: Cardqrcode/qrcode_0000000122.jpg
ERROR - 2017-04-23 04:46:06 --> 404 Page Not Found: Cardqrcode/qrcode_0000000120.jpg
ERROR - 2017-04-23 04:46:06 --> 404 Page Not Found: Faviconico/index
ERROR - 2017-04-23 04:46:10 --> 404 Page Not Found: Faviconico/index
ERROR - 2017-04-23 05:02:56 --> 404 Page Not Found: Cache/global
ERROR - 2017-04-23 06:33:01 --> 404 Page Not Found: Manager/html
ERROR - 2017-04-23 12:18:15 --> 404 Page Not Found: Indexaction/index
ERROR - 2017-04-23 12:18:16 --> 404 Page Not Found: Indexaction/index
ERROR - 2017-04-23 12:18:17 --> 404 Page Not Found: Indexaction/index
ERROR - 2017-04-23 12:18:18 --> 404 Page Not Found: Indexaction/index
ERROR - 2017-04-23 14:15:18 --> 404 Page Not Found: Cache/global
ERROR - 2017-04-23 14:35:43 --> 404 Page Not Found: Wp-includes/js
ERROR - 2017-04-23 14:35:43 --> 404 Page Not Found: Skins/vector
ERROR - 2017-04-23 14:35:43 --> 404 Page Not Found: Misc/states.js
ERROR - 2017-04-23 14:35:44 --> 404 Page Not Found: Static/js
ERROR - 2017-04-23 14:35:44 --> 404 Page Not Found: Include/js
ERROR - 2017-04-23 14:35:45 --> 404 Page Not Found: Include/js
ERROR - 2017-04-23 14:35:45 --> 404 Page Not Found: Include/js
ERROR - 2017-04-23 14:35:45 --> 404 Page Not Found: Res/js
ERROR - 2017-04-23 14:35:46 --> 404 Page Not Found: Js/wind_editor.js
ERROR - 2017-04-23 14:35:46 --> 404 Page Not Found: Styles/prosilver
ERROR - 2017-04-23 14:35:46 --> 404 Page Not Found: Styles/prosilver
ERROR - 2017-04-23 14:35:47 --> 404 Page Not Found: Editor/ubb
ERROR - 2017-04-23 14:35:47 --> 404 Page Not Found: Template/default
ERROR - 2017-04-23 14:35:48 --> 404 Page Not Found: Static/js
ERROR - 2017-04-23 14:35:48 --> 404 Page Not Found: Images/js
ERROR - 2017-04-23 14:35:48 --> 404 Page Not Found: Templets/style
ERROR - 2017-04-23 14:35:49 --> 404 Page Not Found: Include/dedeajax2.js
ERROR - 2017-04-23 14:35:49 --> 404 Page Not Found: Images/default
ERROR - 2017-04-23 14:35:49 --> 404 Page Not Found: Js/lang
ERROR - 2017-04-23 14:35:50 --> 404 Page Not Found: Js/lang
ERROR - 2017-04-23 14:35:50 --> 404 Page Not Found: D/js
ERROR - 2017-04-23 14:35:51 --> 404 Page Not Found: Skin/default
ERROR - 2017-04-23 14:35:51 --> 404 Page Not Found: Media/system
ERROR - 2017-04-23 14:35:51 --> 404 Page Not Found: Media/system
ERROR - 2017-04-23 14:35:52 --> 404 Page Not Found: Lang/zh
ERROR - 2017-04-23 14:35:52 --> 404 Page Not Found: Style/default
ERROR - 2017-04-23 14:35:52 --> 404 Page Not Found: Lang/zh
ERROR - 2017-04-23 14:35:53 --> 404 Page Not Found: Rockmongo/index
ERROR - 2017-04-23 14:35:53 --> 404 Page Not Found: Server-status/index
ERROR - 2017-04-23 14:35:54 --> 404 Page Not Found: Ueditoralljs/index
ERROR - 2017-04-23 14:35:54 --> 404 Page Not Found: Wikilibd/PmWiki.ChangeLog
ERROR - 2017-04-23 14:35:54 --> 404 Page Not Found: 4e5e5d7364f443e28fbf0d3ae744a59a/index
ERROR - 2017-04-23 14:35:55 --> 404 Page Not Found: Jenkins/index
ERROR - 2017-04-23 14:37:21 --> 404 Page Not Found: Wp-includes/js
ERROR - 2017-04-23 14:37:22 --> 404 Page Not Found: Skins/vector
ERROR - 2017-04-23 14:37:22 --> 404 Page Not Found: Misc/states.js
ERROR - 2017-04-23 14:37:23 --> 404 Page Not Found: Static/js
ERROR - 2017-04-23 14:37:23 --> 404 Page Not Found: Include/js
ERROR - 2017-04-23 14:37:23 --> 404 Page Not Found: Include/js
ERROR - 2017-04-23 14:37:24 --> 404 Page Not Found: Include/js
ERROR - 2017-04-23 14:37:24 --> 404 Page Not Found: Res/js
ERROR - 2017-04-23 14:37:24 --> 404 Page Not Found: Js/wind_editor.js
ERROR - 2017-04-23 14:37:25 --> 404 Page Not Found: Styles/prosilver
ERROR - 2017-04-23 14:37:25 --> 404 Page Not Found: Styles/prosilver
ERROR - 2017-04-23 14:37:26 --> 404 Page Not Found: Editor/ubb
ERROR - 2017-04-23 14:37:26 --> 404 Page Not Found: Template/default
ERROR - 2017-04-23 14:37:26 --> 404 Page Not Found: Static/js
ERROR - 2017-04-23 14:37:27 --> 404 Page Not Found: Images/js
ERROR - 2017-04-23 14:37:27 --> 404 Page Not Found: Templets/style
ERROR - 2017-04-23 14:37:27 --> 404 Page Not Found: Include/dedeajax2.js
ERROR - 2017-04-23 14:37:28 --> 404 Page Not Found: Images/default
ERROR - 2017-04-23 14:37:28 --> 404 Page Not Found: Js/lang
ERROR - 2017-04-23 14:37:28 --> 404 Page Not Found: Js/lang
ERROR - 2017-04-23 14:37:29 --> 404 Page Not Found: D/js
ERROR - 2017-04-23 14:37:29 --> 404 Page Not Found: Skin/default
ERROR - 2017-04-23 14:37:30 --> 404 Page Not Found: Media/system
ERROR - 2017-04-23 14:37:30 --> 404 Page Not Found: Media/system
ERROR - 2017-04-23 14:37:30 --> 404 Page Not Found: Lang/zh
ERROR - 2017-04-23 14:37:31 --> 404 Page Not Found: Style/default
ERROR - 2017-04-23 14:37:31 --> 404 Page Not Found: Lang/zh
ERROR - 2017-04-23 14:37:31 --> 404 Page Not Found: Rockmongo/index
ERROR - 2017-04-23 14:37:32 --> 404 Page Not Found: Server-status/index
ERROR - 2017-04-23 14:37:32 --> 404 Page Not Found: Ueditoralljs/index
ERROR - 2017-04-23 14:37:33 --> 404 Page Not Found: Wikilibd/PmWiki.ChangeLog
ERROR - 2017-04-23 14:37:33 --> 404 Page Not Found: 4e5e5d7364f443e28fbf0d3ae744a59a/index
ERROR - 2017-04-23 14:37:33 --> 404 Page Not Found: Jenkins/index
ERROR - 2017-04-23 15:01:00 --> 404 Page Not Found: Proxyhtml/index
ERROR - 2017-04-23 16:11:48 --> 404 Page Not Found: Muieblackcat/index
ERROR - 2017-04-23 16:18:19 --> 404 Page Not Found: Muieblackcat/index
ERROR - 2017-04-23 16:21:51 --> 404 Page Not Found: Muieblackcat/index
ERROR - 2017-04-23 19:27:05 --> 404 Page Not Found: Server-status/index
ERROR - 2017-04-23 19:37:46 --> 404 Page Not Found: Shell/index
ERROR - 2017-04-23 22:03:10 --> 404 Page Not Found: Shell/index
