ERROR - 2017-04-03 03:12:29 --> 404 Page Not Found: Muieblackcat/index
ERROR - 2017-04-03 04:12:18 --> 404 Page Not Found: Cgi-bin/php
ERROR - 2017-04-03 07:21:55 --> 404 Page Not Found: Muieblackcat/index
ERROR - 2017-04-03 07:22:07 --> 404 Page Not Found: Muieblackcat/index
ERROR - 2017-04-03 07:33:43 --> 404 Page Not Found: HndUnblockcgi/index
ERROR - 2017-04-03 07:33:44 --> 404 Page Not Found: TmUnblockcgi/index
ERROR - 2017-04-03 07:33:45 --> 404 Page Not Found: Cgi/index
ERROR - 2017-04-03 07:33:47 --> 404 Page Not Found: Cgi-bin/cgiSrv.cgi
ERROR - 2017-04-03 09:28:38 --> 404 Page Not Found: Onvif/device_service
ERROR - 2017-04-03 09:59:12 --> 404 Page Not Found: TmUnblockcgi/index
ERROR - 2017-04-03 09:59:21 --> 404 Page Not Found: TmUnblockcgi/index
ERROR - 2017-04-03 10:17:35 --> 404 Page Not Found: Muieblackcat/index
ERROR - 2017-04-03 10:27:07 --> 404 Page Not Found: HndUnblockcgi/index
ERROR - 2017-04-03 10:49:32 --> 404 Page Not Found: Cgi/index
ERROR - 2017-04-03 12:13:34 --> 404 Page Not Found: Onvif/device_service
ERROR - 2017-04-03 13:01:50 --> 404 Page Not Found: TmUnblockcgi/index
ERROR - 2017-04-03 13:18:31 --> 404 Page Not Found: Cache/global
ERROR - 2017-04-03 13:25:41 --> 404 Page Not Found: Cgi/index
ERROR - 2017-04-03 13:29:04 --> 404 Page Not Found: Muieblackcat/index
ERROR - 2017-04-03 17:02:55 --> 404 Page Not Found: Faviconico/index
ERROR - 2017-04-03 17:03:12 --> Severity: Notice --> Undefined index: media /data/release/php-weapp-demo/application/controllers/Admin.php 214
ERROR - 2017-04-03 17:03:13 --> Severity: Notice --> Array to string conversion /data/release/php-weapp-demo/application/helpers/myutil_helper.php 320
ERROR - 2017-04-03 17:05:21 --> Severity: Notice --> Undefined index: media /data/release/php-weapp-demo/application/controllers/Admin.php 214
ERROR - 2017-04-03 17:05:21 --> Severity: Notice --> Array to string conversion /data/release/php-weapp-demo/application/helpers/myutil_helper.php 320
ERROR - 2017-04-03 17:06:10 --> Severity: Notice --> Array to string conversion /data/release/php-weapp-demo/application/helpers/myutil_helper.php 320
ERROR - 2017-04-03 17:17:05 --> 404 Page Not Found: TmUnblockcgi/index
ERROR - 2017-04-03 17:27:44 --> Severity: Notice --> Array to string conversion /data/release/php-weapp-demo/application/helpers/myutil_helper.php 320
ERROR - 2017-04-03 17:28:09 --> Severity: Notice --> Array to string conversion /data/release/php-weapp-demo/application/helpers/myutil_helper.php 320
ERROR - 2017-04-03 17:30:19 --> Severity: Notice --> Array to string conversion /data/release/php-weapp-demo/application/helpers/myutil_helper.php 320
ERROR - 2017-04-03 17:31:28 --> Severity: Notice --> Array to string conversion /data/release/php-weapp-demo/application/helpers/myutil_helper.php 320
ERROR - 2017-04-03 17:33:57 --> Severity: Notice --> Array to string conversion /data/release/php-weapp-demo/application/helpers/myutil_helper.php 320
ERROR - 2017-04-03 17:33:58 --> Severity: Warning --> is_file() expects parameter 1 to be a valid path, object given /data/release/php-weapp-demo/application/controllers/Admin.php 236
ERROR - 2017-04-03 17:33:58 --> Severity: Warning --> is_readable() expects parameter 1 to be a valid path, object given /data/release/php-weapp-demo/application/controllers/Admin.php 236
ERROR - 2017-04-03 17:34:22 --> Severity: Notice --> Array to string conversion /data/release/php-weapp-demo/application/helpers/myutil_helper.php 320
ERROR - 2017-04-03 17:36:28 --> Severity: Notice --> Array to string conversion /data/release/php-weapp-demo/application/helpers/myutil_helper.php 320
ERROR - 2017-04-03 17:37:26 --> Severity: Notice --> Array to string conversion /data/release/php-weapp-demo/application/helpers/myutil_helper.php 320
ERROR - 2017-04-03 17:39:09 --> Severity: Notice --> Array to string conversion /data/release/php-weapp-demo/application/helpers/myutil_helper.php 320
ERROR - 2017-04-03 17:39:52 --> Severity: Notice --> Array to string conversion /data/release/php-weapp-demo/application/helpers/myutil_helper.php 320
ERROR - 2017-04-03 17:40:42 --> Severity: Notice --> Array to string conversion /data/release/php-weapp-demo/application/helpers/myutil_helper.php 320
ERROR - 2017-04-03 17:41:16 --> Severity: Notice --> Array to string conversion /data/release/php-weapp-demo/application/helpers/myutil_helper.php 320
ERROR - 2017-04-03 20:00:20 --> 404 Page Not Found: Cache/global
ERROR - 2017-04-03 20:48:12 --> 404 Page Not Found: Muieblackcat/index
ERROR - 2017-04-03 23:07:55 --> 404 Page Not Found: CFIDE/administrator
