ERROR - 2017-06-15 02:28:53 --> 404 Page Not Found: Check_proxy/index
ERROR - 2017-06-15 07:02:45 --> 404 Page Not Found: Shell/index
ERROR - 2017-06-15 12:17:28 --> 404 Page Not Found: Cgi/common.cgi
ERROR - 2017-06-15 12:17:29 --> 404 Page Not Found: Stssyshtm/index
ERROR - 2017-06-15 15:00:37 --> 404 Page Not Found: Cache/global
ERROR - 2017-06-15 15:11:35 --> 404 Page Not Found: Wp-includes/js
ERROR - 2017-06-15 15:11:35 --> 404 Page Not Found: Skins/vector
ERROR - 2017-06-15 15:11:35 --> 404 Page Not Found: Misc/states.js
ERROR - 2017-06-15 15:11:36 --> 404 Page Not Found: Static/js
ERROR - 2017-06-15 15:11:36 --> 404 Page Not Found: Include/js
ERROR - 2017-06-15 15:11:36 --> 404 Page Not Found: Include/js
ERROR - 2017-06-15 15:11:36 --> 404 Page Not Found: Include/js
ERROR - 2017-06-15 15:11:36 --> 404 Page Not Found: Res/js
ERROR - 2017-06-15 15:11:37 --> 404 Page Not Found: Js/wind_editor.js
ERROR - 2017-06-15 15:11:37 --> 404 Page Not Found: Styles/prosilver
ERROR - 2017-06-15 15:11:37 --> 404 Page Not Found: Styles/prosilver
ERROR - 2017-06-15 15:11:37 --> 404 Page Not Found: Editor/ubb
ERROR - 2017-06-15 15:11:37 --> 404 Page Not Found: Template/default
ERROR - 2017-06-15 15:11:38 --> 404 Page Not Found: Static/js
ERROR - 2017-06-15 15:11:38 --> 404 Page Not Found: Images/js
ERROR - 2017-06-15 15:11:38 --> 404 Page Not Found: Templets/style
ERROR - 2017-06-15 15:11:38 --> 404 Page Not Found: Include/dedeajax2.js
ERROR - 2017-06-15 15:11:38 --> 404 Page Not Found: Images/default
ERROR - 2017-06-15 15:11:38 --> 404 Page Not Found: Js/lang
ERROR - 2017-06-15 15:11:39 --> 404 Page Not Found: Js/lang
ERROR - 2017-06-15 15:11:39 --> 404 Page Not Found: D/js
ERROR - 2017-06-15 15:11:39 --> 404 Page Not Found: Skin/default
ERROR - 2017-06-15 15:11:39 --> 404 Page Not Found: Media/system
ERROR - 2017-06-15 15:11:39 --> 404 Page Not Found: Media/system
ERROR - 2017-06-15 15:11:40 --> 404 Page Not Found: Lang/zh
ERROR - 2017-06-15 15:11:40 --> 404 Page Not Found: Style/default
ERROR - 2017-06-15 15:11:40 --> 404 Page Not Found: Lang/zh
ERROR - 2017-06-15 15:11:40 --> 404 Page Not Found: Rockmongo/index
ERROR - 2017-06-15 15:11:40 --> 404 Page Not Found: Server-status/index
ERROR - 2017-06-15 15:11:41 --> 404 Page Not Found: Ueditoralljs/index
ERROR - 2017-06-15 15:11:41 --> 404 Page Not Found: Wikilibd/PmWiki.ChangeLog
ERROR - 2017-06-15 15:11:41 --> 404 Page Not Found: 4e5e5d7364f443e28fbf0d3ae744a59a/index
ERROR - 2017-06-15 15:11:41 --> 404 Page Not Found: Jenkins/index
ERROR - 2017-06-15 15:27:50 --> 404 Page Not Found: Stssyshtm/index
ERROR - 2017-06-15 17:18:27 --> 404 Page Not Found: Cache/global
ERROR - 2017-06-15 17:20:54 --> 1 2
ERROR - 2017-06-15 17:20:54 --> 2 0
[2017-06-15 17:20:54][DEBUG] POST http://10.133.193.8/mina_auth/} => [200] {
    "[请求]": {
        "version": 1,
        "componentName": "MA",
        "interface": {
            "interfaceName": "qcloud.cam.id_skey",
            "para": {
                "code": "081tgPwz0ya3wh1x0euz0iDKwz0tgPwG",
                "encrypt_data": "p8nL93dVY1ADs5A6RNooiR\/NmObP\/TivLaADTj35XJr3sK+dgN4hYOkfTTQlrRfD87H6WnxsK+VC4T5mlG4vlHHPe2xtHIPqFWtpofDu7nE5S08Qhj5wPjnRzF+fb3O\/XDY9ZsCFTXdzVeeoMIKXBtGeghGWDG3qqZjBVxeaTI4qnGrEiPbJLozgJMjJ50\/1VOYLuz0o6yoMhW2tOX6q4d\/YLcfsZZDElOwy2pgMrF5LA1DTfYifs+fY+OzZvgW2FclSHds1G+m7lBHXyW1H+sU6\/wV3v9D5T2A8DJOmogurcu9+30A0\/yBtPSicm5CPPo6lW1PbHRaSnTDAQmAQI9AA7DMZJk2DukJ9zCWfuyAsiyy+yXn3xAIVW6i+7pmpqmykbFs1xIY7wUBI57SU9rOVdk0pUkV398QW5hGnYZrGCJNXceC4nWG0oBUoV9tlewspvW4X1ilXmF2\/8ciAyEYrJMBjp7ExMfGcbR1lnM6KwE4C2RnpG6c9GjAZE9QAXlbzB7BPLsiam+RHbo8KmA==",
                "iv": "cFVR5Q\/l\/\/Ze8D02+9cE7g=="
            }
        }
    },
    "[响应]": {
        "returnCode": 0,
        "returnMessage": "UPDATE_SESSION_SUCCESS",
        "returnData": {
            "id": "ae44a116fff0ec961ec4edb865c0f6b1",
            "skey": "2ea95ea320b073a3bd071d7f8fcca210",
            "user_info": {
                "openId": "oPicY0aLfcmWwl9MARbMUMpScmEY",
                "nickName": "小惠",
                "gender": 2,
                "language": "zh_CN",
                "city": "Suzhou",
                "province": "Jiangsu",
                "country": "CN",
                "avatarUrl": "http:\/\/wx.qlogo.cn\/mmopen\/vi_32\/DYAIOgq83eqYgM5ALODOGva2ZrZLghgB5RlAbzW14jjUmghOodVcsuS5WPl0YLtZKAiaUIOBUCgeOaKd4IBwHuQ\/0",
                "unionId": "oU11PxL_dgOT3hlFIxnGMMiEaMgw",
                "watermark": {
                    "timestamp": 1497518452,
                    "appid": "wx3c13313f866a541a"
                }
            },
            "duration": 7200
        },
        "version": 1,
        "componentName": "MA"
    },
    "[耗时]": "1245ms"
}

[2017-06-15 17:20:54][DEBUG] Util::writeJsonResult => [200] {
    "F2C224D4-2BCE-4C64-AF9F-A6D872000D1A": 1,
    "session": {
        "id": "ae44a116fff0ec961ec4edb865c0f6b1",
        "skey": "2ea95ea320b073a3bd071d7f8fcca210",
        "openid": "oPicY0aLfcmWwl9MARbMUMpScmEY",
        "unionid": "oU11PxL_dgOT3hlFIxnGMMiEaMgw"
    }
}

ERROR - 2017-06-15 17:20:54 --> 1 2
ERROR - 2017-06-15 17:20:54 --> 2 0
[2017-06-15 17:20:54][DEBUG] POST http://10.133.193.8/mina_auth/} => [200] {
    "[请求]": {
        "version": 1,
        "componentName": "MA",
        "interface": {
            "interfaceName": "qcloud.cam.id_skey",
            "para": {
                "code": "051mMlwe1wh2Ht03LQwe1X4twe1mMlwi",
                "encrypt_data": "LLj7tUuodY6BFVQAukaXb7U4tWJg7wKsVjuCupLNH3FiCwHUuVd3lkMbBz0NMoB9Uk06AnRAGnWnsYoNAEwaRkgPIa5zEJ4JOYA1akG1L0SfSIDGzZsGbYNclGoNjVBYrTlXtiYK7igSuYwuk0vyBo1Ky6jMOq1AztODB4p0Y5CLGUhENUVPghUzoq4xlVu2rXbj9Y2kOq6mXDUT+vU4dp7t\/q+aXgsvMdjF+5r6m\/KkzRF1v80qkvYr+MBrIr6VKeVPVVNQ1rHMJ6ApOY7COK3shzX1P5itCrr9Sy4E+XWms2oKuhJ5NOgBTR7FI3WClrip5J8yozd9MqDo0HEgAm1L5zVRadBbyBjM4wt+008oixx4X\/6hyU9cB5ibAq+LIRSnjDVFAnBDammpOqBjMS78eBB8GWI1+1V8U3U70XxpwedvFg6x\/N82iTogzxGzggPCe2Ut2lQ\/6vCsO7VoBZigddXlkfkX5vcM90NoSBRfetnC3yIsXvFKNBCtvZUQuhPJZCTuS\/3vVxmpQvEtvQ==",
                "iv": "DSD55\/M0sROCXmyoppK69Q=="
            }
        }
    },
    "[响应]": {
        "returnCode": 0,
        "returnMessage": "UPDATE_SESSION_SUCCESS",
        "returnData": {
            "id": "ae44a116fff0ec961ec4edb865c0f6b1",
            "skey": "1b2fe89e347c56ff2bf1f6fd68470bed",
            "user_info": {
                "openId": "oPicY0aLfcmWwl9MARbMUMpScmEY",
                "nickName": "小惠",
                "gender": 2,
                "language": "zh_CN",
                "city": "Suzhou",
                "province": "Jiangsu",
                "country": "CN",
                "avatarUrl": "http:\/\/wx.qlogo.cn\/mmopen\/vi_32\/DYAIOgq83eqYgM5ALODOGva2ZrZLghgB5RlAbzW14jjUmghOodVcsuS5WPl0YLtZKAiaUIOBUCgeOaKd4IBwHuQ\/0",
                "unionId": "oU11PxL_dgOT3hlFIxnGMMiEaMgw",
                "watermark": {
                    "timestamp": 1497518453,
                    "appid": "wx3c13313f866a541a"
                }
            },
            "duration": 7200
        },
        "version": 1,
        "componentName": "MA"
    },
    "[耗时]": "642ms"
}

[2017-06-15 17:20:54][DEBUG] Util::writeJsonResult => [200] {
    "F2C224D4-2BCE-4C64-AF9F-A6D872000D1A": 1,
    "session": {
        "id": "ae44a116fff0ec961ec4edb865c0f6b1",
        "skey": "1b2fe89e347c56ff2bf1f6fd68470bed",
        "openid": "oPicY0aLfcmWwl9MARbMUMpScmEY",
        "unionid": "oU11PxL_dgOT3hlFIxnGMMiEaMgw"
    }
}

LDSF - 2017-06-15 17:20:55 --> >>> User->addressbookisempty()
LDSF - 2017-06-15 17:20:55 --> openid=oPicY0aLfcmWwl9MARbMUMpScmEY
LDSF - 2017-06-15 17:20:56 --> >>> User->loginrecord()
LDSF - 2017-06-15 17:20:56 --> openid=oPicY0aLfcmWwl9MARbMUMpScmEY
ERROR - 2017-06-15 17:53:36 --> 404 Page Not Found: Skins/vector
ERROR - 2017-06-15 19:49:18 --> 404 Page Not Found: Api/index
ERROR - 2017-06-15 19:49:18 --> 404 Page Not Found: Apis/index
ERROR - 2017-06-15 19:49:19 --> 404 Page Not Found: Api/index
ERROR - 2017-06-15 19:49:19 --> 404 Page Not Found: Apis/index
ERROR - 2017-06-15 19:49:19 --> 404 Page Not Found: Api/index
ERROR - 2017-06-15 19:49:19 --> 404 Page Not Found: Apis/index
ERROR - 2017-06-15 19:49:19 --> 404 Page Not Found: Api/index
ERROR - 2017-06-15 19:49:19 --> 404 Page Not Found: Apis/index
ERROR - 2017-06-15 20:10:06 --> 404 Page Not Found: Faviconico/index
ERROR - 2017-06-15 23:04:25 --> 404 Page Not Found: Loginaction/index
ERROR - 2017-06-15 23:17:57 --> 404 Page Not Found: Apis/index
ERROR - 2017-06-15 23:34:55 --> 404 Page Not Found: Loginaction/index
