ERROR - 2017-04-25 00:24:14 --> 404 Page Not Found: Phpmyadmin/index
ERROR - 2017-04-25 00:55:24 --> 404 Page Not Found: Manager/html
ERROR - 2017-04-25 01:50:39 --> 404 Page Not Found: Cgi-bin/php
ERROR - 2017-04-25 04:13:01 --> 404 Page Not Found: Faviconico/index
ERROR - 2017-04-25 04:20:09 --> 404 Page Not Found: Faviconico/index
ERROR - 2017-04-25 04:20:11 --> 404 Page Not Found: Faviconico/index
ERROR - 2017-04-25 04:20:19 --> 404 Page Not Found: Cardqrcode/qrcode_0000000021.jpg
ERROR - 2017-04-25 04:20:19 --> 404 Page Not Found: Cardqrcode/qrcode_0000000101.jpg
ERROR - 2017-04-25 04:20:19 --> 404 Page Not Found: Cardqrcode/qrcode_0000000102.jpg
ERROR - 2017-04-25 04:20:19 --> 404 Page Not Found: Cardqrcode/qrcode_0000000103.jpg
ERROR - 2017-04-25 04:20:20 --> 404 Page Not Found: Cardqrcode/qrcode_0000000104.jpg
ERROR - 2017-04-25 04:20:20 --> 404 Page Not Found: Cardqrcode/qrcode_0000000105.jpg
ERROR - 2017-04-25 04:20:20 --> 404 Page Not Found: Cardqrcode/qrcode_0000000106.jpg
ERROR - 2017-04-25 04:20:20 --> 404 Page Not Found: Cardqrcode/qrcode_0000000107.jpg
ERROR - 2017-04-25 04:20:20 --> 404 Page Not Found: Cardqrcode/qrcode_0000000108.jpg
ERROR - 2017-04-25 04:20:20 --> 404 Page Not Found: Cardqrcode/qrcode_0000000109.jpg
ERROR - 2017-04-25 04:20:20 --> 404 Page Not Found: Cardqrcode/qrcode_0000000111.jpg
ERROR - 2017-04-25 04:20:20 --> 404 Page Not Found: Cardqrcode/qrcode_0000000110.jpg
ERROR - 2017-04-25 04:20:20 --> 404 Page Not Found: Cardqrcode/qrcode_0000000112.jpg
ERROR - 2017-04-25 04:20:20 --> 404 Page Not Found: Cardqrcode/qrcode_0000000113.jpg
ERROR - 2017-04-25 04:20:20 --> 404 Page Not Found: Cardqrcode/qrcode_0000000114.jpg
ERROR - 2017-04-25 04:20:20 --> 404 Page Not Found: Cardqrcode/qrcode_0000000115.jpg
ERROR - 2017-04-25 04:20:20 --> 404 Page Not Found: Cardqrcode/qrcode_0000000116.jpg
ERROR - 2017-04-25 04:20:20 --> 404 Page Not Found: Cardqrcode/qrcode_0000000117.jpg
ERROR - 2017-04-25 04:20:21 --> 404 Page Not Found: Cardqrcode/qrcode_0000000118.jpg
ERROR - 2017-04-25 04:20:21 --> 404 Page Not Found: Cardqrcode/qrcode_0000000119.jpg
ERROR - 2017-04-25 04:20:21 --> 404 Page Not Found: Cardqrcode/qrcode_0000000120.jpg
ERROR - 2017-04-25 04:20:21 --> 404 Page Not Found: Cardqrcode/qrcode_0000000121.jpg
ERROR - 2017-04-25 04:20:21 --> 404 Page Not Found: Cardqrcode/qrcode_0000000122.jpg
ERROR - 2017-04-25 04:20:21 --> 404 Page Not Found: Faviconico/index
ERROR - 2017-04-25 06:19:42 --> 404 Page Not Found: Indexaction/index
ERROR - 2017-04-25 06:19:42 --> 404 Page Not Found: Indexaction/index
ERROR - 2017-04-25 06:19:42 --> 404 Page Not Found: Indexaction/index
ERROR - 2017-04-25 07:02:56 --> 404 Page Not Found: Search/index
ERROR - 2017-04-25 07:02:56 --> 404 Page Not Found: 273/index
ERROR - 2017-04-25 09:43:42 --> 404 Page Not Found: HndUnblockcgi/index
ERROR - 2017-04-25 09:43:43 --> 404 Page Not Found: TmUnblockcgi/index
ERROR - 2017-04-25 09:43:44 --> 404 Page Not Found: Cgi/index
ERROR - 2017-04-25 09:43:45 --> 404 Page Not Found: Cgi-bin/cgiSrv.cgi
ERROR - 2017-04-25 09:46:40 --> 404 Page Not Found: Cache/global
ERROR - 2017-04-25 13:46:37 --> 404 Page Not Found: Cache/global
ERROR - 2017-04-25 14:07:57 --> 404 Page Not Found: HndUnblockcgi/index
ERROR - 2017-04-25 14:20:09 --> 404 Page Not Found: Wp-includes/js
ERROR - 2017-04-25 14:20:10 --> 404 Page Not Found: Skins/vector
ERROR - 2017-04-25 14:20:10 --> 404 Page Not Found: Misc/states.js
ERROR - 2017-04-25 14:20:10 --> 404 Page Not Found: Static/js
ERROR - 2017-04-25 14:20:11 --> 404 Page Not Found: Include/js
ERROR - 2017-04-25 14:20:11 --> 404 Page Not Found: Include/js
ERROR - 2017-04-25 14:20:12 --> 404 Page Not Found: Include/js
ERROR - 2017-04-25 14:20:12 --> 404 Page Not Found: Res/js
ERROR - 2017-04-25 14:20:12 --> 404 Page Not Found: Js/wind_editor.js
ERROR - 2017-04-25 14:20:13 --> 404 Page Not Found: Styles/prosilver
ERROR - 2017-04-25 14:20:13 --> 404 Page Not Found: Styles/prosilver
ERROR - 2017-04-25 14:20:13 --> 404 Page Not Found: Editor/ubb
ERROR - 2017-04-25 14:20:14 --> 404 Page Not Found: Template/default
ERROR - 2017-04-25 14:20:14 --> 404 Page Not Found: Static/js
ERROR - 2017-04-25 14:20:15 --> 404 Page Not Found: Images/js
ERROR - 2017-04-25 14:20:15 --> 404 Page Not Found: Templets/style
ERROR - 2017-04-25 14:20:15 --> 404 Page Not Found: Include/dedeajax2.js
ERROR - 2017-04-25 14:20:16 --> 404 Page Not Found: Images/default
ERROR - 2017-04-25 14:20:16 --> 404 Page Not Found: Js/lang
ERROR - 2017-04-25 14:20:16 --> 404 Page Not Found: Js/lang
ERROR - 2017-04-25 14:20:17 --> 404 Page Not Found: D/js
ERROR - 2017-04-25 14:20:17 --> 404 Page Not Found: Skin/default
ERROR - 2017-04-25 14:20:18 --> 404 Page Not Found: Media/system
ERROR - 2017-04-25 14:20:18 --> 404 Page Not Found: Media/system
ERROR - 2017-04-25 14:20:18 --> 404 Page Not Found: Lang/zh
ERROR - 2017-04-25 14:20:19 --> 404 Page Not Found: Style/default
ERROR - 2017-04-25 14:20:19 --> 404 Page Not Found: Lang/zh
ERROR - 2017-04-25 14:20:19 --> 404 Page Not Found: Rockmongo/index
ERROR - 2017-04-25 14:20:20 --> 404 Page Not Found: Server-status/index
ERROR - 2017-04-25 14:20:20 --> 404 Page Not Found: Ueditoralljs/index
ERROR - 2017-04-25 14:20:21 --> 404 Page Not Found: Wikilibd/PmWiki.ChangeLog
ERROR - 2017-04-25 14:20:21 --> 404 Page Not Found: 4e5e5d7364f443e28fbf0d3ae744a59a/index
ERROR - 2017-04-25 14:20:21 --> 404 Page Not Found: Jenkins/index
ERROR - 2017-04-25 14:21:43 --> 404 Page Not Found: Wp-includes/js
ERROR - 2017-04-25 14:21:43 --> 404 Page Not Found: Skins/vector
ERROR - 2017-04-25 14:21:44 --> 404 Page Not Found: Misc/states.js
ERROR - 2017-04-25 14:21:44 --> 404 Page Not Found: Static/js
ERROR - 2017-04-25 14:21:44 --> 404 Page Not Found: Include/js
ERROR - 2017-04-25 14:21:45 --> 404 Page Not Found: Include/js
ERROR - 2017-04-25 14:21:45 --> 404 Page Not Found: Include/js
ERROR - 2017-04-25 14:21:45 --> 404 Page Not Found: Res/js
ERROR - 2017-04-25 14:21:46 --> 404 Page Not Found: Js/wind_editor.js
ERROR - 2017-04-25 14:21:46 --> 404 Page Not Found: Styles/prosilver
ERROR - 2017-04-25 14:21:47 --> 404 Page Not Found: Styles/prosilver
ERROR - 2017-04-25 14:21:47 --> 404 Page Not Found: Editor/ubb
ERROR - 2017-04-25 14:21:47 --> 404 Page Not Found: Template/default
ERROR - 2017-04-25 14:21:48 --> 404 Page Not Found: Static/js
ERROR - 2017-04-25 14:21:48 --> 404 Page Not Found: Images/js
ERROR - 2017-04-25 14:21:48 --> 404 Page Not Found: Templets/style
ERROR - 2017-04-25 14:21:49 --> 404 Page Not Found: Include/dedeajax2.js
ERROR - 2017-04-25 14:21:49 --> 404 Page Not Found: Images/default
ERROR - 2017-04-25 14:21:50 --> 404 Page Not Found: Js/lang
ERROR - 2017-04-25 14:21:50 --> 404 Page Not Found: Js/lang
ERROR - 2017-04-25 14:21:50 --> 404 Page Not Found: D/js
ERROR - 2017-04-25 14:21:51 --> 404 Page Not Found: Skin/default
ERROR - 2017-04-25 14:21:51 --> 404 Page Not Found: Media/system
ERROR - 2017-04-25 14:21:51 --> 404 Page Not Found: Media/system
ERROR - 2017-04-25 14:21:52 --> 404 Page Not Found: Lang/zh
ERROR - 2017-04-25 14:21:52 --> 404 Page Not Found: Style/default
ERROR - 2017-04-25 14:21:53 --> 404 Page Not Found: Lang/zh
ERROR - 2017-04-25 14:21:53 --> 404 Page Not Found: Rockmongo/index
ERROR - 2017-04-25 14:21:53 --> 404 Page Not Found: Server-status/index
ERROR - 2017-04-25 14:21:54 --> 404 Page Not Found: Ueditoralljs/index
ERROR - 2017-04-25 14:21:54 --> 404 Page Not Found: Wikilibd/PmWiki.ChangeLog
ERROR - 2017-04-25 14:21:54 --> 404 Page Not Found: 4e5e5d7364f443e28fbf0d3ae744a59a/index
ERROR - 2017-04-25 14:21:55 --> 404 Page Not Found: Jenkins/index
ERROR - 2017-04-25 16:43:43 --> 404 Page Not Found: Server-status/index
ERROR - 2017-04-25 16:59:47 --> 404 Page Not Found: Rockmongo/index
ERROR - 2017-04-25 19:32:15 --> 404 Page Not Found: Faviconico/index
ERROR - 2017-04-25 19:32:26 --> 404 Page Not Found: Faviconico/index
ERROR - 2017-04-25 19:32:29 --> 404 Page Not Found: Faviconico/index
ERROR - 2017-04-25 19:32:39 --> 404 Page Not Found: Faviconico/index
ERROR - 2017-04-25 19:36:29 --> 404 Page Not Found: Phpmyadmin/index
ERROR - 2017-04-25 21:50:04 --> 404 Page Not Found: Server-status/index
