ERROR - 2017-03-22 00:29:33 --> 404 Page Not Found: Search/index
ERROR - 2017-03-22 00:29:34 --> 404 Page Not Found: 273/index
ERROR - 2017-03-22 02:48:34 --> 404 Page Not Found: Phpmyadmin/index
ERROR - 2017-03-22 03:47:18 --> 404 Page Not Found: Shell/index
ERROR - 2017-03-22 05:09:09 --> 404 Page Not Found: Phpmyadmin/index
ERROR - 2017-03-22 05:25:11 --> 404 Page Not Found: Manager/html
ERROR - 2017-03-22 05:25:20 --> 404 Page Not Found: Manager/html
ERROR - 2017-03-22 05:43:05 --> 404 Page Not Found: Manager/html
ERROR - 2017-03-22 05:54:55 --> 404 Page Not Found: Shell/index
ERROR - 2017-03-22 07:57:24 --> 404 Page Not Found: Shell/index
ERROR - 2017-03-22 09:21:40 --> 1 2
ERROR - 2017-03-22 09:21:40 --> 2 0
[2017-03-22 09:21:40][DEBUG] POST http://10.133.193.8/mina_auth/} => [200] {
    "[请求]": {
        "version": 1,
        "componentName": "MA",
        "interface": {
            "interfaceName": "qcloud.cam.id_skey",
            "para": {
                "code": "001jkhbd1DHLxu0SjWcd17bebd1jkhbi",
                "encrypt_data": "6ZTSseOFx30dDjkPtZKOKZRxjzG8ogrxbTLwWuUUpdVISmV7RsDI1gzC4WOo2Xn1CnQFZ8+S3sIeFeiBipjCqL\/9RaSGx7poyVlX6mgcjSf3GZh1G6qllt7chmsjTzVRsm3B7fHZUiiEzNgnPwrrKpGTJhXgSyZBC3VA0qNfpebHbuVdc1cHrKxPxrIaC2SnNl8X8GURnGkFFlxeb\/ABiKv3Dndtavq+yaYExy0drLBYb+gETbAOtRRpJKwro94sP8LINMOZG4Jkst2dfzi3DiRNZjtukQ9Y0+HWVq2268T\/OIqA7tGclVE\/onIXIlpW8GgOOOsBoxlrpY0UOhPG5RNT1oaYUSIek1vvdap3lTLCmyutu8WMagF77z6tbmG6Tew8AdRVaOPcbmWV+mt6vGvgYk6vSZvHLRTfE\/nSKILVHH+B6Bflf+OPF+q7V06rmmSRXFeEU9wCxx2GW8P0l1N+EtM0CuwHdpY6UBKTwp35jHokO7T7ph46+Fk3CPdoTeXrHZ90qOWxb4b\/sdCkLQ==",
                "iv": "IGRNq\/7\/8CwepAfPKmtX9A=="
            }
        }
    },
    "[响应]": {
        "returnCode": 0,
        "returnMessage": "UPDATE_SESSION_SUCCESS",
        "returnData": {
            "id": "04b322b1bd35bbe73013ec45153ccb8c",
            "skey": "eaaedf3dca73677c134d0a9e0897723c",
            "user_info": {
                "openId": "oPicY0TXRJN1aLpRY0z7UJ3TNtgY",
                "nickName": "亮有一计",
                "gender": 2,
                "language": "zh_CN",
                "city": "Suzhou",
                "province": "Jiangsu",
                "country": "CN",
                "avatarUrl": "http:\/\/wx.qlogo.cn\/mmopen\/vi_32\/DYAIOgq83eqPRNycYz5BibWw1QtSGWJVbRRVibqowsMT5XiceebhC7XWkAOI0wb0QvqSBsEcSr4yYd5icRiaejO0sBA\/0",
                "unionId": "oU11PxBIMdpVw8tKb3iuAj-lTw6Y",
                "watermark": {
                    "timestamp": 1490145698,
                    "appid": "wx3c13313f866a541a"
                }
            },
            "duration": 7200
        },
        "version": 1,
        "componentName": "MA"
    },
    "[耗时]": "115ms"
}

[2017-03-22 09:21:40][DEBUG] Util::writeJsonResult => [200] {
    "F2C224D4-2BCE-4C64-AF9F-A6D872000D1A": 1,
    "session": {
        "id": "04b322b1bd35bbe73013ec45153ccb8c",
        "skey": "eaaedf3dca73677c134d0a9e0897723c",
        "openid": "oPicY0TXRJN1aLpRY0z7UJ3TNtgY",
        "unionid": "oU11PxBIMdpVw8tKb3iuAj-lTw6Y"
    }
}

ERROR - 2017-03-22 09:21:40 --> 1 2
ERROR - 2017-03-22 09:21:40 --> 2 0
[2017-03-22 09:21:40][DEBUG] POST http://10.133.193.8/mina_auth/} => [200] {
    "[请求]": {
        "version": 1,
        "componentName": "MA",
        "interface": {
            "interfaceName": "qcloud.cam.id_skey",
            "para": {
                "code": "021CF8rO1aGqW51hsNsO16VbrO1CF8rd",
                "encrypt_data": "xTqFre0bKh8Y95aS1Akt\/LI\/we0fNbeEv3FMyRwMC3p2TPcshikuKQwvDmY7G\/y9tCdRoYnS0kx9JTbOiWcGnr56qoLXViuSr17FvrgcXbRNyCB\/FnNABgiitg+3WQjZehs2J59aKsLCKd4CEXfpLTvCcIsp0lrPV5yrA6BS0NXdSuihmKyl\/VxolBMBD+iPUxhcb2VB9U9AWN9DQB639oYXbcU2l4W2BGx54VnV4qz61\/Jf5aCn4cOszSM6hL7MohWHZ5xFqx4edmhXVR0RaINqSt90weH2fwrbBaoqLkcO3Gi33Cj5iBwQb+pBoqVRqZsw2O7gz9imtiXc827Sj4MnCDAmlsXPmERjeAhiVx\/6Z0XvE6q9FSLWdvOeKj1+7P7qLGE5QSnq4r8ldu\/88YfdP05PZa2Z0KJsUuUfkWyVLvNPdPWelmEYl3HbSLor09yjkHWSzlDtNnxD2UigoByIpR5RxKGEpyckCVC\/g1IhmNZjquh5Or3IqbXG9TxFlQQiXzl2BQsoHXTNzhMuUw==",
                "iv": "rSG\/LbDok2Hbw+W2xdGEAw=="
            }
        }
    },
    "[响应]": {
        "returnCode": 0,
        "returnMessage": "UPDATE_SESSION_SUCCESS",
        "returnData": {
            "id": "04b322b1bd35bbe73013ec45153ccb8c",
            "skey": "b34fe7b533c75fc3a91201051441cbb7",
            "user_info": {
                "openId": "oPicY0TXRJN1aLpRY0z7UJ3TNtgY",
                "nickName": "亮有一计",
                "gender": 2,
                "language": "zh_CN",
                "city": "Suzhou",
                "province": "Jiangsu",
                "country": "CN",
                "avatarUrl": "http:\/\/wx.qlogo.cn\/mmopen\/vi_32\/DYAIOgq83eqPRNycYz5BibWw1QtSGWJVbRRVibqowsMT5XiceebhC7XWkAOI0wb0QvqSBsEcSr4yYd5icRiaejO0sBA\/0",
                "unionId": "oU11PxBIMdpVw8tKb3iuAj-lTw6Y",
                "watermark": {
                    "timestamp": 1490145698,
                    "appid": "wx3c13313f866a541a"
                }
            },
            "duration": 7200
        },
        "version": 1,
        "componentName": "MA"
    },
    "[耗时]": "94ms"
}

[2017-03-22 09:21:40][DEBUG] Util::writeJsonResult => [200] {
    "F2C224D4-2BCE-4C64-AF9F-A6D872000D1A": 1,
    "session": {
        "id": "04b322b1bd35bbe73013ec45153ccb8c",
        "skey": "b34fe7b533c75fc3a91201051441cbb7",
        "openid": "oPicY0TXRJN1aLpRY0z7UJ3TNtgY",
        "unionid": "oU11PxBIMdpVw8tKb3iuAj-lTw6Y"
    }
}

ERROR - 2017-03-22 09:21:40 --> Severity: Notice --> Trying to get property of non-object /data/release/php-weapp-demo/application/models/User_model.php 30
ERROR - 2017-03-22 09:21:49 --> 
ERROR - 2017-03-22 09:22:30 --> 
ERROR - 2017-03-22 09:22:45 --> 
ERROR - 2017-03-22 09:23:04 --> 
ERROR - 2017-03-22 09:23:16 --> 
ERROR - 2017-03-22 09:23:23 --> 
ERROR - 2017-03-22 09:23:25 --> 
ERROR - 2017-03-22 10:37:20 --> 404 Page Not Found: Struts2-showcase/index
ERROR - 2017-03-22 10:43:27 --> 404 Page Not Found: Shell/index
ERROR - 2017-03-22 12:03:16 --> 404 Page Not Found: Cache/global
ERROR - 2017-03-22 12:37:28 --> 404 Page Not Found: Manager/html
ERROR - 2017-03-22 15:08:55 --> 1 2
ERROR - 2017-03-22 15:08:55 --> 2 0
[2017-03-22 15:08:55][DEBUG] POST http://10.133.193.8/mina_auth/} => [200] {
    "[请求]": {
        "version": 1,
        "componentName": "MA",
        "interface": {
            "interfaceName": "qcloud.cam.id_skey",
            "para": {
                "code": "011iDNOF0HpVOg29NFQF0UoNOF0iDNOD",
                "encrypt_data": "cCXgRyvu8GreQnfUr5PHBq3iLaeV2Yg00B09JlbQxbhYIsNDWLhooQXcE8xjR\/gvMVZObGmkTCfToqBV5LyQtuu8jOQMrTthNCWnR0ILqXSsCGUyDIQVVCJ5cZ3XhN1YB\/9ZugwpLHrBaXVKtT2BueWI6n8dM3b9Cp+zcNgpybUWa0Tq4hqVqsvUjcn1Dd6rYIRU\/cY0mIrJ9e4JlpkvMjtHY8cVazkZZAXPMtMFvjmOdsqU2c3jaYdMT5WLcDzSWWH1T7SKQEGTrJdU7OuKCJkJ7L7iodh9m7peObIMMd98xfOZgPonUmc1udwaM+Fb5pPYudphtm2VVbfV9ibGSTN5GXngj5f80Mz08REUSdBi2\/3B3NctHHxW0MhbQ8wIFHttHmdGfACp5uDrfETTdJy2SfBpZgwfdmE7tzJBp+lY2ks6chQwglPOHVJysvDsoF5XfIGoIkqTX3YMclr0SkFHQNvM7WTGR03vvCrLagWt2vr0MRr\/RQW0av6eXZeXPcHFLr19nm4vJ939eWZJmA==",
                "iv": "HXJnygo2602E\/UU3Sgl\/NA=="
            }
        }
    },
    "[响应]": {
        "returnCode": 0,
        "returnMessage": "UPDATE_SESSION_SUCCESS",
        "returnData": {
            "id": "280ca83d168f1844115ea1912f988ec8",
            "skey": "002d9034eea3a595d3412ca1227cd497",
            "user_info": {
                "openId": "oPicY0cBD5ZB89KieBFSH-PNddIE",
                "nickName": "普通话君",
                "gender": 1,
                "language": "zh_CN",
                "city": "Suzhou",
                "province": "Jiangsu",
                "country": "CN",
                "avatarUrl": "http:\/\/wx.qlogo.cn\/mmopen\/vi_32\/DYAIOgq83eoVvEdGWoKlDIyUibGRJic4ckYwWHy5bJkeTY8vdf4tT4ibjZiccDicibBjoM5N7aTXTSM7s94hMOc4BicDw\/0",
                "unionId": "oU11PxF4Uy0w_t7N6rhIUzOyZ6VU",
                "watermark": {
                    "timestamp": 1490166534,
                    "appid": "wx3c13313f866a541a"
                }
            },
            "duration": 7200
        },
        "version": 1,
        "componentName": "MA"
    },
    "[耗时]": "110ms"
}

[2017-03-22 15:08:55][DEBUG] Util::writeJsonResult => [200] {
    "F2C224D4-2BCE-4C64-AF9F-A6D872000D1A": 1,
    "session": {
        "id": "280ca83d168f1844115ea1912f988ec8",
        "skey": "002d9034eea3a595d3412ca1227cd497",
        "openid": "oPicY0cBD5ZB89KieBFSH-PNddIE",
        "unionid": "oU11PxF4Uy0w_t7N6rhIUzOyZ6VU"
    }
}

ERROR - 2017-03-22 15:08:55 --> 1 2
ERROR - 2017-03-22 15:08:55 --> 2 0
[2017-03-22 15:08:55][DEBUG] POST http://10.133.193.8/mina_auth/} => [200] {
    "[请求]": {
        "version": 1,
        "componentName": "MA",
        "interface": {
            "interfaceName": "qcloud.cam.id_skey",
            "para": {
                "code": "0110Ukbi0FM5Gk1Tfpei0k08bi00Ukb-",
                "encrypt_data": "asG05xLo1YTlO9hiaIqdznxontqjLUvpcXkzzdVJGE48mZ8fCEwtWzkWZZZpaTFjwnSF6nPYkn\/MPYVgRb+Lg6dzzhS3TkjgnmI+yYcp2LFJWXH7m8Wd5ySu3jKFK8Dt7iZq07OuGMl90Wf\/4WprqCikzJN31hxemSgKP51jpL5NP\/Nw8bKgBH1g7PC4rSMP2UNDNavUV7HJLjfnCnT7CY4vzlmsEMvsY3J7Nmb0rxhJNEdddTKtG7kdmtQz7KmFSUq7w2HKwhlROU41E2e5lPELY6q1qVsp9GlaJUL4s6EQ0NAxndobJpE+TY5mJSFZ7RvjrLmjLp57JGhkjcbdYTLveUPNb5ZtKJkVzMse3ZZPOv9w2Uw3BBbu4yE3ihZgz1zordjy9JLwpmuAQNlAlpROS\/Odzl7iQrfAY19YO+k53aDR1pIhXeDG456dLc\/CWFWM7YdZteNaAl4kQig5wv6+7fNmTIKHVw2WqpjKMyB\/cpCluJnjP2LZHOLMxzoPlld+jbBxsyhTIeN9y150NA==",
                "iv": "ywkRrmLTUQ6NVjZsgImqEQ=="
            }
        }
    },
    "[响应]": {
        "returnCode": 0,
        "returnMessage": "UPDATE_SESSION_SUCCESS",
        "returnData": {
            "id": "280ca83d168f1844115ea1912f988ec8",
            "skey": "2f8cdb962b475a9ccc736408e8eb1a35",
            "user_info": {
                "openId": "oPicY0cBD5ZB89KieBFSH-PNddIE",
                "nickName": "普通话君",
                "gender": 1,
                "language": "zh_CN",
                "city": "Suzhou",
                "province": "Jiangsu",
                "country": "CN",
                "avatarUrl": "http:\/\/wx.qlogo.cn\/mmopen\/vi_32\/DYAIOgq83eoVvEdGWoKlDIyUibGRJic4ckYwWHy5bJkeTY8vdf4tT4ibjZiccDicibBjoM5N7aTXTSM7s94hMOc4BicDw\/0",
                "unionId": "oU11PxF4Uy0w_t7N6rhIUzOyZ6VU",
                "watermark": {
                    "timestamp": 1490166534,
                    "appid": "wx3c13313f866a541a"
                }
            },
            "duration": 7200
        },
        "version": 1,
        "componentName": "MA"
    },
    "[耗时]": "225ms"
}

[2017-03-22 15:08:55][DEBUG] Util::writeJsonResult => [200] {
    "F2C224D4-2BCE-4C64-AF9F-A6D872000D1A": 1,
    "session": {
        "id": "280ca83d168f1844115ea1912f988ec8",
        "skey": "2f8cdb962b475a9ccc736408e8eb1a35",
        "openid": "oPicY0cBD5ZB89KieBFSH-PNddIE",
        "unionid": "oU11PxF4Uy0w_t7N6rhIUzOyZ6VU"
    }
}

ERROR - 2017-03-22 15:08:57 --> 
ERROR - 2017-03-22 15:09:06 --> 
ERROR - 2017-03-22 15:09:12 --> 
ERROR - 2017-03-22 15:13:31 --> 
ERROR - 2017-03-22 16:41:01 --> 404 Page Not Found: Phpmyadmin/index
ERROR - 2017-03-22 18:32:19 --> 404 Page Not Found: Phpmyadmin/index
ERROR - 2017-03-22 21:37:47 --> 404 Page Not Found: Current_config/passwd
ERROR - 2017-03-22 21:37:47 --> 404 Page Not Found: Current_config/Account1
ERROR - 2017-03-22 22:11:06 --> 404 Page Not Found: Loginaction/index
ERROR - 2017-03-22 22:11:16 --> 404 Page Not Found: Loginaction/index
ERROR - 2017-03-22 22:29:28 --> 404 Page Not Found: Current_config/passwd
ERROR - 2017-03-22 22:29:28 --> 404 Page Not Found: Current_config/Account1
ERROR - 2017-03-22 23:27:32 --> 404 Page Not Found: Faviconico/index
ERROR - 2017-03-22 23:55:55 --> 1 2
ERROR - 2017-03-22 23:55:55 --> 2 0
[2017-03-22 23:55:55][DEBUG] POST http://10.133.193.8/mina_auth/} => [200] {
    "[请求]": {
        "version": 1,
        "componentName": "MA",
        "interface": {
            "interfaceName": "qcloud.cam.id_skey",
            "para": {
                "code": "011FwQJN1vasG41T55IN1oQAJN1FwQJs",
                "encrypt_data": "xdXh2cWfGDDyWLK2OU3CRUWTziJhpN1o7GrlZZIPcKfj7xjAOVoXRv\/Cs+hhM27DXSC0BEgEbVoiCI3zOIMhGCmM8jjIDMlNgXe+DiWZVTB7QA3kGNp+h0NmIH7QPOmEFzZPx7YYIZyOv8qIhBzYiMSjApa4+W0S17T\/O1wIkhwUURdOwD0mSp59XzXcS5OWGAA6pxZHqmM7pCtJRRy44IjQkIrLXHx+sQOjp7TcOjGFBWp7XpvTmut9\/uBBS8XCRG\/QxWYf0U0yK+EZ2ajLxOzF9oh4WaVApfvjOoqFIqwhq5UZiv2Y92X8V2tc3eUQ5Z0UaJ3VcT4xmJ8KXDrouL10JSzOAapYdkb0or5tP3xIivIgHnLS64mRyY91mq1S7ldyF+ai\/PvqwlsgZb77I0ti9tIC\/Veu+K2umc4ro1FtxoFrefvEo2hIHiDvJca48vBOhxdZe6ztVNyYeiRkPk9svbvf+G5sehWADWJ8OrMN2nz0SLtbYR76w1pAFD0MGrifgtTyz0QDsfVdanrGKQ==",
                "iv": "PnKJl9ZJvfImT3f8AcPF9g=="
            }
        }
    },
    "[响应]": {
        "returnCode": 0,
        "returnMessage": "UPDATE_SESSION_SUCCESS",
        "returnData": {
            "id": "280ca83d168f1844115ea1912f988ec8",
            "skey": "a1a22a06617885016ba94ac1c32c8864",
            "user_info": {
                "openId": "oPicY0cBD5ZB89KieBFSH-PNddIE",
                "nickName": "普通话君",
                "gender": 1,
                "language": "zh_CN",
                "city": "Suzhou",
                "province": "Jiangsu",
                "country": "CN",
                "avatarUrl": "http:\/\/wx.qlogo.cn\/mmopen\/vi_32\/DYAIOgq83eoVvEdGWoKlDIyUibGRJic4ckYwWHy5bJkeTY8vdf4tT4ibjZiccDicibBjoM5N7aTXTSM7s94hMOc4BicDw\/0",
                "unionId": "oU11PxF4Uy0w_t7N6rhIUzOyZ6VU",
                "watermark": {
                    "timestamp": 1490198155,
                    "appid": "wx3c13313f866a541a"
                }
            },
            "duration": 7200
        },
        "version": 1,
        "componentName": "MA"
    },
    "[耗时]": "98ms"
}

[2017-03-22 23:55:55][DEBUG] Util::writeJsonResult => [200] {
    "F2C224D4-2BCE-4C64-AF9F-A6D872000D1A": 1,
    "session": {
        "id": "280ca83d168f1844115ea1912f988ec8",
        "skey": "a1a22a06617885016ba94ac1c32c8864",
        "openid": "oPicY0cBD5ZB89KieBFSH-PNddIE",
        "unionid": "oU11PxF4Uy0w_t7N6rhIUzOyZ6VU"
    }
}

ERROR - 2017-03-22 23:55:55 --> 1 2
ERROR - 2017-03-22 23:55:55 --> 2 0
[2017-03-22 23:55:55][DEBUG] POST http://10.133.193.8/mina_auth/} => [200] {
    "[请求]": {
        "version": 1,
        "componentName": "MA",
        "interface": {
            "interfaceName": "qcloud.cam.id_skey",
            "para": {
                "code": "001Z0auE1dXGU20zInwE1ay6uE1Z0auN",
                "encrypt_data": "4yplAATBzjo4DSu99VY9iQG5xUUFB2ypARNmmB53mqXb56lK90k0j2Xdl1B2ObdybW+fk6TaEmLAkRpb\/AlVh\/Rx6ywcFj0sHtoOle7mc5QMcok3PYemqOLqZfHy6CQFLe1AQ99laj23gKH3KkXDBA0a22cl1cvrz9z44uiCjqwP+4yTA73gKb99ESXQ4DtIPDqc24NhsfMULJoKSMUdhbkLR5MxzogyFobcNgklkRPFRIdeWHft6C8vG5oH1cIahz\/kChaPR5xRq7h6+zGqb7Su9YgcT9iF0n6ln+kkrjnlBaK6GXvO5Inhd4WRTCBAL\/DH8F\/G0+NIXNibqpQQ\/6xSsiccLMdLhv5Ov\/cVvJrp7o0OuPpdU+LZxHjAUL8\/CYHlvnqhExgZZkSZr15+scP0Fo6uk9H3TnZ+T0CanDgiorYvkipLf04z4RPXRo5ENF7uJaKDB6UKi19WsDQ9W7hZag1V7Kp1jwLC1IhTvbEsT7G+OvPGyevExolkc499282N4jCTalUAjKYYwBC5wg==",
                "iv": "EaESzfDuj7UT3jSsqYcF+A=="
            }
        }
    },
    "[响应]": {
        "returnCode": 0,
        "returnMessage": "UPDATE_SESSION_SUCCESS",
        "returnData": {
            "id": "280ca83d168f1844115ea1912f988ec8",
            "skey": "151d3bd835a8c2074a5367f9159668e5",
            "user_info": {
                "openId": "oPicY0cBD5ZB89KieBFSH-PNddIE",
                "nickName": "普通话君",
                "gender": 1,
                "language": "zh_CN",
                "city": "Suzhou",
                "province": "Jiangsu",
                "country": "CN",
                "avatarUrl": "http:\/\/wx.qlogo.cn\/mmopen\/vi_32\/DYAIOgq83eoVvEdGWoKlDIyUibGRJic4ckYwWHy5bJkeTY8vdf4tT4ibjZiccDicibBjoM5N7aTXTSM7s94hMOc4BicDw\/0",
                "unionId": "oU11PxF4Uy0w_t7N6rhIUzOyZ6VU",
                "watermark": {
                    "timestamp": 1490198154,
                    "appid": "wx3c13313f866a541a"
                }
            },
            "duration": 7200
        },
        "version": 1,
        "componentName": "MA"
    },
    "[耗时]": "113ms"
}

[2017-03-22 23:55:55][DEBUG] Util::writeJsonResult => [200] {
    "F2C224D4-2BCE-4C64-AF9F-A6D872000D1A": 1,
    "session": {
        "id": "280ca83d168f1844115ea1912f988ec8",
        "skey": "151d3bd835a8c2074a5367f9159668e5",
        "openid": "oPicY0cBD5ZB89KieBFSH-PNddIE",
        "unionid": "oU11PxF4Uy0w_t7N6rhIUzOyZ6VU"
    }
}

