ERROR - 2017-04-28 04:02:38 --> 404 Page Not Found: Cache/global
ERROR - 2017-04-28 08:09:40 --> 404 Page Not Found: M/index
ERROR - 2017-04-28 08:53:27 --> 404 Page Not Found: Search/index
ERROR - 2017-04-28 08:53:27 --> 404 Page Not Found: 273/index
ERROR - 2017-04-28 09:32:56 --> 404 Page Not Found: Cache/global
ERROR - 2017-04-28 14:19:52 --> 404 Page Not Found: Wp-includes/js
ERROR - 2017-04-28 14:19:52 --> 404 Page Not Found: Skins/vector
ERROR - 2017-04-28 14:19:52 --> 404 Page Not Found: Misc/states.js
ERROR - 2017-04-28 14:19:53 --> 404 Page Not Found: Static/js
ERROR - 2017-04-28 14:19:53 --> 404 Page Not Found: Include/js
ERROR - 2017-04-28 14:19:53 --> 404 Page Not Found: Include/js
ERROR - 2017-04-28 14:19:54 --> 404 Page Not Found: Include/js
ERROR - 2017-04-28 14:19:54 --> 404 Page Not Found: Res/js
ERROR - 2017-04-28 14:19:55 --> 404 Page Not Found: Js/wind_editor.js
ERROR - 2017-04-28 14:19:55 --> 404 Page Not Found: Styles/prosilver
ERROR - 2017-04-28 14:19:55 --> 404 Page Not Found: Styles/prosilver
ERROR - 2017-04-28 14:19:56 --> 404 Page Not Found: Editor/ubb
ERROR - 2017-04-28 14:19:56 --> 404 Page Not Found: Template/default
ERROR - 2017-04-28 14:19:56 --> 404 Page Not Found: Static/js
ERROR - 2017-04-28 14:19:57 --> 404 Page Not Found: Images/js
ERROR - 2017-04-28 14:19:57 --> 404 Page Not Found: Templets/style
ERROR - 2017-04-28 14:19:58 --> 404 Page Not Found: Include/dedeajax2.js
ERROR - 2017-04-28 14:19:58 --> 404 Page Not Found: Images/default
ERROR - 2017-04-28 14:19:58 --> 404 Page Not Found: Js/lang
ERROR - 2017-04-28 14:19:59 --> 404 Page Not Found: Js/lang
ERROR - 2017-04-28 14:19:59 --> 404 Page Not Found: D/js
ERROR - 2017-04-28 14:19:59 --> 404 Page Not Found: Skin/default
ERROR - 2017-04-28 14:20:00 --> 404 Page Not Found: Media/system
ERROR - 2017-04-28 14:20:00 --> 404 Page Not Found: Media/system
ERROR - 2017-04-28 14:20:01 --> 404 Page Not Found: Lang/zh
ERROR - 2017-04-28 14:20:01 --> 404 Page Not Found: Style/default
ERROR - 2017-04-28 14:20:01 --> 404 Page Not Found: Lang/zh
ERROR - 2017-04-28 14:20:02 --> 404 Page Not Found: Rockmongo/index
ERROR - 2017-04-28 14:20:02 --> 404 Page Not Found: Server-status/index
ERROR - 2017-04-28 14:20:03 --> 404 Page Not Found: Ueditoralljs/index
ERROR - 2017-04-28 14:20:03 --> 404 Page Not Found: Wikilibd/PmWiki.ChangeLog
ERROR - 2017-04-28 14:20:03 --> 404 Page Not Found: 4e5e5d7364f443e28fbf0d3ae744a59a/index
ERROR - 2017-04-28 14:20:04 --> 404 Page Not Found: Jenkins/index
ERROR - 2017-04-28 15:28:43 --> 404 Page Not Found: Current_config/Account1
ERROR - 2017-04-28 15:28:46 --> 404 Page Not Found: Current_config/Account1
ERROR - 2017-04-28 20:01:16 --> 404 Page Not Found: Proxyhtml/index
