ERROR - 2017-06-30 04:17:01 --> 404 Page Not Found: Cache/global
ERROR - 2017-06-30 07:09:07 --> 404 Page Not Found: Cgi/common.cgi
ERROR - 2017-06-30 07:09:08 --> 404 Page Not Found: Stssyshtm/index
ERROR - 2017-06-30 10:04:08 --> 404 Page Not Found: Cgi/common.cgi
ERROR - 2017-06-30 12:03:19 --> 404 Page Not Found: Loginaction/index
ERROR - 2017-06-30 12:03:20 --> 404 Page Not Found: Loginaction/index
ERROR - 2017-06-30 12:03:22 --> 404 Page Not Found: Loginaction/index
ERROR - 2017-06-30 12:03:24 --> 404 Page Not Found: Loginaction/index
ERROR - 2017-06-30 12:03:26 --> 404 Page Not Found: Loginaction/index
ERROR - 2017-06-30 12:03:27 --> 404 Page Not Found: Loginaction/index
ERROR - 2017-06-30 14:36:03 --> 404 Page Not Found: Wp-includes/js
ERROR - 2017-06-30 14:36:03 --> 404 Page Not Found: Skins/vector
ERROR - 2017-06-30 14:36:03 --> 404 Page Not Found: Misc/states.js
ERROR - 2017-06-30 14:36:04 --> 404 Page Not Found: Static/js
ERROR - 2017-06-30 14:36:04 --> 404 Page Not Found: Include/js
ERROR - 2017-06-30 14:36:05 --> 404 Page Not Found: Include/js
ERROR - 2017-06-30 14:36:05 --> 404 Page Not Found: Include/js
ERROR - 2017-06-30 14:36:05 --> 404 Page Not Found: Res/js
ERROR - 2017-06-30 14:36:06 --> 404 Page Not Found: Js/wind_editor.js
ERROR - 2017-06-30 14:36:06 --> 404 Page Not Found: Styles/prosilver
ERROR - 2017-06-30 14:36:06 --> 404 Page Not Found: Styles/prosilver
ERROR - 2017-06-30 14:36:07 --> 404 Page Not Found: Editor/ubb
ERROR - 2017-06-30 14:36:07 --> 404 Page Not Found: Template/default
ERROR - 2017-06-30 14:36:08 --> 404 Page Not Found: Static/js
ERROR - 2017-06-30 14:36:08 --> 404 Page Not Found: Images/js
ERROR - 2017-06-30 14:36:08 --> 404 Page Not Found: Templets/style
ERROR - 2017-06-30 14:36:09 --> 404 Page Not Found: Include/dedeajax2.js
ERROR - 2017-06-30 14:36:09 --> 404 Page Not Found: Images/default
ERROR - 2017-06-30 14:36:09 --> 404 Page Not Found: Js/lang
ERROR - 2017-06-30 14:36:10 --> 404 Page Not Found: Js/lang
ERROR - 2017-06-30 14:36:10 --> 404 Page Not Found: D/js
ERROR - 2017-06-30 14:36:11 --> 404 Page Not Found: Skin/default
ERROR - 2017-06-30 14:36:11 --> 404 Page Not Found: Media/system
ERROR - 2017-06-30 14:36:11 --> 404 Page Not Found: Media/system
ERROR - 2017-06-30 14:36:12 --> 404 Page Not Found: Lang/zh
ERROR - 2017-06-30 14:36:12 --> 404 Page Not Found: Style/default
ERROR - 2017-06-30 14:36:12 --> 404 Page Not Found: Lang/zh
ERROR - 2017-06-30 14:36:13 --> 404 Page Not Found: Rockmongo/index
ERROR - 2017-06-30 14:36:13 --> 404 Page Not Found: Server-status/index
ERROR - 2017-06-30 14:36:13 --> 404 Page Not Found: Ueditoralljs/index
ERROR - 2017-06-30 14:36:14 --> 404 Page Not Found: Wikilibd/PmWiki.ChangeLog
ERROR - 2017-06-30 14:36:14 --> 404 Page Not Found: 4e5e5d7364f443e28fbf0d3ae744a59a/index
ERROR - 2017-06-30 14:36:15 --> 404 Page Not Found: Jenkins/index
ERROR - 2017-06-30 18:03:23 --> 1 2
ERROR - 2017-06-30 18:03:23 --> 2 0
[2017-06-30 18:03:23][DEBUG] POST http://10.133.193.8/mina_auth/} => [200] {
    "[请求]": {
        "version": 1,
        "componentName": "MA",
        "interface": {
            "interfaceName": "qcloud.cam.id_skey",
            "para": {
                "code": "011qE5bE1UScK00Z898E1Cx9bE1qE5b2",
                "encrypt_data": "RJdHHnFfEp99i3uPHzLE7Nd+f0uoyEgeH8Ospm4F7X+JutqMPSZot\/gRaDdEjfsRxyX3qQ+Yv4XG91GEecqON2s6GizEQESTU0CRHTfxlJXUpqRiOORbnvj\/HpghzfKan9xhyWMMJda3gTd+CxDICqwQ7imu1hulyk2ddyurF3p2BZeRKmqxiKrap5Xx9qr\/IW6EHBHWYneF3FqPrj0IjAa81IlP\/WDUaPZJqkLsANmy8skutpUR9\/AQ+Ff\/lunPikRduJmPGC0Zm5Gp2Xt4KcfW+ly1tdg1ZLeR6e2JE0X6N1Q90d8OIdun0G6o9cc0idYzvQTpIwgijRR\/YowD+rU\/FFI60XUljsBBzKSwECYtLL7tK7\/ImIf1DFd1D2xu69VDHe2zfAbMz3A6sxWkOFDqNwVp3cXtJs11CFIHe6hFJY\/R2Mm8PxjUz9QsWillugL8+kdq5u750VAy3XlVsHZi+GMePQj7R0OGCcmDiINpPgGdrWP3wpnRlg1g6bLFUbefSQov2\/G\/CNCDy6E2Jw==",
                "iv": "NFdHDIVSS6+kfRrzrIXe2g=="
            }
        }
    },
    "[响应]": {
        "returnCode": 0,
        "returnMessage": "UPDATE_SESSION_SUCCESS",
        "returnData": {
            "id": "280ca83d168f1844115ea1912f988ec8",
            "skey": "4c421f9eb836fcd97f04ac7e8620b8fa",
            "user_info": {
                "openId": "oPicY0cBD5ZB89KieBFSH-PNddIE",
                "nickName": "普通话君",
                "gender": 1,
                "language": "zh_CN",
                "city": "Suzhou",
                "province": "Jiangsu",
                "country": "CN",
                "avatarUrl": "https:\/\/wx.qlogo.cn\/mmopen\/vi_32\/DYAIOgq83eoVvEdGWoKlDIyUibGRJic4ckYwWHy5bJkeTY8vdf4tT4ibjZiccDicibBjoM5N7aTXTSM7s94hMOc4BicDw\/0",
                "unionId": "oU11PxF4Uy0w_t7N6rhIUzOyZ6VU",
                "watermark": {
                    "timestamp": 1498817003,
                    "appid": "wx3c13313f866a541a"
                }
            },
            "duration": 7200
        },
        "version": 1,
        "componentName": "MA"
    },
    "[耗时]": "324ms"
}

[2017-06-30 18:03:23][DEBUG] Util::writeJsonResult => [200] {
    "F2C224D4-2BCE-4C64-AF9F-A6D872000D1A": 1,
    "session": {
        "id": "280ca83d168f1844115ea1912f988ec8",
        "skey": "4c421f9eb836fcd97f04ac7e8620b8fa",
        "openid": "oPicY0cBD5ZB89KieBFSH-PNddIE",
        "unionid": "oU11PxF4Uy0w_t7N6rhIUzOyZ6VU"
    }
}

ERROR - 2017-06-30 18:03:24 --> 1 2
ERROR - 2017-06-30 18:03:24 --> 2 0
[2017-06-30 18:03:24][DEBUG] POST http://10.133.193.8/mina_auth/} => [200] {
    "[请求]": {
        "version": 1,
        "componentName": "MA",
        "interface": {
            "interfaceName": "qcloud.cam.id_skey",
            "para": {
                "code": "071f7woe0hRNCz1c4Vle059joe0f7wob",
                "encrypt_data": "MJb2f1vpv0V4QwodSgvVAUOxjRQ05ZTKQ80WYFYXFCi3qjEp3kfUoB2iVp1paf+PzyBE0gKtNnGSAMxZqMeMetn2kDb4UQqJEiCq\/DpQVtBYbn6\/toatqSe4pbj7YgJaGWZ10sQNGbU3x2td8KCcS97kZ9\/h1GC9GwHco3hcKBqFdDQjBZfsQLFOCytCvaYfeewjyOD4jZ6bcEDchyIMnbwzQ3vzWWemTMlSEUlebGKSjhvyW7qqjk6SPhe4RtPsvmNlaB1S6djkXrcxaLIAq1HXLyPJmEgn17Qd8SQN6UQR7TqlRWNEDD1f4Rw9NNwvHlhlk8UUK3hJN1VLZf4bQ\/MI9sjmDIMt6sagQ+wVpfAvxzg72F8Xxn0v+nYGWQxn8\/SG7GNXg9\/SAE9+xql\/NU5WXci7TBzFhmReg+vLSzuPaxmog1Q8C3DHLYqSeuYNhyXvfmN09t6lDkbV0znTbaQo+SnurqTjQSCBkxeVMPVrSzPPDgl\/6cim3WOkw79ZJOxIdreqcloxNGoPJUEQrg==",
                "iv": "73SnItBeWy9wCk4gHojLWg=="
            }
        }
    },
    "[响应]": "<br \/>\n<b>Warning<\/b>:  rmdir(log\/2017-06-25): No such file or directory in <b>\/opt\/lampp\/htdocs\/mina_auth\/system\/log\/log.php<\/b> on line <b>341<\/b><br \/>\n{\"returnCode\":0,\"returnMessage\":\"UPDATE_SESSION_SUCCESS\",\"returnData\":{\"id\":\"280ca83d168f1844115ea1912f988ec8\",\"skey\":\"7b652201d60ed54820cd5cc04ceb8c2c\",\"user_info\":{\"openId\":\"oPicY0cBD5ZB89KieBFSH-PNddIE\",\"nickName\":\"\\u666e\\u901a\\u8bdd\\u541b\",\"gender\":1,\"language\":\"zh_CN\",\"city\":\"Suzhou\",\"province\":\"Jiangsu\",\"country\":\"CN\",\"avatarUrl\":\"https:\\\/\\\/wx.qlogo.cn\\\/mmopen\\\/vi_32\\\/DYAIOgq83eoVvEdGWoKlDIyUibGRJic4ckYwWHy5bJkeTY8vdf4tT4ibjZiccDicibBjoM5N7aTXTSM7s94hMOc4BicDw\\\/0\",\"unionId\":\"oU11PxF4Uy0w_t7N6rhIUzOyZ6VU\",\"watermark\":{\"timestamp\":1498817003,\"appid\":\"wx3c13313f866a541a\"}},\"duration\":7200},\"version\":1,\"componentName\":\"MA\"}",
    "[耗时]": "504ms"
}

[2017-06-30 18:03:24][DEBUG] Util::writeJsonResult => [200] {
    "F2C224D4-2BCE-4C64-AF9F-A6D872000D1A": 1,
    "error": "ERR_LOGIN_FAILED",
    "message": "鉴权服务器响应格式错误，无法解析 JSON 字符串"
}

LDSF - 2017-06-30 18:03:24 --> >>> User->addressbookisempty()
LDSF - 2017-06-30 18:03:24 --> openid=oPicY0cBD5ZB89KieBFSH-PNddIE
LDSF - 2017-06-30 18:03:25 --> >>> User->loginrecord()
LDSF - 2017-06-30 18:03:25 --> openid=oPicY0cBD5ZB89KieBFSH-PNddIE
ERROR - 2017-06-30 21:45:10 --> 404 Page Not Found: 404/search_children.js
ERROR - 2017-06-30 21:51:44 --> 404 Page Not Found: Manager/html
ERROR - 2017-06-30 22:00:23 --> 404 Page Not Found: Mhello/index
