ERROR - 2017-02-20 00:20:41 --> 404 Page Not Found: Admin/index
ERROR - 2017-02-20 00:39:33 --> 1 2
ERROR - 2017-02-20 00:39:33 --> 2 0
[2017-02-20 00:39:33][DEBUG] POST http://10.133.193.8/mina_auth/} => [200] {
    "[请求]": {
        "version": 1,
        "componentName": "MA",
        "interface": {
            "interfaceName": "qcloud.cam.id_skey",
            "para": {
                "code": "031E5kmz1zIiRe0lV4lz11Z9mz1E5kmX",
                "encrypt_data": "P7PCeejHUCLF8UncqG6IWI6dwUUsoIn\/Xfgb5CbBEvEqvzfOQa+UPrJke6hsDJFmI4byfOrTQ+YJZ8CQE3zk8zBr43S80mOH12IP8OrXXgECbe59TYLLxv7fzjIGxyAgYpPvBqvaQvyaephM5bMNjC6COt2HSdSdrw0RrtK1DMLF1xqBHwM5mj3C+9tYjVZ9L3sRNkdKkoZAWKJtct5B42ME4LHsmlwrFDslo5vER9t\/3funLaa6uTOtsyIb6Tqo5eC\/zDLz7qEn5HOqraFElE7jvGeOSto\/JfsVisq7j0Ripg4RrSGsL5z4wOzMzlLr3bp+xCMSB28hLRACp7uC1sSvfdjj+t59o6PcDTnLxPK7AQPgv6CfFvZmGLs5xdlgxjcQ\/cAu3NbSu+xbfEYDSiWo6nOGnf+ApHYn+jA8WijikhhT7g5bVqmy88K3YlVgyvETdsCbqe8N7PMHdUE6IQgCVZ7uDWY+E5d6q1UbbYU=",
                "iv": "CqaicC8lgcxkpUoh2UXOeg=="
            }
        }
    },
    "[响应]": {
        "returnCode": 0,
        "returnMessage": "UPDATE_SESSION_SUCCESS",
        "returnData": {
            "id": "2a20bd9d0d240a74d6514ce55ba4a61f",
            "skey": "8d500ad0e643221ebb0b7225c46078ac",
            "openid": "oPicY0cBD5ZB89KieBFSH-PNddIE",
            "user_info": {
                "openId": "oPicY0cBD5ZB89KieBFSH-PNddIE",
                "nickName": "普通话君",
                "gender": 1,
                "language": "zh_CN",
                "city": "Suzhou",
                "province": "Jiangsu",
                "country": "CN",
                "avatarUrl": "http:\/\/wx.qlogo.cn\/mmopen\/vi_32\/DYAIOgq83eoVvEdGWoKlDIyUibGRJic4ckYwWHy5bJkeTY8vdf4tT4ibjZiccDicibBjoM5N7aTXTSM7s94hMOc4BicDw\/0",
                "watermark": {
                    "timestamp": 1487522373,
                    "appid": "wx3c13313f866a541a"
                }
            },
            "duration": 7200
        },
        "version": 1,
        "componentName": "MA"
    },
    "[耗时]": "91ms"
}

[2017-02-20 00:39:33][DEBUG] Util::writeJsonResult => [200] {
    "F2C224D4-2BCE-4C64-AF9F-A6D872000D1A": 1,
    "session": {
        "id": "2a20bd9d0d240a74d6514ce55ba4a61f",
        "skey": "8d500ad0e643221ebb0b7225c46078ac",
        "openid": "oPicY0cBD5ZB89KieBFSH-PNddIE"
    }
}

ERROR - 2017-02-20 02:20:34 --> 404 Page Not Found: HndUnblockcgi/index
ERROR - 2017-02-20 02:20:35 --> 404 Page Not Found: TmUnblockcgi/index
ERROR - 2017-02-20 04:40:07 --> 404 Page Not Found: HndUnblockcgi/index
ERROR - 2017-02-20 04:40:18 --> 404 Page Not Found: HndUnblockcgi/index
ERROR - 2017-02-20 06:30:42 --> 404 Page Not Found: TmUnblockcgi/index
ERROR - 2017-02-20 06:30:52 --> 404 Page Not Found: TmUnblockcgi/index
ERROR - 2017-02-20 08:50:19 --> 404 Page Not Found: HndUnblockcgi/index
ERROR - 2017-02-20 10:07:41 --> 404 Page Not Found: Admin/index
ERROR - 2017-02-20 11:56:47 --> 1 2
ERROR - 2017-02-20 11:56:47 --> 2 0
[2017-02-20 11:56:47][DEBUG] POST http://10.133.193.8/mina_auth/} => [200] {
    "[请求]": {
        "version": 1,
        "componentName": "MA",
        "interface": {
            "interfaceName": "qcloud.cam.id_skey",
            "para": {
                "code": "02157Ghn0YNbto1fydhn0jCXhn057Ghb",
                "encrypt_data": "4W62+1XQzT18Fgef5YS77QUdijMMwkpw7R1zCt46ZWaqZ+Yq1trph8tI7Cf4f+vY1v7MaPEKCpVTY62ASrYqkptegS6kZz+\/oy\/ridSSb1CeBFsrZNhZboSkFTnW7XmcX8GXQZ6E8NbLK2XKmvsI+iTEMJSVDXFnS033Dg8nmZ80OPfkbGrG\/tTzITOD+D1dtXZaO1seZOMQ\/csA5sW7xtZENRXBVMlrZy7qYSmvSg+kQ3Cdci33t6ri6PmN5v7o5oCP1HjVBL2jYgRD7nX8JAz8scXghw+qEX5qc9YJNP2XAKzM17ObVFpMSeCG+hp\/H7Q1SrR856bW8WqRTwavhTTjJ6w9XCSIBJOR98H5Xpu3CUMIWSFBBMYPVK1CeSFpLvKKO++etjtF1G4ryi8o7dZj52oD6jzCFobKFTlB6SoFd32VLJsSh\/AE0Q7qK2rpcWsa7w6x9jVVfwGwtYnbaL2mN8xqJvF8G9FFJGlAHec=",
                "iv": "ku6QvvY5pbAp3g8WF1sEKg=="
            }
        }
    },
    "[响应]": {
        "returnCode": 0,
        "returnMessage": "NEW_SESSION_SUCCESS",
        "returnData": {
            "id": "f73a970e8780095aed6dae761210b614",
            "skey": "1b62ad4b3efb4ba14f55aacceabaaac0",
            "openid": "oPicY0eeaVbv_w6qZrY8a0lvXQho",
            "user_info": {
                "openId": "oPicY0eeaVbv_w6qZrY8a0lvXQho",
                "nickName": "测试号",
                "gender": 2,
                "language": "zh_CN",
                "city": "Guangzhou",
                "province": "Guangdong",
                "country": "CN",
                "avatarUrl": "http:\/\/wx.qlogo.cn\/mmopen\/vi_32\/Q0j4TwGTfTIiaeJ7mrpPKdr6LjRKjgkGEZwia8libhHibaZ6oTWBXcZPwibdiafn2uYoCt3NztrvhKmhopqgg9bicZBuA\/0",
                "watermark": {
                    "timestamp": 1487563005,
                    "appid": "wx3c13313f866a541a"
                }
            },
            "duration": 7200
        },
        "version": 1,
        "componentName": "MA"
    },
    "[耗时]": "114ms"
}

[2017-02-20 11:56:47][DEBUG] Util::writeJsonResult => [200] {
    "F2C224D4-2BCE-4C64-AF9F-A6D872000D1A": 1,
    "session": {
        "id": "f73a970e8780095aed6dae761210b614",
        "skey": "1b62ad4b3efb4ba14f55aacceabaaac0",
        "openid": "oPicY0eeaVbv_w6qZrY8a0lvXQho"
    }
}

ERROR - 2017-02-20 11:56:47 --> 1 2
ERROR - 2017-02-20 11:56:47 --> 2 0
[2017-02-20 11:56:47][DEBUG] POST http://10.133.193.8/mina_auth/} => [200] {
    "[请求]": {
        "version": 1,
        "componentName": "MA",
        "interface": {
            "interfaceName": "qcloud.cam.id_skey",
            "para": {
                "code": "011nx6Pr0e6oRa121vPr0ruROr0nx6PH",
                "encrypt_data": "fW6\/PbreeCXD3PpQtFf68smcF6+nOdxSFKB4X+dswySiJktIi4gTx1wpt4Py4aZdTzXRhVvztjrh3HzZbyiJu0nhWIWFLBDFxuJdyEP2fnIolDkjMRIAU93h4zl2I3173uPQa\/lTZhqX+ePrNHumLWFc+FolPlXXO7o8\/PfdIbc0c7WFJ16HKwRqc5L6yzfexyqY2pg2uGka45fyTLlsSnHD5Lq45PMCvUQ4ZZuh9vPeWItjY9yNTn6KrZ0gnXNV\/0pQApsoLjxp8wMI63sGvoJxTAiBUaiKqGvyMtL+xCybA+yRG5cMuB9PAth5pkWhw2SEs70zr+uyjhhtvOdL4XCOWAhgK+f00RnBHwoTU2cjMm6pg\/FdRrbDi7rvM0wfQaH\/yRm1uSJykNJemmBRFmpRApcSbMZb2KKwFSaqSd1EFbsfoqZis4nH2DZe0JQbYBvPXqo7kr7iC5uYomP8wienF78z3\/yYPt4ZTo2te34=",
                "iv": "ONLAK+FkixA5kcqD3FYflQ=="
            }
        }
    },
    "[响应]": {
        "returnCode": 0,
        "returnMessage": "UPDATE_SESSION_SUCCESS",
        "returnData": {
            "id": "f73a970e8780095aed6dae761210b614",
            "skey": "85450b0fecb49dc991100b58a532da75",
            "openid": "oPicY0eeaVbv_w6qZrY8a0lvXQho",
            "user_info": {
                "openId": "oPicY0eeaVbv_w6qZrY8a0lvXQho",
                "nickName": "测试号",
                "gender": 2,
                "language": "zh_CN",
                "city": "Guangzhou",
                "province": "Guangdong",
                "country": "CN",
                "avatarUrl": "http:\/\/wx.qlogo.cn\/mmopen\/vi_32\/Q0j4TwGTfTIiaeJ7mrpPKdr6LjRKjgkGEZwia8libhHibaZ6oTWBXcZPwibdiafn2uYoCt3NztrvhKmhopqgg9bicZBuA\/0",
                "watermark": {
                    "timestamp": 1487563007,
                    "appid": "wx3c13313f866a541a"
                }
            },
            "duration": 7200
        },
        "version": 1,
        "componentName": "MA"
    },
    "[耗时]": "107ms"
}

[2017-02-20 11:56:47][DEBUG] Util::writeJsonResult => [200] {
    "F2C224D4-2BCE-4C64-AF9F-A6D872000D1A": 1,
    "session": {
        "id": "f73a970e8780095aed6dae761210b614",
        "skey": "85450b0fecb49dc991100b58a532da75",
        "openid": "oPicY0eeaVbv_w6qZrY8a0lvXQho"
    }
}

ERROR - 2017-02-20 12:58:33 --> 1 2
ERROR - 2017-02-20 12:58:33 --> 2 0
[2017-02-20 12:58:33][DEBUG] POST http://10.133.193.8/mina_auth/} => [200] {
    "[请求]": {
        "version": 1,
        "componentName": "MA",
        "interface": {
            "interfaceName": "qcloud.cam.id_skey",
            "para": {
                "code": "041PkbT20c5VkE1rYyS20QD4T20PkbTp",
                "encrypt_data": "gmNEASYLw5QosK63r\/EFYwgs+GSaUsLb2iAkx8kHFuSWARvEYGYK4OJtgUIUkEtFFIPWxmFdb4OGFfog++1d6PqjlaZafbM0vXwSw9UQ106ev2HKc5wHRipTxkw5PNFmT1+cqxuuIwJ2HvPnAddRInSHuQbkL5+ZvUt2\/JiezkWngPeAE+5YWF6xHfctUZKGdGZfup+q0Cbjcnlt8DYNIRD4Wkkl0uKyusd55XA4TEoxrY6tlduXFDQEpgcBgG1aDiJHJteSXFIyNVQAc05jIQFWa\/u3Zo7cmFthgSqB3pHKxV\/WMBFEabYIL9DV6Ic6FDjyX8C\/DJTTb5eZtFY9H8kAyQs6jvyYGSyy1Aml\/1ZxTCHJf2qIUu9L3NrNIPNS83+rRaEx4n9ilMhSgnr0fcvw7\/DXzdZIwiOAAK4GkkD8MXPUtNkVyiJJ4mUSvuKgBpBcrFENHGSVxCh9sChniPaPKS7GsXMZZCFvUQEvMKQ=",
                "iv": "k8xpMklUESCzS+N2ZHcR5A=="
            }
        }
    },
    "[响应]": {
        "returnCode": 0,
        "returnMessage": "UPDATE_SESSION_SUCCESS",
        "returnData": {
            "id": "2a20bd9d0d240a74d6514ce55ba4a61f",
            "skey": "775ccbb315921320fbd1c597e570b0f4",
            "openid": "oPicY0cBD5ZB89KieBFSH-PNddIE",
            "user_info": {
                "openId": "oPicY0cBD5ZB89KieBFSH-PNddIE",
                "nickName": "普通话君",
                "gender": 1,
                "language": "zh_CN",
                "city": "Suzhou",
                "province": "Jiangsu",
                "country": "CN",
                "avatarUrl": "http:\/\/wx.qlogo.cn\/mmopen\/vi_32\/DYAIOgq83eoVvEdGWoKlDIyUibGRJic4ckYwWHy5bJkeTY8vdf4tT4ibjZiccDicibBjoM5N7aTXTSM7s94hMOc4BicDw\/0",
                "watermark": {
                    "timestamp": 1487566713,
                    "appid": "wx3c13313f866a541a"
                }
            },
            "duration": 7200
        },
        "version": 1,
        "componentName": "MA"
    },
    "[耗时]": "102ms"
}

[2017-02-20 12:58:33][DEBUG] Util::writeJsonResult => [200] {
    "F2C224D4-2BCE-4C64-AF9F-A6D872000D1A": 1,
    "session": {
        "id": "2a20bd9d0d240a74d6514ce55ba4a61f",
        "skey": "775ccbb315921320fbd1c597e570b0f4",
        "openid": "oPicY0cBD5ZB89KieBFSH-PNddIE"
    }
}

ERROR - 2017-02-20 15:28:37 --> 1 2
ERROR - 2017-02-20 15:28:37 --> 2 0
[2017-02-20 15:28:37][DEBUG] POST http://10.133.193.8/mina_auth/} => [200] {
    "[请求]": {
        "version": 1,
        "componentName": "MA",
        "interface": {
            "interfaceName": "qcloud.cam.id_skey",
            "para": {
                "code": "021jR5z31E6heM1uLgz31dHfz31jR5zO",
                "encrypt_data": "xpbPwBHpy9EU\/+hckZfX5WBUrP7rF5OFZUugWndt9i2rLux5HOdpKQlOfyIpjfzhZoozNu46xJO4S8Q8GyZ2gEgt6PMg+Zpl7WjPwdRqP9rZT2\/Xpy799VTp6jNWy4y0b58nGU9dip4xgyZg8EYXGhlY1nvay\/KfLmkGiJVHNOYPMoYcllahQCmku9gBlTeXTSoHybgJhas34RHBQ+h0Dq2AY+sqiNuxPOo3mzsE\/oETCfOyAoUNuivIBy70r4piA808OgG36l4fVETcz\/DMLlwpBF04+F45HccFvZbp6SXaNwfP+DSZr7QRe71oycuPagdPrLZblOf16kBAEOxi4yEKg8diPYKkFwndm1ZTH\/H8yMnwgjDaeNwUxwqTafZsKGT50FykRc5PG8HCY\/FSg\/G2DxlMZK2lSQP+uGVKFAZ7LQNo6gCoH6PxFlgPL6KhpUvpnQN0MJof3WkTAVmS5HOaFdAgfDqQgsCXkLAQfp4=",
                "iv": "EwX9dcVsewiKd+e8cMDo+w=="
            }
        }
    },
    "[响应]": {
        "returnCode": 0,
        "returnMessage": "UPDATE_SESSION_SUCCESS",
        "returnData": {
            "id": "0d05e8a5d1e21733666c6fb59fa29218",
            "skey": "099d7d1bee238311e0d066cd517de02d",
            "openid": "oPicY0dtNCjgr9ot5nWbwbBUAIFI",
            "user_info": {
                "openId": "oPicY0dtNCjgr9ot5nWbwbBUAIFI",
                "nickName": "礼待四方",
                "gender": 2,
                "language": "zh_CN",
                "city": "Suzhou",
                "province": "Jiangsu",
                "country": "CN",
                "avatarUrl": "http:\/\/wx.qlogo.cn\/mmopen\/vi_32\/PiajxSqBRaELBlqJBD2ZIcibvibk57IE2wsjuDTfHdc6tt21tdEgjVQicUrau9NicDJyn8ADWqj4uxCtAwZpXazShLg\/0",
                "watermark": {
                    "timestamp": 1487575717,
                    "appid": "wx3c13313f866a541a"
                }
            },
            "duration": 7200
        },
        "version": 1,
        "componentName": "MA"
    },
    "[耗时]": "89ms"
}

[2017-02-20 15:28:37][DEBUG] Util::writeJsonResult => [200] {
    "F2C224D4-2BCE-4C64-AF9F-A6D872000D1A": 1,
    "session": {
        "id": "0d05e8a5d1e21733666c6fb59fa29218",
        "skey": "099d7d1bee238311e0d066cd517de02d",
        "openid": "oPicY0dtNCjgr9ot5nWbwbBUAIFI"
    }
}

ERROR - 2017-02-20 15:53:29 --> 1 2
ERROR - 2017-02-20 15:53:29 --> 2 0
[2017-02-20 15:53:29][DEBUG] POST http://10.133.193.8/mina_auth/} => [200] {
    "[请求]": {
        "version": 1,
        "componentName": "MA",
        "interface": {
            "interfaceName": "qcloud.cam.id_skey",
            "para": {
                "code": "041GAeiO1QSXb41YOOgO1Pd3iO1GAeiu",
                "encrypt_data": "cCYOmvBI8phgKo\/fIONAWAVIWsMZZLWzuLfJQ9otMVpdpck\/tnrQbsQhAonbmHoaGkUmRVxK486igv\/cNX3tOFv7B2E59O+9MGsfRQ6ekvmM4N0cuIphqjlGCgfmQNig366ZpxzcuLz3ZSe1zN8qou1cyFXeihuvDieGfJ6gX3fgqzFP2zV1RKx86w78MHtJ7qaHjo791hJQ2+GlhPOQWlnkyivkF1tMph65iMHVe8XWy9G9wnVLioBx2WvOaxt1w\/ykMlgqsKgNVnDw6HxvRGZSPMNiIBHjslGPslFHjee111MSQtT786YCQi6drZxS+ItCXOhCq8x7IKeNyzwirmpIZE\/6eNxAqh3+qpJpneHZOtoLg6H11kRO9qEAP4ZJNmgA\/UKQkU5pRMwexueTWnkWfrWCC3VxeG7cP4yr\/XI+iKWg7H7691QeFRU3184TTBqZLVvqOYE++tZqGHTQsw==",
                "iv": "X+L+EDgbYk7uK8V54HZ3kw=="
            }
        }
    },
    "[响应]": {
        "returnCode": 0,
        "returnMessage": "NEW_SESSION_SUCCESS",
        "returnData": {
            "id": "33464c5564513e6da72f96904562acd3",
            "skey": "6b051e6a51a28402f3fab0ae1a5ab600",
            "openid": "oPicY0deLQb-ojyLddCjp0bpMrcA",
            "user_info": {
                "openId": "oPicY0deLQb-ojyLddCjp0bpMrcA",
                "nickName": "鱼化石",
                "gender": 1,
                "language": "zh_CN",
                "city": "Suzhou",
                "province": "Jiangsu",
                "country": "CN",
                "avatarUrl": "http:\/\/wx.qlogo.cn\/mmopen\/vi_32\/DYAIOgq83eoQMlmuWBdZHdVfOV4dx6VLkERAaFT7dSBGqEVaW3kcLJhhVvQqePYuPvlNicmLxvTl5hibnvJan1ag\/0",
                "watermark": {
                    "timestamp": 1487577208,
                    "appid": "wx3c13313f866a541a"
                }
            },
            "duration": 7200
        },
        "version": 1,
        "componentName": "MA"
    },
    "[耗时]": "109ms"
}

[2017-02-20 15:53:29][DEBUG] Util::writeJsonResult => [200] {
    "F2C224D4-2BCE-4C64-AF9F-A6D872000D1A": 1,
    "session": {
        "id": "33464c5564513e6da72f96904562acd3",
        "skey": "6b051e6a51a28402f3fab0ae1a5ab600",
        "openid": "oPicY0deLQb-ojyLddCjp0bpMrcA"
    }
}

ERROR - 2017-02-20 17:05:27 --> 404 Page Not Found: Proxyhtml/index
ERROR - 2017-02-20 20:49:59 --> 404 Page Not Found: Admin/index
ERROR - 2017-02-20 21:14:32 --> 404 Page Not Found: Cache/global
ERROR - 2017-02-20 21:50:09 --> 404 Page Not Found: Cache/global
ERROR - 2017-02-20 22:06:39 --> 404 Page Not Found: Wp-includes/js
ERROR - 2017-02-20 22:06:40 --> 404 Page Not Found: Skins/vector
ERROR - 2017-02-20 22:06:40 --> 404 Page Not Found: Misc/states.js
ERROR - 2017-02-20 22:06:40 --> 404 Page Not Found: Static/js
ERROR - 2017-02-20 22:06:41 --> 404 Page Not Found: Include/js
ERROR - 2017-02-20 22:06:41 --> 404 Page Not Found: Include/js
ERROR - 2017-02-20 22:06:42 --> 404 Page Not Found: Include/js
ERROR - 2017-02-20 22:06:42 --> 404 Page Not Found: Res/js
ERROR - 2017-02-20 22:06:42 --> 404 Page Not Found: Js/wind_editor.js
ERROR - 2017-02-20 22:06:43 --> 404 Page Not Found: Styles/prosilver
ERROR - 2017-02-20 22:06:43 --> 404 Page Not Found: Styles/prosilver
ERROR - 2017-02-20 22:06:43 --> 404 Page Not Found: Editor/ubb
ERROR - 2017-02-20 22:06:44 --> 404 Page Not Found: Template/default
ERROR - 2017-02-20 22:06:44 --> 404 Page Not Found: Static/js
ERROR - 2017-02-20 22:06:45 --> 404 Page Not Found: Images/js
ERROR - 2017-02-20 22:06:45 --> 404 Page Not Found: Templets/style
ERROR - 2017-02-20 22:06:45 --> 404 Page Not Found: Include/dedeajax2.js
ERROR - 2017-02-20 22:06:46 --> 404 Page Not Found: Images/default
ERROR - 2017-02-20 22:06:46 --> 404 Page Not Found: Js/lang
ERROR - 2017-02-20 22:06:46 --> 404 Page Not Found: Js/lang
ERROR - 2017-02-20 22:06:47 --> 404 Page Not Found: D/js
ERROR - 2017-02-20 22:06:47 --> 404 Page Not Found: Skin/default
ERROR - 2017-02-20 22:06:48 --> 404 Page Not Found: Media/system
ERROR - 2017-02-20 22:06:48 --> 404 Page Not Found: Media/system
ERROR - 2017-02-20 22:06:48 --> 404 Page Not Found: Lang/zh
ERROR - 2017-02-20 22:06:49 --> 404 Page Not Found: Style/default
ERROR - 2017-02-20 22:06:49 --> 404 Page Not Found: Lang/zh
ERROR - 2017-02-20 22:06:49 --> 404 Page Not Found: Rockmongo/index
ERROR - 2017-02-20 22:06:50 --> 404 Page Not Found: Server-status/index
ERROR - 2017-02-20 22:06:50 --> 404 Page Not Found: Ueditoralljs/index
ERROR - 2017-02-20 22:06:51 --> 404 Page Not Found: Please_read/_search
ERROR - 2017-02-20 22:06:51 --> 404 Page Not Found: Pleasereadthis/index
ERROR - 2017-02-20 22:06:51 --> 404 Page Not Found: Wikilibd/PmWiki.ChangeLog
ERROR - 2017-02-20 22:06:52 --> 404 Page Not Found: Warning/index
ERROR - 2017-02-20 22:06:52 --> 404 Page Not Found: 4e5e5d7364f443e28fbf0d3ae744a59a/index
ERROR - 2017-02-20 22:06:52 --> 404 Page Not Found: Jenkins/index
ERROR - 2017-02-20 22:07:57 --> 404 Page Not Found: Wp-includes/js
ERROR - 2017-02-20 22:07:58 --> 404 Page Not Found: Skins/vector
ERROR - 2017-02-20 22:07:58 --> 404 Page Not Found: Misc/states.js
ERROR - 2017-02-20 22:07:58 --> 404 Page Not Found: Static/js
ERROR - 2017-02-20 22:07:59 --> 404 Page Not Found: Include/js
ERROR - 2017-02-20 22:07:59 --> 404 Page Not Found: Include/js
ERROR - 2017-02-20 22:07:59 --> 404 Page Not Found: Include/js
ERROR - 2017-02-20 22:08:00 --> 404 Page Not Found: Res/js
ERROR - 2017-02-20 22:08:00 --> 404 Page Not Found: Js/wind_editor.js
ERROR - 2017-02-20 22:08:01 --> 404 Page Not Found: Styles/prosilver
ERROR - 2017-02-20 22:08:01 --> 404 Page Not Found: Styles/prosilver
ERROR - 2017-02-20 22:08:01 --> 404 Page Not Found: Editor/ubb
ERROR - 2017-02-20 22:08:02 --> 404 Page Not Found: Template/default
ERROR - 2017-02-20 22:08:02 --> 404 Page Not Found: Static/js
ERROR - 2017-02-20 22:08:03 --> 404 Page Not Found: Images/js
ERROR - 2017-02-20 22:08:03 --> 404 Page Not Found: Templets/style
ERROR - 2017-02-20 22:08:03 --> 404 Page Not Found: Include/dedeajax2.js
ERROR - 2017-02-20 22:08:04 --> 404 Page Not Found: Images/default
ERROR - 2017-02-20 22:08:04 --> 404 Page Not Found: Js/lang
ERROR - 2017-02-20 22:08:05 --> 404 Page Not Found: Js/lang
ERROR - 2017-02-20 22:08:05 --> 404 Page Not Found: D/js
ERROR - 2017-02-20 22:08:05 --> 404 Page Not Found: Skin/default
ERROR - 2017-02-20 22:08:06 --> 404 Page Not Found: Media/system
ERROR - 2017-02-20 22:08:06 --> 404 Page Not Found: Media/system
ERROR - 2017-02-20 22:08:06 --> 404 Page Not Found: Lang/zh
ERROR - 2017-02-20 22:08:07 --> 404 Page Not Found: Style/default
ERROR - 2017-02-20 22:08:07 --> 404 Page Not Found: Lang/zh
ERROR - 2017-02-20 22:08:08 --> 404 Page Not Found: Rockmongo/index
ERROR - 2017-02-20 22:08:08 --> 404 Page Not Found: Server-status/index
ERROR - 2017-02-20 22:08:08 --> 404 Page Not Found: Ueditoralljs/index
ERROR - 2017-02-20 22:08:09 --> 404 Page Not Found: Please_read/_search
ERROR - 2017-02-20 22:08:09 --> 404 Page Not Found: Pleasereadthis/index
ERROR - 2017-02-20 22:08:09 --> 404 Page Not Found: Wikilibd/PmWiki.ChangeLog
ERROR - 2017-02-20 22:08:10 --> 404 Page Not Found: Warning/index
ERROR - 2017-02-20 22:08:10 --> 404 Page Not Found: 4e5e5d7364f443e28fbf0d3ae744a59a/index
ERROR - 2017-02-20 22:08:11 --> 404 Page Not Found: Jenkins/index
