ERROR - 2017-07-31 01:37:40 --> 404 Page Not Found: Faviconico/index
ERROR - 2017-07-31 02:46:38 --> Severity: Warning --> Missing argument 1 for Admin::allcardspaging() /data/release/php-weapp-demo/application/controllers/Admin.php 96
ERROR - 2017-07-31 02:46:38 --> Severity: Notice --> Undefined variable: currentpage /data/release/php-weapp-demo/application/controllers/Admin.php 100
ERROR - 2017-07-31 02:53:14 --> Severity: Warning --> Illegal string offset 'card_serialno' /data/release/php-weapp-demo/application/views/admin_cardlistpaging.php 185
ERROR - 2017-07-31 02:53:14 --> Severity: Warning --> Illegal string offset 'card_serialno' /data/release/php-weapp-demo/application/views/admin_cardlistpaging.php 186
ERROR - 2017-07-31 02:53:14 --> Severity: Warning --> Invalid argument supplied for foreach() /data/release/php-weapp-demo/application/views/admin_cardlistpaging.php 189
ERROR - 2017-07-31 02:53:46 --> Severity: Warning --> Illegal string offset 'card_serialno' /data/release/php-weapp-demo/application/views/admin_cardlistpaging.php 184
ERROR - 2017-07-31 02:53:46 --> Severity: Warning --> Illegal string offset 'card_serialno' /data/release/php-weapp-demo/application/views/admin_cardlistpaging.php 185
ERROR - 2017-07-31 02:53:46 --> Severity: Warning --> Invalid argument supplied for foreach() /data/release/php-weapp-demo/application/views/admin_cardlistpaging.php 188
ERROR - 2017-07-31 03:04:32 --> Query error: Table 'ldsf.my_table' doesn't exist - Invalid query: SELECT COUNT(*) AS `numrows` FROM `my_table`
ERROR - 2017-07-31 03:06:42 --> Severity: Notice --> Undefined offset: 0 /data/release/php-weapp-demo/application/views/admin_cardlistpaging.php 174
ERROR - 2017-07-31 03:06:42 --> Severity: Warning --> array_keys() expects parameter 1 to be array, null given /data/release/php-weapp-demo/application/views/admin_cardlistpaging.php 174
ERROR - 2017-07-31 03:06:42 --> Severity: Warning --> Invalid argument supplied for foreach() /data/release/php-weapp-demo/application/views/admin_cardlistpaging.php 174
ERROR - 2017-07-31 03:19:56 --> Severity: Notice --> Undefined offset: 0 /data/release/php-weapp-demo/application/views/admin_cardlistpaging.php 174
ERROR - 2017-07-31 03:19:56 --> Severity: Warning --> array_keys() expects parameter 1 to be array, null given /data/release/php-weapp-demo/application/views/admin_cardlistpaging.php 174
ERROR - 2017-07-31 03:19:56 --> Severity: Warning --> Invalid argument supplied for foreach() /data/release/php-weapp-demo/application/views/admin_cardlistpaging.php 174
ERROR - 2017-07-31 03:33:45 --> Severity: Error --> Call to undefined function urldatatoarray() /data/release/php-weapp-demo/application/controllers/Admin.php 100
ERROR - 2017-07-31 03:34:47 --> Severity: Notice --> Undefined offset: 1 /data/release/php-weapp-demo/application/helpers/myutil_helper.php 308
ERROR - 2017-07-31 03:34:47 --> Severity: Notice --> Undefined index: redirectpage /data/release/php-weapp-demo/application/controllers/Admin.php 103
LDSF - 2017-07-31 03:34:47 --> redirectpage:
ERROR - 2017-07-31 03:36:06 --> Severity: Notice --> Undefined offset: 1 /data/release/php-weapp-demo/application/helpers/myutil_helper.php 308
ERROR - 2017-07-31 03:36:06 --> Severity: Notice --> Undefined index: redirectpage /data/release/php-weapp-demo/application/controllers/Admin.php 103
LDSF - 2017-07-31 03:36:06 --> redirectpage:
ERROR - 2017-07-31 03:36:26 --> Severity: Notice --> Undefined offset: 1 /data/release/php-weapp-demo/application/helpers/myutil_helper.php 308
ERROR - 2017-07-31 03:36:26 --> Severity: Notice --> Undefined index: redirectpage /data/release/php-weapp-demo/application/controllers/Admin.php 103
LDSF - 2017-07-31 03:36:26 --> redirectpage:#
ERROR - 2017-07-31 03:38:11 --> Severity: Notice --> Array to string conversion /data/release/php-weapp-demo/application/helpers/myutil_helper.php 304
ERROR - 2017-07-31 03:38:11 --> Severity: Warning --> Missing argument 2 for log_message(), called in /data/release/php-weapp-demo/application/helpers/myutil_helper.php on line 304 and defined /data/release/php-weapp-demo/system/core/Common.php 468
ERROR - 2017-07-31 03:38:11 --> Severity: Notice --> Undefined variable: message /data/release/php-weapp-demo/system/core/Common.php 478
ERROR - 2017-07-31 03:38:11 --> Severity: Notice --> Undefined index: EXPLODED:ARRAY /data/release/php-weapp-demo/system/core/Log.php 171
ERROR - 2017-07-31 03:38:11 --> Severity: Notice --> Undefined offset: 1 /data/release/php-weapp-demo/application/helpers/myutil_helper.php 309
ERROR - 2017-07-31 03:38:11 --> Severity: Notice --> Undefined index: redirectpage /data/release/php-weapp-demo/application/controllers/Admin.php 103
LDSF - 2017-07-31 03:38:11 --> redirectpage:#
ERROR - 2017-07-31 03:38:29 --> Severity: Notice --> Array to string conversion /data/release/php-weapp-demo/application/helpers/myutil_helper.php 304
LDSF - 2017-07-31 03:38:29 --> exploded:Array
ERROR - 2017-07-31 03:38:29 --> Severity: Notice --> Undefined offset: 1 /data/release/php-weapp-demo/application/helpers/myutil_helper.php 309
ERROR - 2017-07-31 03:38:29 --> Severity: Notice --> Undefined index: redirectpage /data/release/php-weapp-demo/application/controllers/Admin.php 103
LDSF - 2017-07-31 03:38:29 --> redirectpage:#
LDSF - 2017-07-31 03:38:57 --> exploded:
ERROR - 2017-07-31 03:38:57 --> Severity: Notice --> Undefined offset: 1 /data/release/php-weapp-demo/application/helpers/myutil_helper.php 309
ERROR - 2017-07-31 03:38:57 --> Severity: Notice --> Undefined index: redirectpage /data/release/php-weapp-demo/application/controllers/Admin.php 103
LDSF - 2017-07-31 03:38:57 --> redirectpage:#
ERROR - 2017-07-31 03:40:37 --> Severity: Notice --> Undefined offset: 1 /data/release/php-weapp-demo/application/helpers/myutil_helper.php 309
ERROR - 2017-07-31 03:40:37 --> Severity: Notice --> Undefined index: redirectpage /data/release/php-weapp-demo/application/controllers/Admin.php 103
LDSF - 2017-07-31 03:40:37 --> redirectpage:#
ERROR - 2017-07-31 03:41:00 --> Severity: Notice --> Undefined offset: 1 /data/release/php-weapp-demo/application/helpers/myutil_helper.php 308
ERROR - 2017-07-31 03:41:00 --> Severity: Notice --> Undefined offset: 1 /data/release/php-weapp-demo/application/helpers/myutil_helper.php 309
ERROR - 2017-07-31 03:41:00 --> Severity: Notice --> Undefined index: redirectpage /data/release/php-weapp-demo/application/controllers/Admin.php 103
LDSF - 2017-07-31 03:41:00 --> redirectpage:#
ERROR - 2017-07-31 03:43:35 --> Severity: Notice --> Undefined offset: 1 /data/release/php-weapp-demo/application/helpers/myutil_helper.php 308
ERROR - 2017-07-31 03:43:35 --> Severity: Notice --> Undefined index: redirectpage /data/release/php-weapp-demo/application/controllers/Admin.php 103
LDSF - 2017-07-31 03:43:35 --> redirectpage:
LDSF - 2017-07-31 03:43:45 --> redirectpage:2
LDSF - 2017-07-31 03:44:14 --> redirectpage:2
LDSF - 2017-07-31 03:44:44 --> redirectpage:2
LDSF - 2017-07-31 03:44:47 --> redirectpage:3
ERROR - 2017-07-31 03:45:57 --> Severity: Notice --> Undefined offset: 1 /data/release/php-weapp-demo/application/helpers/myutil_helper.php 308
ERROR - 2017-07-31 03:45:57 --> Severity: Notice --> Undefined index: redirectpage /data/release/php-weapp-demo/application/controllers/Admin.php 103
LDSF - 2017-07-31 03:45:57 --> redirectpage:
ERROR - 2017-07-31 03:46:08 --> Severity: Warning --> Missing argument 1 for Admin::allcardspaging() /data/release/php-weapp-demo/application/controllers/Admin.php 96
ERROR - 2017-07-31 03:46:08 --> Severity: Notice --> Undefined offset: 1 /data/release/php-weapp-demo/application/helpers/myutil_helper.php 308
ERROR - 2017-07-31 03:46:08 --> Severity: Notice --> Undefined index: redirectpage /data/release/php-weapp-demo/application/controllers/Admin.php 103
LDSF - 2017-07-31 03:46:08 --> redirectpage:
ERROR - 2017-07-31 03:46:08 --> Severity: Notice --> Undefined variable: currentpage /data/release/php-weapp-demo/application/controllers/Admin.php 106
ERROR - 2017-07-31 03:46:08 --> Query error: You have an error in your SQL syntax; check the manual that corresponds to your MySQL server version for the right syntax to use near '-100, 100' at line 3 - Invalid query: SELECT *
FROM `t_card`
 LIMIT -100, 100
ERROR - 2017-07-31 03:46:27 --> Severity: Warning --> Missing argument 1 for Admin::allcardspaging() /data/release/php-weapp-demo/application/controllers/Admin.php 96
ERROR - 2017-07-31 03:46:27 --> Severity: Notice --> Undefined offset: 1 /data/release/php-weapp-demo/application/helpers/myutil_helper.php 308
ERROR - 2017-07-31 03:46:27 --> Severity: Notice --> Undefined index: redirectpage /data/release/php-weapp-demo/application/controllers/Admin.php 103
LDSF - 2017-07-31 03:46:27 --> redirectpage:
ERROR - 2017-07-31 03:46:27 --> Severity: Notice --> Undefined variable: currentpage /data/release/php-weapp-demo/application/controllers/Admin.php 106
ERROR - 2017-07-31 03:46:27 --> Query error: You have an error in your SQL syntax; check the manual that corresponds to your MySQL server version for the right syntax to use near '-100, 100' at line 3 - Invalid query: SELECT *
FROM `t_card`
 LIMIT -100, 100
ERROR - 2017-07-31 03:46:31 --> Severity: Notice --> Undefined offset: 1 /data/release/php-weapp-demo/application/helpers/myutil_helper.php 308
ERROR - 2017-07-31 03:46:31 --> Severity: Notice --> Undefined index: redirectpage /data/release/php-weapp-demo/application/controllers/Admin.php 103
LDSF - 2017-07-31 03:46:31 --> redirectpage:
ERROR - 2017-07-31 03:49:12 --> Severity: Notice --> Undefined offset: 1 /data/release/php-weapp-demo/application/helpers/myutil_helper.php 308
ERROR - 2017-07-31 03:49:12 --> Severity: Notice --> Undefined index: redirectpage /data/release/php-weapp-demo/application/controllers/Admin.php 103
LDSF - 2017-07-31 03:49:12 --> redirectpage:
ERROR - 2017-07-31 03:53:23 --> Severity: Notice --> Undefined offset: 1 /data/release/php-weapp-demo/application/helpers/myutil_helper.php 308
ERROR - 2017-07-31 03:53:23 --> Severity: Notice --> Undefined index: redirectpage /data/release/php-weapp-demo/application/controllers/Admin.php 103
LDSF - 2017-07-31 03:53:23 --> redirectpage:
LDSF - 2017-07-31 03:56:19 --> redirectpage:1
LDSF - 2017-07-31 03:56:20 --> redirectpage:2
LDSF - 2017-07-31 03:56:23 --> redirectpage:3
LDSF - 2017-07-31 03:56:25 --> redirectpage:4
LDSF - 2017-07-31 03:57:12 --> redirectpage:4
LDSF - 2017-07-31 03:57:15 --> redirectpage:2
LDSF - 2017-07-31 03:57:26 --> redirectpage:2
ERROR - 2017-07-31 03:58:29 --> 404 Page Not Found: Faviconico/index
ERROR - 2017-07-31 03:58:31 --> 404 Page Not Found: Faviconico/index
LDSF - 2017-07-31 03:58:36 --> redirectpage:5
ERROR - 2017-07-31 03:58:37 --> 404 Page Not Found: Faviconico/index
ERROR - 2017-07-31 03:58:37 --> 404 Page Not Found: Faviconico/index
LDSF - 2017-07-31 04:00:00 --> redirectpage:2
ERROR - 2017-07-31 04:00:09 --> 404 Page Not Found: Faviconico/index
ERROR - 2017-07-31 04:00:09 --> 404 Page Not Found: Faviconico/index
LDSF - 2017-07-31 04:00:13 --> redirectpage:3
ERROR - 2017-07-31 04:00:14 --> 404 Page Not Found: Faviconico/index
ERROR - 2017-07-31 04:00:14 --> 404 Page Not Found: Faviconico/index
LDSF - 2017-07-31 04:00:53 --> redirectpage:2
LDSF - 2017-07-31 04:00:57 --> redirectpage:3
LDSF - 2017-07-31 04:01:00 --> redirectpage:5
LDSF - 2017-07-31 04:01:58 --> redirectpage:5
LDSF - 2017-07-31 04:02:15 --> redirectpage:1
LDSF - 2017-07-31 04:02:17 --> redirectpage:2
LDSF - 2017-07-31 04:02:21 --> redirectpage:5
LDSF - 2017-07-31 04:02:23 --> redirectpage:17
ERROR - 2017-07-31 04:02:23 --> Severity: Notice --> Undefined offset: 0 /data/release/php-weapp-demo/application/views/admin_cardlistpaging.php 176
ERROR - 2017-07-31 04:02:23 --> Severity: Warning --> array_keys() expects parameter 1 to be array, null given /data/release/php-weapp-demo/application/views/admin_cardlistpaging.php 176
ERROR - 2017-07-31 04:02:23 --> Severity: Warning --> Invalid argument supplied for foreach() /data/release/php-weapp-demo/application/views/admin_cardlistpaging.php 176
LDSF - 2017-07-31 04:02:28 --> redirectpage:12
LDSF - 2017-07-31 04:02:55 --> redirectpage:1
LDSF - 2017-07-31 04:03:09 --> redirectpage:3
LDSF - 2017-07-31 04:03:13 --> redirectpage:5
ERROR - 2017-07-31 04:03:14 --> 404 Page Not Found: Faviconico/index
ERROR - 2017-07-31 04:03:14 --> 404 Page Not Found: Faviconico/index
LDSF - 2017-07-31 04:03:22 --> redirectpage:
ERROR - 2017-07-31 04:03:22 --> Query error: You have an error in your SQL syntax; check the manual that corresponds to your MySQL server version for the right syntax to use near '-100, 100' at line 3 - Invalid query: SELECT *
FROM `t_card`
 LIMIT -100, 100
ERROR - 2017-07-31 04:03:22 --> 404 Page Not Found: Faviconico/index
LDSF - 2017-07-31 04:04:10 --> redirectpage:1
LDSF - 2017-07-31 04:04:11 --> redirectpage:1
LDSF - 2017-07-31 04:04:13 --> redirectpage:3
LDSF - 2017-07-31 04:04:17 --> redirectpage:5
LDSF - 2017-07-31 04:04:21 --> redirectpage:1
ERROR - 2017-07-31 04:04:22 --> 404 Page Not Found: Faviconico/index
ERROR - 2017-07-31 04:04:22 --> 404 Page Not Found: Faviconico/index
ERROR - 2017-07-31 05:20:19 --> 404 Page Not Found: Faviconico/index
ERROR - 2017-07-31 05:20:21 --> 404 Page Not Found: Faviconico/index
LDSF - 2017-07-31 05:20:26 --> redirectpage:5
ERROR - 2017-07-31 05:20:27 --> 404 Page Not Found: Faviconico/index
ERROR - 2017-07-31 05:20:27 --> 404 Page Not Found: Faviconico/index
LDSF - 2017-07-31 05:20:42 --> redirectpage:1
ERROR - 2017-07-31 05:20:43 --> 404 Page Not Found: Faviconico/index
ERROR - 2017-07-31 05:20:43 --> 404 Page Not Found: Faviconico/index
LDSF - 2017-07-31 05:34:58 --> redirectpage:1
ERROR - 2017-07-31 05:35:00 --> 404 Page Not Found: Faviconico/index
ERROR - 2017-07-31 05:35:00 --> 404 Page Not Found: Faviconico/index
ERROR - 2017-07-31 06:06:01 --> 1 2
ERROR - 2017-07-31 06:06:01 --> 2 0
[2017-07-31 06:06:01][DEBUG] POST http://10.133.193.8/mina_auth/} => [200] {
    "[请求]": {
        "version": 1,
        "componentName": "MA",
        "interface": {
            "interfaceName": "qcloud.cam.id_skey",
            "para": {
                "code": "061ekPSk2nVU9I0ygGQk2e0KSk2ekPSb",
                "encrypt_data": "LGu69YS8w8MSLHg+8lunKse712JsuNg6VP4Op\/9CqxIf5g4NqtL60AqiLcgdvVFxLKNaXWG6Lhy2TqjhWscC2\/fclgSyYZCRZ+M0dFAg3AJkOwqcc8IZHpudvzJGEWTLVra+vtvv8w+KHfTgppyIb3f2Nj1z1tiZSo1cVFS3PCyc1fl8PrNoc3KhqEfIsvT8+ATGhrpFXQ3UTz64yMboluFgHXovLt98kQjXglzyxeDQCVyCe52kzmHhkpVw0flucN2QwzCcTjCmcSBeZYs+dVCD2pUAS65S54PLK\/TgKwHkYl8IlwClFQ2MWOlJvTON302V4wrMvOY1rLjS8SA0iNKPTH4uU5m67GDZs0+EyAKRBsP9e5GHVgjpsEWO9czp4gEXpVuZlQagqeFnQ36RD9fDMR8d\/jIvi\/kso8+uScE1SLTpdLIJaRkAPNV4zguTzFeVhXpKU2+k0\/Qeekek\/fvgRnDjn60dY2yikFoMajakoBKd1XRVXJlNInJUbf1i",
                "iv": "Br\/BHDuastdst2PyPx\/e\/A=="
            }
        }
    },
    "[响应]": {
        "returnCode": 0,
        "returnMessage": "NEW_SESSION_SUCCESS",
        "returnData": {
            "id": "94e9ac804332f19a7ab2242ca30e6257",
            "skey": "6359dff2c9296db97a6cecbdc150de51",
            "user_info": {
                "openId": "oPicY0djB0kNTvFurkS3F5D3ZQP0",
                "nickName": "姚",
                "gender": 1,
                "language": "zh_CN",
                "city": "",
                "province": "",
                "country": "Andorra",
                "avatarUrl": "https:\/\/wx.qlogo.cn\/mmopen\/vi_32\/Q0j4TwGTfTLx3ABPM4OjzZEPMBEicF8qweaDPzksteBxbe6WGBzbicRnfMBIWBMJXjY5ymcM8WXqtXnndWarR9WA\/0",
                "unionId": "oU11PxEVKINmfbFYOO_h1vpIuN4Q",
                "watermark": {
                    "timestamp": 1501452360,
                    "appid": "wx3c13313f866a541a"
                }
            },
            "duration": 7200
        },
        "version": 1,
        "componentName": "MA"
    },
    "[耗时]": "140ms"
}

[2017-07-31 06:06:01][DEBUG] Util::writeJsonResult => [200] {
    "F2C224D4-2BCE-4C64-AF9F-A6D872000D1A": 1,
    "session": {
        "id": "94e9ac804332f19a7ab2242ca30e6257",
        "skey": "6359dff2c9296db97a6cecbdc150de51",
        "openid": "oPicY0djB0kNTvFurkS3F5D3ZQP0",
        "unionid": "oU11PxEVKINmfbFYOO_h1vpIuN4Q"
    }
}

ERROR - 2017-07-31 06:06:01 --> 1 2
ERROR - 2017-07-31 06:06:01 --> 2 0
[2017-07-31 06:06:01][DEBUG] POST http://10.133.193.8/mina_auth/} => [200] {
    "[请求]": {
        "version": 1,
        "componentName": "MA",
        "interface": {
            "interfaceName": "qcloud.cam.id_skey",
            "para": {
                "code": "041BBz371CdfrR1pip571lnG371BBz3l",
                "encrypt_data": "axDQFY6mKukCbutYKmefOaMpiCvGZheAOxaeZVj57zZa6WCeeKT0gmEOTcUUAm\/EC98FrSD9zi35PdJSSiRDug+tukMXuxp95EwlgQTvkwVvjDEE2AzFP3L\/\/vMf2n+8xBw7xy4+LMQEn3IXXfUdiCsHBaVwpHstwxq2sC0\/eiOOhf94aR82pHWsmc2fuHYMmSj6SWU2vcbg+L5ms5SVOd+jwbgI\/ptVHXmnu4onOBh3c4di3dMwmO9IwgGziIygmeS+zAC3LjqN7KoLr2xQIBgr+Q3tabt5cZWKX809i7lfIuO3LK6eBAeaSXEU4P\/7Vc2V0mwSjp8YjL+mkTFRU5zj1ZgxjPEPgbHF8eand37SqgMqcG2vn9nBObKYkim8Ih7QYUld5C8K4bf+eHbwM1VOMqXa7R3bpPRPq3uJbVR0l\/\/o4xOrE84UWiaYtsY8Shdm8g096+RiiB2ODGS\/ErLg0YjhhHQ+8VGb6i3bO7CwWDT5fNgzVdaBaQSpfdTw",
                "iv": "BEgJfBfao1Aww\/fB6s6Nig=="
            }
        }
    },
    "[响应]": {
        "returnCode": 0,
        "returnMessage": "UPDATE_SESSION_SUCCESS",
        "returnData": {
            "id": "94e9ac804332f19a7ab2242ca30e6257",
            "skey": "2386e0b2fe182cdae8f3d33218f4ba44",
            "user_info": {
                "openId": "oPicY0djB0kNTvFurkS3F5D3ZQP0",
                "nickName": "姚",
                "gender": 1,
                "language": "zh_CN",
                "city": "",
                "province": "",
                "country": "Andorra",
                "avatarUrl": "https:\/\/wx.qlogo.cn\/mmopen\/vi_32\/Q0j4TwGTfTLx3ABPM4OjzZEPMBEicF8qweaDPzksteBxbe6WGBzbicRnfMBIWBMJXjY5ymcM8WXqtXnndWarR9WA\/0",
                "unionId": "oU11PxEVKINmfbFYOO_h1vpIuN4Q",
                "watermark": {
                    "timestamp": 1501452361,
                    "appid": "wx3c13313f866a541a"
                }
            },
            "duration": 7200
        },
        "version": 1,
        "componentName": "MA"
    },
    "[耗时]": "117ms"
}

[2017-07-31 06:06:01][DEBUG] Util::writeJsonResult => [200] {
    "F2C224D4-2BCE-4C64-AF9F-A6D872000D1A": 1,
    "session": {
        "id": "94e9ac804332f19a7ab2242ca30e6257",
        "skey": "2386e0b2fe182cdae8f3d33218f4ba44",
        "openid": "oPicY0djB0kNTvFurkS3F5D3ZQP0",
        "unionid": "oU11PxEVKINmfbFYOO_h1vpIuN4Q"
    }
}

LDSF - 2017-07-31 06:06:01 --> >>> User->addressbookisempty()
LDSF - 2017-07-31 06:06:01 --> openid=oPicY0djB0kNTvFurkS3F5D3ZQP0
ERROR - 2017-07-31 06:06:01 --> Severity: Notice --> Trying to get property of non-object /data/release/php-weapp-demo/application/models/User_model.php 30
LDSF - 2017-07-31 06:06:01 --> >>> User->loginrecord()
LDSF - 2017-07-31 06:06:01 --> openid=oPicY0djB0kNTvFurkS3F5D3ZQP0
ERROR - 2017-07-31 06:06:11 --> 
LDSF - 2017-07-31 06:06:21 --> >>> User->addressbookisempty()
LDSF - 2017-07-31 06:06:21 --> openid=oPicY0djB0kNTvFurkS3F5D3ZQP0
LDSF - 2017-07-31 06:06:21 --> >>> User->loginrecord()
LDSF - 2017-07-31 06:06:21 --> openid=oPicY0djB0kNTvFurkS3F5D3ZQP0
ERROR - 2017-07-31 06:06:52 --> 
LDSF - 2017-07-31 06:08:25 --> >>> User->addressbook() opt=default
LDSF - 2017-07-31 06:08:25 --> openid=oPicY0djB0kNTvFurkS3F5D3ZQP0
LDSF - 2017-07-31 06:08:53 --> >>> User->addressbookisempty()
LDSF - 2017-07-31 06:08:53 --> openid=oPicY0djB0kNTvFurkS3F5D3ZQP0
LDSF - 2017-07-31 06:08:53 --> >>> User->loginrecord()
LDSF - 2017-07-31 06:08:53 --> openid=oPicY0djB0kNTvFurkS3F5D3ZQP0
ERROR - 2017-07-31 06:08:55 --> 
LDSF - 2017-07-31 06:09:01 --> >>> User->addressbookisempty()
LDSF - 2017-07-31 06:09:01 --> openid=oPicY0djB0kNTvFurkS3F5D3ZQP0
LDSF - 2017-07-31 06:09:01 --> >>> User->loginrecord()
LDSF - 2017-07-31 06:09:01 --> openid=oPicY0djB0kNTvFurkS3F5D3ZQP0
LDSF - 2017-07-31 06:09:23 --> >>> User->addressbook() opt=default
LDSF - 2017-07-31 06:09:23 --> openid=oPicY0djB0kNTvFurkS3F5D3ZQP0
LDSF - 2017-07-31 08:58:23 --> >>> User->loginrecord()
LDSF - 2017-07-31 08:58:23 --> openid=oPicY0eKLErSVPY9eCynPyHwZYB8
LDSF - 2017-07-31 08:58:23 --> >>> User->addressbookisempty()
LDSF - 2017-07-31 08:58:23 --> openid=oPicY0eKLErSVPY9eCynPyHwZYB8
ERROR - 2017-07-31 11:26:22 --> 404 Page Not Found: Phpmyadmin/index
LDSF - 2017-07-31 11:27:46 --> >>> User->addressbookisempty()
LDSF - 2017-07-31 11:27:46 --> openid=oPicY0aGdvC5dofGN1QqvyNE2KEQ
LDSF - 2017-07-31 11:27:46 --> >>> User->loginrecord()
LDSF - 2017-07-31 11:27:46 --> openid=oPicY0aGdvC5dofGN1QqvyNE2KEQ
LDSF - 2017-07-31 11:27:49 --> >>> User->profile()
LDSF - 2017-07-31 11:27:49 --> openid=oPicY0aGdvC5dofGN1QqvyNE2KEQ
LDSF - 2017-07-31 11:27:52 --> >>> User->addressbook() opt=default
LDSF - 2017-07-31 11:27:52 --> openid=oPicY0aGdvC5dofGN1QqvyNE2KEQ
ERROR - 2017-07-31 13:01:03 --> 404 Page Not Found: Proxyhtml/index
ERROR - 2017-07-31 16:49:42 --> 404 Page Not Found: Faviconico/index
ERROR - 2017-07-31 17:03:42 --> 404 Page Not Found: Proxyhtml/index
ERROR - 2017-07-31 17:04:13 --> Query error: You have an error in your SQL syntax; check the manual that corresponds to your MySQL server version for the right syntax to use near '-100, 100' at line 3 - Invalid query: SELECT *
FROM `t_card`
 LIMIT -100, 100
ERROR - 2017-07-31 17:05:52 --> Query error: You have an error in your SQL syntax; check the manual that corresponds to your MySQL server version for the right syntax to use near '-100, 100' at line 3 - Invalid query: SELECT *
FROM `t_card`
 LIMIT -100, 100
ERROR - 2017-07-31 17:05:57 --> Query error: You have an error in your SQL syntax; check the manual that corresponds to your MySQL server version for the right syntax to use near '-100, 100' at line 3 - Invalid query: SELECT *
FROM `t_card`
 LIMIT -100, 100
ERROR - 2017-07-31 17:22:31 --> 404 Page Not Found: Faviconico/index
ERROR - 2017-07-31 17:22:33 --> 404 Page Not Found: Faviconico/index
ERROR - 2017-07-31 17:22:33 --> 404 Page Not Found: Faviconico/index
ERROR - 2017-07-31 17:22:36 --> 404 Page Not Found: Faviconico/index
ERROR - 2017-07-31 17:22:37 --> 404 Page Not Found: Faviconico/index
ERROR - 2017-07-31 17:22:39 --> 404 Page Not Found: Faviconico/index
ERROR - 2017-07-31 17:22:39 --> 404 Page Not Found: Faviconico/index
ERROR - 2017-07-31 17:22:43 --> 404 Page Not Found: Faviconico/index
ERROR - 2017-07-31 17:22:43 --> 404 Page Not Found: Faviconico/index
ERROR - 2017-07-31 17:22:50 --> 404 Page Not Found: Faviconico/index
ERROR - 2017-07-31 17:22:50 --> 404 Page Not Found: Faviconico/index
ERROR - 2017-07-31 17:22:54 --> 404 Page Not Found: Faviconico/index
ERROR - 2017-07-31 17:22:54 --> 404 Page Not Found: Faviconico/index
ERROR - 2017-07-31 17:23:04 --> 404 Page Not Found: Faviconico/index
ERROR - 2017-07-31 17:23:06 --> 404 Page Not Found: Faviconico/index
ERROR - 2017-07-31 17:23:06 --> 404 Page Not Found: Faviconico/index
LDSF - 2017-07-31 17:29:18 --> >>> User->addressbookisempty()
LDSF - 2017-07-31 17:29:18 --> openid=oPicY0cBD5ZB89KieBFSH-PNddIE
LDSF - 2017-07-31 17:29:18 --> >>> User->loginrecord()
LDSF - 2017-07-31 17:29:18 --> openid=oPicY0cBD5ZB89KieBFSH-PNddIE
LDSF - 2017-07-31 17:30:26 --> >>> User->addressbookisempty()
LDSF - 2017-07-31 17:30:26 --> openid=oPicY0cBD5ZB89KieBFSH-PNddIE
LDSF - 2017-07-31 17:30:26 --> >>> User->loginrecord()
LDSF - 2017-07-31 17:30:26 --> openid=oPicY0cBD5ZB89KieBFSH-PNddIE
LDSF - 2017-07-31 17:31:01 --> >>> User->addressbookisempty()
LDSF - 2017-07-31 17:31:01 --> openid=oPicY0cBD5ZB89KieBFSH-PNddIE
LDSF - 2017-07-31 17:31:01 --> >>> User->loginrecord()
LDSF - 2017-07-31 17:31:01 --> openid=oPicY0cBD5ZB89KieBFSH-PNddIE
LDSF - 2017-07-31 17:34:44 --> >>> User->addressbookisempty()
LDSF - 2017-07-31 17:34:44 --> openid=oPicY0cBD5ZB89KieBFSH-PNddIE
LDSF - 2017-07-31 17:34:44 --> >>> User->loginrecord()
LDSF - 2017-07-31 17:34:44 --> openid=oPicY0cBD5ZB89KieBFSH-PNddIE
LDSF - 2017-07-31 17:36:00 --> >>> User->addressbookisempty()
LDSF - 2017-07-31 17:36:00 --> openid=oPicY0cBD5ZB89KieBFSH-PNddIE
LDSF - 2017-07-31 17:36:00 --> >>> User->loginrecord()
LDSF - 2017-07-31 17:36:00 --> openid=oPicY0cBD5ZB89KieBFSH-PNddIE
LDSF - 2017-07-31 17:36:03 --> >>> User->addressbookisempty()
LDSF - 2017-07-31 17:36:03 --> openid=oPicY0cBD5ZB89KieBFSH-PNddIE
LDSF - 2017-07-31 17:36:03 --> >>> User->loginrecord()
LDSF - 2017-07-31 17:36:03 --> openid=oPicY0cBD5ZB89KieBFSH-PNddIE
LDSF - 2017-07-31 17:36:57 --> >>> User->addressbookisempty()
LDSF - 2017-07-31 17:36:57 --> openid=oPicY0cBD5ZB89KieBFSH-PNddIE
LDSF - 2017-07-31 17:36:58 --> >>> User->loginrecord()
LDSF - 2017-07-31 17:36:58 --> openid=oPicY0cBD5ZB89KieBFSH-PNddIE
LDSF - 2017-07-31 17:37:22 --> >>> User->addressbookisempty()
LDSF - 2017-07-31 17:37:22 --> openid=oPicY0cBD5ZB89KieBFSH-PNddIE
LDSF - 2017-07-31 17:37:22 --> >>> User->loginrecord()
LDSF - 2017-07-31 17:37:22 --> openid=oPicY0cBD5ZB89KieBFSH-PNddIE
LDSF - 2017-07-31 17:40:11 --> >>> User->addressbookisempty()
LDSF - 2017-07-31 17:40:11 --> openid=oPicY0cBD5ZB89KieBFSH-PNddIE
LDSF - 2017-07-31 17:40:11 --> >>> User->loginrecord()
LDSF - 2017-07-31 17:40:11 --> openid=oPicY0cBD5ZB89KieBFSH-PNddIE
LDSF - 2017-07-31 17:41:06 --> >>> User->addressbookisempty()
LDSF - 2017-07-31 17:41:06 --> openid=oPicY0cBD5ZB89KieBFSH-PNddIE
LDSF - 2017-07-31 17:41:06 --> >>> User->loginrecord()
LDSF - 2017-07-31 17:41:06 --> openid=oPicY0cBD5ZB89KieBFSH-PNddIE
LDSF - 2017-07-31 17:43:40 --> >>> User->addressbookisempty()
LDSF - 2017-07-31 17:43:40 --> openid=oPicY0cBD5ZB89KieBFSH-PNddIE
LDSF - 2017-07-31 17:43:41 --> >>> User->loginrecord()
LDSF - 2017-07-31 17:43:41 --> openid=oPicY0cBD5ZB89KieBFSH-PNddIE
ERROR - 2017-07-31 18:03:39 --> Severity: Notice --> Undefined index: pagearr /data/release/php-weapp-demo/application/views/admin_cardlistpaging.php 182
ERROR - 2017-07-31 18:03:39 --> Severity: Warning --> Invalid argument supplied for foreach() /data/release/php-weapp-demo/application/views/admin_cardlistpaging.php 182
LDSF - 2017-07-31 18:03:40 --> >>> User->addressbookisempty()
LDSF - 2017-07-31 18:03:41 --> openid=oPicY0cBD5ZB89KieBFSH-PNddIE
LDSF - 2017-07-31 18:03:41 --> >>> User->loginrecord()
LDSF - 2017-07-31 18:03:41 --> openid=oPicY0cBD5ZB89KieBFSH-PNddIE
ERROR - 2017-07-31 18:06:15 --> 404 Page Not Found: Faviconico/index
ERROR - 2017-07-31 18:06:15 --> 404 Page Not Found: Faviconico/index
ERROR - 2017-07-31 18:06:16 --> 404 Page Not Found: Faviconico/index
ERROR - 2017-07-31 18:06:23 --> 404 Page Not Found: Faviconico/index
ERROR - 2017-07-31 18:06:23 --> 404 Page Not Found: Faviconico/index
ERROR - 2017-07-31 18:06:26 --> 404 Page Not Found: Faviconico/index
ERROR - 2017-07-31 18:06:26 --> 404 Page Not Found: Faviconico/index
ERROR - 2017-07-31 18:06:34 --> 404 Page Not Found: Faviconico/index
ERROR - 2017-07-31 18:06:34 --> 404 Page Not Found: Faviconico/index
LDSF - 2017-07-31 18:08:21 --> >>> User->addressbookisempty()
LDSF - 2017-07-31 18:08:21 --> openid=oPicY0cBD5ZB89KieBFSH-PNddIE
LDSF - 2017-07-31 18:08:21 --> >>> User->loginrecord()
LDSF - 2017-07-31 18:08:21 --> openid=oPicY0cBD5ZB89KieBFSH-PNddIE
LDSF - 2017-07-31 18:12:49 --> >>> User->addressbookisempty()
LDSF - 2017-07-31 18:12:49 --> openid=oPicY0cBD5ZB89KieBFSH-PNddIE
LDSF - 2017-07-31 18:12:50 --> >>> User->loginrecord()
LDSF - 2017-07-31 18:12:50 --> openid=oPicY0cBD5ZB89KieBFSH-PNddIE
LDSF - 2017-07-31 18:14:50 --> >>> User->addressbookisempty()
LDSF - 2017-07-31 18:14:50 --> openid=oPicY0cBD5ZB89KieBFSH-PNddIE
LDSF - 2017-07-31 18:14:50 --> >>> User->loginrecord()
LDSF - 2017-07-31 18:14:50 --> openid=oPicY0cBD5ZB89KieBFSH-PNddIE
ERROR - 2017-07-31 18:15:08 --> 404 Page Not Found: Faviconico/index
ERROR - 2017-07-31 18:15:13 --> 404 Page Not Found: Faviconico/index
ERROR - 2017-07-31 18:15:56 --> 404 Page Not Found: Faviconico/index
ERROR - 2017-07-31 18:15:57 --> 404 Page Not Found: Faviconico/index
ERROR - 2017-07-31 18:16:00 --> 404 Page Not Found: Faviconico/index
ERROR - 2017-07-31 18:16:01 --> 404 Page Not Found: Faviconico/index
ERROR - 2017-07-31 18:16:02 --> 404 Page Not Found: Faviconico/index
ERROR - 2017-07-31 18:16:02 --> 404 Page Not Found: Faviconico/index
ERROR - 2017-07-31 18:16:04 --> 404 Page Not Found: Faviconico/index
ERROR - 2017-07-31 18:16:04 --> 404 Page Not Found: Faviconico/index
ERROR - 2017-07-31 18:16:06 --> 404 Page Not Found: Faviconico/index
ERROR - 2017-07-31 18:16:06 --> 404 Page Not Found: Faviconico/index
ERROR - 2017-07-31 18:16:07 --> 404 Page Not Found: Faviconico/index
ERROR - 2017-07-31 18:16:08 --> 404 Page Not Found: Faviconico/index
ERROR - 2017-07-31 18:16:14 --> 404 Page Not Found: Faviconico/index
ERROR - 2017-07-31 18:16:14 --> 404 Page Not Found: Faviconico/index
LDSF - 2017-07-31 18:17:02 --> >>> User->addressbookisempty()
LDSF - 2017-07-31 18:17:02 --> openid=oPicY0cBD5ZB89KieBFSH-PNddIE
LDSF - 2017-07-31 18:17:02 --> >>> User->loginrecord()
LDSF - 2017-07-31 18:17:02 --> openid=oPicY0cBD5ZB89KieBFSH-PNddIE
ERROR - 2017-07-31 18:17:15 --> 404 Page Not Found: Faviconico/index
ERROR - 2017-07-31 18:47:18 --> 404 Page Not Found: Faviconico/index
LDSF - 2017-07-31 19:54:51 --> >>> User->addressbookisempty()
LDSF - 2017-07-31 19:54:51 --> openid=oPicY0cBD5ZB89KieBFSH-PNddIE
LDSF - 2017-07-31 19:54:51 --> >>> User->loginrecord()
LDSF - 2017-07-31 19:54:51 --> openid=oPicY0cBD5ZB89KieBFSH-PNddIE
LDSF - 2017-07-31 19:58:34 --> >>> User->addressbookisempty()
LDSF - 2017-07-31 19:58:34 --> openid=oPicY0cBD5ZB89KieBFSH-PNddIE
LDSF - 2017-07-31 19:58:34 --> >>> User->loginrecord()
LDSF - 2017-07-31 19:58:34 --> openid=oPicY0cBD5ZB89KieBFSH-PNddIE
ERROR - 2017-07-31 20:11:13 --> 1 2
ERROR - 2017-07-31 20:11:13 --> 2 0
[2017-07-31 20:11:13][DEBUG] POST http://10.133.193.8/mina_auth/} => [200] {
    "[请求]": {
        "version": 1,
        "componentName": "MA",
        "interface": {
            "interfaceName": "qcloud.cam.id_skey",
            "para": {
                "code": "011OxSUq1Si1kq0CpGVq1iF1Vq1OxSUQ",
                "encrypt_data": "Gfdo3OZzxa2shi0RJQb\/WIFWJwf\/gscc5SUuGyVveXdl+kArkb4uKCNyb9kzVSHPA7RdBIIuf4E4Sz3TdxsxABT4t23N7SeR2NSuFqkxe6pa8QkEMAcU3NzWMvCVUEd99ZzPME30+9FhjRLQLAMgJBPvU0jRWH92cb7yLi41xBkHIXCsDrOMfSyLgKf6Lk5gJqDH0AHUDcPOIQpsKmn0aZAPp7Oo4j45zWlpU5W9cY8UPC+lwTJtkUkYbjWA4EDkhkEfQfZqqCU6LfFzd93KQe\/1LjBEG592xkmlYAJBmLUU4im97dOuXoF4YNpuMgRu0+e0DDEU+F4iYzK977wtDTrjtPBqE2iiTlkumTse0t68riLqpn\/\/P9YhMP5VdnCI6XOQQDN07v8059sXm941w\/mVC3DtRjNbEdiSee\/SHPaQbuf2suPsVeJUL0ZXtQFRHdbU+sTaRPe1lILS4rzoEkOpZmFLD6Dvw\/hm5AWFhafTHmtgpa8x1H6N4l1ymBM7g7I9lmu4nbGLihG+AV8q+kjMTW\/wQY6R1oKmb0D8Qdo=",
                "iv": "T\/5v4+ueLw4D8MrTrl7S7Q=="
            }
        }
    },
    "[响应]": {
        "returnCode": 0,
        "returnMessage": "NEW_SESSION_SUCCESS",
        "returnData": {
            "id": "284cc298219a5d814b0f72ff53bf71d9",
            "skey": "9fa369a05726201b61e335faafa5914a",
            "user_info": {
                "openId": "oPicY0TLeZWK1RD6DQVzERB5l-cg",
                "nickName": "但看人生路",
                "gender": 1,
                "language": "zh_CN",
                "city": "Suzhou",
                "province": "Jiangsu",
                "country": "China",
                "avatarUrl": "https:\/\/wx.qlogo.cn\/mmopen\/vi_32\/Q0j4TwGTfTLvA8jB3BSroStXosJcWymn0m3SzH7C05Mj02xkpBTibpq2Cic3uXBibulCyeGOquXtpwhynWDxqtiaiaA\/0",
                "unionId": "oU11PxM7OQACdTUJ68sbmP4-9MQA",
                "watermark": {
                    "timestamp": 1501503072,
                    "appid": "wx3c13313f866a541a"
                }
            },
            "duration": 7200
        },
        "version": 1,
        "componentName": "MA"
    },
    "[耗时]": "141ms"
}

[2017-07-31 20:11:13][DEBUG] Util::writeJsonResult => [200] {
    "F2C224D4-2BCE-4C64-AF9F-A6D872000D1A": 1,
    "session": {
        "id": "284cc298219a5d814b0f72ff53bf71d9",
        "skey": "9fa369a05726201b61e335faafa5914a",
        "openid": "oPicY0TLeZWK1RD6DQVzERB5l-cg",
        "unionid": "oU11PxM7OQACdTUJ68sbmP4-9MQA"
    }
}

ERROR - 2017-07-31 20:11:13 --> 1 2
ERROR - 2017-07-31 20:11:13 --> 2 0
[2017-07-31 20:11:13][DEBUG] POST http://10.133.193.8/mina_auth/} => [200] {
    "[请求]": {
        "version": 1,
        "componentName": "MA",
        "interface": {
            "interfaceName": "qcloud.cam.id_skey",
            "para": {
                "code": "071ALt9S0yxxTa2iauaS04Gb9S0ALt9N",
                "encrypt_data": "T+RlcveWJqtSelHQUaMYwV612+\/lsKtK9YWbrELVHj5yHsVa3QzQJMkXA+IovR8FZ+\/I0R8T7vzESyJ4KQ4shiswZa9vAez5NjyvltEwwgGDWCjYeNcQKGT3guYBi2KOOJ9RQD4Xt\/nPZbG+CnEwl\/MONrQFYLiXiirJzIBpwTUqhcTUyPpa809TVeswSvLjTBnuk7IzC4XaAjx8i2bLahsGJMgagrOWDtrC2Ye7LlXY4rP9nL1aBq8fRrrYIGKSt8X0k1MlAjinXMo1+TFlwotatzPj79Q2Tbzl47aJf5rwGgfsfltbzW4W0fdBc9\/9nG4dQ5heqj3\/e4BaxfPEaiquGMCii+cP6OZXc0EF6IEs7lUbCrdyX0izpaVh5v+PpkznT4BROGGNXt5o+cnFFm1RKepKocg0mirEmvxuddD+EpsSddRxcqraCm4qgFTHUagQXekm\/+wJw6hsCQwtDge9LkfSv7ayypD9tYIKUxFw96RiioFycY6m13riIKisorezbxvGpRa0Ot4NSCbp30HSxXFdXn5Xx09RsedBkQI=",
                "iv": "UDEtUnzfrHb4VFsRywjVog=="
            }
        }
    },
    "[响应]": {
        "returnCode": 0,
        "returnMessage": "UPDATE_SESSION_SUCCESS",
        "returnData": {
            "id": "284cc298219a5d814b0f72ff53bf71d9",
            "skey": "1dbddb530dfbfad9f55273eec1b179d5",
            "user_info": {
                "openId": "oPicY0TLeZWK1RD6DQVzERB5l-cg",
                "nickName": "但看人生路",
                "gender": 1,
                "language": "zh_CN",
                "city": "Suzhou",
                "province": "Jiangsu",
                "country": "China",
                "avatarUrl": "https:\/\/wx.qlogo.cn\/mmopen\/vi_32\/Q0j4TwGTfTLvA8jB3BSroStXosJcWymn0m3SzH7C05Mj02xkpBTibpq2Cic3uXBibulCyeGOquXtpwhynWDxqtiaiaA\/0",
                "unionId": "oU11PxM7OQACdTUJ68sbmP4-9MQA",
                "watermark": {
                    "timestamp": 1501503072,
                    "appid": "wx3c13313f866a541a"
                }
            },
            "duration": 7200
        },
        "version": 1,
        "componentName": "MA"
    },
    "[耗时]": "134ms"
}

[2017-07-31 20:11:13][DEBUG] Util::writeJsonResult => [200] {
    "F2C224D4-2BCE-4C64-AF9F-A6D872000D1A": 1,
    "session": {
        "id": "284cc298219a5d814b0f72ff53bf71d9",
        "skey": "1dbddb530dfbfad9f55273eec1b179d5",
        "openid": "oPicY0TLeZWK1RD6DQVzERB5l-cg",
        "unionid": "oU11PxM7OQACdTUJ68sbmP4-9MQA"
    }
}

LDSF - 2017-07-31 20:11:13 --> >>> User->addressbookisempty()
LDSF - 2017-07-31 20:11:13 --> openid=oPicY0TLeZWK1RD6DQVzERB5l-cg
ERROR - 2017-07-31 20:11:13 --> Severity: Notice --> Trying to get property of non-object /data/release/php-weapp-demo/application/models/User_model.php 30
LDSF - 2017-07-31 20:11:13 --> >>> User->loginrecord()
LDSF - 2017-07-31 20:11:13 --> openid=oPicY0TLeZWK1RD6DQVzERB5l-cg
ERROR - 2017-07-31 20:11:21 --> 
ERROR - 2017-07-31 20:11:35 --> 
ERROR - 2017-07-31 20:11:36 --> 
ERROR - 2017-07-31 20:11:38 --> 
LDSF - 2017-07-31 20:11:42 --> >>> User->addressbookisempty()
LDSF - 2017-07-31 20:11:42 --> openid=oPicY0TLeZWK1RD6DQVzERB5l-cg
LDSF - 2017-07-31 20:11:43 --> >>> User->loginrecord()
LDSF - 2017-07-31 20:11:43 --> openid=oPicY0TLeZWK1RD6DQVzERB5l-cg
ERROR - 2017-07-31 20:11:47 --> 
ERROR - 2017-07-31 20:12:13 --> 
ERROR - 2017-07-31 20:12:21 --> 
ERROR - 2017-07-31 21:28:22 --> 404 Page Not Found: Ipasp/index
ERROR - 2017-07-31 21:31:51 --> 404 Page Not Found: Ipasp/index
ERROR - 2017-07-31 22:54:02 --> 404 Page Not Found: Faviconico/index
ERROR - 2017-07-31 22:54:04 --> 404 Page Not Found: Faviconico/index
