ERROR - 2017-03-25 00:43:22 --> 404 Page Not Found: PhpMyAdmin/index
ERROR - 2017-03-25 00:49:18 --> 404 Page Not Found: Struts2-core-238/login.action
ERROR - 2017-03-25 00:49:19 --> 404 Page Not Found: Struts-25101-src/login.action
ERROR - 2017-03-25 00:49:22 --> 404 Page Not Found: Struts-23201/login.action
ERROR - 2017-03-25 00:49:23 --> 404 Page Not Found: Struts-23203/login.action
ERROR - 2017-03-25 00:49:25 --> 404 Page Not Found: Struts-2320/login.action
ERROR - 2017-03-25 00:49:26 --> 404 Page Not Found: Struts-23241/login.action
ERROR - 2017-03-25 00:49:27 --> 404 Page Not Found: Struts-23243/login.action
ERROR - 2017-03-25 00:49:28 --> 404 Page Not Found: Struts-2324/login.action
ERROR - 2017-03-25 00:49:30 --> 404 Page Not Found: Struts-23281/login.action
ERROR - 2017-03-25 00:49:32 --> 404 Page Not Found: Struts-2328/login.action
ERROR - 2017-03-25 00:49:34 --> 404 Page Not Found: Struts-2329/login.action
ERROR - 2017-03-25 00:49:36 --> 404 Page Not Found: Struts-2330/login.action
ERROR - 2017-03-25 00:49:37 --> 404 Page Not Found: Struts-2331/login.action
ERROR - 2017-03-25 00:49:38 --> 404 Page Not Found: Struts-25-BETA1/login.action
ERROR - 2017-03-25 00:49:39 --> 404 Page Not Found: Struts-25-BETA2/login.action
ERROR - 2017-03-25 00:49:40 --> 404 Page Not Found: Struts-25-BETA3/login.action
ERROR - 2017-03-25 00:49:43 --> 404 Page Not Found: Struts-251/login.action
ERROR - 2017-03-25 00:49:44 --> 404 Page Not Found: Struts-25101/login.action
ERROR - 2017-03-25 00:49:45 --> 404 Page Not Found: Struts-2510/login.action
ERROR - 2017-03-25 00:49:47 --> 404 Page Not Found: Struts-252/login.action
ERROR - 2017-03-25 00:49:50 --> 404 Page Not Found: Struts-255/login.action
ERROR - 2017-03-25 00:49:51 --> 404 Page Not Found: Struts-258/login.action
ERROR - 2017-03-25 00:49:54 --> 404 Page Not Found: Struts-25/login.action
ERROR - 2017-03-25 02:33:32 --> 404 Page Not Found: Search/index
ERROR - 2017-03-25 02:33:32 --> 404 Page Not Found: 273/index
ERROR - 2017-03-25 02:41:45 --> 404 Page Not Found: Struts-2510/login.action
ERROR - 2017-03-25 02:41:55 --> 404 Page Not Found: Struts-25101/login.action
ERROR - 2017-03-25 02:43:51 --> 404 Page Not Found: Struts-23203/login.action
ERROR - 2017-03-25 02:44:01 --> 404 Page Not Found: Struts-23203/login.action
ERROR - 2017-03-25 02:46:52 --> 404 Page Not Found: Struts-23241/login.action
ERROR - 2017-03-25 02:47:20 --> 404 Page Not Found: Struts-25-BETA1/login.action
ERROR - 2017-03-25 02:47:41 --> 404 Page Not Found: Struts-2324/login.action
ERROR - 2017-03-25 02:54:07 --> 404 Page Not Found: Struts-25/login.action
ERROR - 2017-03-25 02:54:16 --> 404 Page Not Found: Struts-25/login.action
ERROR - 2017-03-25 02:56:46 --> 404 Page Not Found: Struts-2330/login.action
ERROR - 2017-03-25 03:07:31 --> 404 Page Not Found: Struts-2320/login.action
ERROR - 2017-03-25 03:07:50 --> 404 Page Not Found: Struts-2329/login.action
ERROR - 2017-03-25 03:12:11 --> 404 Page Not Found: Struts-2324/login.action
ERROR - 2017-03-25 03:17:06 --> 404 Page Not Found: Struts-25101-src/login.action
ERROR - 2017-03-25 03:17:15 --> 404 Page Not Found: Struts-25101-src/login.action
ERROR - 2017-03-25 03:19:07 --> 404 Page Not Found: Struts-25-BETA3/login.action
ERROR - 2017-03-25 03:23:54 --> 404 Page Not Found: Struts-2331/login.action
ERROR - 2017-03-25 03:29:35 --> 404 Page Not Found: Struts-252/login.action
ERROR - 2017-03-25 03:31:31 --> 404 Page Not Found: Struts-255/login.action
ERROR - 2017-03-25 03:42:31 --> 404 Page Not Found: Struts-23281/login.action
ERROR - 2017-03-25 03:43:51 --> 404 Page Not Found: Struts-2510/login.action
ERROR - 2017-03-25 03:59:12 --> 404 Page Not Found: Struts-23281/login.action
ERROR - 2017-03-25 04:04:49 --> 404 Page Not Found: Portal/client
ERROR - 2017-03-25 04:04:50 --> 404 Page Not Found: Admin/agent
ERROR - 2017-03-25 04:04:50 --> 404 Page Not Found: Vportal/web
ERROR - 2017-03-25 04:04:51 --> 404 Page Not Found: Struts2_23151-showcase/showcase.action
ERROR - 2017-03-25 04:04:51 --> 404 Page Not Found: Struts2-showcase/login.action
ERROR - 2017-03-25 04:04:52 --> 404 Page Not Found: Struts/login.action
ERROR - 2017-03-25 04:04:52 --> 404 Page Not Found: Struts2/login.action
ERROR - 2017-03-25 04:04:53 --> 404 Page Not Found: Web/Index.action
ERROR - 2017-03-25 04:25:42 --> 404 Page Not Found: Struts-23281/login.action
ERROR - 2017-03-25 04:31:45 --> 404 Page Not Found: Struts2-core-238/login.action
ERROR - 2017-03-25 04:31:54 --> 404 Page Not Found: Struts2-core-238/login.action
ERROR - 2017-03-25 04:34:14 --> 404 Page Not Found: Struts-23243/login.action
ERROR - 2017-03-25 04:42:14 --> 404 Page Not Found: Indexaction/index
ERROR - 2017-03-25 04:42:16 --> 404 Page Not Found: Loginaction/index
ERROR - 2017-03-25 04:42:21 --> 404 Page Not Found: Indexaction/index
ERROR - 2017-03-25 04:42:22 --> 404 Page Not Found: Loginaction/index
ERROR - 2017-03-25 05:17:02 --> 404 Page Not Found: Struts-25/login.action
ERROR - 2017-03-25 06:14:32 --> 404 Page Not Found: Struts-2331/login.action
ERROR - 2017-03-25 06:14:32 --> 404 Page Not Found: Struts-2331/login.action
ERROR - 2017-03-25 06:14:32 --> 404 Page Not Found: Struts-2331/login.action
ERROR - 2017-03-25 06:14:32 --> 404 Page Not Found: Struts-2331/login.action
ERROR - 2017-03-25 06:14:47 --> 404 Page Not Found: Struts-2331/login.action
ERROR - 2017-03-25 06:15:58 --> 404 Page Not Found: Admin/i18n
ERROR - 2017-03-25 06:16:56 --> 404 Page Not Found: Admin/i18n
ERROR - 2017-03-25 06:17:25 --> 404 Page Not Found: Admin/i18n
ERROR - 2017-03-25 06:17:25 --> 404 Page Not Found: Admin/i18n
ERROR - 2017-03-25 06:17:38 --> 404 Page Not Found: Admin/i18n
ERROR - 2017-03-25 06:46:04 --> 404 Page Not Found: Struts2_23151-showcase/showcase.action
ERROR - 2017-03-25 06:46:11 --> 404 Page Not Found: Struts/login.action
ERROR - 2017-03-25 07:02:54 --> 404 Page Not Found: Portal/client
ERROR - 2017-03-25 07:02:54 --> 404 Page Not Found: Vportal/web
ERROR - 2017-03-25 07:03:43 --> 404 Page Not Found: Struts-251/login.action
ERROR - 2017-03-25 07:04:28 --> 404 Page Not Found: Struts-2328/login.action
ERROR - 2017-03-25 07:06:30 --> 404 Page Not Found: Struts-23201/login.action
ERROR - 2017-03-25 07:06:39 --> 404 Page Not Found: Struts-23201/login.action
ERROR - 2017-03-25 07:15:35 --> 404 Page Not Found: Indexaction/index
ERROR - 2017-03-25 07:17:30 --> 404 Page Not Found: Struts2/login.action
ERROR - 2017-03-25 07:18:48 --> 404 Page Not Found: Vportal/web
ERROR - 2017-03-25 07:22:34 --> 404 Page Not Found: Admin/agent
ERROR - 2017-03-25 07:22:34 --> 404 Page Not Found: Web/Index.action
ERROR - 2017-03-25 07:34:41 --> 404 Page Not Found: Struts2XMLHelloWorld/User
ERROR - 2017-03-25 07:34:50 --> 404 Page Not Found: Struts2XMLHelloWorld/User
ERROR - 2017-03-25 07:49:53 --> 404 Page Not Found: Wp-includes/js
ERROR - 2017-03-25 07:49:53 --> 404 Page Not Found: Skins/vector
ERROR - 2017-03-25 07:49:54 --> 404 Page Not Found: Misc/states.js
ERROR - 2017-03-25 07:49:54 --> 404 Page Not Found: Static/js
ERROR - 2017-03-25 07:49:55 --> 404 Page Not Found: Include/js
ERROR - 2017-03-25 07:49:55 --> 404 Page Not Found: Include/js
ERROR - 2017-03-25 07:49:55 --> 404 Page Not Found: Include/js
ERROR - 2017-03-25 07:49:56 --> 404 Page Not Found: Res/js
ERROR - 2017-03-25 07:49:56 --> 404 Page Not Found: Js/wind_editor.js
ERROR - 2017-03-25 07:49:56 --> 404 Page Not Found: Styles/prosilver
ERROR - 2017-03-25 07:49:57 --> 404 Page Not Found: Styles/prosilver
ERROR - 2017-03-25 07:49:57 --> 404 Page Not Found: Editor/ubb
ERROR - 2017-03-25 07:49:58 --> 404 Page Not Found: Template/default
ERROR - 2017-03-25 07:49:58 --> 404 Page Not Found: Static/js
ERROR - 2017-03-25 07:49:58 --> 404 Page Not Found: Images/js
ERROR - 2017-03-25 07:49:59 --> 404 Page Not Found: Templets/style
ERROR - 2017-03-25 07:49:59 --> 404 Page Not Found: Include/dedeajax2.js
ERROR - 2017-03-25 07:50:00 --> 404 Page Not Found: Images/default
ERROR - 2017-03-25 07:50:00 --> 404 Page Not Found: Js/lang
ERROR - 2017-03-25 07:50:00 --> 404 Page Not Found: Js/lang
ERROR - 2017-03-25 07:50:01 --> 404 Page Not Found: D/js
ERROR - 2017-03-25 07:50:01 --> 404 Page Not Found: Skin/default
ERROR - 2017-03-25 07:50:02 --> 404 Page Not Found: Media/system
ERROR - 2017-03-25 07:50:02 --> 404 Page Not Found: Media/system
ERROR - 2017-03-25 07:50:03 --> 404 Page Not Found: Lang/zh
ERROR - 2017-03-25 07:50:03 --> 404 Page Not Found: Style/default
ERROR - 2017-03-25 07:50:03 --> 404 Page Not Found: Lang/zh
ERROR - 2017-03-25 07:50:04 --> 404 Page Not Found: Rockmongo/index
ERROR - 2017-03-25 07:50:04 --> 404 Page Not Found: Server-status/index
ERROR - 2017-03-25 07:50:04 --> 404 Page Not Found: Ueditoralljs/index
ERROR - 2017-03-25 07:50:05 --> 404 Page Not Found: Please_read/_search
ERROR - 2017-03-25 07:50:05 --> 404 Page Not Found: Pleasereadthis/index
ERROR - 2017-03-25 07:50:06 --> 404 Page Not Found: Wikilibd/PmWiki.ChangeLog
ERROR - 2017-03-25 07:50:06 --> 404 Page Not Found: Warning/index
ERROR - 2017-03-25 07:50:06 --> 404 Page Not Found: 4e5e5d7364f443e28fbf0d3ae744a59a/index
ERROR - 2017-03-25 07:50:07 --> 404 Page Not Found: Jenkins/index
ERROR - 2017-03-25 07:50:11 --> 404 Page Not Found: Cache/global
ERROR - 2017-03-25 08:04:27 --> 404 Page Not Found: Struts-25/login.action
ERROR - 2017-03-25 09:43:26 --> 404 Page Not Found: Struts-2328/login.action
ERROR - 2017-03-25 10:41:00 --> 404 Page Not Found: Vportal/web
ERROR - 2017-03-25 11:00:30 --> 404 Page Not Found: Vportal/web
ERROR - 2017-03-25 11:00:31 --> 404 Page Not Found: Struts2_23151-showcase/showcase.action
ERROR - 2017-03-25 11:00:32 --> 404 Page Not Found: Struts2-showcase/login.action
