ERROR - 2017-06-11 01:08:31 --> 404 Page Not Found: Cache/global
ERROR - 2017-06-11 06:47:00 --> 404 Page Not Found: Faviconico/index
ERROR - 2017-06-11 15:23:49 --> 404 Page Not Found: Wp-includes/js
ERROR - 2017-06-11 15:23:49 --> 404 Page Not Found: Skins/vector
ERROR - 2017-06-11 15:23:49 --> 404 Page Not Found: Misc/states.js
ERROR - 2017-06-11 15:23:50 --> 404 Page Not Found: Static/js
ERROR - 2017-06-11 15:23:50 --> 404 Page Not Found: Include/js
ERROR - 2017-06-11 15:23:50 --> 404 Page Not Found: Include/js
ERROR - 2017-06-11 15:23:51 --> 404 Page Not Found: Include/js
ERROR - 2017-06-11 15:23:51 --> 404 Page Not Found: Res/js
ERROR - 2017-06-11 15:23:52 --> 404 Page Not Found: Js/wind_editor.js
ERROR - 2017-06-11 15:23:52 --> 404 Page Not Found: Styles/prosilver
ERROR - 2017-06-11 15:23:52 --> 404 Page Not Found: Styles/prosilver
ERROR - 2017-06-11 15:23:53 --> 404 Page Not Found: Editor/ubb
ERROR - 2017-06-11 15:23:53 --> 404 Page Not Found: Template/default
ERROR - 2017-06-11 15:23:53 --> 404 Page Not Found: Static/js
ERROR - 2017-06-11 15:23:54 --> 404 Page Not Found: Images/js
ERROR - 2017-06-11 15:23:54 --> 404 Page Not Found: Templets/style
ERROR - 2017-06-11 15:23:55 --> 404 Page Not Found: Include/dedeajax2.js
ERROR - 2017-06-11 15:23:55 --> 404 Page Not Found: Images/default
ERROR - 2017-06-11 15:23:55 --> 404 Page Not Found: Js/lang
ERROR - 2017-06-11 15:23:56 --> 404 Page Not Found: Js/lang
ERROR - 2017-06-11 15:23:56 --> 404 Page Not Found: D/js
ERROR - 2017-06-11 15:23:56 --> 404 Page Not Found: Skin/default
ERROR - 2017-06-11 15:23:57 --> 404 Page Not Found: Media/system
ERROR - 2017-06-11 15:23:57 --> 404 Page Not Found: Media/system
ERROR - 2017-06-11 15:23:58 --> 404 Page Not Found: Lang/zh
ERROR - 2017-06-11 15:23:58 --> 404 Page Not Found: Style/default
ERROR - 2017-06-11 15:23:58 --> 404 Page Not Found: Lang/zh
ERROR - 2017-06-11 15:23:59 --> 404 Page Not Found: Rockmongo/index
ERROR - 2017-06-11 15:23:59 --> 404 Page Not Found: Server-status/index
ERROR - 2017-06-11 15:23:59 --> 404 Page Not Found: Ueditoralljs/index
ERROR - 2017-06-11 15:24:00 --> 404 Page Not Found: Wikilibd/PmWiki.ChangeLog
ERROR - 2017-06-11 15:24:00 --> 404 Page Not Found: 4e5e5d7364f443e28fbf0d3ae744a59a/index
ERROR - 2017-06-11 15:24:00 --> 404 Page Not Found: Jenkins/index
ERROR - 2017-06-11 18:13:56 --> 404 Page Not Found: Wikilibd/PmWiki.ChangeLog
ERROR - 2017-06-11 18:29:55 --> 404 Page Not Found: Rockmongo/index
ERROR - 2017-06-11 18:54:39 --> 404 Page Not Found: Robotstxt/index
ERROR - 2017-06-11 23:40:18 --> 404 Page Not Found: Cache/global
