ERROR - 2017-07-18 02:42:05 --> 404 Page Not Found: 404/search_children.js
ERROR - 2017-07-18 05:48:45 --> 404 Page Not Found: Phpmyadmin/index
ERROR - 2017-07-18 07:01:47 --> 404 Page Not Found: Phpmyadmin/index
ERROR - 2017-07-18 07:55:24 --> 404 Page Not Found: Robotstxt/index
ERROR - 2017-07-18 11:03:22 --> 404 Page Not Found: Phpmyadmin/index
ERROR - 2017-07-18 11:25:49 --> 404 Page Not Found: Cache/global
ERROR - 2017-07-18 11:31:05 --> 404 Page Not Found: Robotstxt/index
ERROR - 2017-07-18 17:48:18 --> 404 Page Not Found: Git/HEAD
ERROR - 2017-07-18 17:48:18 --> 404 Page Not Found: Robotstxt/index
ERROR - 2017-07-18 17:48:18 --> 404 Page Not Found: Nmaplowercheck1500371518/index
ERROR - 2017-07-18 17:48:19 --> 404 Page Not Found: Faviconico/index
ERROR - 2017-07-18 17:48:19 --> 404 Page Not Found: HNAP1/index
ERROR - 2017-07-18 18:20:43 --> 404 Page Not Found: Git/HEAD
ERROR - 2017-07-18 18:20:43 --> 404 Page Not Found: Robotstxt/index
ERROR - 2017-07-18 18:20:43 --> 404 Page Not Found: Nmaplowercheck1500373466/index
ERROR - 2017-07-18 18:20:43 --> 404 Page Not Found: HNAP1/index
ERROR - 2017-07-18 18:20:44 --> 404 Page Not Found: Faviconico/index
ERROR - 2017-07-18 20:01:25 --> 404 Page Not Found: Nmaplowercheck1500371518/index
ERROR - 2017-07-18 20:57:03 --> 404 Page Not Found: HNAP1/index
ERROR - 2017-07-18 21:23:50 --> 404 Page Not Found: Git/HEAD
ERROR - 2017-07-18 21:38:04 --> 404 Page Not Found: Nmaplowercheck1500373466/index
