ERROR - 2017-02-25 00:24:28 --> 404 Page Not Found: Skins/vector
ERROR - 2017-02-25 00:30:06 --> 1 2
ERROR - 2017-02-25 00:30:06 --> 2 0
[2017-02-25 00:30:06][DEBUG] POST http://10.133.193.8/mina_auth/} => [200] {
    "[请求]": {
        "version": 1,
        "componentName": "MA",
        "interface": {
            "interfaceName": "qcloud.cam.id_skey",
            "para": {
                "code": "0414An1m0t6f6o1CQC0m020r1m04An1L",
                "encrypt_data": "k0Z6W2A7CNv8bSszuhDTzHkoZgK7qCervFeILpn49owf\/8NHiylhIQgaiHhxu1nbw\/K1fzcfEZjCZQlv2Qclp6aWmg6nUQv1sbNGMP59ptGWXj+jb0i79cjwawVyHCi8vuT3hp4iag0sCeTOq9mP0yXUFRe9yqKLuTdi428Vvzr9dv6iw83aZTvrz366tOOfwpSObToWGHN7YPi\/\/Nb42kBAwrYwcjT7LIwNDisrFg8sCQaGUZFGGo9eaozbIXMV6LMESXjgRPVa4yHVBHriFJEdjlprxaC5FehwgNwLj87UqLfdSjl2q9DzMbdVuc7vbdk6CBApxpm9wmZM9Of4\/qqwIA3FZkL\/v+u3Xqkwi5aHLQdzu\/zuB9uezaUwsS2q3fsJyzEtQapve138QgizGPZDKqM5ghXMGyx4Nxux7CmYu+gooJa0cV1esPBBGLQLwdjiKiBNKFWW3fRlyWmPmvxgqloQJcFyPtvGuVydk4I=",
                "iv": "0w2BieZT+LXlM4mojh8Jog=="
            }
        }
    },
    "[响应]": {
        "returnCode": 0,
        "returnMessage": "UPDATE_SESSION_SUCCESS",
        "returnData": {
            "id": "2a20bd9d0d240a74d6514ce55ba4a61f",
            "skey": "c818c9da3cdfb7f4d4f343aef8b2c355",
            "openid": "oPicY0cBD5ZB89KieBFSH-PNddIE",
            "user_info": {
                "openId": "oPicY0cBD5ZB89KieBFSH-PNddIE",
                "nickName": "普通话君",
                "gender": 1,
                "language": "zh_CN",
                "city": "Suzhou",
                "province": "Jiangsu",
                "country": "CN",
                "avatarUrl": "http:\/\/wx.qlogo.cn\/mmopen\/vi_32\/DYAIOgq83eoVvEdGWoKlDIyUibGRJic4ckYwWHy5bJkeTY8vdf4tT4ibjZiccDicibBjoM5N7aTXTSM7s94hMOc4BicDw\/0",
                "watermark": {
                    "timestamp": 1487953805,
                    "appid": "wx3c13313f866a541a"
                }
            },
            "duration": 7200
        },
        "version": 1,
        "componentName": "MA"
    },
    "[耗时]": "99ms"
}

[2017-02-25 00:30:06][DEBUG] Util::writeJsonResult => [200] {
    "F2C224D4-2BCE-4C64-AF9F-A6D872000D1A": 1,
    "session": {
        "id": "2a20bd9d0d240a74d6514ce55ba4a61f",
        "skey": "c818c9da3cdfb7f4d4f343aef8b2c355",
        "openid": "oPicY0cBD5ZB89KieBFSH-PNddIE"
    }
}

ERROR - 2017-02-25 00:37:36 --> 404 Page Not Found: 4e5e5d7364f443e28fbf0d3ae744a59a/index
ERROR - 2017-02-25 00:37:46 --> 404 Page Not Found: 4e5e5d7364f443e28fbf0d3ae744a59a/index
ERROR - 2017-02-25 00:45:13 --> Query error: Unknown column 't_order.order_complete_datetime' in 'field list' - Invalid query: SELECT `t_good`.`good_name`, `t_good`.`good_thumbnail`, `t_order`.`order_wxid`, `t_order`.`order_contact_name`, `t_order`.`order_contact_tel`, `t_order`.`order_contact_add`, `t_order`.`order_status`, `t_order`.`order_prepayid`, `t_order`.`order_create_datetime`, `t_order`.`order_pay_datetime`, `t_order`.`order_complete_datetime`, `t_order`.`order_express_no`, `t_good_spec`.`good_spec_price`, `t_good_spec`.`good_spec_name`, format(t_good_spec.good_spec_price/100,2) as good_spec_price_display, `t_order_goodsinfo`.`order_good_id`, `t_order_goodsinfo`.`order_good_spec_id`, `t_order_goodsinfo`.`order_good_qty`, format(t_order.order_amount/100,2) as order_amount_display
FROM `t_order`
JOIN `t_order_goodsinfo` ON `t_order`.`order_id` = `t_order_goodsinfo`.`order_id`
JOIN `t_good` ON `t_order_goodsinfo`.`order_good_id` = `t_good`.`good_id`
JOIN `t_good_spec` ON `t_order_goodsinfo`.`order_good_id` = `t_good_spec`.`good_id` and `t_order_goodsinfo`.`order_good_spec_id` = `t_good_spec`.`good_spec_seq`
JOIN `t_order_status` ON `t_order`.`order_status` = `t_order_status`.`order_status`
WHERE `t_order`.`order_id` = '20170224172029978501'
ERROR - 2017-02-25 00:45:49 --> 404 Page Not Found: Rockmongo/index
ERROR - 2017-02-25 00:46:38 --> Query error: Unknown column 't_order.order_complete_datetime' in 'field list' - Invalid query: SELECT `t_good`.`good_name`, `t_good`.`good_thumbnail`, `t_order`.`order_wxid`, `t_order`.`order_contact_name`, `t_order`.`order_contact_tel`, `t_order`.`order_contact_add`, `t_order`.`order_status`, `t_order`.`order_prepayid`, `t_order`.`order_create_datetime`, `t_order`.`order_pay_datetime`, `t_order`.`order_complete_datetime`, `t_order`.`order_express_no`, `t_good_spec`.`good_spec_price`, `t_good_spec`.`good_spec_name`, format(t_good_spec.good_spec_price/100,2) as good_spec_price_display, `t_order_goodsinfo`.`order_good_id`, `t_order_goodsinfo`.`order_good_spec_id`, `t_order_goodsinfo`.`order_good_qty`, format(t_order.order_amount/100,2) as order_amount_display
FROM `t_order`
JOIN `t_order_goodsinfo` ON `t_order`.`order_id` = `t_order_goodsinfo`.`order_id`
JOIN `t_good` ON `t_order_goodsinfo`.`order_good_id` = `t_good`.`good_id`
JOIN `t_good_spec` ON `t_order_goodsinfo`.`order_good_id` = `t_good_spec`.`good_id` and `t_order_goodsinfo`.`order_good_spec_id` = `t_good_spec`.`good_spec_seq`
JOIN `t_order_status` ON `t_order`.`order_status` = `t_order_status`.`order_status`
WHERE `t_order`.`order_id` = '20170224172029978501'
ERROR - 2017-02-25 00:54:21 --> 2
ERROR - 2017-02-25 01:00:59 --> 404 Page Not Found: Proxyhtml/index
ERROR - 2017-02-25 01:08:03 --> 404 Page Not Found: Faviconico/index
ERROR - 2017-02-25 01:08:22 --> 404 Page Not Found: Prepare/getdeliverinfofromapi
ERROR - 2017-02-25 01:18:59 --> 404 Page Not Found: Warning/index
ERROR - 2017-02-25 01:23:18 --> 404 Page Not Found: Cache/global
ERROR - 2017-02-25 01:35:27 --> Severity: Warning --> Missing argument 1 for Order::index() /data/release/php-weapp-demo/application/controllers/Order.php 15
ERROR - 2017-02-25 01:35:27 --> Severity: Notice --> Undefined variable: orderid /data/release/php-weapp-demo/application/controllers/Order.php 18
ERROR - 2017-02-25 01:59:06 --> Severity: Notice --> Undefined index: data /data/release/php-weapp-demo/application/controllers/Prepare.php 72
ERROR - 2017-02-25 01:59:06 --> Severity: Warning --> Invalid argument supplied for foreach() /data/release/php-weapp-demo/application/controllers/Prepare.php 74
ERROR - 2017-02-25 01:59:49 --> Severity: Notice --> Undefined index: data /data/release/php-weapp-demo/application/controllers/Prepare.php 72
ERROR - 2017-02-25 01:59:49 --> Severity: Warning --> Invalid argument supplied for foreach() /data/release/php-weapp-demo/application/controllers/Prepare.php 74
ERROR - 2017-02-25 02:00:12 --> Severity: Notice --> Undefined index: data /data/release/php-weapp-demo/application/controllers/Prepare.php 72
ERROR - 2017-02-25 02:00:12 --> Severity: Warning --> Invalid argument supplied for foreach() /data/release/php-weapp-demo/application/controllers/Prepare.php 74
ERROR - 2017-02-25 02:03:55 --> Severity: Notice --> Undefined index: data /data/release/php-weapp-demo/application/controllers/Prepare.php 75
ERROR - 2017-02-25 02:03:55 --> Severity: Warning --> Invalid argument supplied for foreach() /data/release/php-weapp-demo/application/controllers/Prepare.php 77
ERROR - 2017-02-25 02:06:10 --> Severity: Notice --> Undefined index: data /data/release/php-weapp-demo/application/controllers/Prepare.php 75
ERROR - 2017-02-25 02:06:10 --> Severity: Warning --> Invalid argument supplied for foreach() /data/release/php-weapp-demo/application/controllers/Prepare.php 77
ERROR - 2017-02-25 03:46:17 --> 1 2
ERROR - 2017-02-25 03:46:17 --> 2 0
[2017-02-25 03:46:17][DEBUG] POST http://10.133.193.8/mina_auth/} => [200] {
    "[请求]": {
        "version": 1,
        "componentName": "MA",
        "interface": {
            "interfaceName": "qcloud.cam.id_skey",
            "para": {
                "code": "011u5kIg0ubhGz1Q3JIg0w2CIg0u5kIR",
                "encrypt_data": "4rNrPjkZb+dW650KwDnfYH528xuEKF\/SQ5AvUsls+p9UVOTIfa2GRoJEBB3q\/GSjnFGmY9cW8fVj9OQmgWhycVgA6pKJgp+ty6HcpumUYAetuNR6rkB+3XyXnZiF2EV7hGAtsEOZIRi820RGJlwu\/Aq2nkAgqUrLNqd6tIkyykUUu+0WpoZpOIfJoLHDyIZTZF7tkHOgilEYpujO7XTJsZkRJ7IG\/+kPsB1fYReD4tYCWZ65sdxYNyjXobQTg3GMj4\/sUCjgER2Ygza7Oaxkz9uP4AI00hetj4k6TOT6PG2j6vghDTcIizYaaJFdy3GVXiFaJ6eUnBjz6wxcwv\/ftGLivpFizwYBtjvOCFxaX4Nnc8+gtYqIHeckRFoAimNhiVT3Qdk35NvDX95IhY5i0aiEAEdRIO\/PcP+UJKVbrwX3BlKP\/YxulHgu90CRwd1jJNbFEPhCAXMNqUi7oKtjcbNrgQemVSanyTofc\/w7flk=",
                "iv": "P7cXKCJIzGpPV1Ir5FJWyQ=="
            }
        }
    },
    "[响应]": {
        "returnCode": 0,
        "returnMessage": "UPDATE_SESSION_SUCCESS",
        "returnData": {
            "id": "0d05e8a5d1e21733666c6fb59fa29218",
            "skey": "1775428078c921dace7aac9a4d8e1274",
            "openid": "oPicY0dtNCjgr9ot5nWbwbBUAIFI",
            "user_info": {
                "openId": "oPicY0dtNCjgr9ot5nWbwbBUAIFI",
                "nickName": "礼待四方",
                "gender": 2,
                "language": "zh_CN",
                "city": "Suzhou",
                "province": "Jiangsu",
                "country": "CN",
                "avatarUrl": "http:\/\/wx.qlogo.cn\/mmopen\/vi_32\/PiajxSqBRaELBlqJBD2ZIcibvibk57IE2wsjuDTfHdc6tt21tdEgjVQicUrau9NicDJyn8ADWqj4uxCtAwZpXazShLg\/0",
                "watermark": {
                    "timestamp": 1487965576,
                    "appid": "wx3c13313f866a541a"
                }
            },
            "duration": 7200
        },
        "version": 1,
        "componentName": "MA"
    },
    "[耗时]": "80ms"
}

[2017-02-25 03:46:17][DEBUG] Util::writeJsonResult => [200] {
    "F2C224D4-2BCE-4C64-AF9F-A6D872000D1A": 1,
    "session": {
        "id": "0d05e8a5d1e21733666c6fb59fa29218",
        "skey": "1775428078c921dace7aac9a4d8e1274",
        "openid": "oPicY0dtNCjgr9ot5nWbwbBUAIFI"
    }
}

ERROR - 2017-02-25 04:55:45 --> 404 Page Not Found: Console/j_security_check
ERROR - 2017-02-25 06:47:21 --> 404 Page Not Found: Phpmyadmin/index
ERROR - 2017-02-25 07:22:12 --> 404 Page Not Found: Search/index
ERROR - 2017-02-25 07:22:12 --> 404 Page Not Found: 273/index
ERROR - 2017-02-25 09:47:17 --> 404 Page Not Found: Phpmyadmin/index
ERROR - 2017-02-25 10:15:02 --> 404 Page Not Found: Live/index
ERROR - 2017-02-25 13:13:15 --> 404 Page Not Found: Robotstxt/index
ERROR - 2017-02-25 13:31:13 --> 404 Page Not Found: Live/index
ERROR - 2017-02-25 13:59:44 --> 1 2
ERROR - 2017-02-25 13:59:44 --> 2 0
[2017-02-25 13:59:44][DEBUG] POST http://10.133.193.8/mina_auth/} => [200] {
    "[请求]": {
        "version": 1,
        "componentName": "MA",
        "interface": {
            "interfaceName": "qcloud.cam.id_skey",
            "para": {
                "code": "021zzVhN1lcOE41BBJhN1dbUhN1zzVhN",
                "encrypt_data": "3ezra\/aWHAdoDvw63BkJ+sI2LirKkHdwKP5SpwmLeb8SW3zYKLv1FsPIUzIyFK8TxPPppzh2i4MawKdrPGRzoB78JoWXIMKcrC0qXtNC9\/pAxTaRLp4eeRCPYHfSHxoj1sjHVqyhYMajMNUHEX\/TBDEqDyOWk817MzakSqkNsGt6ewbF5Rs5WHQQ+fN4MNkg5HWVqvMr5T3LnVdYkvUgm17ZsNWBrvVz7Fm3VCb+v2W6imhSIbVHI6XvaDBYEzVyYOFd391y2XPkezZTH6UpZfUNE6DrteNKSWms63xkf\/4jXCIol9VDasB\/hhvZ\/dmW7AmqXkShLjvPgG5ttncFpjttcjv6o21Nb1UujQHdtlUIdUNEM0ZwmqwZPNrcleypKCbaf3YKE\/djrSSYr79TwBU9k4voJEq3cq+yZmS\/97uNkDcfhJvLeKPbUjyWnqWnbWZQZQqq+9C7N+9MonpAE+sFQT+183WCP2pn982Kcpk=",
                "iv": "g+HWcP0EKFBG+VXPQPQZrg=="
            }
        }
    },
    "[响应]": {
        "returnCode": 0,
        "returnMessage": "UPDATE_SESSION_SUCCESS",
        "returnData": {
            "id": "2a20bd9d0d240a74d6514ce55ba4a61f",
            "skey": "b1620416e5ed5fbfaff61655d1b141b7",
            "openid": "oPicY0cBD5ZB89KieBFSH-PNddIE",
            "user_info": {
                "openId": "oPicY0cBD5ZB89KieBFSH-PNddIE",
                "nickName": "普通话君",
                "gender": 1,
                "language": "zh_CN",
                "city": "Suzhou",
                "province": "Jiangsu",
                "country": "CN",
                "avatarUrl": "http:\/\/wx.qlogo.cn\/mmopen\/vi_32\/DYAIOgq83eoVvEdGWoKlDIyUibGRJic4ckYwWHy5bJkeTY8vdf4tT4ibjZiccDicibBjoM5N7aTXTSM7s94hMOc4BicDw\/0",
                "watermark": {
                    "timestamp": 1488002380,
                    "appid": "wx3c13313f866a541a"
                }
            },
            "duration": 7200
        },
        "version": 1,
        "componentName": "MA"
    },
    "[耗时]": "106ms"
}

[2017-02-25 13:59:44][DEBUG] Util::writeJsonResult => [200] {
    "F2C224D4-2BCE-4C64-AF9F-A6D872000D1A": 1,
    "session": {
        "id": "2a20bd9d0d240a74d6514ce55ba4a61f",
        "skey": "b1620416e5ed5fbfaff61655d1b141b7",
        "openid": "oPicY0cBD5ZB89KieBFSH-PNddIE"
    }
}

ERROR - 2017-02-25 14:47:34 --> 404 Page Not Found: Console/login
ERROR - 2017-02-25 16:28:35 --> 1 2
ERROR - 2017-02-25 16:28:35 --> 2 0
[2017-02-25 16:28:35][DEBUG] POST http://10.133.193.8/mina_auth/} => [200] {
    "[请求]": {
        "version": 1,
        "componentName": "MA",
        "interface": {
            "interfaceName": "qcloud.cam.id_skey",
            "para": {
                "code": "031LWKpN1zV4v41lVOtN1WSSpN1LWKpN",
                "encrypt_data": "xE7C6DigXlIaoM7jncJLrbR0CjyF9k2l+Ltck5sZeApKIRWi5+6Miu+fByTzA1C6p2pkXDfsuKiDp3phtRgGuqgDoB5eEApPNbVI\/c+U\/oxsteur2CbxjdY7bA5YHK\/HRqhLsDqvkG7qIgY3pcsbAmkv\/BgrqjBnK2rGsTEGlh+tnwrjXbvGH+be9mcM0cMatj6vD4\/5oE7MwijlqsghHlPExYY7RH23wvZn+CXF4Oj3o3v7kB4V19URDrPqACo5qM09eEYjDtv\/x+dgXg1W\/SMs8YvAqvMs2F91KO1ERB8ysNG9CO7YQRpBA86I6T7Pc33lGk8hll7qMry3PGja4lob97kMHyUpgSWpDT9Pj2Ea9Mj+KgNo4PpzjuUzG4tMIDWdm2AWS2cpjR2WeWOkS\/p569C529q3Rhqn3KIAAjuwNDo2mPcD5CCHvqAXdtG9fxsP7J\/WSsxKfE\/CtNDPJ5uS7C7rljSFOeVL3VDVNSk=",
                "iv": "FnPYlWRB09cGRCF8DrtFlg=="
            }
        }
    },
    "[响应]": {
        "returnCode": 0,
        "returnMessage": "UPDATE_SESSION_SUCCESS",
        "returnData": {
            "id": "2a20bd9d0d240a74d6514ce55ba4a61f",
            "skey": "d41fdf19fc6bdc40692c1494b611294e",
            "openid": "oPicY0cBD5ZB89KieBFSH-PNddIE",
            "user_info": {
                "openId": "oPicY0cBD5ZB89KieBFSH-PNddIE",
                "nickName": "普通话君",
                "gender": 1,
                "language": "zh_CN",
                "city": "Suzhou",
                "province": "Jiangsu",
                "country": "CN",
                "avatarUrl": "http:\/\/wx.qlogo.cn\/mmopen\/vi_32\/DYAIOgq83eoVvEdGWoKlDIyUibGRJic4ckYwWHy5bJkeTY8vdf4tT4ibjZiccDicibBjoM5N7aTXTSM7s94hMOc4BicDw\/0",
                "watermark": {
                    "timestamp": 1488011315,
                    "appid": "wx3c13313f866a541a"
                }
            },
            "duration": 7200
        },
        "version": 1,
        "componentName": "MA"
    },
    "[耗时]": "100ms"
}

[2017-02-25 16:28:35][DEBUG] Util::writeJsonResult => [200] {
    "F2C224D4-2BCE-4C64-AF9F-A6D872000D1A": 1,
    "session": {
        "id": "2a20bd9d0d240a74d6514ce55ba4a61f",
        "skey": "d41fdf19fc6bdc40692c1494b611294e",
        "openid": "oPicY0cBD5ZB89KieBFSH-PNddIE"
    }
}

ERROR - 2017-02-25 17:38:29 --> 404 Page Not Found: Cache/global
ERROR - 2017-02-25 18:16:26 --> 404 Page Not Found: Phpmyadmin/index
ERROR - 2017-02-25 20:38:31 --> 404 Page Not Found: Phpmyadmin/index
ERROR - 2017-02-25 20:42:04 --> 1 2
ERROR - 2017-02-25 20:42:04 --> 2 0
[2017-02-25 20:42:04][DEBUG] POST http://10.133.193.8/mina_auth/} => [200] {
    "[请求]": {
        "version": 1,
        "componentName": "MA",
        "interface": {
            "interfaceName": "qcloud.cam.id_skey",
            "para": {
                "code": "021oils90S4FQt1S2Ou90ffqs90oilsI",
                "encrypt_data": "jksUHVYgFdF4Tj2dT7Ei1d8Zc8pHN\/vkvkcnWSkyUS6FoSf+MvwSnrzEgX6olwYHDzniFHXkfzxa1eAc2vjbVMjaLh1oWHCDLwjCzE+n3LX\/7P8LUxSfoGNRQrm7vFybxVfXJFbZ8bJOxepQ1UBjDls+FKqMiqbwxk7rDshlzwvzlB9BcUUsATlB3VHqOo8VuiwiY3n+Quvkp9ul3PweZ+fFnpNY8Y\/knB\/JgCU+UiIAT16u1pX\/wY+7GUcv5k8Cq97haKnNcern1jFzfWW1\/iKxQdHVLI3\/Z4CAfNKiKh8QWCz2MPvyOXFcH59lT2kl7PeG++EHzj9kredKtlKvVWf2BL3M1qgaDtyWk\/Qo5OwoRkAuLbhPnjogHH\/rgeBL1kBmJZHv7kwRhi12e3nNHUnaES+pFMldQazpNhcOJgDn1LK9pogxYZ1efLtv7kFPYEgpvxAPgrWyFrxUnWNvUne5AhvBVy0MTd3hLRL81vU=",
                "iv": "m4eLiy6jtHIhpZfVrI\/Heg=="
            }
        }
    },
    "[响应]": {
        "returnCode": 0,
        "returnMessage": "UPDATE_SESSION_SUCCESS",
        "returnData": {
            "id": "2a20bd9d0d240a74d6514ce55ba4a61f",
            "skey": "d1127dd8ba39ca44113c43de7c68d89e",
            "openid": "oPicY0cBD5ZB89KieBFSH-PNddIE",
            "user_info": {
                "openId": "oPicY0cBD5ZB89KieBFSH-PNddIE",
                "nickName": "普通话君",
                "gender": 1,
                "language": "zh_CN",
                "city": "Suzhou",
                "province": "Jiangsu",
                "country": "CN",
                "avatarUrl": "http:\/\/wx.qlogo.cn\/mmopen\/vi_32\/DYAIOgq83eoVvEdGWoKlDIyUibGRJic4ckYwWHy5bJkeTY8vdf4tT4ibjZiccDicibBjoM5N7aTXTSM7s94hMOc4BicDw\/0",
                "watermark": {
                    "timestamp": 1488026522,
                    "appid": "wx3c13313f866a541a"
                }
            },
            "duration": 7200
        },
        "version": 1,
        "componentName": "MA"
    },
    "[耗时]": "114ms"
}

[2017-02-25 20:42:04][DEBUG] Util::writeJsonResult => [200] {
    "F2C224D4-2BCE-4C64-AF9F-A6D872000D1A": 1,
    "session": {
        "id": "2a20bd9d0d240a74d6514ce55ba4a61f",
        "skey": "d1127dd8ba39ca44113c43de7c68d89e",
        "openid": "oPicY0cBD5ZB89KieBFSH-PNddIE"
    }
}

ERROR - 2017-02-25 20:42:05 --> 404 Page Not Found: User/reg
ERROR - 2017-02-25 23:26:53 --> 404 Page Not Found: Phpmyadmin/index
ERROR - 2017-02-25 23:26:53 --> 404 Page Not Found: PhpMyAdmin/index
ERROR - 2017-02-25 23:26:54 --> 404 Page Not Found: PMA/index
ERROR - 2017-02-25 23:26:54 --> 404 Page Not Found: Pma/index
ERROR - 2017-02-25 23:26:55 --> 404 Page Not Found: Admin/index
ERROR - 2017-02-25 23:26:55 --> 404 Page Not Found: Dbadmin/index
ERROR - 2017-02-25 23:26:56 --> 404 Page Not Found: Mysql/index
ERROR - 2017-02-25 23:26:56 --> 404 Page Not Found: Myadmin/index
ERROR - 2017-02-25 23:26:57 --> 404 Page Not Found: Openserver/phpmyadmin
ERROR - 2017-02-25 23:26:57 --> 404 Page Not Found: Phpmyadmin2/index
ERROR - 2017-02-25 23:26:58 --> 404 Page Not Found: PhpMyAdmin2/index
ERROR - 2017-02-25 23:26:58 --> 404 Page Not Found: PhpMyAdmin-2/index
ERROR - 2017-02-25 23:26:59 --> 404 Page Not Found: Php-my-admin/index
ERROR - 2017-02-25 23:26:59 --> 404 Page Not Found: PhpMyAdmin-223/index
ERROR - 2017-02-25 23:26:59 --> 404 Page Not Found: PhpMyAdmin-226/index
ERROR - 2017-02-25 23:27:00 --> 404 Page Not Found: PhpMyAdmin-251/index
ERROR - 2017-02-25 23:27:00 --> 404 Page Not Found: PhpMyAdmin-254/index
ERROR - 2017-02-25 23:27:04 --> 404 Page Not Found: PhpMyAdmin-255-rc1/index
ERROR - 2017-02-25 23:27:04 --> 404 Page Not Found: PhpMyAdmin-255-rc2/index
ERROR - 2017-02-25 23:27:08 --> 404 Page Not Found: PhpMyAdmin-255/index
ERROR - 2017-02-25 23:27:08 --> 404 Page Not Found: PhpMyAdmin-255-pl1/index
ERROR - 2017-02-25 23:27:09 --> 404 Page Not Found: PhpMyAdmin-256-rc1/index
ERROR - 2017-02-25 23:27:09 --> 404 Page Not Found: PhpMyAdmin-256-rc2/index
ERROR - 2017-02-25 23:27:09 --> 404 Page Not Found: PhpMyAdmin-256/index
ERROR - 2017-02-25 23:27:10 --> 404 Page Not Found: PhpMyAdmin-257/index
ERROR - 2017-02-25 23:27:10 --> 404 Page Not Found: PhpMyAdmin-257-pl1/index
ERROR - 2017-02-25 23:27:11 --> 404 Page Not Found: PhpMyAdmin-260-alpha/index
ERROR - 2017-02-25 23:27:11 --> 404 Page Not Found: PhpMyAdmin-260-alpha2/index
ERROR - 2017-02-25 23:27:12 --> 404 Page Not Found: PhpMyAdmin-260-beta1/index
ERROR - 2017-02-25 23:27:12 --> 404 Page Not Found: PhpMyAdmin-260-beta2/index
ERROR - 2017-02-25 23:27:12 --> 404 Page Not Found: PhpMyAdmin-260-rc1/index
ERROR - 2017-02-25 23:27:13 --> 404 Page Not Found: PhpMyAdmin-260-rc2/index
ERROR - 2017-02-25 23:27:13 --> 404 Page Not Found: PhpMyAdmin-260-rc3/index
ERROR - 2017-02-25 23:27:17 --> 404 Page Not Found: PhpMyAdmin-260/index
ERROR - 2017-02-25 23:27:17 --> 404 Page Not Found: PhpMyAdmin-260-pl1/index
ERROR - 2017-02-25 23:27:18 --> 404 Page Not Found: PhpMyAdmin-260-pl2/index
ERROR - 2017-02-25 23:27:18 --> 404 Page Not Found: PhpMyAdmin-260-pl3/index
ERROR - 2017-02-25 23:27:19 --> 404 Page Not Found: PhpMyAdmin-261-rc1/index
ERROR - 2017-02-25 23:27:19 --> 404 Page Not Found: PhpMyAdmin-261-rc2/index
ERROR - 2017-02-25 23:27:19 --> 404 Page Not Found: PhpMyAdmin-261/index
ERROR - 2017-02-25 23:27:29 --> 404 Page Not Found: PhpMyAdmin-261-pl1/index
ERROR - 2017-02-25 23:27:29 --> 404 Page Not Found: PhpMyAdmin-261-pl2/index
ERROR - 2017-02-25 23:27:30 --> 404 Page Not Found: PhpMyAdmin-261-pl3/index
ERROR - 2017-02-25 23:27:30 --> 404 Page Not Found: PhpMyAdmin-262-rc1/index
ERROR - 2017-02-25 23:27:34 --> 404 Page Not Found: PhpMyAdmin-262-beta1/index
ERROR - 2017-02-25 23:27:34 --> 404 Page Not Found: PhpMyAdmin-262-rc1/index
ERROR - 2017-02-25 23:27:34 --> 404 Page Not Found: PhpMyAdmin-262/index
ERROR - 2017-02-25 23:27:35 --> 404 Page Not Found: PhpMyAdmin-262-pl1/index
ERROR - 2017-02-25 23:27:35 --> 404 Page Not Found: PhpMyAdmin-263/index
ERROR - 2017-02-25 23:27:39 --> 404 Page Not Found: PhpMyAdmin-263-rc1/index
ERROR - 2017-02-25 23:27:39 --> 404 Page Not Found: PhpMyAdmin-263/index
ERROR - 2017-02-25 23:27:43 --> 404 Page Not Found: PhpMyAdmin-263-pl1/index
ERROR - 2017-02-25 23:27:43 --> 404 Page Not Found: PhpMyAdmin-264-rc1/index
ERROR - 2017-02-25 23:27:43 --> 404 Page Not Found: PhpMyAdmin-264-pl1/index
ERROR - 2017-02-25 23:27:44 --> 404 Page Not Found: PhpMyAdmin-264-pl2/index
ERROR - 2017-02-25 23:27:44 --> 404 Page Not Found: PhpMyAdmin-264-pl3/index
ERROR - 2017-02-25 23:27:45 --> 404 Page Not Found: PhpMyAdmin-264-pl4/index
ERROR - 2017-02-25 23:27:45 --> 404 Page Not Found: PhpMyAdmin-264/index
ERROR - 2017-02-25 23:27:45 --> 404 Page Not Found: PhpMyAdmin-270-beta1/index
ERROR - 2017-02-25 23:27:46 --> 404 Page Not Found: PhpMyAdmin-270-rc1/index
ERROR - 2017-02-25 23:27:46 --> 404 Page Not Found: PhpMyAdmin-270-pl1/index
ERROR - 2017-02-25 23:27:50 --> 404 Page Not Found: PhpMyAdmin-270-pl2/index
ERROR - 2017-02-25 23:27:50 --> 404 Page Not Found: PhpMyAdmin-270/index
ERROR - 2017-02-25 23:27:51 --> 404 Page Not Found: PhpMyAdmin-280-beta1/index
ERROR - 2017-02-25 23:27:51 --> 404 Page Not Found: PhpMyAdmin-280-rc1/index
ERROR - 2017-02-25 23:27:52 --> 404 Page Not Found: PhpMyAdmin-280-rc2/index
ERROR - 2017-02-25 23:27:52 --> 404 Page Not Found: PhpMyAdmin-280/index
ERROR - 2017-02-25 23:27:52 --> 404 Page Not Found: PhpMyAdmin-2801/index
ERROR - 2017-02-25 23:27:53 --> 404 Page Not Found: PhpMyAdmin-2802/index
ERROR - 2017-02-25 23:27:53 --> 404 Page Not Found: PhpMyAdmin-2803/index
ERROR - 2017-02-25 23:27:54 --> 404 Page Not Found: PhpMyAdmin-2804/index
ERROR - 2017-02-25 23:27:54 --> 404 Page Not Found: PhpMyAdmin-281-rc1/index
ERROR - 2017-02-25 23:27:58 --> 404 Page Not Found: PhpMyAdmin-281/index
ERROR - 2017-02-25 23:28:22 --> 404 Page Not Found: PhpMyAdmin-282/index
ERROR - 2017-02-25 23:28:23 --> 404 Page Not Found: Sqlmanager/index
ERROR - 2017-02-25 23:28:23 --> 404 Page Not Found: Mysqlmanager/index
ERROR - 2017-02-25 23:28:23 --> 404 Page Not Found: P/m
ERROR - 2017-02-25 23:28:24 --> 404 Page Not Found: PMA2005/index
ERROR - 2017-02-25 23:28:24 --> 404 Page Not Found: Pma2005/index
ERROR - 2017-02-25 23:28:25 --> 404 Page Not Found: Phpmanager/index
ERROR - 2017-02-25 23:28:25 --> 404 Page Not Found: Php-myadmin/index
ERROR - 2017-02-25 23:28:29 --> 404 Page Not Found: Phpmy-admin/index
ERROR - 2017-02-25 23:28:29 --> 404 Page Not Found: Webadmin/index
ERROR - 2017-02-25 23:28:29 --> 404 Page Not Found: Sqlweb/index
ERROR - 2017-02-25 23:28:30 --> 404 Page Not Found: Websql/index
ERROR - 2017-02-25 23:28:30 --> 404 Page Not Found: Webdb/index
ERROR - 2017-02-25 23:28:31 --> 404 Page Not Found: Mysqladmin/index
ERROR - 2017-02-25 23:28:31 --> 404 Page Not Found: Mysql-admin/index
