ERROR - 2017-08-04 00:10:58 --> 404 Page Not Found: Phpmyadmin/index
LDSF - 2017-08-04 00:35:29 --> >>> User->addressbookisempty()
LDSF - 2017-08-04 00:35:29 --> openid=oPicY0cBD5ZB89KieBFSH-PNddIE
LDSF - 2017-08-04 00:35:29 --> >>> User->loginrecord()
LDSF - 2017-08-04 00:35:29 --> openid=oPicY0cBD5ZB89KieBFSH-PNddIE
LDSF - 2017-08-04 00:35:43 --> >>> User->addressbookisempty()
LDSF - 2017-08-04 00:35:43 --> openid=oPicY0cBD5ZB89KieBFSH-PNddIE
LDSF - 2017-08-04 00:35:43 --> >>> User->loginrecord()
LDSF - 2017-08-04 00:35:43 --> openid=oPicY0cBD5ZB89KieBFSH-PNddIE
LDSF - 2017-08-04 00:37:48 --> >>> User->addressbookisempty()
LDSF - 2017-08-04 00:37:48 --> openid=oPicY0cBD5ZB89KieBFSH-PNddIE
LDSF - 2017-08-04 00:37:48 --> >>> User->loginrecord()
LDSF - 2017-08-04 00:37:48 --> openid=oPicY0cBD5ZB89KieBFSH-PNddIE
LDSF - 2017-08-04 00:38:00 --> >>> User->addressbookisempty()
LDSF - 2017-08-04 00:38:00 --> openid=oPicY0cBD5ZB89KieBFSH-PNddIE
LDSF - 2017-08-04 00:38:01 --> >>> User->loginrecord()
LDSF - 2017-08-04 00:38:01 --> openid=oPicY0cBD5ZB89KieBFSH-PNddIE
LDSF - 2017-08-04 00:40:08 --> >>> User->addressbookisempty()
LDSF - 2017-08-04 00:40:08 --> openid=oPicY0cBD5ZB89KieBFSH-PNddIE
LDSF - 2017-08-04 00:40:09 --> >>> User->loginrecord()
LDSF - 2017-08-04 00:40:09 --> openid=oPicY0cBD5ZB89KieBFSH-PNddIE
LDSF - 2017-08-04 00:40:18 --> >>> User->addressbookisempty()
LDSF - 2017-08-04 00:40:18 --> openid=oPicY0cBD5ZB89KieBFSH-PNddIE
LDSF - 2017-08-04 00:40:19 --> >>> User->loginrecord()
LDSF - 2017-08-04 00:40:19 --> openid=oPicY0cBD5ZB89KieBFSH-PNddIE
LDSF - 2017-08-04 00:45:02 --> >>> User->addressbookisempty()
LDSF - 2017-08-04 00:45:02 --> openid=oPicY0cBD5ZB89KieBFSH-PNddIE
LDSF - 2017-08-04 00:45:02 --> >>> User->loginrecord()
LDSF - 2017-08-04 00:45:02 --> openid=oPicY0cBD5ZB89KieBFSH-PNddIE
LDSF - 2017-08-04 00:45:12 --> >>> User->addressbookisempty()
LDSF - 2017-08-04 00:45:12 --> openid=oPicY0cBD5ZB89KieBFSH-PNddIE
LDSF - 2017-08-04 00:45:13 --> >>> User->loginrecord()
LDSF - 2017-08-04 00:45:13 --> openid=oPicY0cBD5ZB89KieBFSH-PNddIE
LDSF - 2017-08-04 00:46:03 --> >>> User->addressbookisempty()
LDSF - 2017-08-04 00:46:03 --> openid=oPicY0cBD5ZB89KieBFSH-PNddIE
LDSF - 2017-08-04 00:46:03 --> >>> User->loginrecord()
LDSF - 2017-08-04 00:46:03 --> openid=oPicY0cBD5ZB89KieBFSH-PNddIE
ERROR - 2017-08-04 05:04:48 --> 404 Page Not Found: Manager/html
ERROR - 2017-08-04 07:44:28 --> 404 Page Not Found: Wp-includes/js
ERROR - 2017-08-04 07:44:29 --> 404 Page Not Found: Skins/vector
ERROR - 2017-08-04 07:44:29 --> 404 Page Not Found: Misc/states.js
ERROR - 2017-08-04 07:44:29 --> 404 Page Not Found: Static/js
ERROR - 2017-08-04 07:44:30 --> 404 Page Not Found: Include/js
ERROR - 2017-08-04 07:44:30 --> 404 Page Not Found: Include/js
ERROR - 2017-08-04 07:44:30 --> 404 Page Not Found: Include/js
ERROR - 2017-08-04 07:44:31 --> 404 Page Not Found: Res/js
ERROR - 2017-08-04 07:44:31 --> 404 Page Not Found: Js/wind_editor.js
ERROR - 2017-08-04 07:44:32 --> 404 Page Not Found: Styles/prosilver
ERROR - 2017-08-04 07:44:32 --> 404 Page Not Found: Styles/prosilver
ERROR - 2017-08-04 07:44:32 --> 404 Page Not Found: Editor/ubb
ERROR - 2017-08-04 07:44:33 --> 404 Page Not Found: Template/default
ERROR - 2017-08-04 07:44:33 --> 404 Page Not Found: Static/js
ERROR - 2017-08-04 07:44:33 --> 404 Page Not Found: Images/js
ERROR - 2017-08-04 07:44:34 --> 404 Page Not Found: Templets/style
ERROR - 2017-08-04 07:44:34 --> 404 Page Not Found: Include/dedeajax2.js
ERROR - 2017-08-04 07:44:35 --> 404 Page Not Found: Images/default
ERROR - 2017-08-04 07:44:35 --> 404 Page Not Found: Js/lang
ERROR - 2017-08-04 07:44:35 --> 404 Page Not Found: Js/lang
ERROR - 2017-08-04 07:44:36 --> 404 Page Not Found: D/js
ERROR - 2017-08-04 07:44:36 --> 404 Page Not Found: Skin/default
ERROR - 2017-08-04 07:44:37 --> 404 Page Not Found: Media/system
ERROR - 2017-08-04 07:44:37 --> 404 Page Not Found: Media/system
ERROR - 2017-08-04 07:44:37 --> 404 Page Not Found: Lang/zh
ERROR - 2017-08-04 07:44:38 --> 404 Page Not Found: Style/default
ERROR - 2017-08-04 07:44:38 --> 404 Page Not Found: Lang/zh
ERROR - 2017-08-04 07:44:38 --> 404 Page Not Found: Rockmongo/index
ERROR - 2017-08-04 07:44:39 --> 404 Page Not Found: Server-status/index
ERROR - 2017-08-04 07:44:39 --> 404 Page Not Found: Ueditoralljs/index
ERROR - 2017-08-04 07:44:40 --> 404 Page Not Found: Wikilibd/PmWiki.ChangeLog
ERROR - 2017-08-04 07:44:40 --> 404 Page Not Found: 4e5e5d7364f443e28fbf0d3ae744a59a/index
ERROR - 2017-08-04 07:44:40 --> 404 Page Not Found: Jenkins/index
LDSF - 2017-08-04 09:02:32 --> >>> User->addressbookisempty()
LDSF - 2017-08-04 09:02:32 --> openid=oPicY0Wp7QyuGCV9_oeGSRr2A7Jg
LDSF - 2017-08-04 09:02:32 --> >>> User->loginrecord()
LDSF - 2017-08-04 09:02:32 --> openid=oPicY0Wp7QyuGCV9_oeGSRr2A7Jg
ERROR - 2017-08-04 09:04:47 --> 404 Page Not Found: Proxyhtml/index
ERROR - 2017-08-04 09:51:49 --> 1 2
ERROR - 2017-08-04 09:51:49 --> 2 0
[2017-08-04 09:51:49][DEBUG] POST http://10.133.193.8/mina_auth/} => [200] {
    "[请求]": {
        "version": 1,
        "componentName": "MA",
        "interface": {
            "interfaceName": "qcloud.cam.id_skey",
            "para": {
                "code": "081ShnFd2xysaB0pjdFd2JW9Fd2ShnFi",
                "encrypt_data": "fIz87dwExADiMpDlcHTphmR2wprhd39KijmF5DPlo+1RTNnsftptJBDywzlInqwheIqEDNQBc2OdBb+QdMKDCsUqQMcgfWWRQ+Ov4c1sRqDX9aZbd0peuBdm0T8WwaOFh7uXBSzpvAKAuLeD\/CGssVka7syszkrBqmMQ5G8gcL9vQxmDDSiPJw16XQPS2L\/XRJpacYCqgTzBSaSqfCc4o9I2ZUG8P3nDaSH9CA9nFHIV\/eOrrH4ZLN4AIEaWNb4ZZoYRvvvaOoIcC\/uW5+v8rEQzm3POmEc+0U2E5J0UJ3uPS0NUQ7sMYxrWXxHq20XlsdZQzeZJRK+hpjuAVvc43t4MlAltkEaFBWsaAgrFsM5ZqvJHxOB83toFZTzmnnul0y26eKCQmgHjYjaVJlX8Zh3zQCiNmF25++TfRXyoY20+OvRfAQsMk4kj1xWhRFJzZAufXnaue3HYuowx4eryDuPsP427sXfKFwxfEj05O41nWqM6K7CUdmPSiRWkGzN8rFVbpa7vZtQOVoCzfJZiJw==",
                "iv": "Vpgh\/lka4ii9oFvi1B8egQ=="
            }
        }
    },
    "[响应]": {
        "returnCode": 0,
        "returnMessage": "UPDATE_SESSION_SUCCESS",
        "returnData": {
            "id": "aaa9220fd8bbe5b5f99b60b19b5c0085",
            "skey": "e5d098755391dffaad02898c9b188623",
            "user_info": {
                "openId": "oPicY0Rl_9SRWh0uWic3BKK-tECM",
                "nickName": "中中中",
                "gender": 1,
                "language": "zh_CN",
                "city": "Suzhou",
                "province": "Jiangsu",
                "country": "China",
                "avatarUrl": "https:\/\/wx.qlogo.cn\/mmopen\/vi_32\/Q0j4TwGTfTJlN0AUA3CiaZ2fcibP8u4Lac1lqw3vXIKarG5nDpIfxCzuyll0NSMibJaicms76povrabrXussAk31Bg\/0",
                "unionId": "oU11PxBMAM5X0ObcXpVzYXl_hUVY",
                "watermark": {
                    "timestamp": 1501811509,
                    "appid": "wx3c13313f866a541a"
                }
            },
            "duration": 7200
        },
        "version": 1,
        "componentName": "MA"
    },
    "[耗时]": "155ms"
}

[2017-08-04 09:51:49][DEBUG] Util::writeJsonResult => [200] {
    "F2C224D4-2BCE-4C64-AF9F-A6D872000D1A": 1,
    "session": {
        "id": "aaa9220fd8bbe5b5f99b60b19b5c0085",
        "skey": "e5d098755391dffaad02898c9b188623",
        "openid": "oPicY0Rl_9SRWh0uWic3BKK-tECM",
        "unionid": "oU11PxBMAM5X0ObcXpVzYXl_hUVY"
    }
}

ERROR - 2017-08-04 09:51:49 --> 1 2
ERROR - 2017-08-04 09:51:49 --> 2 0
[2017-08-04 09:51:49][DEBUG] POST http://10.133.193.8/mina_auth/} => [200] {
    "[请求]": {
        "version": 1,
        "componentName": "MA",
        "interface": {
            "interfaceName": "qcloud.cam.id_skey",
            "para": {
                "code": "031wklpV1n5vfT007xoV1FnepV1wklpN",
                "encrypt_data": "EDw8JfyUxdr3+B+RJNGe1SAuaDXa9a5cAL72+3q0LkEf3\/BQQQFOi49vFC3DzZlJzm\/5Kfb29bL\/C9nv5QXnkB5UjAIBUDGw++5B0kKAhu6hMAodkHv1PCp12jz1hmsXpAN6tQ1pUv\/yqeZBylPxcA7oaLreXWEMsp0Fx2eQOdtv9cJjykHPh4gtj6ku9Moc0ISDBiPRwarVEelPxKww5lvcVW6ItDV6A0i\/DvK26IBwLpa1nwhLH8MrzrweAN9QFrRlNnD5X+k45ZpwBBfUzBWTBsgrII+RvWN2TtSJSHjbN1M6nK9bM\/6w9sJgSOyWdsqErUWyDTuVKiFTxHQODCBF4NlOM4z5sBotMeqNbE+3ZPDtdR15P310fgLAbeKOLXKRBYCDEgja4gru+I6RA8n69Cb0Y\/DyhPrmZAlopGNOu24rh0SRmX\/tLmxcL\/EAm5ia\/Nl0FabSb5pkFrWV5ydlKchtB7+w4vZCDAL3okqmsPjmLnDr7ivrSiDedcYNtwOl7AFxiylDNfP4wX\/VeQ==",
                "iv": "S1GudVp2i0ibyNYerGMB1g=="
            }
        }
    },
    "[响应]": {
        "returnCode": 0,
        "returnMessage": "UPDATE_SESSION_SUCCESS",
        "returnData": {
            "id": "aaa9220fd8bbe5b5f99b60b19b5c0085",
            "skey": "05e1a0dccc297eadb439dee0a788aab3",
            "user_info": {
                "openId": "oPicY0Rl_9SRWh0uWic3BKK-tECM",
                "nickName": "中中中",
                "gender": 1,
                "language": "zh_CN",
                "city": "Suzhou",
                "province": "Jiangsu",
                "country": "China",
                "avatarUrl": "https:\/\/wx.qlogo.cn\/mmopen\/vi_32\/Q0j4TwGTfTJlN0AUA3CiaZ2fcibP8u4Lac1lqw3vXIKarG5nDpIfxCzuyll0NSMibJaicms76povrabrXussAk31Bg\/0",
                "unionId": "oU11PxBMAM5X0ObcXpVzYXl_hUVY",
                "watermark": {
                    "timestamp": 1501811509,
                    "appid": "wx3c13313f866a541a"
                }
            },
            "duration": 7200
        },
        "version": 1,
        "componentName": "MA"
    },
    "[耗时]": "107ms"
}

[2017-08-04 09:51:49][DEBUG] Util::writeJsonResult => [200] {
    "F2C224D4-2BCE-4C64-AF9F-A6D872000D1A": 1,
    "session": {
        "id": "aaa9220fd8bbe5b5f99b60b19b5c0085",
        "skey": "05e1a0dccc297eadb439dee0a788aab3",
        "openid": "oPicY0Rl_9SRWh0uWic3BKK-tECM",
        "unionid": "oU11PxBMAM5X0ObcXpVzYXl_hUVY"
    }
}

LDSF - 2017-08-04 09:51:50 --> >>> User->addressbookisempty()
LDSF - 2017-08-04 09:51:50 --> openid=oPicY0Rl_9SRWh0uWic3BKK-tECM
LDSF - 2017-08-04 09:51:51 --> >>> User->loginrecord()
LDSF - 2017-08-04 09:51:51 --> openid=oPicY0Rl_9SRWh0uWic3BKK-tECM
ERROR - 2017-08-04 09:52:00 --> 
ERROR - 2017-08-04 10:35:13 --> 404 Page Not Found: Jenkins/index
ERROR - 2017-08-04 10:43:50 --> 404 Page Not Found: Skins/vector
ERROR - 2017-08-04 11:07:48 --> 404 Page Not Found: Proxyhtml/index
ERROR - 2017-08-04 13:38:11 --> 1 2
ERROR - 2017-08-04 13:38:11 --> 2 0
[2017-08-04 13:38:11][DEBUG] POST http://10.133.193.8/mina_auth/} => [200] {
    "[请求]": {
        "version": 1,
        "componentName": "MA",
        "interface": {
            "interfaceName": "qcloud.cam.id_skey",
            "para": {
                "code": "003PubVj2lGGAI0yguVj2gFwVj2PubVA",
                "encrypt_data": "azto\/W9KICYPwUUBGcYEoO3aYdl4Uuyj\/eY0vHBhP+LNrUmYyzLjQJECNKZvFzVltgUgGKzQ3btWUHD4gTVsrK9cHWE1CLbP+RI1TSDYwd2BbdP3EFMAxFKJxozgdPiCR844GvWh7cq6cap7hp2y0EFccM02P5eeCxqf+9o8lruW\/H0L0ZXc9LYpzLt11usLthq+Slu80\/MMpeaAISa0pqbxtaqZPw\/pBU\/3NJ9EEZvMIt6D2EsnlP4f6RPRUxvI5\/S39Hek7foHwjeg0mKvURA2DrpDIdBeNru\/qiE6mGLQw4ckCyUV8JWn052Kp7uOtdbpWane6wZxyBCIRokkKga01qJPzai5CsUCeafyUUmzPWVAF56dtSgQP3LBRIsyNOKikG9likzuB0rDUrNf\/H8IO4jc6aWwr0Cysozj00gMhr4muObO6l49dcsEcH23yHHhMA1vaRTJ3LGQMkEtA1mx3SrWxalJbdcjG1mNLNk8xL6DFvcxL+l0Y3Hbsf99NiQJ+mxcT\/h8O02uwP+rCw==",
                "iv": "9rvwtFrze3NzCzXEroRwAA=="
            }
        }
    },
    "[响应]": {
        "returnCode": 0,
        "returnMessage": "UPDATE_SESSION_SUCCESS",
        "returnData": {
            "id": "34d8ef95782ccfacf9ec5e4ca4467e20",
            "skey": "71d26ec08b3ed166e639b7c9daf5b640",
            "user_info": {
                "openId": "oPicY0cIn-zJmSoXe2J55ecTu04Y",
                "nickName": "DQ",
                "gender": 2,
                "language": "zh_CN",
                "city": "Suzhou",
                "province": "Jiangsu",
                "country": "China",
                "avatarUrl": "https:\/\/wx.qlogo.cn\/mmopen\/vi_32\/TUKA6ScROHmeqcUxRq3dpia7iaiagjruP8qzGvpEiaEPJswn92AcWjOBiciaRawT2CCQkqWoNZnSNiaYQIF0vga00d6Hw\/0",
                "unionId": "oU11PxHEYcskoPx5Qx-IrOxIXMbM",
                "watermark": {
                    "timestamp": 1501825090,
                    "appid": "wx3c13313f866a541a"
                }
            },
            "duration": 7200
        },
        "version": 1,
        "componentName": "MA"
    },
    "[耗时]": "181ms"
}

[2017-08-04 13:38:11][DEBUG] Util::writeJsonResult => [200] {
    "F2C224D4-2BCE-4C64-AF9F-A6D872000D1A": 1,
    "session": {
        "id": "34d8ef95782ccfacf9ec5e4ca4467e20",
        "skey": "71d26ec08b3ed166e639b7c9daf5b640",
        "openid": "oPicY0cIn-zJmSoXe2J55ecTu04Y",
        "unionid": "oU11PxHEYcskoPx5Qx-IrOxIXMbM"
    }
}

ERROR - 2017-08-04 13:38:11 --> 1 2
ERROR - 2017-08-04 13:38:11 --> 2 0
[2017-08-04 13:38:11][DEBUG] POST http://10.133.193.8/mina_auth/} => [200] {
    "[请求]": {
        "version": 1,
        "componentName": "MA",
        "interface": {
            "interfaceName": "qcloud.cam.id_skey",
            "para": {
                "code": "003Y8gnZ0MpUD228cqmZ0PqmnZ0Y8gno",
                "encrypt_data": "5ekX3Wpu51UfyFZ1u4oQKWjbfpBGQcKMLaifbVj4O0BD7k5gRgPvI5I2r7Zowz3iChVZn2lpUnkAkTZONV+PlvVK9Ajrgpaekfps6mM7odWDVlbb+qPxTEt+9TdNFnaK7WmSNdbgsY3OMi5NIn5QKWI2xPHEHT7LD7pezf3Oj5PDTDTwq5u1ZJonXpPYTnKM2+ay7G2JYTuHtzfxV+DQo3nwujKwNsgWcv1OoTuFjlvsTP5dPjV+LNxQS8Bdzf2FdjrR3jypEHCBk8WFFXDxOBCoLkrLsMJ8MVnGZh4yE8nLrckKkvsgf9PDiHfSXBwix3rGUTEUoIByBA51n2YFgr+wS5M7OnYw+G3mCzFF\/o47KjAJaNbkLit9qdcFngOzp2rcra469cEJO5F1y+JTYwulaCSpjryz2dzLstWd+DZM682DYXv+ZCHPuoB6bpeIV5e7CjTeZYaj276gyaE7jLmk8OwSSh+S8EY8nBrO7NeDSgceyEpGIBpyKo1oUX8bCYgFy89OQpBiqSsJs+P35w==",
                "iv": "aN2eI+vTfW9kJ0lpQmV8AQ=="
            }
        }
    },
    "[响应]": {
        "returnCode": 0,
        "returnMessage": "UPDATE_SESSION_SUCCESS",
        "returnData": {
            "id": "34d8ef95782ccfacf9ec5e4ca4467e20",
            "skey": "17c39e918d53bb4dd504d820ddc605f6",
            "user_info": {
                "openId": "oPicY0cIn-zJmSoXe2J55ecTu04Y",
                "nickName": "DQ",
                "gender": 2,
                "language": "zh_CN",
                "city": "Suzhou",
                "province": "Jiangsu",
                "country": "China",
                "avatarUrl": "https:\/\/wx.qlogo.cn\/mmopen\/vi_32\/TUKA6ScROHmeqcUxRq3dpia7iaiagjruP8qzGvpEiaEPJswn92AcWjOBiciaRawT2CCQkqWoNZnSNiaYQIF0vga00d6Hw\/0",
                "unionId": "oU11PxHEYcskoPx5Qx-IrOxIXMbM",
                "watermark": {
                    "timestamp": 1501825090,
                    "appid": "wx3c13313f866a541a"
                }
            },
            "duration": 7200
        },
        "version": 1,
        "componentName": "MA"
    },
    "[耗时]": "170ms"
}

[2017-08-04 13:38:11][DEBUG] Util::writeJsonResult => [200] {
    "F2C224D4-2BCE-4C64-AF9F-A6D872000D1A": 1,
    "session": {
        "id": "34d8ef95782ccfacf9ec5e4ca4467e20",
        "skey": "17c39e918d53bb4dd504d820ddc605f6",
        "openid": "oPicY0cIn-zJmSoXe2J55ecTu04Y",
        "unionid": "oU11PxHEYcskoPx5Qx-IrOxIXMbM"
    }
}

LDSF - 2017-08-04 13:38:12 --> >>> User->addressbookisempty()
LDSF - 2017-08-04 13:38:12 --> openid=oPicY0cIn-zJmSoXe2J55ecTu04Y
LDSF - 2017-08-04 13:38:12 --> >>> User->loginrecord()
LDSF - 2017-08-04 13:38:12 --> openid=oPicY0cIn-zJmSoXe2J55ecTu04Y
ERROR - 2017-08-04 13:38:15 --> 
ERROR - 2017-08-04 13:38:22 --> 
ERROR - 2017-08-04 13:38:24 --> 
ERROR - 2017-08-04 13:38:41 --> 
LDSF - 2017-08-04 13:46:29 --> >>> User->addressbookisempty()
LDSF - 2017-08-04 13:46:29 --> openid=oPicY0cBD5ZB89KieBFSH-PNddIE
LDSF - 2017-08-04 13:46:29 --> >>> User->loginrecord()
LDSF - 2017-08-04 13:46:29 --> openid=oPicY0cBD5ZB89KieBFSH-PNddIE
ERROR - 2017-08-04 13:51:37 --> 404 Page Not Found: Wp-includes/js
ERROR - 2017-08-04 13:51:37 --> 404 Page Not Found: Skins/vector
ERROR - 2017-08-04 13:51:38 --> 404 Page Not Found: Misc/states.js
ERROR - 2017-08-04 13:51:38 --> 404 Page Not Found: Static/js
ERROR - 2017-08-04 13:51:39 --> 404 Page Not Found: Include/js
ERROR - 2017-08-04 13:51:39 --> 404 Page Not Found: Include/js
ERROR - 2017-08-04 13:51:39 --> 404 Page Not Found: Include/js
ERROR - 2017-08-04 13:51:40 --> 404 Page Not Found: Res/js
ERROR - 2017-08-04 13:51:40 --> 404 Page Not Found: Js/wind_editor.js
ERROR - 2017-08-04 13:51:40 --> 404 Page Not Found: Styles/prosilver
ERROR - 2017-08-04 13:51:41 --> 404 Page Not Found: Styles/prosilver
ERROR - 2017-08-04 13:51:41 --> 404 Page Not Found: Editor/ubb
ERROR - 2017-08-04 13:51:41 --> 404 Page Not Found: Template/default
ERROR - 2017-08-04 13:51:42 --> 404 Page Not Found: Static/js
ERROR - 2017-08-04 13:51:42 --> 404 Page Not Found: Images/js
ERROR - 2017-08-04 13:51:43 --> 404 Page Not Found: Templets/style
ERROR - 2017-08-04 13:51:43 --> 404 Page Not Found: Include/dedeajax2.js
ERROR - 2017-08-04 13:51:43 --> 404 Page Not Found: Images/default
ERROR - 2017-08-04 13:51:44 --> 404 Page Not Found: Js/lang
ERROR - 2017-08-04 13:51:44 --> 404 Page Not Found: Js/lang
ERROR - 2017-08-04 13:51:44 --> 404 Page Not Found: D/js
ERROR - 2017-08-04 13:51:45 --> 404 Page Not Found: Skin/default
ERROR - 2017-08-04 13:51:45 --> 404 Page Not Found: Media/system
ERROR - 2017-08-04 13:51:46 --> 404 Page Not Found: Media/system
ERROR - 2017-08-04 13:51:46 --> 404 Page Not Found: Lang/zh
ERROR - 2017-08-04 13:51:46 --> 404 Page Not Found: Style/default
ERROR - 2017-08-04 13:51:47 --> 404 Page Not Found: Lang/zh
ERROR - 2017-08-04 13:51:47 --> 404 Page Not Found: Rockmongo/index
ERROR - 2017-08-04 13:51:47 --> 404 Page Not Found: Server-status/index
ERROR - 2017-08-04 13:51:48 --> 404 Page Not Found: Ueditoralljs/index
ERROR - 2017-08-04 13:51:48 --> 404 Page Not Found: Wikilibd/PmWiki.ChangeLog
ERROR - 2017-08-04 13:51:48 --> 404 Page Not Found: 4e5e5d7364f443e28fbf0d3ae744a59a/index
ERROR - 2017-08-04 13:51:49 --> 404 Page Not Found: Jenkins/index
ERROR - 2017-08-04 14:54:51 --> 404 Page Not Found: Mysql/scripts
ERROR - 2017-08-04 15:37:33 --> 404 Page Not Found: Faviconico/index
ERROR - 2017-08-04 15:37:38 --> 404 Page Not Found: Faviconico/index
ERROR - 2017-08-04 15:38:08 --> 404 Page Not Found: Faviconico/index
ERROR - 2017-08-04 17:00:57 --> 404 Page Not Found: Wikilibd/PmWiki.ChangeLog
ERROR - 2017-08-04 17:24:01 --> 404 Page Not Found: Manager/html
ERROR - 2017-08-04 17:45:17 --> 404 Page Not Found: Faviconico/index
ERROR - 2017-08-04 18:59:15 --> 404 Page Not Found: Rockmongo/index
ERROR - 2017-08-04 19:13:50 --> 404 Page Not Found: Faviconico/index
ERROR - 2017-08-04 20:54:40 --> 404 Page Not Found: Manager/html
