ERROR - 2017-01-25 01:58:41 --> 404 Page Not Found: Phpmyadmin/index
ERROR - 2017-01-25 07:54:07 --> 404 Page Not Found: Search/index
ERROR - 2017-01-25 07:54:07 --> 404 Page Not Found: 273/index
ERROR - 2017-01-25 16:49:55 --> 404 Page Not Found: HndUnblockcgi/index
ERROR - 2017-01-25 16:49:56 --> 404 Page Not Found: TmUnblockcgi/index
ERROR - 2017-01-25 17:35:21 --> 404 Page Not Found: Cache/global
ERROR - 2017-01-25 19:02:57 --> 404 Page Not Found: Proxyhtml/index
ERROR - 2017-01-25 20:09:29 --> 404 Page Not Found: HndUnblockcgi/index
ERROR - 2017-01-25 20:26:10 --> 404 Page Not Found: Script/index
ERROR - 2017-01-25 20:26:12 --> 404 Page Not Found: Jenkins/script
ERROR - 2017-01-25 20:26:14 --> 1 2
ERROR - 2017-01-25 20:26:14 --> 2 0
[2017-01-25 20:26:14][DEBUG] Util::writeJsonResult => [200] {
    "F2C224D4-2BCE-4C64-AF9F-A6D872000D1A": 1,
    "error": "ERR_LOGIN_FAILED",
    "message": "请求头未包含 X-WX-Code，请配合客户端 SDK 登录后再进行请求"
}

ERROR - 2017-01-25 20:26:16 --> 404 Page Not Found: Jmx-console/index
ERROR - 2017-01-25 20:26:18 --> 404 Page Not Found: Manager/html
ERROR - 2017-01-25 20:26:30 --> 404 Page Not Found: Msd/index
ERROR - 2017-01-25 20:26:34 --> 404 Page Not Found: MySqlDumper/index
ERROR - 2017-01-25 20:26:36 --> 404 Page Not Found: Msd124stable/index
ERROR - 2017-01-25 20:26:47 --> 404 Page Not Found: Msd1244/index
ERROR - 2017-01-25 20:26:54 --> 404 Page Not Found: Mysqldumper/index
ERROR - 2017-01-25 20:26:58 --> 404 Page Not Found: MySQLDumper/index
ERROR - 2017-01-25 20:27:08 --> 404 Page Not Found: Mysql/index
ERROR - 2017-01-25 20:27:12 --> 404 Page Not Found: Sql/index
ERROR - 2017-01-25 20:27:18 --> 404 Page Not Found: Phpmyadmin/index
ERROR - 2017-01-25 20:27:26 --> 404 Page Not Found: PhpMyAdmin/index
ERROR - 2017-01-25 20:27:34 --> 404 Page Not Found: Mysql/index
ERROR - 2017-01-25 20:27:40 --> 404 Page Not Found: Sql/index
ERROR - 2017-01-25 20:27:41 --> 404 Page Not Found: Myadmin/index
ERROR - 2017-01-25 20:27:43 --> 404 Page Not Found: PhpMyAdmin-421-all-languages/index
ERROR - 2017-01-25 20:27:49 --> 404 Page Not Found: PhpMyAdmin-421-english/index
ERROR - 2017-01-25 20:36:36 --> 404 Page Not Found: TmUnblockcgi/index
ERROR - 2017-01-25 20:36:48 --> 404 Page Not Found: TmUnblockcgi/index
ERROR - 2017-01-25 22:44:01 --> 404 Page Not Found: Mysql/index
ERROR - 2017-01-25 22:44:01 --> 404 Page Not Found: Jmx-console/index
ERROR - 2017-01-25 22:44:01 --> 404 Page Not Found: TmUnblockcgi/index
ERROR - 2017-01-25 22:44:13 --> 404 Page Not Found: Jmx-console/index
ERROR - 2017-01-25 22:48:26 --> 404 Page Not Found: PhpMyAdmin-421-english/index
ERROR - 2017-01-25 22:48:35 --> 404 Page Not Found: PhpMyAdmin-421-english/index
ERROR - 2017-01-25 22:48:35 --> 404 Page Not Found: Msd124stable/index
ERROR - 2017-01-25 23:14:41 --> 404 Page Not Found: Manager/html
ERROR - 2017-01-25 23:14:41 --> 404 Page Not Found: PhpMyAdmin-421-all-languages/index
ERROR - 2017-01-25 23:14:53 --> 404 Page Not Found: Manager/html
ERROR - 2017-01-25 23:15:52 --> 404 Page Not Found: MySQLDumper/index
ERROR - 2017-01-25 23:16:03 --> 404 Page Not Found: MySQLDumper/index
ERROR - 2017-01-25 23:16:40 --> 404 Page Not Found: Phpmyadmin/index
ERROR - 2017-01-25 23:17:05 --> 1 2
ERROR - 2017-01-25 23:17:05 --> 2 0
[2017-01-25 23:17:05][DEBUG] Util::writeJsonResult => [200] {
    "F2C224D4-2BCE-4C64-AF9F-A6D872000D1A": 1,
    "error": "ERR_LOGIN_FAILED",
    "message": "请求头未包含 X-WX-Code，请配合客户端 SDK 登录后再进行请求"
}

ERROR - 2017-01-25 23:22:45 --> 404 Page Not Found: Myadmin/index
ERROR - 2017-01-25 23:22:55 --> 404 Page Not Found: Myadmin/index
ERROR - 2017-01-25 23:22:55 --> 404 Page Not Found: Msd1244/index
ERROR - 2017-01-25 23:50:10 --> 404 Page Not Found: Jenkins/script
ERROR - 2017-01-25 23:50:18 --> 404 Page Not Found: Jenkins/script
ERROR - 2017-01-25 23:54:53 --> 404 Page Not Found: Robotstxt/index
ERROR - 2017-01-25 23:54:53 --> 404 Page Not Found: Sitemapxml/index
