ERROR - 2017-04-27 02:13:35 --> 404 Page Not Found: Check_proxy/index
ERROR - 2017-04-27 03:57:19 --> 404 Page Not Found: Cgi/common.cgi
ERROR - 2017-04-27 11:13:29 --> 404 Page Not Found: Cache/global
ERROR - 2017-04-27 14:26:46 --> 404 Page Not Found: Loginaction/index
ERROR - 2017-04-27 14:26:46 --> 404 Page Not Found: Loginaction/index
ERROR - 2017-04-27 14:26:47 --> 404 Page Not Found: Loginaction/index
ERROR - 2017-04-27 14:26:47 --> 404 Page Not Found: Loginaction/index
ERROR - 2017-04-27 14:26:47 --> 404 Page Not Found: Loginaction/index
ERROR - 2017-04-27 14:26:47 --> 404 Page Not Found: Loginaction/index
ERROR - 2017-04-27 14:27:35 --> 404 Page Not Found: Wp-includes/js
ERROR - 2017-04-27 14:27:35 --> 404 Page Not Found: Skins/vector
ERROR - 2017-04-27 14:27:35 --> 404 Page Not Found: Misc/states.js
ERROR - 2017-04-27 14:27:35 --> 404 Page Not Found: Static/js
ERROR - 2017-04-27 14:27:36 --> 404 Page Not Found: Include/js
ERROR - 2017-04-27 14:27:36 --> 404 Page Not Found: Include/js
ERROR - 2017-04-27 14:27:36 --> 404 Page Not Found: Include/js
ERROR - 2017-04-27 14:27:36 --> 404 Page Not Found: Res/js
ERROR - 2017-04-27 14:27:36 --> 404 Page Not Found: Js/wind_editor.js
ERROR - 2017-04-27 14:27:37 --> 404 Page Not Found: Styles/prosilver
ERROR - 2017-04-27 14:27:37 --> 404 Page Not Found: Styles/prosilver
ERROR - 2017-04-27 14:27:37 --> 404 Page Not Found: Editor/ubb
ERROR - 2017-04-27 14:27:37 --> 404 Page Not Found: Template/default
ERROR - 2017-04-27 14:27:37 --> 404 Page Not Found: Static/js
ERROR - 2017-04-27 14:27:38 --> 404 Page Not Found: Images/js
ERROR - 2017-04-27 14:27:38 --> 404 Page Not Found: Templets/style
ERROR - 2017-04-27 14:27:38 --> 404 Page Not Found: Include/dedeajax2.js
ERROR - 2017-04-27 14:27:38 --> 404 Page Not Found: Images/default
ERROR - 2017-04-27 14:27:38 --> 404 Page Not Found: Js/lang
ERROR - 2017-04-27 14:27:39 --> 404 Page Not Found: Js/lang
ERROR - 2017-04-27 14:27:39 --> 404 Page Not Found: D/js
ERROR - 2017-04-27 14:27:39 --> 404 Page Not Found: Skin/default
ERROR - 2017-04-27 14:27:39 --> 404 Page Not Found: Media/system
ERROR - 2017-04-27 14:27:40 --> 404 Page Not Found: Media/system
ERROR - 2017-04-27 14:27:40 --> 404 Page Not Found: Lang/zh
ERROR - 2017-04-27 14:27:40 --> 404 Page Not Found: Style/default
ERROR - 2017-04-27 14:27:40 --> 404 Page Not Found: Lang/zh
ERROR - 2017-04-27 14:27:40 --> 404 Page Not Found: Rockmongo/index
ERROR - 2017-04-27 14:27:41 --> 404 Page Not Found: Server-status/index
ERROR - 2017-04-27 14:27:41 --> 404 Page Not Found: Ueditoralljs/index
ERROR - 2017-04-27 14:27:41 --> 404 Page Not Found: Wikilibd/PmWiki.ChangeLog
ERROR - 2017-04-27 14:27:41 --> 404 Page Not Found: 4e5e5d7364f443e28fbf0d3ae744a59a/index
ERROR - 2017-04-27 14:27:41 --> 404 Page Not Found: Jenkins/index
ERROR - 2017-04-27 14:29:06 --> 404 Page Not Found: Wp-includes/js
ERROR - 2017-04-27 14:29:06 --> 404 Page Not Found: Skins/vector
ERROR - 2017-04-27 14:29:06 --> 404 Page Not Found: Misc/states.js
ERROR - 2017-04-27 14:29:07 --> 404 Page Not Found: Static/js
ERROR - 2017-04-27 14:29:07 --> 404 Page Not Found: Include/js
ERROR - 2017-04-27 14:29:07 --> 404 Page Not Found: Include/js
ERROR - 2017-04-27 14:29:07 --> 404 Page Not Found: Include/js
ERROR - 2017-04-27 14:29:07 --> 404 Page Not Found: Res/js
ERROR - 2017-04-27 14:29:08 --> 404 Page Not Found: Js/wind_editor.js
ERROR - 2017-04-27 14:29:08 --> 404 Page Not Found: Styles/prosilver
ERROR - 2017-04-27 14:29:08 --> 404 Page Not Found: Styles/prosilver
ERROR - 2017-04-27 14:29:08 --> 404 Page Not Found: Editor/ubb
ERROR - 2017-04-27 14:29:08 --> 404 Page Not Found: Template/default
ERROR - 2017-04-27 14:29:08 --> 404 Page Not Found: Static/js
ERROR - 2017-04-27 14:29:09 --> 404 Page Not Found: Images/js
ERROR - 2017-04-27 14:29:09 --> 404 Page Not Found: Templets/style
ERROR - 2017-04-27 14:29:09 --> 404 Page Not Found: Include/dedeajax2.js
ERROR - 2017-04-27 14:29:10 --> 404 Page Not Found: Images/default
ERROR - 2017-04-27 14:29:10 --> 404 Page Not Found: Js/lang
ERROR - 2017-04-27 14:29:10 --> 404 Page Not Found: Js/lang
ERROR - 2017-04-27 14:29:10 --> 404 Page Not Found: D/js
ERROR - 2017-04-27 14:29:11 --> 404 Page Not Found: Skin/default
ERROR - 2017-04-27 14:29:11 --> 404 Page Not Found: Media/system
ERROR - 2017-04-27 14:29:11 --> 404 Page Not Found: Media/system
ERROR - 2017-04-27 14:29:11 --> 404 Page Not Found: Lang/zh
ERROR - 2017-04-27 14:29:12 --> 404 Page Not Found: Style/default
ERROR - 2017-04-27 14:29:12 --> 404 Page Not Found: Lang/zh
ERROR - 2017-04-27 14:29:12 --> 404 Page Not Found: Rockmongo/index
ERROR - 2017-04-27 14:29:12 --> 404 Page Not Found: Server-status/index
ERROR - 2017-04-27 14:29:12 --> 404 Page Not Found: Ueditoralljs/index
ERROR - 2017-04-27 14:29:13 --> 404 Page Not Found: Wikilibd/PmWiki.ChangeLog
ERROR - 2017-04-27 14:29:13 --> 404 Page Not Found: 4e5e5d7364f443e28fbf0d3ae744a59a/index
ERROR - 2017-04-27 14:29:13 --> 404 Page Not Found: Jenkins/index
ERROR - 2017-04-27 15:52:36 --> 404 Page Not Found: Current_config/Account1
ERROR - 2017-04-27 16:03:28 --> 1 2
ERROR - 2017-04-27 16:03:28 --> 2 0
[2017-04-27 16:03:28][DEBUG] POST http://10.133.193.8/mina_auth/} => [200] {
    "[请求]": {
        "version": 1,
        "componentName": "MA",
        "interface": {
            "interfaceName": "qcloud.cam.id_skey",
            "para": {
                "code": "021ERVUi2THhRF0k7NQi2pUYUi2ERVUP",
                "encrypt_data": "sVwW6MnJNT7x9WutaTaUox4tH\/bWTiFi4UL6xG3xVNh7gJrxbruUL\/ovreeXe1yIQtNBHWrSvD73AALOwu5l9sfCAugnFfMQ0ygxovYQISBn9iQB3hi651S4oUwA5pR39kzti3+dvSZon+WaR4kcBN3j7HOd9ZplRxLwel\/vQ0z\/tEJjGkZrXp8QZGXADCeANODOR9w4q34z1uF735+K+9ayAKrFTRwJ3MHQjeo8TjW4I8\/nTcSwbGgC3pbcyCXfgu5NP637R13LjVWTukMtZaCEYKM+39naKgax1Eeq1MHYuZUUmTg6ftPvcUujB4ACEqt57BTKJwZErGF3U6sh2ee6\/fqMRM59DBB\/pCYKdU+5uCmQH\/rtqL+frlJB8QH7ttueh4q3s9uQW5gJrCXQDMRwYbBfRlAFvZvQqWpS1BHVXBsJI3MPZhqBlK1nU2dixgAPVONKxreIz+Pmk9DZ8HjtOltONR8SJ2O1PkMpBFxBzyGtFp3xHPjy+prEUSrRLuFuL6ha5VZ1uDLe4E3K2g==",
                "iv": "Lo2eyFqWPzzzZcoHJsvOHg=="
            }
        }
    },
    "[响应]": {
        "returnCode": 0,
        "returnMessage": "UPDATE_SESSION_SUCCESS",
        "returnData": {
            "id": "6140ae95f0ec00d211ba53f42f7c81b0",
            "skey": "c5f8b356a3164c2c9b261574fa9cca35",
            "user_info": {
                "openId": "oPicY0XqMfqto1974IkvrUJFtQBE",
                "nickName": "王兰洲",
                "gender": 1,
                "language": "zh_CN",
                "city": "Suzhou",
                "province": "Jiangsu",
                "country": "CN",
                "avatarUrl": "http:\/\/wx.qlogo.cn\/mmopen\/vi_32\/Q0j4TwGTfTJGjiauanv1bnsiaIkJ61WayiaVe59faAMqTUjw2fQRAPmFs7mibSLDgzdvmbX0sD8GBHhT1HcvWv2cmg\/0",
                "unionId": "oU11PxDQV5NsaQx8pTKhnFQjLl0w",
                "watermark": {
                    "timestamp": 1493280208,
                    "appid": "wx3c13313f866a541a"
                }
            },
            "duration": 7200
        },
        "version": 1,
        "componentName": "MA"
    },
    "[耗时]": "164ms"
}

[2017-04-27 16:03:28][DEBUG] Util::writeJsonResult => [200] {
    "F2C224D4-2BCE-4C64-AF9F-A6D872000D1A": 1,
    "session": {
        "id": "6140ae95f0ec00d211ba53f42f7c81b0",
        "skey": "c5f8b356a3164c2c9b261574fa9cca35",
        "openid": "oPicY0XqMfqto1974IkvrUJFtQBE",
        "unionid": "oU11PxDQV5NsaQx8pTKhnFQjLl0w"
    }
}

ERROR - 2017-04-27 16:03:28 --> 1 2
ERROR - 2017-04-27 16:03:28 --> 2 0
[2017-04-27 16:03:28][DEBUG] POST http://10.133.193.8/mina_auth/} => [200] {
    "[请求]": {
        "version": 1,
        "componentName": "MA",
        "interface": {
            "interfaceName": "qcloud.cam.id_skey",
            "para": {
                "code": "021psb582iqhtP0511882KZ5582psb5H",
                "encrypt_data": "Dgny9L4TmR5ckaj2x5Zc2oXv5jV\/uv+nHiMP1i83b2GIKsSzx0Gq621OpANggroEPS0V+vzx1M5VrcY0+nJRjd9G\/kJUABpjdTUgQ0moOu+Nemt5EuZtlQE7UQVLpEEnE+ne5VPv4Kgv\/eJ+7Bv1B3lJcOnmQc2qFb8JLW8im\/WAE\/tvPJTyH1G020P69VapvoqhegFhljh2kXaiyUtB2gc+YUFMUg1uLEiC9JG74n+uCM5dw23fhz53yMS1vJULI\/ubbA\/7NAzpb2RlBXXaN\/qgs+iyacnqmun2KEC1GscnT\/xidzraU7Pm7HsPM86DkZ0K9a2M4hn6d4pBgx9kr+eJCCzM1WSzc1O6LeYnrbtpFhlfPr4kQUXBzP6oxXCXIlCGl4pS70k0W+RmdTtRLzvOCV4+glPnu2GUx0O2+vl7CJW\/+r94ScTZqhFr3pJ2P9osr3J8eAKopMe+RRKzAVLdJZVYPKw1UosAz28uKeotFglF2tAuTuJbBN6uoDH7hNeEGIQDyBcwn+ArtqX\/LQ==",
                "iv": "eb7hCbpBka4z3z\/Dhd1D\/Q=="
            }
        }
    },
    "[响应]": {
        "returnCode": 0,
        "returnMessage": "UPDATE_SESSION_SUCCESS",
        "returnData": {
            "id": "145e06ecf257f573ef9cc5e9a2b8edca",
            "skey": "d6952004c4d6388313e12334e34404de",
            "user_info": {
                "openId": "oPicY0XqMfqto1974IkvrUJFtQBE",
                "nickName": "王兰洲",
                "gender": 1,
                "language": "zh_CN",
                "city": "Suzhou",
                "province": "Jiangsu",
                "country": "CN",
                "avatarUrl": "http:\/\/wx.qlogo.cn\/mmopen\/vi_32\/Q0j4TwGTfTJGjiauanv1bnsiaIkJ61WayiaVe59faAMqTUjw2fQRAPmFs7mibSLDgzdvmbX0sD8GBHhT1HcvWv2cmg\/0",
                "unionId": "oU11PxDQV5NsaQx8pTKhnFQjLl0w",
                "watermark": {
                    "timestamp": 1493280208,
                    "appid": "wx3c13313f866a541a"
                }
            },
            "duration": 7200
        },
        "version": 1,
        "componentName": "MA"
    },
    "[耗时]": "177ms"
}

[2017-04-27 16:03:28][DEBUG] Util::writeJsonResult => [200] {
    "F2C224D4-2BCE-4C64-AF9F-A6D872000D1A": 1,
    "session": {
        "id": "145e06ecf257f573ef9cc5e9a2b8edca",
        "skey": "d6952004c4d6388313e12334e34404de",
        "openid": "oPicY0XqMfqto1974IkvrUJFtQBE",
        "unionid": "oU11PxDQV5NsaQx8pTKhnFQjLl0w"
    }
}

ERROR - 2017-04-27 16:03:33 --> 
ERROR - 2017-04-27 16:06:21 --> 
ERROR - 2017-04-27 16:06:28 --> 
ERROR - 2017-04-27 17:30:23 --> 404 Page Not Found: Jenkins/index
