ERROR - 2017-06-27 00:56:08 --> 404 Page Not Found: 404/search_children.js
ERROR - 2017-06-27 08:40:58 --> 404 Page Not Found: Cache/global
ERROR - 2017-06-27 14:37:30 --> 404 Page Not Found: Wp-includes/js
ERROR - 2017-06-27 14:37:30 --> 404 Page Not Found: Skins/vector
ERROR - 2017-06-27 14:37:30 --> 404 Page Not Found: Misc/states.js
ERROR - 2017-06-27 14:37:31 --> 404 Page Not Found: Static/js
ERROR - 2017-06-27 14:37:31 --> 404 Page Not Found: Include/js
ERROR - 2017-06-27 14:37:31 --> 404 Page Not Found: Include/js
ERROR - 2017-06-27 14:37:32 --> 404 Page Not Found: Include/js
ERROR - 2017-06-27 14:37:32 --> 404 Page Not Found: Res/js
ERROR - 2017-06-27 14:37:33 --> 404 Page Not Found: Js/wind_editor.js
ERROR - 2017-06-27 14:37:33 --> 404 Page Not Found: Styles/prosilver
ERROR - 2017-06-27 14:37:33 --> 404 Page Not Found: Styles/prosilver
ERROR - 2017-06-27 14:37:34 --> 404 Page Not Found: Editor/ubb
ERROR - 2017-06-27 14:37:34 --> 404 Page Not Found: Template/default
ERROR - 2017-06-27 14:37:34 --> 404 Page Not Found: Static/js
ERROR - 2017-06-27 14:37:35 --> 404 Page Not Found: Images/js
ERROR - 2017-06-27 14:37:35 --> 404 Page Not Found: Templets/style
ERROR - 2017-06-27 14:37:36 --> 404 Page Not Found: Include/dedeajax2.js
ERROR - 2017-06-27 14:37:36 --> 404 Page Not Found: Images/default
ERROR - 2017-06-27 14:37:36 --> 404 Page Not Found: Js/lang
ERROR - 2017-06-27 14:37:37 --> 404 Page Not Found: Js/lang
ERROR - 2017-06-27 14:37:37 --> 404 Page Not Found: D/js
ERROR - 2017-06-27 14:37:37 --> 404 Page Not Found: Skin/default
ERROR - 2017-06-27 14:37:38 --> 404 Page Not Found: Media/system
ERROR - 2017-06-27 14:37:38 --> 404 Page Not Found: Media/system
ERROR - 2017-06-27 14:37:38 --> 404 Page Not Found: Lang/zh
ERROR - 2017-06-27 14:37:39 --> 404 Page Not Found: Style/default
ERROR - 2017-06-27 14:37:39 --> 404 Page Not Found: Lang/zh
ERROR - 2017-06-27 14:37:40 --> 404 Page Not Found: Rockmongo/index
ERROR - 2017-06-27 14:37:40 --> 404 Page Not Found: Server-status/index
ERROR - 2017-06-27 14:37:40 --> 404 Page Not Found: Ueditoralljs/index
ERROR - 2017-06-27 14:37:41 --> 404 Page Not Found: Wikilibd/PmWiki.ChangeLog
ERROR - 2017-06-27 14:37:41 --> 404 Page Not Found: 4e5e5d7364f443e28fbf0d3ae744a59a/index
ERROR - 2017-06-27 14:37:41 --> 404 Page Not Found: Jenkins/index
ERROR - 2017-06-27 15:51:13 --> 404 Page Not Found: A2billing/customer
ERROR - 2017-06-27 17:14:30 --> 404 Page Not Found: Skins/vector
ERROR - 2017-06-27 17:55:31 --> 404 Page Not Found: Manager/html
ERROR - 2017-06-27 20:41:18 --> 404 Page Not Found: Manager/html
ERROR - 2017-06-27 21:00:49 --> 404 Page Not Found: Manager/html
