ERROR - 2017-03-23 02:07:09 --> 404 Page Not Found: Loginaction/index
ERROR - 2017-03-23 02:07:18 --> 404 Page Not Found: Loginaction/index
ERROR - 2017-03-23 02:07:18 --> 404 Page Not Found: Current_config/passwd
ERROR - 2017-03-23 02:16:55 --> 404 Page Not Found: Recordings/index
ERROR - 2017-03-23 02:31:23 --> 404 Page Not Found: Check_proxy/index
ERROR - 2017-03-23 02:37:30 --> 404 Page Not Found: Current_config/Account1
ERROR - 2017-03-23 02:37:39 --> 404 Page Not Found: Current_config/Account1
ERROR - 2017-03-23 05:19:02 --> 404 Page Not Found: Cgi-bin/php
ERROR - 2017-03-23 05:58:20 --> 404 Page Not Found: Current_config/passwd
ERROR - 2017-03-23 07:52:11 --> 404 Page Not Found: Shell/index
ERROR - 2017-03-23 09:26:13 --> 404 Page Not Found: Struts2XMLHelloWorld/User
ERROR - 2017-03-23 09:51:55 --> 404 Page Not Found: Current_config/passwd
ERROR - 2017-03-23 10:34:30 --> 404 Page Not Found: Struts2XMLHelloWorld/User
ERROR - 2017-03-23 10:37:06 --> 404 Page Not Found: Cache/global
ERROR - 2017-03-23 10:37:17 --> 404 Page Not Found: Shell/index
ERROR - 2017-03-23 10:50:10 --> 404 Page Not Found: Struts2XMLHelloWorld/User
ERROR - 2017-03-23 11:14:07 --> 404 Page Not Found: Struts2XMLHelloWorld/User
ERROR - 2017-03-23 11:24:09 --> 404 Page Not Found: Shell/index
ERROR - 2017-03-23 11:56:51 --> 404 Page Not Found: Struts2XMLHelloWorld/User
ERROR - 2017-03-23 12:00:52 --> 404 Page Not Found: Struts2XMLHelloWorld/User
ERROR - 2017-03-23 12:43:53 --> 404 Page Not Found: Shell/index
ERROR - 2017-03-23 15:13:49 --> 404 Page Not Found: Shell/index
ERROR - 2017-03-23 15:31:32 --> 404 Page Not Found: Struts2XMLHelloWorld/User
ERROR - 2017-03-23 17:38:05 --> 404 Page Not Found: PhpMyAdmin/index
ERROR - 2017-03-23 17:49:54 --> 404 Page Not Found: Phpmyadmin/index
ERROR - 2017-03-23 17:55:33 --> 404 Page Not Found: Shell/index
ERROR - 2017-03-23 18:25:59 --> 404 Page Not Found: Struts2XMLHelloWorld/User
ERROR - 2017-03-23 19:04:05 --> 404 Page Not Found: Admin/i18n
ERROR - 2017-03-23 19:29:33 --> 404 Page Not Found: Struts2XMLHelloWorld/User
ERROR - 2017-03-23 21:18:39 --> 404 Page Not Found: Shell/index
ERROR - 2017-03-23 21:34:51 --> 404 Page Not Found: Frame/first.action
ERROR - 2017-03-23 21:34:51 --> 404 Page Not Found: Struts2-showcase/login.action
ERROR - 2017-03-23 22:05:35 --> 404 Page Not Found: Frame/first.action
ERROR - 2017-03-23 22:05:36 --> 404 Page Not Found: Struts2-showcase/login.action
ERROR - 2017-03-23 22:06:34 --> 404 Page Not Found: Frame/first.action
ERROR - 2017-03-23 22:06:35 --> 404 Page Not Found: Struts2-showcase/login.action
ERROR - 2017-03-23 22:07:35 --> 404 Page Not Found: Frame/first.action
ERROR - 2017-03-23 22:07:37 --> 404 Page Not Found: Struts2-showcase/login.action
ERROR - 2017-03-23 22:28:58 --> 404 Page Not Found: Frame/first.action
ERROR - 2017-03-23 22:28:59 --> 404 Page Not Found: Struts2-showcase/login.action
ERROR - 2017-03-23 22:39:52 --> 404 Page Not Found: NotFoundaction/index
ERROR - 2017-03-23 22:39:56 --> 404 Page Not Found: Loginaction/index
ERROR - 2017-03-23 23:04:26 --> 404 Page Not Found: NotFoundaction/index
ERROR - 2017-03-23 23:04:30 --> 404 Page Not Found: Loginaction/index
ERROR - 2017-03-23 23:45:06 --> 404 Page Not Found: NotFoundaction/index
ERROR - 2017-03-23 23:45:07 --> 404 Page Not Found: Loginaction/index
