ERROR - 2017-02-19 00:07:40 --> 404 Page Not Found: Please_read/_search
ERROR - 2017-02-19 00:07:49 --> 404 Page Not Found: Skins/vector
ERROR - 2017-02-19 00:13:00 --> 404 Page Not Found: Rockmongo/index
ERROR - 2017-02-19 00:20:53 --> 404 Page Not Found: Manager/html
ERROR - 2017-02-19 00:44:13 --> 404 Page Not Found: Search/index
ERROR - 2017-02-19 00:44:14 --> 404 Page Not Found: 273/index
ERROR - 2017-02-19 00:44:48 --> 404 Page Not Found: Wikilibd/PmWiki.ChangeLog
ERROR - 2017-02-19 00:44:57 --> 404 Page Not Found: Wikilibd/PmWiki.ChangeLog
ERROR - 2017-02-19 01:13:43 --> 404 Page Not Found: Manager/html
ERROR - 2017-02-19 02:07:09 --> 404 Page Not Found: 4e5e5d7364f443e28fbf0d3ae744a59a/index
ERROR - 2017-02-19 02:07:19 --> 404 Page Not Found: 4e5e5d7364f443e28fbf0d3ae744a59a/index
ERROR - 2017-02-19 02:08:25 --> 404 Page Not Found: Manager/html
ERROR - 2017-02-19 02:32:50 --> 404 Page Not Found: Warning/index
ERROR - 2017-02-19 02:32:59 --> 404 Page Not Found: Warning/index
ERROR - 2017-02-19 02:33:12 --> 404 Page Not Found: Warning/index
ERROR - 2017-02-19 03:37:50 --> 404 Page Not Found: Admin/index
ERROR - 2017-02-19 03:41:31 --> 1 2
ERROR - 2017-02-19 03:41:31 --> 2 0
[2017-02-19 03:41:31][DEBUG] POST http://10.133.193.8/mina_auth/} => [200] {
    "[请求]": {
        "version": 1,
        "componentName": "MA",
        "interface": {
            "interfaceName": "qcloud.cam.id_skey",
            "para": {
                "code": "0412k8a52v9D1L0YUT952dt2a522k8aU",
                "encrypt_data": "+KapKSdM5rh3WmQN8b7Pv7zMaC+pu9zVS7z6ScX6qxxbYDovRWOZIF2I1Q9ihkKom1vvDUlEG+rFAEhv9ugXJMBGKzzWwrpgERfqFXtEywasaLiC2ZiaeKGg2RGUusIsdlzOyX5YLeXbnpDzJQ761k8HNpQiBRNJ1Il\/ZMewH65FmMCHk2S+d+g8C4LZUJXhp6RrSMg7hQMeCHphcvN+q0w2WVCR0jPmlLCZHNEF6EHxsHNEDSA1qVCGYkI04L7hr+cBi6puXD7cNJ\/mq8HQp3RHKsLagMI0Hx8AuMjlUXk6hm6rY7JfgQLPUtWE8XWbxV7EV++LqpGBNT9nE9WiHvMXvZli60pszXTO8j0Q1JOasQW0oS5ktvEurtEdSTf083j1aq\/C64Remeb4EqVZtf416RYKWu3RUW+tCg6akBdvML8rFXUbbOeJNHM71sC96kKBbINYM0TKWbtJf2N9iAifejTS+4Ei1Edsr+45vQM=",
                "iv": "Qutl\/ZbqwCe0z5IO2YM4Ag=="
            }
        }
    },
    "[响应]": {
        "returnCode": 0,
        "returnMessage": "UPDATE_SESSION_SUCCESS",
        "returnData": {
            "id": "2a20bd9d0d240a74d6514ce55ba4a61f",
            "skey": "2e8998217c43e4393cb3db8b6bc06f87",
            "openid": "oPicY0cBD5ZB89KieBFSH-PNddIE",
            "user_info": {
                "openId": "oPicY0cBD5ZB89KieBFSH-PNddIE",
                "nickName": "普通话君",
                "gender": 1,
                "language": "zh_CN",
                "city": "Suzhou",
                "province": "Jiangsu",
                "country": "CN",
                "avatarUrl": "http:\/\/wx.qlogo.cn\/mmopen\/vi_32\/DYAIOgq83eoVvEdGWoKlDIyUibGRJic4ckYwWHy5bJkeTY8vdf4tT4ibjZiccDicibBjoM5N7aTXTSM7s94hMOc4BicDw\/0",
                "watermark": {
                    "timestamp": 1487446891,
                    "appid": "wx3c13313f866a541a"
                }
            },
            "duration": 7200
        },
        "version": 1,
        "componentName": "MA"
    },
    "[耗时]": "72ms"
}

[2017-02-19 03:41:31][DEBUG] Util::writeJsonResult => [200] {
    "F2C224D4-2BCE-4C64-AF9F-A6D872000D1A": 1,
    "session": {
        "id": "2a20bd9d0d240a74d6514ce55ba4a61f",
        "skey": "2e8998217c43e4393cb3db8b6bc06f87",
        "openid": "oPicY0cBD5ZB89KieBFSH-PNddIE"
    }
}

ERROR - 2017-02-19 03:41:47 --> 1 2
ERROR - 2017-02-19 03:41:47 --> 2 0
[2017-02-19 03:41:47][DEBUG] POST http://10.133.193.8/mina_auth/} => [200] {
    "[请求]": {
        "version": 1,
        "componentName": "MA",
        "interface": {
            "interfaceName": "qcloud.cam.id_skey",
            "para": {
                "code": "041v4iaM1pUPu31yiV8M1iUnaM1v4iao",
                "encrypt_data": "+F+3myiDQm4M8fMEV+NM2Sne0qmHs2uFr6\/k3XfJwwtIeRDTBsArjyMKbS3Gj2+BXADKqXwR310gqVuxGLG4zg1ZIkXS5NXf0HL+Bgm+F83C0F+LDwcrxUmlbxtYjRrAhgtYsJeTl13dRMVYBVcsT8is19zaC7cHhsFyzPOmjwWpqMmf5QvodH60JeYtGAZnz6OCUod+4D8QOuyRmL4cABThy\/TwfnlNOoTgRtBXCjPI5jIoDh531Z9SEU6ITUlbtR\/5ZV8cUgFVGuQphZ+G9KQs\/vdij4gyhKvRTcTkh+USPKKn+1pQ8hsL6KvPqdjiS1CinsNvRChX8hyNu7E076iAYQQHcUk+M6XP7HmuGOH3jtrwyR2MEKYnF2ccsviPcdWLTKYoMIuAfpU8+3sTUoJl7l9uTab4lQ3lpk5SwDS0mnOcSVdUT0I2BvrkA4iPhxgXN5bjA0TlkmLz09bdDCMZkre7X8a9MDQoFS+8Grg=",
                "iv": "vdRW3Qu\/fG4FBPVgS2cdug=="
            }
        }
    },
    "[响应]": {
        "returnCode": 0,
        "returnMessage": "UPDATE_SESSION_SUCCESS",
        "returnData": {
            "id": "0d05e8a5d1e21733666c6fb59fa29218",
            "skey": "1bbf90a1343e105291c3b871c1112e65",
            "openid": "oPicY0dtNCjgr9ot5nWbwbBUAIFI",
            "user_info": {
                "openId": "oPicY0dtNCjgr9ot5nWbwbBUAIFI",
                "nickName": "礼待四方",
                "gender": 2,
                "language": "zh_CN",
                "city": "Suzhou",
                "province": "Jiangsu",
                "country": "CN",
                "avatarUrl": "http:\/\/wx.qlogo.cn\/mmopen\/vi_32\/PiajxSqBRaELBlqJBD2ZIcibvibk57IE2wsjuDTfHdc6tt21tdEgjVQicUrau9NicDJyn8ADWqj4uxCtAwZpXazShLg\/0",
                "watermark": {
                    "timestamp": 1487446906,
                    "appid": "wx3c13313f866a541a"
                }
            },
            "duration": 7200
        },
        "version": 1,
        "componentName": "MA"
    },
    "[耗时]": "79ms"
}

[2017-02-19 03:41:47][DEBUG] Util::writeJsonResult => [200] {
    "F2C224D4-2BCE-4C64-AF9F-A6D872000D1A": 1,
    "session": {
        "id": "0d05e8a5d1e21733666c6fb59fa29218",
        "skey": "1bbf90a1343e105291c3b871c1112e65",
        "openid": "oPicY0dtNCjgr9ot5nWbwbBUAIFI"
    }
}

ERROR - 2017-02-19 03:43:13 --> 130000
ERROR - 2017-02-19 09:58:24 --> 404 Page Not Found: Robotstxt/index
ERROR - 2017-02-19 13:41:04 --> 404 Page Not Found: Admin/index
ERROR - 2017-02-19 15:16:02 --> 1 2
ERROR - 2017-02-19 15:16:02 --> 2 0
[2017-02-19 15:16:02][DEBUG] POST http://10.133.193.8/mina_auth/} => [200] {
    "[请求]": {
        "version": 1,
        "componentName": "MA",
        "interface": {
            "interfaceName": "qcloud.cam.id_skey",
            "para": {
                "code": "011s1Tp123wZh01WWWq125pTp12s1Tpn",
                "encrypt_data": "mNhoyx3\/5sy9+xWb72jvw28cJBtn3tgxlwuVxW07tNDF+nla6Z+9haAf+lZMFZPBo39pPoW2sSMZZbANdtFWTX\/nMdiloaVD6qn2ktLMdmHeGyduO2D9lBNCIw9arwCyz0CB3MoC1UDRA3U2eCabKfoUnznm6L4ie3H7RAI+vhEr2EPDjyHfryUA7JUZsHwQNcJzQlKoQeydmm\/6isU4Pv9iWnj5vor+HRfy+zAyUrHLoMQluCTe\/N5IVZCo0hjqd+AWIUeIYvACzheJplmpiolgi01Vc2vvw9E7BgB7m6OVpP8cwqWpsnHnAwZRMKXHInnPWV8qQEslRhpGkZn92hzw4XOQtyclwnKLYBAotgwlq49Ay5PxShyVHTPOc049Et0mXnRkryLQi+Dlu9E6IPtH4AclyVVn0Y+1ovrOr7J4mYdGNBTVDfnVun65j1WLJRuZ2YPbXZyWIoWL197Tx0pqFEJBUiCh4rx0NRft31o=",
                "iv": "JHBEDQrGqnXX\/InqyTM20A=="
            }
        }
    },
    "[响应]": {
        "returnCode": 0,
        "returnMessage": "UPDATE_SESSION_SUCCESS",
        "returnData": {
            "id": "2a20bd9d0d240a74d6514ce55ba4a61f",
            "skey": "46fda5926a0953bacff4409d11bbeb47",
            "openid": "oPicY0cBD5ZB89KieBFSH-PNddIE",
            "user_info": {
                "openId": "oPicY0cBD5ZB89KieBFSH-PNddIE",
                "nickName": "普通话君",
                "gender": 1,
                "language": "zh_CN",
                "city": "Suzhou",
                "province": "Jiangsu",
                "country": "CN",
                "avatarUrl": "http:\/\/wx.qlogo.cn\/mmopen\/vi_32\/DYAIOgq83eoVvEdGWoKlDIyUibGRJic4ckYwWHy5bJkeTY8vdf4tT4ibjZiccDicibBjoM5N7aTXTSM7s94hMOc4BicDw\/0",
                "watermark": {
                    "timestamp": 1487488561,
                    "appid": "wx3c13313f866a541a"
                }
            },
            "duration": 7200
        },
        "version": 1,
        "componentName": "MA"
    },
    "[耗时]": "128ms"
}

[2017-02-19 15:16:02][DEBUG] Util::writeJsonResult => [200] {
    "F2C224D4-2BCE-4C64-AF9F-A6D872000D1A": 1,
    "session": {
        "id": "2a20bd9d0d240a74d6514ce55ba4a61f",
        "skey": "46fda5926a0953bacff4409d11bbeb47",
        "openid": "oPicY0cBD5ZB89KieBFSH-PNddIE"
    }
}

ERROR - 2017-02-19 17:08:38 --> 404 Page Not Found: Faviconico/index
ERROR - 2017-02-19 18:12:49 --> 404 Page Not Found: Cache/global
ERROR - 2017-02-19 19:15:06 --> 404 Page Not Found: Cache/global
ERROR - 2017-02-19 21:54:02 --> 404 Page Not Found: Wp-includes/js
ERROR - 2017-02-19 21:54:03 --> 404 Page Not Found: Skins/vector
ERROR - 2017-02-19 21:54:03 --> 404 Page Not Found: Misc/states.js
ERROR - 2017-02-19 21:54:03 --> 404 Page Not Found: Static/js
ERROR - 2017-02-19 21:54:04 --> 404 Page Not Found: Include/js
ERROR - 2017-02-19 21:54:04 --> 404 Page Not Found: Include/js
ERROR - 2017-02-19 21:54:05 --> 404 Page Not Found: Include/js
ERROR - 2017-02-19 21:54:05 --> 404 Page Not Found: Res/js
ERROR - 2017-02-19 21:54:05 --> 404 Page Not Found: Js/wind_editor.js
ERROR - 2017-02-19 21:54:06 --> 404 Page Not Found: Styles/prosilver
ERROR - 2017-02-19 21:54:06 --> 404 Page Not Found: Styles/prosilver
ERROR - 2017-02-19 21:54:07 --> 404 Page Not Found: Editor/ubb
ERROR - 2017-02-19 21:54:07 --> 404 Page Not Found: Template/default
ERROR - 2017-02-19 21:54:07 --> 404 Page Not Found: Static/js
ERROR - 2017-02-19 21:54:08 --> 404 Page Not Found: Images/js
ERROR - 2017-02-19 21:54:08 --> 404 Page Not Found: Templets/style
ERROR - 2017-02-19 21:54:09 --> 404 Page Not Found: Include/dedeajax2.js
ERROR - 2017-02-19 21:54:09 --> 404 Page Not Found: Images/default
ERROR - 2017-02-19 21:54:09 --> 404 Page Not Found: Js/lang
ERROR - 2017-02-19 21:54:10 --> 404 Page Not Found: Js/lang
ERROR - 2017-02-19 21:54:10 --> 404 Page Not Found: D/js
ERROR - 2017-02-19 21:54:10 --> 404 Page Not Found: Skin/default
ERROR - 2017-02-19 21:54:11 --> 404 Page Not Found: Media/system
ERROR - 2017-02-19 21:54:11 --> 404 Page Not Found: Media/system
ERROR - 2017-02-19 21:54:12 --> 404 Page Not Found: Lang/zh
ERROR - 2017-02-19 21:54:12 --> 404 Page Not Found: Style/default
ERROR - 2017-02-19 21:54:12 --> 404 Page Not Found: Lang/zh
ERROR - 2017-02-19 21:54:13 --> 404 Page Not Found: Rockmongo/index
ERROR - 2017-02-19 21:54:13 --> 404 Page Not Found: Server-status/index
ERROR - 2017-02-19 21:54:13 --> 404 Page Not Found: Ueditoralljs/index
ERROR - 2017-02-19 21:54:14 --> 404 Page Not Found: Please_read/_search
ERROR - 2017-02-19 21:54:14 --> 404 Page Not Found: Pleasereadthis/index
ERROR - 2017-02-19 21:54:15 --> 404 Page Not Found: Wikilibd/PmWiki.ChangeLog
ERROR - 2017-02-19 21:54:15 --> 404 Page Not Found: Warning/index
ERROR - 2017-02-19 21:54:15 --> 404 Page Not Found: 4e5e5d7364f443e28fbf0d3ae744a59a/index
ERROR - 2017-02-19 21:54:16 --> 404 Page Not Found: Jenkins/index
ERROR - 2017-02-19 21:55:19 --> 404 Page Not Found: Wp-includes/js
ERROR - 2017-02-19 21:55:20 --> 404 Page Not Found: Skins/vector
ERROR - 2017-02-19 21:55:20 --> 404 Page Not Found: Misc/states.js
ERROR - 2017-02-19 21:55:20 --> 404 Page Not Found: Static/js
ERROR - 2017-02-19 21:55:21 --> 404 Page Not Found: Include/js
ERROR - 2017-02-19 21:55:21 --> 404 Page Not Found: Include/js
ERROR - 2017-02-19 21:55:21 --> 404 Page Not Found: Include/js
ERROR - 2017-02-19 21:55:22 --> 404 Page Not Found: Res/js
ERROR - 2017-02-19 21:55:22 --> 404 Page Not Found: Js/wind_editor.js
ERROR - 2017-02-19 21:55:23 --> 404 Page Not Found: Styles/prosilver
ERROR - 2017-02-19 21:55:23 --> 404 Page Not Found: Styles/prosilver
ERROR - 2017-02-19 21:55:23 --> 404 Page Not Found: Editor/ubb
ERROR - 2017-02-19 21:55:24 --> 404 Page Not Found: Template/default
ERROR - 2017-02-19 21:55:24 --> 404 Page Not Found: Static/js
ERROR - 2017-02-19 21:55:25 --> 404 Page Not Found: Images/js
ERROR - 2017-02-19 21:55:25 --> 404 Page Not Found: Templets/style
ERROR - 2017-02-19 21:55:25 --> 404 Page Not Found: Include/dedeajax2.js
ERROR - 2017-02-19 21:55:26 --> 404 Page Not Found: Images/default
ERROR - 2017-02-19 21:55:26 --> 404 Page Not Found: Js/lang
ERROR - 2017-02-19 21:55:27 --> 404 Page Not Found: Js/lang
ERROR - 2017-02-19 21:55:27 --> 404 Page Not Found: D/js
ERROR - 2017-02-19 21:55:27 --> 404 Page Not Found: Skin/default
ERROR - 2017-02-19 21:55:28 --> 404 Page Not Found: Media/system
ERROR - 2017-02-19 21:55:28 --> 404 Page Not Found: Media/system
ERROR - 2017-02-19 21:55:29 --> 404 Page Not Found: Lang/zh
ERROR - 2017-02-19 21:55:29 --> 404 Page Not Found: Style/default
ERROR - 2017-02-19 21:55:29 --> 404 Page Not Found: Lang/zh
ERROR - 2017-02-19 21:55:30 --> 404 Page Not Found: Rockmongo/index
ERROR - 2017-02-19 21:55:30 --> 404 Page Not Found: Server-status/index
ERROR - 2017-02-19 21:55:30 --> 404 Page Not Found: Ueditoralljs/index
ERROR - 2017-02-19 21:55:31 --> 404 Page Not Found: Please_read/_search
ERROR - 2017-02-19 21:55:31 --> 404 Page Not Found: Pleasereadthis/index
ERROR - 2017-02-19 21:55:32 --> 404 Page Not Found: Wikilibd/PmWiki.ChangeLog
ERROR - 2017-02-19 21:55:32 --> 404 Page Not Found: Warning/index
ERROR - 2017-02-19 21:55:32 --> 404 Page Not Found: 4e5e5d7364f443e28fbf0d3ae744a59a/index
ERROR - 2017-02-19 21:55:33 --> 404 Page Not Found: Jenkins/index
ERROR - 2017-02-19 23:31:56 --> 404 Page Not Found: Please_read/_search
