ERROR - 2017-03-03 00:28:14 --> 1 2
ERROR - 2017-03-03 00:28:14 --> 2 0
[2017-03-03 00:28:14][DEBUG] POST http://10.133.193.8/mina_auth/} => [200] {
    "[请求]": {
        "version": 1,
        "componentName": "MA",
        "interface": {
            "interfaceName": "qcloud.cam.id_skey",
            "para": {
                "code": "001RATGl1Srtmj0cSyJl1oHvGl1RATGv",
                "encrypt_data": "ff2y2R5KdoDSk3PKdWyU451xDgjarhRU6t+I1Z7fx3b3dOE8ewJlgm9M09I\/EIYgCAKfvwXKzVtyLZjJVXc\/jMQWekeV2PlwYxclJuLNz48YenHYK3oNWCcYcmStPULPaDsJeTrC039vmiGoPbLVaeZDCES529xz1zipGkktbojL9CyxQ3+b8aLddve7k5qxageUYSCCiNFIkoT+q0decv+pxBvcwU4pHA5jNHXnWSlHjzqO9b5M8GYF44wG0GvfL67LbfbBzZY3WRl0zNJPdOpOUtaXjUDqLIO1jDeAw2WeZBv3evGsTxJlymHr5s9PAbr0zrQffnXDAaXluyqsQNyubov67YUZaQsHx\/gEsDpzzxeA5LXYmBzspiPyFe8TpqWryOSOItLa7yoi8R75SFKJnju2T+IamuPXRzBtNAURX7NJKKVCPE4Lzvm9DGzTVvmiidV7egODDVNFlzPD008TRbj2WvVMMJd55HQU6tM=",
                "iv": "PBlAaj1ceBaVHRHRse7yWg=="
            }
        }
    },
    "[响应]": {
        "returnCode": 0,
        "returnMessage": "UPDATE_SESSION_SUCCESS",
        "returnData": {
            "id": "0d05e8a5d1e21733666c6fb59fa29218",
            "skey": "02d10db4f41f6bcd7be2dfc9508b2d5e",
            "openid": "oPicY0dtNCjgr9ot5nWbwbBUAIFI",
            "user_info": {
                "openId": "oPicY0dtNCjgr9ot5nWbwbBUAIFI",
                "nickName": "礼待四方",
                "gender": 2,
                "language": "zh_CN",
                "city": "Suzhou",
                "province": "Jiangsu",
                "country": "CN",
                "avatarUrl": "http:\/\/wx.qlogo.cn\/mmopen\/vi_32\/PiajxSqBRaELBlqJBD2ZIcibvibk57IE2wsjuDTfHdc6tt21tdEgjVQicUrau9NicDJyn8ADWqj4uxCtAwZpXazShLg\/0",
                "watermark": {
                    "timestamp": 1488472093,
                    "appid": "wx3c13313f866a541a"
                }
            },
            "duration": 7200
        },
        "version": 1,
        "componentName": "MA"
    },
    "[耗时]": "84ms"
}

[2017-03-03 00:28:14][DEBUG] Util::writeJsonResult => [200] {
    "F2C224D4-2BCE-4C64-AF9F-A6D872000D1A": 1,
    "session": {
        "id": "0d05e8a5d1e21733666c6fb59fa29218",
        "skey": "02d10db4f41f6bcd7be2dfc9508b2d5e",
        "openid": "oPicY0dtNCjgr9ot5nWbwbBUAIFI"
    }
}

ERROR - 2017-03-03 01:25:04 --> 404 Page Not Found: Pmd/index
ERROR - 2017-03-03 02:09:56 --> 404 Page Not Found: TmUnblockcgi/index
ERROR - 2017-03-03 02:10:07 --> 404 Page Not Found: TmUnblockcgi/index
ERROR - 2017-03-03 04:13:53 --> 404 Page Not Found: Manager/html
ERROR - 2017-03-03 05:20:22 --> 404 Page Not Found: 404/search_children.js
ERROR - 2017-03-03 07:17:36 --> 404 Page Not Found: Cache/global
ERROR - 2017-03-03 07:33:00 --> 404 Page Not Found: Manager/html
ERROR - 2017-03-03 10:24:09 --> 404 Page Not Found: Pmd/index
ERROR - 2017-03-03 11:25:24 --> 404 Page Not Found: Manager/html
ERROR - 2017-03-03 14:28:32 --> 1 2
ERROR - 2017-03-03 14:28:32 --> 2 0
[2017-03-03 14:28:32][DEBUG] POST http://10.133.193.8/mina_auth/} => [200] {
    "[请求]": {
        "version": 1,
        "componentName": "MA",
        "interface": {
            "interfaceName": "qcloud.cam.id_skey",
            "para": {
                "code": "031fN3U81BGmIS1gP6U81xfZT81fN3UP",
                "encrypt_data": "CW+DUSuZD+VLyfCNcI5++Hv5\/j0X4Tqvc8LoiTpUnLFtHz0v7VJa4iVZbJADjKnuNNQHKZCYrkyNadlV9Cx\/gaAt890PxPbCLRwqqLmG6a9eSpFqCn9OnZzdJXlt4VtWOp09KzRI6art9R0GrlndgHJkT\/fdXibMK44DGsD9pJkDeQsKLlIZHR6XOT\/f8Gps0NH8kvy132pczBGvdzYbPuzsMflXQ5ZOvgjJEZ+k6uFxdh25m753MYE\/x8cYqPgqfuKFla0Bqewh1L8osFBjOlte93FalKRtr7pP4NebV3ECFCQq7bLenGu1LsUsP+pyV+1s59L8opzRVgg2XVBNC\/nYm4u0A94eLrSaUnogdz4BkLIABYn2g+pyez0wXah\/1nsm6Hlj56reZMjlTZMwj9CDGYmGeDuYelCkrpfgb9j7xO9D4WLqcg1LUbWu0Roklmc7MJNw848wHmf08b69Via2f9QOM4eHNpAE3uRdaYg=",
                "iv": "wYF6jRo93M1gO819+eqi9w=="
            }
        }
    },
    "[响应]": {
        "returnCode": 0,
        "returnMessage": "UPDATE_SESSION_SUCCESS",
        "returnData": {
            "id": "2a20bd9d0d240a74d6514ce55ba4a61f",
            "skey": "6e91f3f2cc3a68b24f732bd5ff8a8d94",
            "openid": "oPicY0cBD5ZB89KieBFSH-PNddIE",
            "user_info": {
                "openId": "oPicY0cBD5ZB89KieBFSH-PNddIE",
                "nickName": "普通话君",
                "gender": 1,
                "language": "zh_CN",
                "city": "Suzhou",
                "province": "Jiangsu",
                "country": "CN",
                "avatarUrl": "http:\/\/wx.qlogo.cn\/mmopen\/vi_32\/DYAIOgq83eoVvEdGWoKlDIyUibGRJic4ckYwWHy5bJkeTY8vdf4tT4ibjZiccDicibBjoM5N7aTXTSM7s94hMOc4BicDw\/0",
                "watermark": {
                    "timestamp": 1488522512,
                    "appid": "wx3c13313f866a541a"
                }
            },
            "duration": 7200
        },
        "version": 1,
        "componentName": "MA"
    },
    "[耗时]": "452ms"
}

[2017-03-03 14:28:32][DEBUG] Util::writeJsonResult => [200] {
    "F2C224D4-2BCE-4C64-AF9F-A6D872000D1A": 1,
    "session": {
        "id": "2a20bd9d0d240a74d6514ce55ba4a61f",
        "skey": "6e91f3f2cc3a68b24f732bd5ff8a8d94",
        "openid": "oPicY0cBD5ZB89KieBFSH-PNddIE"
    }
}

ERROR - 2017-03-03 14:29:29 --> 404 Page Not Found: Manager/html
ERROR - 2017-03-03 15:15:27 --> 404 Page Not Found: Robotstxt/index
ERROR - 2017-03-03 15:52:06 --> Severity: Warning --> Cannot modify header information - headers already sent by (output started at /data/release/php-weapp-demo/application/controllers/Card.php:67) /data/release/php-weapp-demo/system/core/Common.php 573
ERROR - 2017-03-03 15:52:06 --> Severity: Error --> Call to undefined function formatcardno() /data/release/php-weapp-demo/application/controllers/Card.php 67
ERROR - 2017-03-03 15:52:42 --> Severity: Warning --> Cannot modify header information - headers already sent by (output started at /data/release/php-weapp-demo/application/controllers/Card.php:68) /data/release/php-weapp-demo/system/core/Common.php 573
ERROR - 2017-03-03 15:52:42 --> Severity: Error --> Call to undefined function formatcardno() /data/release/php-weapp-demo/application/controllers/Card.php 68
ERROR - 2017-03-03 15:52:57 --> Severity: Notice --> Undefined index: card_no /data/release/php-weapp-demo/application/controllers/Card.php 68
ERROR - 2017-03-03 15:57:42 --> Severity: Notice --> Use of undefined constant i - assumed 'i' /data/release/php-weapp-demo/application/controllers/Card.php 69
ERROR - 2017-03-03 15:57:42 --> Severity: Notice --> Use of undefined constant i - assumed 'i' /data/release/php-weapp-demo/application/controllers/Card.php 69
ERROR - 2017-03-03 15:57:42 --> Severity: Notice --> Undefined index: i /data/release/php-weapp-demo/application/controllers/Card.php 69
ERROR - 2017-03-03 15:57:42 --> Severity: Notice --> Use of undefined constant i - assumed 'i' /data/release/php-weapp-demo/application/controllers/Card.php 69
ERROR - 2017-03-03 15:57:42 --> Severity: Notice --> Use of undefined constant i - assumed 'i' /data/release/php-weapp-demo/application/controllers/Card.php 69
ERROR - 2017-03-03 15:57:42 --> Severity: Notice --> Undefined index: card_no /data/release/php-weapp-demo/application/controllers/Card.php 69
ERROR - 2017-03-03 15:57:42 --> Severity: Notice --> Use of undefined constant i - assumed 'i' /data/release/php-weapp-demo/application/controllers/Card.php 69
ERROR - 2017-03-03 15:57:42 --> Severity: Notice --> Use of undefined constant i - assumed 'i' /data/release/php-weapp-demo/application/controllers/Card.php 69
ERROR - 2017-03-03 15:57:42 --> Severity: Notice --> Undefined index: card_no /data/release/php-weapp-demo/application/controllers/Card.php 69
ERROR - 2017-03-03 16:19:04 --> 404 Page Not Found: Wp-includes/js
ERROR - 2017-03-03 16:19:05 --> 404 Page Not Found: Skins/vector
ERROR - 2017-03-03 16:19:05 --> 404 Page Not Found: Misc/states.js
ERROR - 2017-03-03 16:19:05 --> 404 Page Not Found: Static/js
ERROR - 2017-03-03 16:19:06 --> 404 Page Not Found: Include/js
ERROR - 2017-03-03 16:19:06 --> 404 Page Not Found: Include/js
ERROR - 2017-03-03 16:19:07 --> 404 Page Not Found: Include/js
ERROR - 2017-03-03 16:19:07 --> 404 Page Not Found: Res/js
ERROR - 2017-03-03 16:19:07 --> 404 Page Not Found: Js/wind_editor.js
ERROR - 2017-03-03 16:19:08 --> 404 Page Not Found: Styles/prosilver
ERROR - 2017-03-03 16:19:08 --> 404 Page Not Found: Styles/prosilver
ERROR - 2017-03-03 16:19:09 --> 404 Page Not Found: Editor/ubb
ERROR - 2017-03-03 16:19:09 --> 404 Page Not Found: Template/default
ERROR - 2017-03-03 16:19:10 --> 404 Page Not Found: Static/js
ERROR - 2017-03-03 16:19:10 --> 404 Page Not Found: Images/js
ERROR - 2017-03-03 16:19:10 --> 404 Page Not Found: Templets/style
ERROR - 2017-03-03 16:19:11 --> 404 Page Not Found: Include/dedeajax2.js
ERROR - 2017-03-03 16:19:11 --> 404 Page Not Found: Images/default
ERROR - 2017-03-03 16:19:12 --> 404 Page Not Found: Js/lang
ERROR - 2017-03-03 16:19:12 --> 404 Page Not Found: Js/lang
ERROR - 2017-03-03 16:19:13 --> 404 Page Not Found: D/js
ERROR - 2017-03-03 16:19:13 --> 404 Page Not Found: Skin/default
ERROR - 2017-03-03 16:19:13 --> 404 Page Not Found: Media/system
ERROR - 2017-03-03 16:19:14 --> 404 Page Not Found: Media/system
ERROR - 2017-03-03 16:19:14 --> 404 Page Not Found: Lang/zh
ERROR - 2017-03-03 16:19:14 --> 404 Page Not Found: Style/default
ERROR - 2017-03-03 16:19:15 --> 404 Page Not Found: Lang/zh
ERROR - 2017-03-03 16:19:15 --> 404 Page Not Found: Rockmongo/index
ERROR - 2017-03-03 16:19:16 --> 404 Page Not Found: Server-status/index
ERROR - 2017-03-03 16:19:16 --> 404 Page Not Found: Ueditoralljs/index
ERROR - 2017-03-03 16:19:17 --> 404 Page Not Found: Please_read/_search
ERROR - 2017-03-03 16:19:17 --> 404 Page Not Found: Pleasereadthis/index
ERROR - 2017-03-03 16:19:17 --> 404 Page Not Found: Wikilibd/PmWiki.ChangeLog
ERROR - 2017-03-03 16:19:18 --> 404 Page Not Found: Warning/index
ERROR - 2017-03-03 16:19:18 --> 404 Page Not Found: 4e5e5d7364f443e28fbf0d3ae744a59a/index
ERROR - 2017-03-03 16:19:19 --> 404 Page Not Found: Jenkins/index
ERROR - 2017-03-03 16:20:50 --> 404 Page Not Found: Wp-includes/js
ERROR - 2017-03-03 16:20:51 --> 404 Page Not Found: Skins/vector
ERROR - 2017-03-03 16:20:51 --> 404 Page Not Found: Misc/states.js
ERROR - 2017-03-03 16:20:52 --> 404 Page Not Found: Static/js
ERROR - 2017-03-03 16:20:52 --> 404 Page Not Found: Include/js
ERROR - 2017-03-03 16:20:53 --> 404 Page Not Found: Include/js
ERROR - 2017-03-03 16:20:53 --> 404 Page Not Found: Include/js
ERROR - 2017-03-03 16:20:53 --> 404 Page Not Found: Res/js
ERROR - 2017-03-03 16:20:54 --> 404 Page Not Found: Js/wind_editor.js
ERROR - 2017-03-03 16:20:54 --> 404 Page Not Found: Styles/prosilver
ERROR - 2017-03-03 16:20:55 --> 404 Page Not Found: Styles/prosilver
ERROR - 2017-03-03 16:20:55 --> 404 Page Not Found: Editor/ubb
ERROR - 2017-03-03 16:20:56 --> 404 Page Not Found: Template/default
ERROR - 2017-03-03 16:20:56 --> 404 Page Not Found: Static/js
ERROR - 2017-03-03 16:20:56 --> 404 Page Not Found: Images/js
ERROR - 2017-03-03 16:20:57 --> 404 Page Not Found: Templets/style
ERROR - 2017-03-03 16:20:57 --> 404 Page Not Found: Include/dedeajax2.js
ERROR - 2017-03-03 16:20:57 --> 404 Page Not Found: Images/default
ERROR - 2017-03-03 16:20:58 --> 404 Page Not Found: Js/lang
ERROR - 2017-03-03 16:20:58 --> 404 Page Not Found: Js/lang
ERROR - 2017-03-03 16:20:59 --> 404 Page Not Found: D/js
ERROR - 2017-03-03 16:20:59 --> 404 Page Not Found: Skin/default
ERROR - 2017-03-03 16:21:00 --> 404 Page Not Found: Media/system
ERROR - 2017-03-03 16:21:00 --> 404 Page Not Found: Media/system
ERROR - 2017-03-03 16:21:01 --> 404 Page Not Found: Lang/zh
ERROR - 2017-03-03 16:21:01 --> 404 Page Not Found: Style/default
ERROR - 2017-03-03 16:21:01 --> 404 Page Not Found: Lang/zh
ERROR - 2017-03-03 16:21:02 --> 404 Page Not Found: Rockmongo/index
ERROR - 2017-03-03 16:21:02 --> 404 Page Not Found: Server-status/index
ERROR - 2017-03-03 16:21:03 --> 404 Page Not Found: Ueditoralljs/index
ERROR - 2017-03-03 16:21:03 --> 404 Page Not Found: Please_read/_search
ERROR - 2017-03-03 16:21:04 --> 404 Page Not Found: Pleasereadthis/index
ERROR - 2017-03-03 16:21:04 --> 404 Page Not Found: Wikilibd/PmWiki.ChangeLog
ERROR - 2017-03-03 16:21:04 --> 404 Page Not Found: Warning/index
ERROR - 2017-03-03 16:21:05 --> 404 Page Not Found: 4e5e5d7364f443e28fbf0d3ae744a59a/index
ERROR - 2017-03-03 16:21:05 --> 404 Page Not Found: Jenkins/index
ERROR - 2017-03-03 16:45:42 --> 1 2
ERROR - 2017-03-03 16:45:42 --> 2 0
[2017-03-03 16:45:42][DEBUG] POST http://10.133.193.8/mina_auth/} => [200] {
    "[请求]": {
        "version": 1,
        "componentName": "MA",
        "interface": {
            "interfaceName": "qcloud.cam.id_skey",
            "para": {
                "code": "031TLSW61Q5qyP1mJ8V61yKiX61TLSWn",
                "encrypt_data": "umImX+VKkFuB+YW4XXEngltbOtOW0e2UdhHtW\/60Q+1U9ZCXr\/QVITPDL6Cd5u4nlsRLUezJXE+pHLWTr8738PsBcBvOrbMyplpme+sd1utKlYJ6AicviKFr0pPklxgEKj24zZROJTdcDjJbUNCCITwWibgpek9NJZ6iwOVKvRHH4wRlr5dpMU19ZwqOWBTGQlxbkQOERbAxOaOU23VYV895BprQnv9O7RKY5q4BTKKYY9lN3HJQmmgA10romfQd3\/uOfq5AZUdxUmfTEMRwNscrb\/T0pEeQ\/tclNEs8w6k4CkaqPpfVZCJpQ6BwQ+C+Qy5qF2SaZ34qQA+frXgLltztztrHz+eZUR7pcRwXq9xvhBmmOsC5NbbpKEdjKJO2zp6zgHlNVu\/7WHBN3l6r\/QmusXIiOpHFwyj00jp64E+IebtVvopFVDavTJb43RYldrsYxOvQIJEPXzSlaPryvSA\/hPW39KLSAW6Ess6M1PQ=",
                "iv": "JTWLvAoirpANCtZdkcvNIw=="
            }
        }
    },
    "[响应]": {
        "returnCode": 0,
        "returnMessage": "NEW_SESSION_SUCCESS",
        "returnData": {
            "id": "04b322b1bd35bbe73013ec45153ccb8c",
            "skey": "7fbcc255428e87fb7c550ec89cac3a8e",
            "openid": "oPicY0TXRJN1aLpRY0z7UJ3TNtgY",
            "user_info": {
                "openId": "oPicY0TXRJN1aLpRY0z7UJ3TNtgY",
                "nickName": "亮有一计",
                "gender": 2,
                "language": "zh_CN",
                "city": "Suzhou",
                "province": "Jiangsu",
                "country": "CN",
                "avatarUrl": "http:\/\/wx.qlogo.cn\/mmopen\/vi_32\/DYAIOgq83eqPRNycYz5BibWw1QtSGWJVbRRVibqowsMT5XiceebhC7XWkAOI0wb0QvqSBsEcSr4yYd5icRiaejO0sBA\/0",
                "watermark": {
                    "timestamp": 1488530741,
                    "appid": "wx3c13313f866a541a"
                }
            },
            "duration": 7200
        },
        "version": 1,
        "componentName": "MA"
    },
    "[耗时]": "91ms"
}

[2017-03-03 16:45:42][DEBUG] Util::writeJsonResult => [200] {
    "F2C224D4-2BCE-4C64-AF9F-A6D872000D1A": 1,
    "session": {
        "id": "04b322b1bd35bbe73013ec45153ccb8c",
        "skey": "7fbcc255428e87fb7c550ec89cac3a8e",
        "openid": "oPicY0TXRJN1aLpRY0z7UJ3TNtgY"
    }
}

ERROR - 2017-03-03 18:56:28 --> 404 Page Not Found: Warning/index
ERROR - 2017-03-03 19:24:55 --> 404 Page Not Found: 4e5e5d7364f443e28fbf0d3ae744a59a/index
ERROR - 2017-03-03 19:36:27 --> 404 Page Not Found: Skins/vector
ERROR - 2017-03-03 19:58:26 --> 404 Page Not Found: Pleasereadthis/index
ERROR - 2017-03-03 22:07:00 --> 404 Page Not Found: 4e5e5d7364f443e28fbf0d3ae744a59a/index
ERROR - 2017-03-03 22:11:19 --> 404 Page Not Found: Pleasereadthis/index
ERROR - 2017-03-03 22:36:55 --> 1 2
ERROR - 2017-03-03 22:36:55 --> 2 0
[2017-03-03 22:36:55][DEBUG] POST http://10.133.193.8/mina_auth/} => [200] {
    "[请求]": {
        "version": 1,
        "componentName": "MA",
        "interface": {
            "interfaceName": "qcloud.cam.id_skey",
            "para": {
                "code": "041lsZ4C1Mj1H0067C5C1mw55C1lsZ4b",
                "encrypt_data": "wcc64Lj9dLR4yrRJI1LXhjTjg8UimlSNzwqzTIlbbkp1L9QePt\/m5SX8GtHQlTAxv2dts92\/uCvWvQzj8wbJNYdsCASoHacHj03jgS+uBM2LeyM8fw3JgmX2i+0LbZX\/dXzox046k9ONfyzMghbjWRZfIV0aFTWbGyoKQziB8OL+pwUBeh71jcEtm\/1I55OFds7Ph+fYE9UBdOzv+CzKdIRQM5X\/+bjans3IzueM6OwyXewh6M4T\/JsXMJ7A\/PgbMJ5dMR+OPIVkR+JIaQhig77o3cErHOXg8\/42BrNJyxcRAKVg7MB\/WAWpupRXLzY4Ylpav0KqhKR26\/viy\/QaeYhJ2eX4gumuSH2IqYpQLhJKCcDRvdvm\/wLMWQvzcucf\/dQ\/eqgrmwvyXcr8vngLtfwcBE+THqVpnvhsRPX9fEIh7d7JDtMC0bWg9k63Hia3OCL+m2TaAf3k5sld0Hql44b8yKYfMHkx4wMxwVKo0MI=",
                "iv": "zS92cfEVcog+tcDGTev\/pg=="
            }
        }
    },
    "[响应]": {
        "returnCode": 0,
        "returnMessage": "UPDATE_SESSION_SUCCESS",
        "returnData": {
            "id": "2a20bd9d0d240a74d6514ce55ba4a61f",
            "skey": "eb530cf807e540610d33870273e75364",
            "openid": "oPicY0cBD5ZB89KieBFSH-PNddIE",
            "user_info": {
                "openId": "oPicY0cBD5ZB89KieBFSH-PNddIE",
                "nickName": "普通话君",
                "gender": 1,
                "language": "zh_CN",
                "city": "Suzhou",
                "province": "Jiangsu",
                "country": "CN",
                "avatarUrl": "http:\/\/wx.qlogo.cn\/mmopen\/vi_32\/DYAIOgq83eoVvEdGWoKlDIyUibGRJic4ckYwWHy5bJkeTY8vdf4tT4ibjZiccDicibBjoM5N7aTXTSM7s94hMOc4BicDw\/0",
                "watermark": {
                    "timestamp": 1488551815,
                    "appid": "wx3c13313f866a541a"
                }
            },
            "duration": 7200
        },
        "version": 1,
        "componentName": "MA"
    },
    "[耗时]": "93ms"
}

[2017-03-03 22:36:55][DEBUG] Util::writeJsonResult => [200] {
    "F2C224D4-2BCE-4C64-AF9F-A6D872000D1A": 1,
    "session": {
        "id": "2a20bd9d0d240a74d6514ce55ba4a61f",
        "skey": "eb530cf807e540610d33870273e75364",
        "openid": "oPicY0cBD5ZB89KieBFSH-PNddIE"
    }
}

ERROR - 2017-03-03 23:08:17 --> 404 Page Not Found: Skins/vector
ERROR - 2017-03-03 23:21:55 --> 404 Page Not Found: Warning/index
ERROR - 2017-03-03 23:22:04 --> 404 Page Not Found: Warning/index
