ERROR - 2017-05-09 03:37:27 --> 404 Page Not Found: Pmd/index
ERROR - 2017-05-09 03:38:43 --> 404 Page Not Found: Cache/global
ERROR - 2017-05-09 05:53:10 --> 404 Page Not Found: Info/SYSTEM
ERROR - 2017-05-09 05:53:10 --> 404 Page Not Found: Info/SYSTEM
ERROR - 2017-05-09 05:53:10 --> 404 Page Not Found: Info/SYSTEM
ERROR - 2017-05-09 05:53:11 --> 404 Page Not Found: Info/SYSTEM
ERROR - 2017-05-09 05:53:11 --> 404 Page Not Found: Ifixwebspace/index
ERROR - 2017-05-09 05:53:12 --> 404 Page Not Found: Ifixwebspace/index
ERROR - 2017-05-09 08:43:08 --> 404 Page Not Found: A2billing/common
ERROR - 2017-05-09 11:52:58 --> 404 Page Not Found: Manager/html
ERROR - 2017-05-09 12:09:44 --> 404 Page Not Found: Phpmyadmin/index
ERROR - 2017-05-09 13:18:38 --> 404 Page Not Found: Wp-includes/js
ERROR - 2017-05-09 13:18:39 --> 404 Page Not Found: Skins/vector
ERROR - 2017-05-09 13:18:39 --> 404 Page Not Found: Misc/states.js
ERROR - 2017-05-09 13:18:39 --> 404 Page Not Found: Static/js
ERROR - 2017-05-09 13:18:40 --> 404 Page Not Found: Include/js
ERROR - 2017-05-09 13:18:40 --> 404 Page Not Found: Include/js
ERROR - 2017-05-09 13:18:40 --> 404 Page Not Found: Include/js
ERROR - 2017-05-09 13:18:41 --> 404 Page Not Found: Res/js
ERROR - 2017-05-09 13:18:41 --> 404 Page Not Found: Js/wind_editor.js
ERROR - 2017-05-09 13:18:42 --> 404 Page Not Found: Styles/prosilver
ERROR - 2017-05-09 13:18:42 --> 404 Page Not Found: Styles/prosilver
ERROR - 2017-05-09 13:18:42 --> 404 Page Not Found: Editor/ubb
ERROR - 2017-05-09 13:18:43 --> 404 Page Not Found: Template/default
ERROR - 2017-05-09 13:18:43 --> 404 Page Not Found: Static/js
ERROR - 2017-05-09 13:18:43 --> 404 Page Not Found: Images/js
ERROR - 2017-05-09 13:18:44 --> 404 Page Not Found: Templets/style
ERROR - 2017-05-09 13:18:44 --> 404 Page Not Found: Include/dedeajax2.js
ERROR - 2017-05-09 13:18:45 --> 404 Page Not Found: Images/default
ERROR - 2017-05-09 13:18:45 --> 404 Page Not Found: Js/lang
ERROR - 2017-05-09 13:18:45 --> 404 Page Not Found: Js/lang
ERROR - 2017-05-09 13:18:46 --> 404 Page Not Found: D/js
ERROR - 2017-05-09 13:18:46 --> 404 Page Not Found: Skin/default
ERROR - 2017-05-09 13:18:47 --> 404 Page Not Found: Media/system
ERROR - 2017-05-09 13:18:47 --> 404 Page Not Found: Media/system
ERROR - 2017-05-09 13:18:47 --> 404 Page Not Found: Lang/zh
ERROR - 2017-05-09 13:18:48 --> 404 Page Not Found: Style/default
ERROR - 2017-05-09 13:18:48 --> 404 Page Not Found: Lang/zh
ERROR - 2017-05-09 13:18:48 --> 404 Page Not Found: Rockmongo/index
ERROR - 2017-05-09 13:18:49 --> 404 Page Not Found: Server-status/index
ERROR - 2017-05-09 13:18:49 --> 404 Page Not Found: Ueditoralljs/index
ERROR - 2017-05-09 13:18:50 --> 404 Page Not Found: Wikilibd/PmWiki.ChangeLog
ERROR - 2017-05-09 13:18:50 --> 404 Page Not Found: 4e5e5d7364f443e28fbf0d3ae744a59a/index
ERROR - 2017-05-09 13:18:50 --> 404 Page Not Found: Jenkins/index
ERROR - 2017-05-09 13:20:05 --> 404 Page Not Found: Wp-includes/js
ERROR - 2017-05-09 13:20:06 --> 404 Page Not Found: Skins/vector
ERROR - 2017-05-09 13:20:06 --> 404 Page Not Found: Misc/states.js
ERROR - 2017-05-09 13:20:06 --> 404 Page Not Found: Static/js
ERROR - 2017-05-09 13:20:07 --> 404 Page Not Found: Include/js
ERROR - 2017-05-09 13:20:07 --> 404 Page Not Found: Include/js
ERROR - 2017-05-09 13:20:08 --> 404 Page Not Found: Include/js
ERROR - 2017-05-09 13:20:08 --> 404 Page Not Found: Res/js
ERROR - 2017-05-09 13:20:08 --> 404 Page Not Found: Js/wind_editor.js
ERROR - 2017-05-09 13:20:09 --> 404 Page Not Found: Styles/prosilver
ERROR - 2017-05-09 13:20:09 --> 404 Page Not Found: Styles/prosilver
ERROR - 2017-05-09 13:20:09 --> 404 Page Not Found: Editor/ubb
ERROR - 2017-05-09 13:20:10 --> 404 Page Not Found: Template/default
ERROR - 2017-05-09 13:20:10 --> 404 Page Not Found: Static/js
ERROR - 2017-05-09 13:20:11 --> 404 Page Not Found: Images/js
ERROR - 2017-05-09 13:20:11 --> 404 Page Not Found: Templets/style
ERROR - 2017-05-09 13:20:11 --> 404 Page Not Found: Include/dedeajax2.js
ERROR - 2017-05-09 13:20:12 --> 404 Page Not Found: Images/default
ERROR - 2017-05-09 13:20:12 --> 404 Page Not Found: Js/lang
ERROR - 2017-05-09 13:20:12 --> 404 Page Not Found: Js/lang
ERROR - 2017-05-09 13:20:13 --> 404 Page Not Found: D/js
ERROR - 2017-05-09 13:20:13 --> 404 Page Not Found: Skin/default
ERROR - 2017-05-09 13:20:14 --> 404 Page Not Found: Media/system
ERROR - 2017-05-09 13:20:14 --> 404 Page Not Found: Media/system
ERROR - 2017-05-09 13:20:14 --> 404 Page Not Found: Lang/zh
ERROR - 2017-05-09 13:20:15 --> 404 Page Not Found: Style/default
ERROR - 2017-05-09 13:20:15 --> 404 Page Not Found: Lang/zh
ERROR - 2017-05-09 13:20:16 --> 404 Page Not Found: Rockmongo/index
ERROR - 2017-05-09 13:20:16 --> 404 Page Not Found: Server-status/index
ERROR - 2017-05-09 13:20:16 --> 404 Page Not Found: Ueditoralljs/index
ERROR - 2017-05-09 13:20:17 --> 404 Page Not Found: Wikilibd/PmWiki.ChangeLog
ERROR - 2017-05-09 13:20:17 --> 404 Page Not Found: 4e5e5d7364f443e28fbf0d3ae744a59a/index
ERROR - 2017-05-09 13:20:18 --> 404 Page Not Found: Jenkins/index
ERROR - 2017-05-09 14:05:21 --> 404 Page Not Found: Manager/html
ERROR - 2017-05-09 14:43:57 --> 404 Page Not Found: Cache/global
ERROR - 2017-05-09 16:13:31 --> 404 Page Not Found: Robotstxt/index
ERROR - 2017-05-09 16:13:32 --> 404 Page Not Found: Sitemapxml/index
ERROR - 2017-05-09 16:45:43 --> 404 Page Not Found: Manager/html
ERROR - 2017-05-09 21:35:35 --> 1 2
ERROR - 2017-05-09 21:35:35 --> 2 0
[2017-05-09 21:35:35][DEBUG] POST http://10.133.193.8/mina_auth/} => [200] {
    "[请求]": {
        "version": 1,
        "componentName": "MA",
        "interface": {
            "interfaceName": "qcloud.cam.id_skey",
            "para": {
                "code": "0311Ziry1jNaLf06cwry19SAry11Zirz",
                "encrypt_data": "Gbop8YoaG2e5xp\/3HGx6m0EtDmzwvWf24kdw3mSAeTUQ\/cXZYmurK3ZpuKow1NQKjGiigengo8i4InPw5zu7xUuqol2bs5dWCPs2dtsQS\/FtaKb58TNK0O5fVKB6hJC+GDjwe4x06yqB1S+HISMAtgAsWkd18CLZx0R2ntBqpZOLOsKAwb6lTviTy\/MeXSxn1fPpsiV8JMeF+eWs6OFxwtrNnge3CYt0ln2clgrpew2tpm8DbbnQJ6Y80N2YCcni\/+9+aTp5DZ8sOrfz0T4XTWiQhE6gL9W1C+wSnRdcZFPT3th32AbB2\/NIkzim+hRgIIzE6Z7VhjrxWVW0hjMxkSlC2\/C1GgziVdv5wP1mAh7rLWS3YhFfP73xG1iu6sO1SAWz3n0WTct75Zt\/xwnzG0e\/RVHqqzCnSI6OZ\/lRlMQStBHhcBS+5GQjBSa5CEMez7RrSIg4nqVyZdNwosKfWlwIv41ELZFhQpbg\/R2K7I5VoPP+wW7Pta8HUlhfPpyQ8GIlyjNR6jfFp8J9IiAT1Q==",
                "iv": "EpnHl05nGISBeiQjQMJo8A=="
            }
        }
    },
    "[响应]": {
        "returnCode": 0,
        "returnMessage": "UPDATE_SESSION_SUCCESS",
        "returnData": {
            "id": "280ca83d168f1844115ea1912f988ec8",
            "skey": "e7fc238f818d9fa32e2cdf9a45869203",
            "user_info": {
                "openId": "oPicY0cBD5ZB89KieBFSH-PNddIE",
                "nickName": "普通话君",
                "gender": 1,
                "language": "zh_CN",
                "city": "Suzhou",
                "province": "Jiangsu",
                "country": "CN",
                "avatarUrl": "http:\/\/wx.qlogo.cn\/mmopen\/vi_32\/DYAIOgq83eoVvEdGWoKlDIyUibGRJic4ckYwWHy5bJkeTY8vdf4tT4ibjZiccDicibBjoM5N7aTXTSM7s94hMOc4BicDw\/0",
                "unionId": "oU11PxF4Uy0w_t7N6rhIUzOyZ6VU",
                "watermark": {
                    "timestamp": 1494336934,
                    "appid": "wx3c13313f866a541a"
                }
            },
            "duration": 7200
        },
        "version": 1,
        "componentName": "MA"
    },
    "[耗时]": "194ms"
}

[2017-05-09 21:35:35][DEBUG] Util::writeJsonResult => [200] {
    "F2C224D4-2BCE-4C64-AF9F-A6D872000D1A": 1,
    "session": {
        "id": "280ca83d168f1844115ea1912f988ec8",
        "skey": "e7fc238f818d9fa32e2cdf9a45869203",
        "openid": "oPicY0cBD5ZB89KieBFSH-PNddIE",
        "unionid": "oU11PxF4Uy0w_t7N6rhIUzOyZ6VU"
    }
}

ERROR - 2017-05-09 21:35:35 --> 1 2
ERROR - 2017-05-09 21:35:35 --> 2 0
[2017-05-09 21:35:35][DEBUG] POST http://10.133.193.8/mina_auth/} => [200] {
    "[请求]": {
        "version": 1,
        "componentName": "MA",
        "interface": {
            "interfaceName": "qcloud.cam.id_skey",
            "para": {
                "code": "081gvx851Z1auN1047b51vWE851gvx86",
                "encrypt_data": "rIC7UelaD8FtwQdc1vwYvsZwITbWX3dOn0M9QOZth9jtS7pgf9wu4LvZBOc37nJnV1taNrIzm5Gic+tdwSGDd1kznohQBArMsxJSdeFFZ0xRcIN8c95vE8kmeOWQBxUXX73dMcQYptxDcigQ7WrYggEIXQk6p6VsrFeMprwAC7N\/ZmDMl38uyQ3sfhmuKztms\/xH3J0WWGqH2ddwmK7XShrvnDR+njTa9llWsztDefBBLSp7\/uQt1zQIaI65nB25eJrELqzLMClqTR7D2YFtJjGZsEbKeneJ75oCM9TqLeq\/84uExWGdGpOXwF3lAKIlYqAZb\/8yiJR5iAvIudWgH\/e2eYk4iPU1T5flcLCffbB+8UbmqCF+wjTLbXrRg5pj0cfive9D3numfb5RR6nb6p1RbRMsaaTlC3+tgpoltfmq2E8oiAgO0EYVbNPk9hKT2sNoKiJaYaxmr8EKLxA8fEv6+hz9OUzyiww6JxDRToZJV6kzckHo0uyO4w8HOCYl9X9J9izXqy\/DKH6MsGIUJQ==",
                "iv": "kknz1Ud+JM6k5UMac2D0rg=="
            }
        }
    },
    "[响应]": {
        "returnCode": 0,
        "returnMessage": "UPDATE_SESSION_SUCCESS",
        "returnData": {
            "id": "280ca83d168f1844115ea1912f988ec8",
            "skey": "bc7cdbbc43c55adc65c54f0c1df5391d",
            "user_info": {
                "openId": "oPicY0cBD5ZB89KieBFSH-PNddIE",
                "nickName": "普通话君",
                "gender": 1,
                "language": "zh_CN",
                "city": "Suzhou",
                "province": "Jiangsu",
                "country": "CN",
                "avatarUrl": "http:\/\/wx.qlogo.cn\/mmopen\/vi_32\/DYAIOgq83eoVvEdGWoKlDIyUibGRJic4ckYwWHy5bJkeTY8vdf4tT4ibjZiccDicibBjoM5N7aTXTSM7s94hMOc4BicDw\/0",
                "unionId": "oU11PxF4Uy0w_t7N6rhIUzOyZ6VU",
                "watermark": {
                    "timestamp": 1494336934,
                    "appid": "wx3c13313f866a541a"
                }
            },
            "duration": 7200
        },
        "version": 1,
        "componentName": "MA"
    },
    "[耗时]": "179ms"
}

[2017-05-09 21:35:35][DEBUG] Util::writeJsonResult => [200] {
    "F2C224D4-2BCE-4C64-AF9F-A6D872000D1A": 1,
    "session": {
        "id": "280ca83d168f1844115ea1912f988ec8",
        "skey": "bc7cdbbc43c55adc65c54f0c1df5391d",
        "openid": "oPicY0cBD5ZB89KieBFSH-PNddIE",
        "unionid": "oU11PxF4Uy0w_t7N6rhIUzOyZ6VU"
    }
}

