ERROR - 2017-03-26 01:08:22 --> 404 Page Not Found: Phpmyadmin/index
ERROR - 2017-03-26 01:09:30 --> 404 Page Not Found: Faviconico/index
ERROR - 2017-03-26 01:09:32 --> 404 Page Not Found: Faviconico/index
ERROR - 2017-03-26 01:10:25 --> 404 Page Not Found: Faviconico/index
ERROR - 2017-03-26 01:10:30 --> 404 Page Not Found: Faviconico/index
ERROR - 2017-03-26 02:11:58 --> 404 Page Not Found: Cache/global
ERROR - 2017-03-26 04:23:20 --> 404 Page Not Found: Phpmyadmin/index
ERROR - 2017-03-26 06:08:20 --> 404 Page Not Found: Faviconico/index
ERROR - 2017-03-26 06:08:21 --> 404 Page Not Found: Stats/index
ERROR - 2017-03-26 06:35:46 --> 404 Page Not Found: Cache/global
ERROR - 2017-03-26 07:40:19 --> 404 Page Not Found: Wp-includes/js
ERROR - 2017-03-26 07:40:20 --> 404 Page Not Found: Skins/vector
ERROR - 2017-03-26 07:40:20 --> 404 Page Not Found: Misc/states.js
ERROR - 2017-03-26 07:40:20 --> 404 Page Not Found: Static/js
ERROR - 2017-03-26 07:40:21 --> 404 Page Not Found: Include/js
ERROR - 2017-03-26 07:40:21 --> 404 Page Not Found: Include/js
ERROR - 2017-03-26 07:40:22 --> 404 Page Not Found: Include/js
ERROR - 2017-03-26 07:40:22 --> 404 Page Not Found: Res/js
ERROR - 2017-03-26 07:40:22 --> 404 Page Not Found: Js/wind_editor.js
ERROR - 2017-03-26 07:40:23 --> 404 Page Not Found: Styles/prosilver
ERROR - 2017-03-26 07:40:23 --> 404 Page Not Found: Styles/prosilver
ERROR - 2017-03-26 07:40:24 --> 404 Page Not Found: Editor/ubb
ERROR - 2017-03-26 07:40:24 --> 404 Page Not Found: Template/default
ERROR - 2017-03-26 07:40:24 --> 404 Page Not Found: Static/js
ERROR - 2017-03-26 07:40:25 --> 404 Page Not Found: Images/js
ERROR - 2017-03-26 07:40:25 --> 404 Page Not Found: Templets/style
ERROR - 2017-03-26 07:40:26 --> 404 Page Not Found: Include/dedeajax2.js
ERROR - 2017-03-26 07:40:26 --> 404 Page Not Found: Images/default
ERROR - 2017-03-26 07:40:26 --> 404 Page Not Found: Js/lang
ERROR - 2017-03-26 07:40:27 --> 404 Page Not Found: Js/lang
ERROR - 2017-03-26 07:40:27 --> 404 Page Not Found: D/js
ERROR - 2017-03-26 07:40:28 --> 404 Page Not Found: Skin/default
ERROR - 2017-03-26 07:40:28 --> 404 Page Not Found: Media/system
ERROR - 2017-03-26 07:40:28 --> 404 Page Not Found: Media/system
ERROR - 2017-03-26 07:40:29 --> 404 Page Not Found: Lang/zh
ERROR - 2017-03-26 07:40:29 --> 404 Page Not Found: Style/default
ERROR - 2017-03-26 07:40:29 --> 404 Page Not Found: Lang/zh
ERROR - 2017-03-26 07:40:30 --> 404 Page Not Found: Rockmongo/index
ERROR - 2017-03-26 07:40:30 --> 404 Page Not Found: Server-status/index
ERROR - 2017-03-26 07:40:31 --> 404 Page Not Found: Ueditoralljs/index
ERROR - 2017-03-26 07:40:31 --> 404 Page Not Found: Please_read/_search
ERROR - 2017-03-26 07:40:31 --> 404 Page Not Found: Pleasereadthis/index
ERROR - 2017-03-26 07:40:32 --> 404 Page Not Found: Wikilibd/PmWiki.ChangeLog
ERROR - 2017-03-26 07:40:32 --> 404 Page Not Found: Warning/index
ERROR - 2017-03-26 07:40:33 --> 404 Page Not Found: 4e5e5d7364f443e28fbf0d3ae744a59a/index
ERROR - 2017-03-26 07:40:33 --> 404 Page Not Found: Jenkins/index
ERROR - 2017-03-26 09:35:07 --> 404 Page Not Found: Cgi-bin/php
ERROR - 2017-03-26 09:35:10 --> 404 Page Not Found: Cgi-bin/php
ERROR - 2017-03-26 09:52:09 --> 404 Page Not Found: Struts2-core-238/login.action
ERROR - 2017-03-26 09:52:10 --> 404 Page Not Found: Struts-25101-src/login.action
ERROR - 2017-03-26 09:52:11 --> 404 Page Not Found: Struts-23201/login.action
ERROR - 2017-03-26 09:52:12 --> 404 Page Not Found: Struts-23203/login.action
ERROR - 2017-03-26 09:52:14 --> 404 Page Not Found: Struts-2320/login.action
ERROR - 2017-03-26 09:52:15 --> 404 Page Not Found: Struts-23241/login.action
ERROR - 2017-03-26 09:52:15 --> 404 Page Not Found: Struts-23243/login.action
ERROR - 2017-03-26 09:52:16 --> 404 Page Not Found: Struts-2324/login.action
ERROR - 2017-03-26 09:52:17 --> 404 Page Not Found: Struts-23281/login.action
ERROR - 2017-03-26 09:52:18 --> 404 Page Not Found: Struts-2328/login.action
ERROR - 2017-03-26 09:52:19 --> 404 Page Not Found: Struts-2329/login.action
ERROR - 2017-03-26 09:52:20 --> 404 Page Not Found: Struts-2330/login.action
ERROR - 2017-03-26 09:52:21 --> 404 Page Not Found: Struts-2331/login.action
ERROR - 2017-03-26 09:52:22 --> 404 Page Not Found: Struts-25-BETA1/login.action
ERROR - 2017-03-26 09:52:23 --> 404 Page Not Found: Struts-25-BETA2/login.action
ERROR - 2017-03-26 09:52:24 --> 404 Page Not Found: Struts-25-BETA3/login.action
ERROR - 2017-03-26 09:52:25 --> 404 Page Not Found: Struts-251/login.action
ERROR - 2017-03-26 09:52:25 --> 404 Page Not Found: Struts-25101/login.action
ERROR - 2017-03-26 09:52:26 --> 404 Page Not Found: Struts-2510/login.action
ERROR - 2017-03-26 09:52:27 --> 404 Page Not Found: Struts-252/login.action
ERROR - 2017-03-26 09:52:28 --> 404 Page Not Found: Struts-255/login.action
ERROR - 2017-03-26 09:52:29 --> 404 Page Not Found: Struts-258/login.action
ERROR - 2017-03-26 09:52:30 --> 404 Page Not Found: Struts-25/login.action
ERROR - 2017-03-26 11:57:58 --> 404 Page Not Found: Struts-25-BETA1/login.action
ERROR - 2017-03-26 12:00:31 --> 404 Page Not Found: Struts-25/login.action
ERROR - 2017-03-26 12:12:58 --> 404 Page Not Found: Struts-255/login.action
ERROR - 2017-03-26 12:13:08 --> 404 Page Not Found: Struts-255/login.action
ERROR - 2017-03-26 12:18:17 --> 404 Page Not Found: Struts-23243/login.action
ERROR - 2017-03-26 12:19:35 --> 404 Page Not Found: Struts-252/login.action
ERROR - 2017-03-26 12:24:50 --> 404 Page Not Found: Struts-25101/login.action
ERROR - 2017-03-26 12:26:44 --> 404 Page Not Found: Struts-258/login.action
ERROR - 2017-03-26 12:30:57 --> 404 Page Not Found: Struts-25101-src/login.action
ERROR - 2017-03-26 12:32:32 --> 404 Page Not Found: Struts-23241/login.action
ERROR - 2017-03-26 12:32:41 --> 404 Page Not Found: Struts-23241/login.action
ERROR - 2017-03-26 12:32:54 --> 404 Page Not Found: Struts-23241/login.action
ERROR - 2017-03-26 12:49:19 --> 404 Page Not Found: Struts-2328/login.action
ERROR - 2017-03-26 12:50:42 --> 404 Page Not Found: Struts-2330/login.action
ERROR - 2017-03-26 13:28:59 --> 404 Page Not Found: Struts-2320/login.action
ERROR - 2017-03-26 13:28:59 --> 404 Page Not Found: Struts-2320/login.action
ERROR - 2017-03-26 13:28:59 --> 404 Page Not Found: Struts-2320/login.action
ERROR - 2017-03-26 13:28:59 --> 404 Page Not Found: Struts-2320/login.action
ERROR - 2017-03-26 15:15:46 --> 404 Page Not Found: Struts-251/login.action
ERROR - 2017-03-26 15:35:34 --> 404 Page Not Found: Struts-2329/login.action
ERROR - 2017-03-26 16:56:48 --> 404 Page Not Found: Struts2-core-238/login.action
ERROR - 2017-03-26 16:56:48 --> 404 Page Not Found: Struts-25101-src/login.action
ERROR - 2017-03-26 16:56:49 --> 404 Page Not Found: Struts-23201/login.action
ERROR - 2017-03-26 16:56:49 --> 404 Page Not Found: Struts-23203/login.action
ERROR - 2017-03-26 16:56:50 --> 404 Page Not Found: Struts-2320/login.action
ERROR - 2017-03-26 16:56:51 --> 404 Page Not Found: Struts-23241/login.action
ERROR - 2017-03-26 16:56:51 --> 404 Page Not Found: Struts-23243/login.action
ERROR - 2017-03-26 16:56:52 --> 404 Page Not Found: Struts-2324/login.action
ERROR - 2017-03-26 16:56:53 --> 404 Page Not Found: Struts-23281/login.action
ERROR - 2017-03-26 16:56:54 --> 404 Page Not Found: Struts-2328/login.action
ERROR - 2017-03-26 16:56:54 --> 404 Page Not Found: Struts-2329/login.action
ERROR - 2017-03-26 16:56:55 --> 404 Page Not Found: Struts-2330/login.action
ERROR - 2017-03-26 16:56:56 --> 404 Page Not Found: Struts-2331/login.action
ERROR - 2017-03-26 16:56:56 --> 404 Page Not Found: Struts-25-BETA1/login.action
ERROR - 2017-03-26 16:56:57 --> 404 Page Not Found: Struts-25-BETA2/login.action
ERROR - 2017-03-26 16:56:57 --> 404 Page Not Found: Struts-25-BETA3/login.action
ERROR - 2017-03-26 16:56:58 --> 404 Page Not Found: Struts-251/login.action
ERROR - 2017-03-26 16:56:59 --> 404 Page Not Found: Struts-25101/login.action
ERROR - 2017-03-26 16:56:59 --> 404 Page Not Found: Struts-2510/login.action
ERROR - 2017-03-26 16:57:00 --> 404 Page Not Found: Struts-252/login.action
ERROR - 2017-03-26 16:57:00 --> 404 Page Not Found: Struts-255/login.action
ERROR - 2017-03-26 16:57:01 --> 404 Page Not Found: Struts-258/login.action
ERROR - 2017-03-26 16:57:02 --> 404 Page Not Found: Struts-25/login.action
ERROR - 2017-03-26 17:06:26 --> 404 Page Not Found: Portal/client
ERROR - 2017-03-26 17:06:26 --> 404 Page Not Found: Admin/agent
ERROR - 2017-03-26 17:06:27 --> 404 Page Not Found: Vportal/web
ERROR - 2017-03-26 17:06:28 --> 404 Page Not Found: Struts2_23151-showcase/showcase.action
ERROR - 2017-03-26 17:06:29 --> 404 Page Not Found: Struts2-showcase/login.action
ERROR - 2017-03-26 17:06:30 --> 404 Page Not Found: Struts/login.action
ERROR - 2017-03-26 17:06:31 --> 404 Page Not Found: Struts2/login.action
ERROR - 2017-03-26 17:06:32 --> 404 Page Not Found: Web/Index.action
ERROR - 2017-03-26 18:30:54 --> 404 Page Not Found: Struts-2324/login.action
ERROR - 2017-03-26 18:49:59 --> 404 Page Not Found: Indexaction/index
ERROR - 2017-03-26 18:50:00 --> 404 Page Not Found: Indexaction/index
ERROR - 2017-03-26 18:50:01 --> 404 Page Not Found: Indexaction/index
ERROR - 2017-03-26 18:54:34 --> 404 Page Not Found: Struts-25-BETA2/login.action
ERROR - 2017-03-26 18:58:50 --> 404 Page Not Found: Portal/client
ERROR - 2017-03-26 18:58:51 --> 404 Page Not Found: Admin/agent
ERROR - 2017-03-26 18:58:52 --> 404 Page Not Found: Vportal/web
ERROR - 2017-03-26 18:58:53 --> 404 Page Not Found: Struts2_23151-showcase/showcase.action
ERROR - 2017-03-26 18:58:53 --> 404 Page Not Found: Struts2-showcase/login.action
ERROR - 2017-03-26 18:58:54 --> 404 Page Not Found: Struts/login.action
ERROR - 2017-03-26 18:58:55 --> 404 Page Not Found: Struts2/login.action
ERROR - 2017-03-26 18:58:56 --> 404 Page Not Found: Web/Index.action
ERROR - 2017-03-26 18:59:53 --> 404 Page Not Found: Struts2-core-238/login.action
ERROR - 2017-03-26 19:03:49 --> 404 Page Not Found: Struts-25-BETA3/login.action
ERROR - 2017-03-26 19:03:49 --> 404 Page Not Found: Struts-23203/login.action
ERROR - 2017-03-26 19:04:03 --> 404 Page Not Found: Struts-23281/login.action
ERROR - 2017-03-26 19:04:12 --> 404 Page Not Found: Struts-23281/login.action
ERROR - 2017-03-26 19:08:46 --> 404 Page Not Found: Struts-2510/login.action
ERROR - 2017-03-26 19:08:55 --> 404 Page Not Found: Struts-2510/login.action
ERROR - 2017-03-26 19:25:23 --> 404 Page Not Found: Vportal/web
ERROR - 2017-03-26 19:25:32 --> 404 Page Not Found: Vportal/web
ERROR - 2017-03-26 19:38:34 --> 404 Page Not Found: Portal/client
ERROR - 2017-03-26 19:38:38 --> 404 Page Not Found: Admin/agent
ERROR - 2017-03-26 19:39:00 --> 404 Page Not Found: Struts2_23151-showcase/showcase.action
ERROR - 2017-03-26 19:39:17 --> 404 Page Not Found: Struts2-showcase/login.action
ERROR - 2017-03-26 19:39:38 --> 404 Page Not Found: Struts2/login.action
ERROR - 2017-03-26 19:39:39 --> 404 Page Not Found: Web/Index.action
ERROR - 2017-03-26 19:43:32 --> 404 Page Not Found: Web/Index.action
ERROR - 2017-03-26 19:43:58 --> 404 Page Not Found: Struts/login.action
ERROR - 2017-03-26 19:44:07 --> 404 Page Not Found: Struts/login.action
ERROR - 2017-03-26 20:05:58 --> 404 Page Not Found: Struts-251/login.action
ERROR - 2017-03-26 20:06:07 --> 404 Page Not Found: Struts-251/login.action
ERROR - 2017-03-26 20:16:37 --> 404 Page Not Found: Struts-25/login.action
ERROR - 2017-03-26 20:16:37 --> 404 Page Not Found: Struts-25/login.action
ERROR - 2017-03-26 20:16:37 --> 404 Page Not Found: Struts-25/login.action
ERROR - 2017-03-26 20:16:37 --> 404 Page Not Found: Struts-25/login.action
ERROR - 2017-03-26 20:17:05 --> 404 Page Not Found: Struts-25-BETA3/login.action
ERROR - 2017-03-26 20:24:18 --> 404 Page Not Found: Struts-25/login.action
ERROR - 2017-03-26 20:25:06 --> 404 Page Not Found: Struts-25-BETA3/login.action
ERROR - 2017-03-26 20:26:23 --> 1 2
ERROR - 2017-03-26 20:26:23 --> 2 0
[2017-03-26 20:26:23][DEBUG] POST http://10.133.193.8/mina_auth/} => [200] {
    "[请求]": {
        "version": 1,
        "componentName": "MA",
        "interface": {
            "interfaceName": "qcloud.cam.id_skey",
            "para": {
                "code": "031JwHid1yt17u0yklmd1RPMid1JwHiQ",
                "encrypt_data": "LsXDiGjFte5z6o\/V20LtSikJONJqqUB36R60g43VgrKtfspeGFe00mx9f2hWvwiuaAXaEhqqAysq4VRIQiqZ5VK4ONrwrpZRs2ETy9NXS3c+hbkAfroVP7iyhXCKrqLux1L3jq45fdwR4F76\/qCq6JAxLbt29ANzjdSCIj5\/EUo5pXr7OO8YjP9+6BXZm7JIVU\/9MkxhCNT2E5a1kq1\/8lrD4oXi98TmCycLpPCRbc\/e7\/g5ZJ6xB+q9BcqTDqmlATYGi6dgYTkpDPCQJ9goJEG3OZIedL+YyYd\/PGqKy3WVgIELhwOgYQLmRmjhb9\/uQdaHlFZCzmWediPHXskHRenYGZnVwPDpvxClx4WTZsUa\/EBYa2OUtulvesGDvFbyLdmqHdzvNHV0icsfgCwztiC15mKjedMyl7i8HlNZ7V9Iw8uXPNp1thyBpY13ICky4vYjhwVt+pCo1OOss1X0mOI8OfeDgV0F0ZYIKJ3dgk6rImqB2XwUKT1xTVLqbr2+0axZvRdp7r14UBuMj83qYA==",
                "iv": "fb6L3nawvAI+r8cdxeqRnQ=="
            }
        }
    },
    "[响应]": {
        "returnCode": 0,
        "returnMessage": "UPDATE_SESSION_SUCCESS",
        "returnData": {
            "id": "90a8eba92624f3eda7fc5e8c60c65b22",
            "skey": "36271e1433a1c0045d3336ceea1d6663",
            "user_info": {
                "openId": "oPicY0XpVliDqsuib8hRtBuzaWC0",
                "nickName": "屎盖同学",
                "gender": 1,
                "language": "zh_CN",
                "city": "Suzhou",
                "province": "Jiangsu",
                "country": "CN",
                "avatarUrl": "http:\/\/wx.qlogo.cn\/mmopen\/vi_32\/Q0j4TwGTfTJXPiaZFqkBUGkxh1HlY8MhfgtOHpH8NKVAyjHsp5f5dTFCiaq2icfCKVbibvW76lAx42T8CLT9Ryfg9g\/0",
                "unionId": "oU11PxIEbEvafYFLAlTyFyJFLFJM",
                "watermark": {
                    "timestamp": 1490531182,
                    "appid": "wx3c13313f866a541a"
                }
            },
            "duration": 7200
        },
        "version": 1,
        "componentName": "MA"
    },
    "[耗时]": "128ms"
}

[2017-03-26 20:26:23][DEBUG] Util::writeJsonResult => [200] {
    "F2C224D4-2BCE-4C64-AF9F-A6D872000D1A": 1,
    "session": {
        "id": "90a8eba92624f3eda7fc5e8c60c65b22",
        "skey": "36271e1433a1c0045d3336ceea1d6663",
        "openid": "oPicY0XpVliDqsuib8hRtBuzaWC0",
        "unionid": "oU11PxIEbEvafYFLAlTyFyJFLFJM"
    }
}

ERROR - 2017-03-26 20:26:23 --> 1 2
ERROR - 2017-03-26 20:26:23 --> 2 0
[2017-03-26 20:26:23][DEBUG] POST http://10.133.193.8/mina_auth/} => [200] {
    "[请求]": {
        "version": 1,
        "componentName": "MA",
        "interface": {
            "interfaceName": "qcloud.cam.id_skey",
            "para": {
                "code": "041QoFkh23T4EF0h0ijh20ROkh2QoFkw",
                "encrypt_data": "9MSIxgYJ3YBibweor0K6roZk\/ZMLhOkMwB6wmnxvE3VWxHFyvqBRobVOx4XLSlP6+Ieuf\/8dKgAZBy5AMVeFH1s6x20p64Anut4LSTwWhwnIYD0mVChn\/bXWbrxIGTyiAr8rjiTXQsCytrW4NO4bYFNDMVIjjmvDLCbrmMHiGsrn75tiSKHKFQxmyRCi4ElUN9mRDeAv6Op47RGfeAhCb5J\/RAaFk3QG4rHIKtUewlWjSedSglTikmUTfH5JDK0dkJlF5vMQVziwvUDC\/ZzkW7Tf5sadkl7GlLR0fQ23N9JFCRjFpbGQVq4olAPftWHdva5+tjaLqS3re2pqWkTch7Yo0NWEhkB3XG6TQdDz9J3E8HHccg0seut8ZuY\/eSk8uSkCkXLjZyUVuilEFffN1XCi1mbZpV2cT+jtHpLrpwJyUjOPmCwmtzrFP98SePO8EFenU4GP7UB\/eLnRM3n0esyi30bQuG9vn3\/yVXupHBsvkYnIoadSomktzOXkamFI7bqlTg6PARE+gfN3ZcjvIg==",
                "iv": "3B1KhVlkGgXz5tsczUGLew=="
            }
        }
    },
    "[响应]": {
        "returnCode": 0,
        "returnMessage": "UPDATE_SESSION_SUCCESS",
        "returnData": {
            "id": "90a8eba92624f3eda7fc5e8c60c65b22",
            "skey": "9ce9fd76f4d257e4ea0f8e2eff259bb8",
            "user_info": {
                "openId": "oPicY0XpVliDqsuib8hRtBuzaWC0",
                "nickName": "屎盖同学",
                "gender": 1,
                "language": "zh_CN",
                "city": "Suzhou",
                "province": "Jiangsu",
                "country": "CN",
                "avatarUrl": "http:\/\/wx.qlogo.cn\/mmopen\/vi_32\/Q0j4TwGTfTJXPiaZFqkBUGkxh1HlY8MhfgtOHpH8NKVAyjHsp5f5dTFCiaq2icfCKVbibvW76lAx42T8CLT9Ryfg9g\/0",
                "unionId": "oU11PxIEbEvafYFLAlTyFyJFLFJM",
                "watermark": {
                    "timestamp": 1490531182,
                    "appid": "wx3c13313f866a541a"
                }
            },
            "duration": 7200
        },
        "version": 1,
        "componentName": "MA"
    },
    "[耗时]": "126ms"
}

[2017-03-26 20:26:23][DEBUG] Util::writeJsonResult => [200] {
    "F2C224D4-2BCE-4C64-AF9F-A6D872000D1A": 1,
    "session": {
        "id": "90a8eba92624f3eda7fc5e8c60c65b22",
        "skey": "9ce9fd76f4d257e4ea0f8e2eff259bb8",
        "openid": "oPicY0XpVliDqsuib8hRtBuzaWC0",
        "unionid": "oU11PxIEbEvafYFLAlTyFyJFLFJM"
    }
}

ERROR - 2017-03-26 20:27:11 --> 
ERROR - 2017-03-26 20:52:02 --> 404 Page Not Found: Shell/index
ERROR - 2017-03-26 20:55:20 --> 404 Page Not Found: Portal/client
ERROR - 2017-03-26 20:59:40 --> 404 Page Not Found: Struts2-showcase/login.action
ERROR - 2017-03-26 20:59:40 --> 404 Page Not Found: Struts2_23151-showcase/showcase.action
ERROR - 2017-03-26 21:15:14 --> 404 Page Not Found: Indexaction/index
ERROR - 2017-03-26 21:15:46 --> 404 Page Not Found: Struts2/login.action
ERROR - 2017-03-26 21:15:46 --> 404 Page Not Found: Struts-258/login.action
ERROR - 2017-03-26 21:21:57 --> 404 Page Not Found: Struts-255/login.action
ERROR - 2017-03-26 21:22:09 --> 404 Page Not Found: Struts-255/login.action
ERROR - 2017-03-26 22:02:58 --> 404 Page Not Found: Struts-23281/login.action
ERROR - 2017-03-26 22:23:35 --> 1 2
ERROR - 2017-03-26 22:23:35 --> 2 0
[2017-03-26 22:23:35][DEBUG] POST http://10.133.193.8/mina_auth/} => [200] {
    "[请求]": {
        "version": 1,
        "componentName": "MA",
        "interface": {
            "interfaceName": "qcloud.cam.id_skey",
            "para": {
                "code": "051xKEJA16eW2g04VcLA1hvhJA1xKEJy",
                "encrypt_data": "K2qu5EqmWf3WJP3jKy+sdgJLzzxJSqekHs9So7CWjn+s20P8xa1dlMwx2bBnHOFLFjeAbG2WJPjX\/ssa2TPnOPG5e1zPUVbjnHtmfwQqzb9o3X+3Occ890WosGtlmlES1qqxhKLV\/fcgPvyKi5PBGE0Qih+EXJjSRf3yUmN3IRSmgQoYVXVpQ1bbzmX3D\/rbXBHj5lzfqjy49mGnHXgAm9IehtexOn2uj\/DwFOhF2bVRJwDpUFRw\/1D6lW96\/EqnUFoMqnMJJUT3k\/g6uDL37htYTFtW51ruFFDNsZnVTyQbtq8auWJZoCEHMqQzKCqENSPDME4E4azCkfkNKCcI\/Kcg6NbrqkUiKZgJ3+JryQLH2ZYixYOieUCtOYCHF1jSZp50bSWswzcAOKujoJQxozS7KJlONGsj8XE3o2e7Wqwv3UJoEFOHeRA+7kNdPgDlWtGXMxrQMtphA4c+UlkJAseRL6g26gguA97VYvH1a8smUKvGXegeEUmUWEUZOBcBzUufHTSo+AULmoCwk4nhag==",
                "iv": "r+XmWQgB9BSbDAkmghqiGA=="
            }
        }
    },
    "[响应]": {
        "returnCode": 0,
        "returnMessage": "UPDATE_SESSION_SUCCESS",
        "returnData": {
            "id": "2cf24fa4e47169cf5cdc27fae97ea51d",
            "skey": "c98344e4a02816723e529e65917878b7",
            "user_info": {
                "openId": "oPicY0eKLErSVPY9eCynPyHwZYB8",
                "nickName": "蒋煜天.在路上",
                "gender": 1,
                "language": "en",
                "city": "Suzhou",
                "province": "Jiangsu",
                "country": "CN",
                "avatarUrl": "http:\/\/wx.qlogo.cn\/mmopen\/vi_32\/DYAIOgq83ep6oLvpbBfVcYSLBjobULhjllh9epmRg03RiaFZNoTNtoH9JRCRrAcuEjFgkVoblGFFTopTPTOvfgg\/0",
                "unionId": "oU11PxI5w2BTja9r5Wnjl-9nznPg",
                "watermark": {
                    "timestamp": 1490538208,
                    "appid": "wx3c13313f866a541a"
                }
            },
            "duration": 7200
        },
        "version": 1,
        "componentName": "MA"
    },
    "[耗时]": "110ms"
}

[2017-03-26 22:23:35][DEBUG] Util::writeJsonResult => [200] {
    "F2C224D4-2BCE-4C64-AF9F-A6D872000D1A": 1,
    "session": {
        "id": "2cf24fa4e47169cf5cdc27fae97ea51d",
        "skey": "c98344e4a02816723e529e65917878b7",
        "openid": "oPicY0eKLErSVPY9eCynPyHwZYB8",
        "unionid": "oU11PxI5w2BTja9r5Wnjl-9nznPg"
    }
}

ERROR - 2017-03-26 22:23:44 --> 1 2
ERROR - 2017-03-26 22:23:44 --> 2 0
[2017-03-26 22:23:44][DEBUG] POST http://10.133.193.8/mina_auth/} => [200] {
    "[请求]": {
        "version": 1,
        "componentName": "MA",
        "interface": {
            "interfaceName": "qcloud.cam.id_skey",
            "para": {
                "code": "051WHdIt02Dz3e1JzjHt0pPSHt0WHdIx",
                "encrypt_data": "xLpqqQr56UT\/Z9pnDkYeoFPajZyD0eS8Rs4ou\/ArwPIAiZLyUoc9x39m2oAPRmJb0nbsxloygsGHgpPDuGPcCCphTE8ywW4USRXnqvz4QWp7oLhYRawkTwvmnXQXnLg3dIxCeu1wf8ZbweQBZJJ4kNLxWcGwuF9fRTz1CfMJnlfpWzcOI6jE9H3FEtaKHmAp2cvTqLvRsu+da2zHHtY6I1Lj3IB65eqLNTJss8jnXX6QX3irj7UnAnIvjgmoc6LJuVSibKMbXPtBmU83yQJ2BFSCyjeEcjerVN8tpQEH22ZcpCvmuqNkI10CKKTh\/\/vp4k2OdRq1520+imoKz5opvkEDrIgfXpFsSqqH9z5PLmu7AHxNRrXZyfTr1BROL\/mlpOJoADyU6VQvGlihjB+IoL7b5LclnlGcm+4bHuiRjTwaq7XECL1SRJOCzeKmeztOdSOqPV\/IJIh8UH6niaNxsM2Ep2lYspLZJ0hTHDcmr+Ch\/SKZuzYsOlCkplq+4j\/4wWmwxl3qg3u3bDAWWby4iw==",
                "iv": "qObg5Hy5hsKIvOPpvdbD6w=="
            }
        }
    },
    "[响应]": {
        "returnCode": 0,
        "returnMessage": "UPDATE_SESSION_SUCCESS",
        "returnData": {
            "id": "2cf24fa4e47169cf5cdc27fae97ea51d",
            "skey": "736f9aa9c95f52f5a64b18fd82fe50c1",
            "user_info": {
                "openId": "oPicY0eKLErSVPY9eCynPyHwZYB8",
                "nickName": "蒋煜天.在路上",
                "gender": 1,
                "language": "en",
                "city": "Suzhou",
                "province": "Jiangsu",
                "country": "CN",
                "avatarUrl": "http:\/\/wx.qlogo.cn\/mmopen\/vi_32\/DYAIOgq83ep6oLvpbBfVcYSLBjobULhjllh9epmRg03RiaFZNoTNtoH9JRCRrAcuEjFgkVoblGFFTopTPTOvfgg\/0",
                "unionId": "oU11PxI5w2BTja9r5Wnjl-9nznPg",
                "watermark": {
                    "timestamp": 1490538209,
                    "appid": "wx3c13313f866a541a"
                }
            },
            "duration": 7200
        },
        "version": 1,
        "componentName": "MA"
    },
    "[耗时]": "95ms"
}

[2017-03-26 22:23:44][DEBUG] Util::writeJsonResult => [200] {
    "F2C224D4-2BCE-4C64-AF9F-A6D872000D1A": 1,
    "session": {
        "id": "2cf24fa4e47169cf5cdc27fae97ea51d",
        "skey": "736f9aa9c95f52f5a64b18fd82fe50c1",
        "openid": "oPicY0eKLErSVPY9eCynPyHwZYB8",
        "unionid": "oU11PxI5w2BTja9r5Wnjl-9nznPg"
    }
}

ERROR - 2017-03-26 22:24:54 --> 
ERROR - 2017-03-26 22:27:13 --> 404 Page Not Found: Struts-2510/login.action
ERROR - 2017-03-26 22:28:56 --> 1 2
ERROR - 2017-03-26 22:28:56 --> 2 0
[2017-03-26 22:28:56][DEBUG] POST http://10.133.193.8/mina_auth/} => [200] {
    "[请求]": {
        "version": 1,
        "componentName": "MA",
        "interface": {
            "interfaceName": "qcloud.cam.id_skey",
            "para": {
                "code": "051JZFbk1MbaYi0xeWak12PSbk1JZFbw",
                "encrypt_data": "JGXLwPiRg8ntPBJChUkoSdVklCHxL2m+Yp4aRtoPxTEqpen40EspjU+dj4kN5T4TyGKWEq8hu+OJBXRDfvbXIa0t8+0HFeRe7DOJu8bd3JQ1O93jPgf1OzkMm1tGTk8DbPaQveWuOR47ZZ4IGTdgWOxUx9XfBaCxZw1hCF+kBkWy\/tittb3mbiU91HgtNzVhKQGotnpZ2a7E5mq6dA7JHfc1pOD4sZicpC3rBjzJ0Skg2VF7T54sOTSZCUmAv9iNm5hc7t+OA+aNNaqRRKDW757xCZ7DUCS0JJkGKEdINBienpjTjD5jOvUJDsXRhMk+xyLgl5\/tdryexGcoSAAzs4nKmFqJHlEQ3+98iCPGZNUBv15VTL9Oi7p8jIlydPwKz3WsSe7pvqYoso+mzo78GblVBDU3BPtiq7tnmNXUSe5I4RaS4A+g7zMTxutZy54NzEvxCI4ZcsOnSVZPCetaUxNXQr4eENC3pivevvicBqIzezI1v\/fHIghigarPFJA47IaezwNfVZtShSaKI1GLeQ==",
                "iv": "3ExGcwLNn3oH2WtaE1Puwg=="
            }
        }
    },
    "[响应]": {
        "returnCode": 0,
        "returnMessage": "NEW_SESSION_SUCCESS",
        "returnData": {
            "id": "72ef591fb8821ac72d09be193349a682",
            "skey": "5aa67b3ab291bc0b2f5b18dd4fda7679",
            "user_info": {
                "openId": "oPicY0Zgm9H4f8MuyOFmRhh0CKO8",
                "nickName": "顾幸福",
                "gender": 1,
                "language": "zh_CN",
                "city": "Suzhou",
                "province": "Jiangsu",
                "country": "CN",
                "avatarUrl": "http:\/\/wx.qlogo.cn\/mmopen\/vi_32\/Q0j4TwGTfTKfKQ64b92avyLZycUHuTmbPppj5NglvaqBHibUakP9K6XQrX7lE4BMQaLbkJ0qicb9DC3foextia0pA\/0",
                "unionId": "oU11PxNpkxHyUmySJqpR0xdmUY18",
                "watermark": {
                    "timestamp": 1490538534,
                    "appid": "wx3c13313f866a541a"
                }
            },
            "duration": 7200
        },
        "version": 1,
        "componentName": "MA"
    },
    "[耗时]": "121ms"
}

[2017-03-26 22:28:56][DEBUG] Util::writeJsonResult => [200] {
    "F2C224D4-2BCE-4C64-AF9F-A6D872000D1A": 1,
    "session": {
        "id": "72ef591fb8821ac72d09be193349a682",
        "skey": "5aa67b3ab291bc0b2f5b18dd4fda7679",
        "openid": "oPicY0Zgm9H4f8MuyOFmRhh0CKO8",
        "unionid": "oU11PxNpkxHyUmySJqpR0xdmUY18"
    }
}

ERROR - 2017-03-26 22:28:56 --> 1 2
ERROR - 2017-03-26 22:28:56 --> 2 0
[2017-03-26 22:28:56][DEBUG] POST http://10.133.193.8/mina_auth/} => [200] {
    "[请求]": {
        "version": 1,
        "componentName": "MA",
        "interface": {
            "interfaceName": "qcloud.cam.id_skey",
            "para": {
                "code": "051VjJtk20BljJ0gl8sk2xINtk2VjJt8",
                "encrypt_data": "XhaDyrjPL\/XPN98qYWVZq0\/zNdz5xp+iY\/5+5P0sHEwQ9w1qR7hWdymXswXLu822xXcsjIjm8MjImd2pZoTmtK\/q\/FrS0HDchzX6PzDqwRuJmhjHvgGZQA8nB8+lRzeqNR+LqsIcIJVjYD84Wj8jSvMNqD2W1+ZDGiuscpMjV9tJopmUWWk4MapyPfzTsCFiGib0kxM6D\/iFx0i4W3ehMarEIdvSFKMuM1vvxOF4jcBR6m1wDpT5H3fsH5TtaZx781NMvpk0xYBq4\/tVlUxTQmpD19TAxHQXf6+HHvpFaZHHh73xAamBneWEo8y3uP9RNYlZframx92\/jdb3T58KRQoAkVI1bFvDsic6ufMYZHwLiJ3amlMCnzdWjx8yR1+X9fxjzOzrzERrId7MFsQ76vOgtscbMS2eiiR\/JeFO6A7vrdKEEMe+\/1cxa+7DSqCeijHwQMrLlNlPAwiVlsWlC\/GLBE3EtY6j3qrJtAT2eqawz+nNGoKqutIV8lmsJbvMS2rTcQPbTM6t5rahr+xQ9w==",
                "iv": "1SMSHrL5PzIE3HiWt0gQ5A=="
            }
        }
    },
    "[响应]": {
        "returnCode": 0,
        "returnMessage": "UPDATE_SESSION_SUCCESS",
        "returnData": {
            "id": "72ef591fb8821ac72d09be193349a682",
            "skey": "76b8a912247cf8e0eb161a8a936f545c",
            "user_info": {
                "openId": "oPicY0Zgm9H4f8MuyOFmRhh0CKO8",
                "nickName": "顾幸福",
                "gender": 1,
                "language": "zh_CN",
                "city": "Suzhou",
                "province": "Jiangsu",
                "country": "CN",
                "avatarUrl": "http:\/\/wx.qlogo.cn\/mmopen\/vi_32\/Q0j4TwGTfTKfKQ64b92avyLZycUHuTmbPppj5NglvaqBHibUakP9K6XQrX7lE4BMQaLbkJ0qicb9DC3foextia0pA\/0",
                "unionId": "oU11PxNpkxHyUmySJqpR0xdmUY18",
                "watermark": {
                    "timestamp": 1490538534,
                    "appid": "wx3c13313f866a541a"
                }
            },
            "duration": 7200
        },
        "version": 1,
        "componentName": "MA"
    },
    "[耗时]": "129ms"
}

[2017-03-26 22:28:56][DEBUG] Util::writeJsonResult => [200] {
    "F2C224D4-2BCE-4C64-AF9F-A6D872000D1A": 1,
    "session": {
        "id": "72ef591fb8821ac72d09be193349a682",
        "skey": "76b8a912247cf8e0eb161a8a936f545c",
        "openid": "oPicY0Zgm9H4f8MuyOFmRhh0CKO8",
        "unionid": "oU11PxNpkxHyUmySJqpR0xdmUY18"
    }
}

ERROR - 2017-03-26 22:28:56 --> Severity: Notice --> Trying to get property of non-object /data/release/php-weapp-demo/application/models/User_model.php 30
ERROR - 2017-03-26 22:29:28 --> 
ERROR - 2017-03-26 22:30:06 --> 
ERROR - 2017-03-26 22:30:42 --> 
ERROR - 2017-03-26 22:30:49 --> 
ERROR - 2017-03-26 22:30:54 --> 
ERROR - 2017-03-26 22:31:23 --> 
ERROR - 2017-03-26 22:57:48 --> 404 Page Not Found: Struts-25/login.action
ERROR - 2017-03-26 22:58:35 --> 404 Page Not Found: Web/Index.action
