ERROR - 2017-04-13 00:09:34 --> 404 Page Not Found: Phpmyadmin/index
ERROR - 2017-04-13 00:41:50 --> 404 Page Not Found: Cgi-sys/realsignup.cgi
ERROR - 2017-04-13 00:41:51 --> 404 Page Not Found: Cgi-bin/test-cgi
ERROR - 2017-04-13 00:41:52 --> 404 Page Not Found: Cgi-bin/test.cgi
ERROR - 2017-04-13 01:42:48 --> 404 Page Not Found: Search/index
ERROR - 2017-04-13 01:42:48 --> 404 Page Not Found: 273/index
ERROR - 2017-04-13 02:04:44 --> 404 Page Not Found: Check_proxy/index
ERROR - 2017-04-13 03:23:16 --> 404 Page Not Found: Cgi-bin/test-cgi
ERROR - 2017-04-13 03:25:48 --> 404 Page Not Found: Cgi-sys/realsignup.cgi
ERROR - 2017-04-13 03:25:57 --> 404 Page Not Found: Cgi-sys/realsignup.cgi
ERROR - 2017-04-13 03:26:08 --> 404 Page Not Found: Cgi-sys/realsignup.cgi
ERROR - 2017-04-13 03:31:35 --> 404 Page Not Found: Phpmyadmin/index
ERROR - 2017-04-13 03:31:44 --> 404 Page Not Found: Phpmyadmin/index
ERROR - 2017-04-13 05:56:25 --> 404 Page Not Found: Phpmyadmin/index
ERROR - 2017-04-13 07:57:05 --> 404 Page Not Found: Cache/global
ERROR - 2017-04-13 08:35:20 --> 404 Page Not Found: Cache/global
ERROR - 2017-04-13 14:18:34 --> 404 Page Not Found: Map_portshtml/index
ERROR - 2017-04-13 17:06:35 --> 404 Page Not Found: Map_portshtml/index
ERROR - 2017-04-13 17:07:00 --> 404 Page Not Found: Map_portshtml/index
ERROR - 2017-04-13 17:57:00 --> 404 Page Not Found: Cgi-bin/php
ERROR - 2017-04-13 19:12:13 --> 404 Page Not Found: Manager/html
ERROR - 2017-04-13 20:56:11 --> 404 Page Not Found: Cgi/common.cgi
ERROR - 2017-04-13 20:56:12 --> 404 Page Not Found: Stssyshtm/index
ERROR - 2017-04-13 21:47:42 --> 404 Page Not Found: Manager/html
ERROR - 2017-04-13 22:22:57 --> 404 Page Not Found: Manager/html
ERROR - 2017-04-13 22:23:06 --> 404 Page Not Found: Manager/html
