ERROR - 2017-08-06 00:57:18 --> 404 Page Not Found: Faviconico/index
ERROR - 2017-08-06 05:04:31 --> 404 Page Not Found: Proxyhtml/index
ERROR - 2017-08-06 07:50:23 --> 404 Page Not Found: Wp-includes/js
ERROR - 2017-08-06 07:50:24 --> 404 Page Not Found: Skins/vector
ERROR - 2017-08-06 07:50:24 --> 404 Page Not Found: Misc/states.js
ERROR - 2017-08-06 07:50:24 --> 404 Page Not Found: Static/js
ERROR - 2017-08-06 07:50:25 --> 404 Page Not Found: Include/js
ERROR - 2017-08-06 07:50:25 --> 404 Page Not Found: Include/js
ERROR - 2017-08-06 07:50:26 --> 404 Page Not Found: Include/js
ERROR - 2017-08-06 07:50:26 --> 404 Page Not Found: Res/js
ERROR - 2017-08-06 07:50:26 --> 404 Page Not Found: Js/wind_editor.js
ERROR - 2017-08-06 07:50:27 --> 404 Page Not Found: Styles/prosilver
ERROR - 2017-08-06 07:50:27 --> 404 Page Not Found: Styles/prosilver
ERROR - 2017-08-06 07:50:27 --> 404 Page Not Found: Editor/ubb
ERROR - 2017-08-06 07:50:28 --> 404 Page Not Found: Template/default
ERROR - 2017-08-06 07:50:28 --> 404 Page Not Found: Static/js
ERROR - 2017-08-06 07:50:29 --> 404 Page Not Found: Images/js
ERROR - 2017-08-06 07:50:29 --> 404 Page Not Found: Templets/style
ERROR - 2017-08-06 07:50:29 --> 404 Page Not Found: Include/dedeajax2.js
ERROR - 2017-08-06 07:50:30 --> 404 Page Not Found: Images/default
ERROR - 2017-08-06 07:50:30 --> 404 Page Not Found: Js/lang
ERROR - 2017-08-06 07:50:31 --> 404 Page Not Found: Js/lang
ERROR - 2017-08-06 07:50:31 --> 404 Page Not Found: D/js
ERROR - 2017-08-06 07:50:31 --> 404 Page Not Found: Skin/default
ERROR - 2017-08-06 07:50:32 --> 404 Page Not Found: Media/system
ERROR - 2017-08-06 07:50:32 --> 404 Page Not Found: Media/system
ERROR - 2017-08-06 07:50:32 --> 404 Page Not Found: Lang/zh
ERROR - 2017-08-06 07:50:33 --> 404 Page Not Found: Style/default
ERROR - 2017-08-06 07:50:33 --> 404 Page Not Found: Lang/zh
ERROR - 2017-08-06 07:50:34 --> 404 Page Not Found: Rockmongo/index
ERROR - 2017-08-06 07:50:34 --> 404 Page Not Found: Server-status/index
ERROR - 2017-08-06 07:50:34 --> 404 Page Not Found: Ueditoralljs/index
ERROR - 2017-08-06 07:50:35 --> 404 Page Not Found: Wikilibd/PmWiki.ChangeLog
ERROR - 2017-08-06 07:50:35 --> 404 Page Not Found: 4e5e5d7364f443e28fbf0d3ae744a59a/index
ERROR - 2017-08-06 07:50:35 --> 404 Page Not Found: Jenkins/index
ERROR - 2017-08-06 09:52:04 --> 404 Page Not Found: Jenkins/index
ERROR - 2017-08-06 10:17:43 --> 404 Page Not Found: 4e5e5d7364f443e28fbf0d3ae744a59a/index
ERROR - 2017-08-06 10:54:27 --> 404 Page Not Found: Server-status/index
ERROR - 2017-08-06 11:32:53 --> 404 Page Not Found: Hg/hgrc
ERROR - 2017-08-06 12:02:22 --> 404 Page Not Found: Proxyhtml/index
ERROR - 2017-08-06 16:04:31 --> 404 Page Not Found: Proxyhtml/index
ERROR - 2017-08-06 16:26:52 --> 404 Page Not Found: Faviconico/index
ERROR - 2017-08-06 16:26:54 --> 404 Page Not Found: Faviconico/index
ERROR - 2017-08-06 16:53:12 --> 404 Page Not Found: Faviconico/index
LDSF - 2017-08-06 17:20:03 --> >>> User->addressbookisempty()
LDSF - 2017-08-06 17:20:03 --> openid=oPicY0cBD5ZB89KieBFSH-PNddIE
LDSF - 2017-08-06 17:20:03 --> >>> User->loginrecord()
LDSF - 2017-08-06 17:20:03 --> openid=oPicY0cBD5ZB89KieBFSH-PNddIE
ERROR - 2017-08-06 20:25:17 --> 404 Page Not Found: Faviconico/index
ERROR - 2017-08-06 20:25:23 --> 404 Page Not Found: Faviconico/index
ERROR - 2017-08-06 20:25:59 --> 404 Page Not Found: Faviconico/index
LDSF - 2017-08-06 21:00:22 --> >>> User->addressbookisempty()
LDSF - 2017-08-06 21:00:22 --> openid=oPicY0cBD5ZB89KieBFSH-PNddIE
LDSF - 2017-08-06 21:00:22 --> >>> User->loginrecord()
LDSF - 2017-08-06 21:00:22 --> openid=oPicY0cBD5ZB89KieBFSH-PNddIE
LDSF - 2017-08-06 21:32:49 --> >>> User->addressbookisempty()
LDSF - 2017-08-06 21:32:49 --> openid=oPicY0ala8RF06X8R1MIstn3mkw4
LDSF - 2017-08-06 21:32:49 --> >>> User->loginrecord()
LDSF - 2017-08-06 21:32:49 --> openid=oPicY0ala8RF06X8R1MIstn3mkw4
LDSF - 2017-08-06 21:33:20 --> >>> User->addressbookisempty()
LDSF - 2017-08-06 21:33:20 --> openid=oPicY0ala8RF06X8R1MIstn3mkw4
LDSF - 2017-08-06 21:33:20 --> >>> User->loginrecord()
LDSF - 2017-08-06 21:33:20 --> openid=oPicY0ala8RF06X8R1MIstn3mkw4
ERROR - 2017-08-06 21:33:22 --> 
ERROR - 2017-08-06 21:33:33 --> 
ERROR - 2017-08-06 21:33:38 --> 
ERROR - 2017-08-06 21:33:40 --> 
ERROR - 2017-08-06 21:33:46 --> 
ERROR - 2017-08-06 22:02:07 --> 1 2
ERROR - 2017-08-06 22:02:07 --> 2 0
[2017-08-06 22:02:07][DEBUG] POST http://10.133.193.8/mina_auth/} => [200] {
    "[请求]": {
        "version": 1,
        "componentName": "MA",
        "interface": {
            "interfaceName": "qcloud.cam.id_skey",
            "para": {
                "code": "011g79bQ1C7um71Hx7cQ10evbQ1g79bM",
                "encrypt_data": "bR2tnWF5BK1oRAdJQmLBNuOfJbHfqNF4KfO0xZNc+QSBYiqMxXROOtb2QwdDuCWY7s+dcdfBxULkdLOfOdbH9OGsR9QPyRCsfetyzrtZlm7EbMjt2lAoPaH2CER09VUg3rSsRRiYg4i6xMCGTOo6HO1isJkFSkjovVxyu3yaShhtDF1sJaixFWFT3LV4y3rbepSSFM75cjTAH21lBRvpvj0LQQ0+Jyhq86T+yiHfcbI4ezT+UIik4LJjGMiUOtO24Ekcmys262HwxayMQFe8biuKnfo38KEYFQiPOjBWqVj20lzeM1y+LotrH4T14uwoDILIIEEHdQhjo85kTvIb1CChgqh3d9KVDq8bd1\/fRMZ7Wq2FKvP19wDjA34Uhi01rSghBpP6KMqDbF0UAp8ToEcUaXifEMNDflOKL1Y2DtSd1AEGdIVr77RpnuZh2GAIdwcY1rFDo\/0cyw3pAGgm6w717CIP5h6Ac88CpgwkaJZ4Lpw1L0LDjf\/fBeyvQGVGvXuhqW7oESbuEOMVBD9yAg==",
                "iv": "H3LBoxY2SH6BfDyfZid1LA=="
            }
        }
    },
    "[响应]": {
        "returnCode": 0,
        "returnMessage": "UPDATE_SESSION_SUCCESS",
        "returnData": {
            "id": "1b082d28fbdb01f5be63ab4cda096abd",
            "skey": "af9ca0d3d9696ffd1e4b2be28bc64758",
            "user_info": {
                "openId": "oPicY0cJpwqq_92RP_Rs6lkLW_uk",
                "nickName": "shing",
                "gender": 2,
                "language": "zh_CN",
                "city": "Suzhou",
                "province": "Jiangsu",
                "country": "China",
                "avatarUrl": "https:\/\/wx.qlogo.cn\/mmopen\/vi_32\/PiajxSqBRaEKib91j7h81AqqzNyh59SmdXnHmSjk6CCicj7TvB6s2IsK4oEibp7EGAknrGbDbjOiak3PUs9otX4lLHw\/0",
                "unionId": "oU11PxCeb8vri9_Nb_9MhItpmch8",
                "watermark": {
                    "timestamp": 1502028126,
                    "appid": "wx3c13313f866a541a"
                }
            },
            "duration": 7200
        },
        "version": 1,
        "componentName": "MA"
    },
    "[耗时]": "120ms"
}

[2017-08-06 22:02:07][DEBUG] Util::writeJsonResult => [200] {
    "F2C224D4-2BCE-4C64-AF9F-A6D872000D1A": 1,
    "session": {
        "id": "1b082d28fbdb01f5be63ab4cda096abd",
        "skey": "af9ca0d3d9696ffd1e4b2be28bc64758",
        "openid": "oPicY0cJpwqq_92RP_Rs6lkLW_uk",
        "unionid": "oU11PxCeb8vri9_Nb_9MhItpmch8"
    }
}

ERROR - 2017-08-06 22:02:07 --> 1 2
ERROR - 2017-08-06 22:02:07 --> 2 0
[2017-08-06 22:02:07][DEBUG] POST http://10.133.193.8/mina_auth/} => [200] {
    "[请求]": {
        "version": 1,
        "componentName": "MA",
        "interface": {
            "interfaceName": "qcloud.cam.id_skey",
            "para": {
                "code": "081KtviW0KKplX1oWXjW04UqiW0Ktvi8",
                "encrypt_data": "7DD6qfhWFBbvY9ycLVzjr8EL84uJvXm6EnMeGAN6Kpo0RgxRIuwmXr3qGVqvdT75AbbGltqlwy0aBFLDt+JMx0VGHQGqYkkeppw8T\/kcAjzekrDoXw7qTkpE329FZDbK8sQjfUX806jtSibKxdn+2BbfsgXKdTtoE3gjQM7vqbZQhLHA4TOiNOVD8JA0oT22wv41k5cq3CNcsCqp3bAz1kHJbv0Tv15332px7Vmn9tNsGbQCVjeWGws6Cf\/LnKrQMb6aYDZY450SclMSJmQoNl0vx5Wb1U74FMmelsrfAt0mYafW5uNgyAMarjfXxwsLmkqDj06CyzJEIBWpeuUzzRgQsa9LNrcet\/OR+UvfHF0gtasac\/lxZZGE\/ttEr0WekhIyxcoIHRnccnh3eH0JfZ5zYakzqFZUKfBoCq0sx2bOgnqNRL4zk1AvdxpLoz1vsooibycjFix58yNfB8kp8zH8GuLEMVSYIEvHhN0QJ0\/zObtzDXgpud+CLtPLOcT5IkNrOgvAxNjQ4i3dRd0x0g==",
                "iv": "fPREzWrYbZlQKMmv\/uiYHg=="
            }
        }
    },
    "[响应]": {
        "returnCode": 0,
        "returnMessage": "UPDATE_SESSION_SUCCESS",
        "returnData": {
            "id": "1b082d28fbdb01f5be63ab4cda096abd",
            "skey": "a5d7f5eba99b1c78ba09c3e68248384e",
            "user_info": {
                "openId": "oPicY0cJpwqq_92RP_Rs6lkLW_uk",
                "nickName": "shing",
                "gender": 2,
                "language": "zh_CN",
                "city": "Suzhou",
                "province": "Jiangsu",
                "country": "China",
                "avatarUrl": "https:\/\/wx.qlogo.cn\/mmopen\/vi_32\/PiajxSqBRaEKib91j7h81AqqzNyh59SmdXnHmSjk6CCicj7TvB6s2IsK4oEibp7EGAknrGbDbjOiak3PUs9otX4lLHw\/0",
                "unionId": "oU11PxCeb8vri9_Nb_9MhItpmch8",
                "watermark": {
                    "timestamp": 1502028126,
                    "appid": "wx3c13313f866a541a"
                }
            },
            "duration": 7200
        },
        "version": 1,
        "componentName": "MA"
    },
    "[耗时]": "133ms"
}

[2017-08-06 22:02:07][DEBUG] Util::writeJsonResult => [200] {
    "F2C224D4-2BCE-4C64-AF9F-A6D872000D1A": 1,
    "session": {
        "id": "1b082d28fbdb01f5be63ab4cda096abd",
        "skey": "a5d7f5eba99b1c78ba09c3e68248384e",
        "openid": "oPicY0cJpwqq_92RP_Rs6lkLW_uk",
        "unionid": "oU11PxCeb8vri9_Nb_9MhItpmch8"
    }
}

LDSF - 2017-08-06 22:02:08 --> >>> User->addressbookisempty()
LDSF - 2017-08-06 22:02:08 --> openid=oPicY0cJpwqq_92RP_Rs6lkLW_uk
LDSF - 2017-08-06 22:02:08 --> >>> User->loginrecord()
LDSF - 2017-08-06 22:02:08 --> openid=oPicY0cJpwqq_92RP_Rs6lkLW_uk
ERROR - 2017-08-06 22:06:39 --> 
LDSF - 2017-08-06 22:06:51 --> >>> User->addressbook() opt=all
LDSF - 2017-08-06 22:06:51 --> openid=oPicY0cJpwqq_92RP_Rs6lkLW_uk
LDSF - 2017-08-06 22:07:01 --> >>> User->addressbookisempty()
LDSF - 2017-08-06 22:07:01 --> openid=oPicY0cJpwqq_92RP_Rs6lkLW_uk
LDSF - 2017-08-06 22:07:01 --> >>> User->loginrecord()
LDSF - 2017-08-06 22:07:01 --> openid=oPicY0cJpwqq_92RP_Rs6lkLW_uk
ERROR - 2017-08-06 22:07:04 --> 
LDSF - 2017-08-06 22:08:41 --> >>> User->addressbookisempty()
LDSF - 2017-08-06 22:08:41 --> openid=oPicY0cJpwqq_92RP_Rs6lkLW_uk
LDSF - 2017-08-06 22:08:42 --> >>> User->loginrecord()
LDSF - 2017-08-06 22:08:42 --> openid=oPicY0cJpwqq_92RP_Rs6lkLW_uk
LDSF - 2017-08-06 22:08:46 --> >>> User->profile()
LDSF - 2017-08-06 22:08:46 --> openid=oPicY0cJpwqq_92RP_Rs6lkLW_uk
LDSF - 2017-08-06 22:08:52 --> >>> User->addressbook() opt=default
LDSF - 2017-08-06 22:08:52 --> openid=oPicY0cJpwqq_92RP_Rs6lkLW_uk
LDSF - 2017-08-06 22:10:09 --> >>> Card->makedelivery()
LDSF - 2017-08-06 22:10:09 --> post={"cardno":"6285479031","openid":"oPicY0cJpwqq_92RP_Rs6lkLW_uk","contactname":"顾欣","contacttel":"18006222688","contactaddress":"江苏 苏州 太仓市 城厢镇锦州路一品新筑4幢402室","expectdate":"2017-08-07","remark":""}
LDSF - 2017-08-06 22:10:19 --> >>> User->addressbookisempty()
LDSF - 2017-08-06 22:10:19 --> openid=oPicY0cJpwqq_92RP_Rs6lkLW_uk
LDSF - 2017-08-06 22:10:19 --> >>> User->loginrecord()
LDSF - 2017-08-06 22:10:19 --> openid=oPicY0cJpwqq_92RP_Rs6lkLW_uk
LDSF - 2017-08-06 22:10:21 --> >>> User->profile()
LDSF - 2017-08-06 22:10:21 --> openid=oPicY0cJpwqq_92RP_Rs6lkLW_uk
LDSF - 2017-08-06 22:10:29 --> >>> User->addressbookisempty()
LDSF - 2017-08-06 22:10:29 --> openid=oPicY0cJpwqq_92RP_Rs6lkLW_uk
LDSF - 2017-08-06 22:10:30 --> >>> User->loginrecord()
LDSF - 2017-08-06 22:10:30 --> openid=oPicY0cJpwqq_92RP_Rs6lkLW_uk
LDSF - 2017-08-06 22:10:31 --> >>> User->profile()
LDSF - 2017-08-06 22:10:31 --> openid=oPicY0cJpwqq_92RP_Rs6lkLW_uk
LDSF - 2017-08-06 22:10:37 --> >>> User->addressbook() opt=default
LDSF - 2017-08-06 22:10:37 --> openid=oPicY0cJpwqq_92RP_Rs6lkLW_uk
LDSF - 2017-08-06 23:04:49 --> >>> User->addressbookisempty()
LDSF - 2017-08-06 23:04:49 --> openid=oPicY0cBD5ZB89KieBFSH-PNddIE
LDSF - 2017-08-06 23:04:50 --> >>> User->loginrecord()
LDSF - 2017-08-06 23:04:50 --> openid=oPicY0cBD5ZB89KieBFSH-PNddIE
ERROR - 2017-08-06 23:08:49 --> 404 Page Not Found: Proxyhtml/index
LDSF - 2017-08-06 23:24:53 --> >>> User->addressbookisempty()
LDSF - 2017-08-06 23:24:53 --> openid=oPicY0cBD5ZB89KieBFSH-PNddIE
LDSF - 2017-08-06 23:24:53 --> >>> User->loginrecord()
LDSF - 2017-08-06 23:24:53 --> openid=oPicY0cBD5ZB89KieBFSH-PNddIE
