ERROR - 2017-03-16 00:25:03 --> 404 Page Not Found: User/getallprofiles
ERROR - 2017-03-16 02:24:03 --> 404 Page Not Found: Cache/global
ERROR - 2017-03-16 03:43:33 --> 404 Page Not Found: Search/index
ERROR - 2017-03-16 03:43:33 --> 404 Page Not Found: 273/index
ERROR - 2017-03-16 08:19:52 --> 404 Page Not Found: Faviconico/index
ERROR - 2017-03-16 08:20:12 --> 404 Page Not Found: Admin/userlist
ERROR - 2017-03-16 08:20:46 --> 404 Page Not Found: Admin/getuserprofiles
ERROR - 2017-03-16 08:22:54 --> 404 Page Not Found: Admin/userprofiles
ERROR - 2017-03-16 08:23:14 --> 404 Page Not Found: Admin/alluserprofiles
ERROR - 2017-03-16 08:23:21 --> 404 Page Not Found: Admin/alluserprofile
ERROR - 2017-03-16 08:25:06 --> 404 Page Not Found: Faviconico/index
ERROR - 2017-03-16 08:26:53 --> 404 Page Not Found: Admin/alluserprofiles
ERROR - 2017-03-16 09:27:07 --> 404 Page Not Found: README/index
ERROR - 2017-03-16 09:27:09 --> 404 Page Not Found: Horde/README
ERROR - 2017-03-16 09:27:10 --> 404 Page Not Found: Horde2/README
ERROR - 2017-03-16 09:27:11 --> 404 Page Not Found: Horde3/README
ERROR - 2017-03-16 09:27:12 --> 404 Page Not Found: Horde-309/README
ERROR - 2017-03-16 09:27:14 --> 404 Page Not Found: Horde/README
ERROR - 2017-03-16 12:20:55 --> 404 Page Not Found: Cgi-bin/php
ERROR - 2017-03-16 12:20:55 --> 404 Page Not Found: Cgi-bin/php4
ERROR - 2017-03-16 12:20:55 --> 404 Page Not Found: Cgi-bin/php5
ERROR - 2017-03-16 12:20:55 --> 404 Page Not Found: Cgi-bin/php-cgi
ERROR - 2017-03-16 12:20:56 --> 404 Page Not Found: Cgi-bin/php.cgi
ERROR - 2017-03-16 12:46:50 --> 404 Page Not Found: Faviconico/index
ERROR - 2017-03-16 12:47:01 --> 404 Page Not Found: Faviconico/index
ERROR - 2017-03-16 13:37:42 --> 1 2
ERROR - 2017-03-16 13:37:42 --> 2 0
[2017-03-16 13:37:42][DEBUG] POST http://10.133.193.8/mina_auth/} => [200] {
    "[请求]": {
        "version": 1,
        "componentName": "MA",
        "interface": {
            "interfaceName": "qcloud.cam.id_skey",
            "para": {
                "code": "031qQ3dH1bcYY40CKbeH1HmQcH1qQ3dm",
                "encrypt_data": "Lo45RKt6VLly\/fkpjrVPU8Fyy12nlIX7z+SB6iSUPWL9NEmwQdTTxjXnItGyKxazfdjQpMAgfYkGNju+1FTuyenUOLrjQRz6dW5hhyHBkrjr8XWdDMPh21hvNve6bTTmp2XzrFdFWYFJL+zUz4r3ibFErbCcMxJDTlXSeLS1lOVvZnetAHQX7RFCwohj\/jcpzEo85ISXtT+33o3XwJCMVQkGpllu9oZq0ZiuyJhMPt6c4rsp3XT6PcTd4ttDUuJsSZQg8ZqUUylCdfQd1lUIr1fH\/QLTidBEflxMrKReWCsafwHh0Y8dlSX8Yy7Esp1ShREJLnDXSZcVOyZ8zK3MDUGhHPNgiXV+NIQ4Tf\/NztxK213tWF1WmD0G\/tw+7RpuXzn7hOdi5IP\/6Q3mGtZk2AEbeokQNECeGOcRiwdHcTOSc8ZwxMCYdIEjM5hqrHbgI4eS4Ivg\/ror2yoh\/iCy5EkByBQB26OAQuIcsB03It6nd7UdOt4AU7hDWrG73l6HdZGSfmofyXe7dJzbWA+9kg==",
                "iv": "qC34PmOLVbGdRQzT4QRosg=="
            }
        }
    },
    "[响应]": {
        "returnCode": 0,
        "returnMessage": "UPDATE_SESSION_SUCCESS",
        "returnData": {
            "id": "ae44a116fff0ec961ec4edb865c0f6b1",
            "skey": "180683e7d574796cfd7eeb21d27c48e1",
            "user_info": {
                "openId": "oPicY0aLfcmWwl9MARbMUMpScmEY",
                "nickName": "小慧",
                "gender": 2,
                "language": "zh_CN",
                "city": "Suzhou",
                "province": "Jiangsu",
                "country": "CN",
                "avatarUrl": "http:\/\/wx.qlogo.cn\/mmopen\/vi_32\/DYAIOgq83eqYgM5ALODOGva2ZrZLghgB5RlAbzW14jjUmghOodVcsuS5WPl0YLtZKAiaUIOBUCgeOaKd4IBwHuQ\/0",
                "unionId": "oU11PxL_dgOT3hlFIxnGMMiEaMgw",
                "watermark": {
                    "timestamp": 1489642661,
                    "appid": "wx3c13313f866a541a"
                }
            },
            "duration": 7200
        },
        "version": 1,
        "componentName": "MA"
    },
    "[耗时]": "99ms"
}

[2017-03-16 13:37:42][DEBUG] Util::writeJsonResult => [200] {
    "F2C224D4-2BCE-4C64-AF9F-A6D872000D1A": 1,
    "session": {
        "id": "ae44a116fff0ec961ec4edb865c0f6b1",
        "skey": "180683e7d574796cfd7eeb21d27c48e1",
        "openid": "oPicY0aLfcmWwl9MARbMUMpScmEY",
        "unionid": "oU11PxL_dgOT3hlFIxnGMMiEaMgw"
    }
}

ERROR - 2017-03-16 13:37:42 --> 1 2
ERROR - 2017-03-16 13:37:42 --> 2 0
[2017-03-16 13:37:42][DEBUG] POST http://10.133.193.8/mina_auth/} => [200] {
    "[请求]": {
        "version": 1,
        "componentName": "MA",
        "interface": {
            "interfaceName": "qcloud.cam.id_skey",
            "para": {
                "code": "011sjiAR0H4mec2Z6pBR0bYYzR0sjiA-",
                "encrypt_data": "HWKdOCOvIAupGbnGBCIN5iCiSCwiOo1CAmdSqUAotx1ZxbjefXDEr5AE+Y7uZg2WbHjbHjal1NWaszFNBajc04vJy7Q7lIXbcCM4cYB4R6zme2Hh0mmUtD9A8yt48nzR5d7Lidljh9uXOYZ7ytpURIa4igPJmH\/RAAKYaaH8p2mSlrXNjQ67s9OGv6dM75T+JUakxJFlBI\/pnVufACZo+Q378p2mbJz\/zfWuTrmQKctO8j9mgwVKPTj8bYFqsqR9VvuY0Pwskl6saSWoewc+zze7slVmM+qSYfPrYj5Idni3A9euRfrVfQrO+0basKwTkUdX7p3kvsKaYpTpMi1UZsmWI6oVVizv7yMGj9tDOWicRhrdYJ3L6g+5zgks0pwQ3eefuwGcacRKje1fW+QCdBCu+KBcTB4LVw7x+ZPNkpGjPRrFsiQyeg9BWYFkVG43emtrLOUMWtw8ouaCuSCGQY5D8F+G\/zd8XvElvSUaWMwarHs6ohJATtVYYfc1DqtVuQ6ZBC0myZOul9dlVMVsIw==",
                "iv": "XBI+\/4Yv2aBRAGH\/wcAXbw=="
            }
        }
    },
    "[响应]": {
        "returnCode": 0,
        "returnMessage": "UPDATE_SESSION_SUCCESS",
        "returnData": {
            "id": "ae44a116fff0ec961ec4edb865c0f6b1",
            "skey": "315e2fa347888e04eea11873b0121f60",
            "user_info": {
                "openId": "oPicY0aLfcmWwl9MARbMUMpScmEY",
                "nickName": "小慧",
                "gender": 2,
                "language": "zh_CN",
                "city": "Suzhou",
                "province": "Jiangsu",
                "country": "CN",
                "avatarUrl": "http:\/\/wx.qlogo.cn\/mmopen\/vi_32\/DYAIOgq83eqYgM5ALODOGva2ZrZLghgB5RlAbzW14jjUmghOodVcsuS5WPl0YLtZKAiaUIOBUCgeOaKd4IBwHuQ\/0",
                "unionId": "oU11PxL_dgOT3hlFIxnGMMiEaMgw",
                "watermark": {
                    "timestamp": 1489642661,
                    "appid": "wx3c13313f866a541a"
                }
            },
            "duration": 7200
        },
        "version": 1,
        "componentName": "MA"
    },
    "[耗时]": "110ms"
}

[2017-03-16 13:37:42][DEBUG] Util::writeJsonResult => [200] {
    "F2C224D4-2BCE-4C64-AF9F-A6D872000D1A": 1,
    "session": {
        "id": "ae44a116fff0ec961ec4edb865c0f6b1",
        "skey": "315e2fa347888e04eea11873b0121f60",
        "openid": "oPicY0aLfcmWwl9MARbMUMpScmEY",
        "unionid": "oU11PxL_dgOT3hlFIxnGMMiEaMgw"
    }
}

ERROR - 2017-03-16 14:32:46 --> 404 Page Not Found: Horde-309/README
ERROR - 2017-03-16 16:18:26 --> 404 Page Not Found: %63%67%69%2D%62%69%6E/%70%68%70
ERROR - 2017-03-16 16:18:26 --> 404 Page Not Found: %63%67%69%2D%62%69%6E/%70%68%70
ERROR - 2017-03-16 16:33:35 --> 1 2
ERROR - 2017-03-16 16:33:35 --> 2 0
[2017-03-16 16:33:35][DEBUG] POST http://10.133.193.8/mina_auth/} => [200] {
    "[请求]": {
        "version": 1,
        "componentName": "MA",
        "interface": {
            "interfaceName": "qcloud.cam.id_skey",
            "para": {
                "code": "05109sNa1gWPcs0BO2Ka1hRwNa109sNs",
                "encrypt_data": "jmVfbuJiYBi1WxGFqwefpUI1oo6HGGeEno+miDxa7RTyAWJyXam97DU29BW1s\/OPZT5BnhBlPZlfh8nwx5YnBSbTc8DcgCMNIpEU2+jRTurX4gJEYsjLfsB7ppEIy2pivSgzcBmyCNYGIP8KpnVvicNP7gYaZiJu0AIjFtGBdc5Kx7acLA5KSvOO7JlQWTxfMDa1IpKC240oIVrGiFfgO9wUjv2knmLbjA5eeSARfm2U0KEPOpEqjsJq22FORR4DoGbrOnAFsNKzkwigJgzfpNc6yEqNy0CODQ0uatMO+NQ6J7ZTKjkioWdA5R3MNknUYdCTtyP8sotIvi2rAcS0VrsXFtOFpgC4dDqgZCN7YR8wf6y1UTbeECXCcy6vzQPbwajbZjPoZfO\/a4cNy4tG3cRxYRS1Q3l0ztrGRCA9jtNv3DzncWdNgr\/Plepp1275xw6ZfVqgiax731goBymzum+0Xl8ab60IDNkOzs+7n+W30wNU8NqWnXSPC2mxaQ\/4FDxvEFIG6xLbYcZta2GzOg==",
                "iv": "VfGV2HhGNl5HDgBmeIShTA=="
            }
        }
    },
    "[响应]": {
        "returnCode": 0,
        "returnMessage": "UPDATE_SESSION_SUCCESS",
        "returnData": {
            "id": "280ca83d168f1844115ea1912f988ec8",
            "skey": "71d45a0fd18adbdf067fbeeb7d655ee0",
            "user_info": {
                "openId": "oPicY0cBD5ZB89KieBFSH-PNddIE",
                "nickName": "普通话君",
                "gender": 1,
                "language": "zh_CN",
                "city": "Suzhou",
                "province": "Jiangsu",
                "country": "CN",
                "avatarUrl": "http:\/\/wx.qlogo.cn\/mmopen\/vi_32\/DYAIOgq83eoVvEdGWoKlDIyUibGRJic4ckYwWHy5bJkeTY8vdf4tT4ibjZiccDicibBjoM5N7aTXTSM7s94hMOc4BicDw\/0",
                "unionId": "oU11PxF4Uy0w_t7N6rhIUzOyZ6VU",
                "watermark": {
                    "timestamp": 1489653215,
                    "appid": "wx3c13313f866a541a"
                }
            },
            "duration": 7200
        },
        "version": 1,
        "componentName": "MA"
    },
    "[耗时]": "89ms"
}

[2017-03-16 16:33:35][DEBUG] Util::writeJsonResult => [200] {
    "F2C224D4-2BCE-4C64-AF9F-A6D872000D1A": 1,
    "session": {
        "id": "280ca83d168f1844115ea1912f988ec8",
        "skey": "71d45a0fd18adbdf067fbeeb7d655ee0",
        "openid": "oPicY0cBD5ZB89KieBFSH-PNddIE",
        "unionid": "oU11PxF4Uy0w_t7N6rhIUzOyZ6VU"
    }
}

ERROR - 2017-03-16 18:29:11 --> 404 Page Not Found: Faviconico/index
ERROR - 2017-03-16 18:35:08 --> 404 Page Not Found: Faviconico/index
ERROR - 2017-03-16 18:35:16 --> 404 Page Not Found: Faviconico/index
ERROR - 2017-03-16 18:35:19 --> 404 Page Not Found: Faviconico/index
ERROR - 2017-03-16 18:35:29 --> 404 Page Not Found: Faviconico/index
ERROR - 2017-03-16 18:40:08 --> 404 Page Not Found: Faviconico/index
ERROR - 2017-03-16 20:36:10 --> 404 Page Not Found: Cache/global
ERROR - 2017-03-16 20:47:48 --> 404 Page Not Found: Manager/html
ERROR - 2017-03-16 22:05:54 --> 404 Page Not Found: User/reg
ERROR - 2017-03-16 23:39:08 --> Query error: Unknown column 't_user_login.user_id' in 'field list' - Invalid query: SELECT `t_user_login`.`user_id`, `t_user_login`.`user_id`
FROM `t_user_login`
WHERE `t_user_login`.`user_login_openid` = 'oPicY0cBD5ZB89KieBFSH-PNddIE'
ORDER BY `user_login_datetime` DESC
