ERROR - 2017-02-16 02:09:50 --> 404 Page Not Found: Check_proxy/index
ERROR - 2017-02-16 05:11:46 --> 1 2
ERROR - 2017-02-16 05:11:46 --> 2 0
[2017-02-16 05:11:46][DEBUG] POST http://10.133.193.8/mina_auth/} => [200] {
    "[请求]": {
        "version": 1,
        "componentName": "MA",
        "interface": {
            "interfaceName": "qcloud.cam.id_skey",
            "para": {
                "code": "001Qx42U1IbXS91kvx2U11OS1U1Qx42n",
                "encrypt_data": "2r5764ilwChNFPLCVUjIeREy8VpCwxcDGVhOepddqGL19PqHkLHBBx8EaYSmI0oy+Hbyva2x9tfT+PK9jRY4C4nKsGKT6U2zFbXfMSGnd22AaHAmkO2XumUhJ2Hak+ahYunKNW7iU70JZxV\/zF1K0W5WPo8THSDG6qS8lzoyAby6bGNqLlrIRFW1LW6Yc8LsvtMjaMQqk2bvgyKF1TdQI22HKihWHmPJ5OoAfMcYxjuskyu8FfnhR89KTSqREiKMpQk1WZvfbOJjM6WPZyH0pRW1pft2XjnnMgMPYNxUrMTVotAvxsgDHblWOIJCRZXGMIR8cFAVXr3E\/qNaDIKV9Xea3snLiHHJdq+KG\/+FEd\/wwZiBGmqzgIrYx9M8ftzNRciP5nUPaVIHXTxChFrWsnoaX34Nncg1wpMStf2YUdVRMIkcPlmbXSNP80IXHeNogMgBQjkOnCjsaxtjqFaKAA==",
                "iv": "4CpNW1Hl\/qPQmzyWv8iGsw=="
            }
        }
    },
    "[响应]": {
        "returnCode": 0,
        "returnMessage": "UPDATE_SESSION_SUCCESS",
        "returnData": {
            "id": "0d05e8a5d1e21733666c6fb59fa29218",
            "skey": "8e4b2385a7fc9a8a394151abe55bdaa3",
            "openid": "oPicY0dtNCjgr9ot5nWbwbBUAIFI",
            "user_info": {
                "openId": "oPicY0dtNCjgr9ot5nWbwbBUAIFI",
                "nickName": "礼待四方",
                "gender": 2,
                "language": "zh_CN",
                "city": "",
                "province": "",
                "country": "CN",
                "avatarUrl": "http:\/\/wx.qlogo.cn\/mmopen\/vi_32\/PiajxSqBRaELBlqJBD2ZIcibvibk57IE2wsjuDTfHdc6tt21tdEgjVQicUrau9NicDJyn8ADWqj4uxCtAwZpXazShLg\/0",
                "watermark": {
                    "timestamp": 1487193106,
                    "appid": "wx3c13313f866a541a"
                }
            },
            "duration": 7200
        },
        "version": 1,
        "componentName": "MA"
    },
    "[耗时]": "98ms"
}

[2017-02-16 05:11:46][DEBUG] Util::writeJsonResult => [200] {
    "F2C224D4-2BCE-4C64-AF9F-A6D872000D1A": 1,
    "session": {
        "id": "0d05e8a5d1e21733666c6fb59fa29218",
        "skey": "8e4b2385a7fc9a8a394151abe55bdaa3",
        "openid": "oPicY0dtNCjgr9ot5nWbwbBUAIFI"
    }
}

ERROR - 2017-02-16 05:12:17 --> 1 2
ERROR - 2017-02-16 05:12:17 --> 2 0
[2017-02-16 05:12:17][DEBUG] POST http://10.133.193.8/mina_auth/} => [200] {
    "[请求]": {
        "version": 1,
        "componentName": "MA",
        "interface": {
            "interfaceName": "qcloud.cam.id_skey",
            "para": {
                "code": "001oDJqs0vsIzc1mr5qs0pP0rs0oDJqi",
                "encrypt_data": "GHikNKWOIGjYIoDSuL4dLJR2apxcKFR3uS87s8Wdt9BXsLq14DWDsYLS8KZ5owYU0RgHpE3q+n4grycx3OJRKs7BPi0rbwbEzWXo86rvoDxulaGozvxnROdHLXiVRwO+adrvSUGt80EVlECKL8D+FetWV9+Djr6AnNnUxp1q9otK9H+WXIkVrR9drk1eVAhrV1hpCoYhaNj\/OlQY4P5ThskE2O83Qh2oZGZY9coRG7S8Yr87C2Mr1ers1WbTCLosNTjioQhuqAippokgX6KtXtMXTYFpBlj8HWu2w3IKoI17C4ex2L218Ac09cvX1C6OCFKjH7q3bXzhXnOluu96d23FbayhIvj2dqNxF7GogWHhO59OlinW0LnJFMqFn1yqMfVU7YpFSF\/wfZYpnamggxG+T0X7uWPH37NX07ySmieCFiQMvKcSAtMZz\/HSUytrTu7fLBrHeywbuk0oWuLn4ebVrR7rAAbl0nQmkfZjveA=",
                "iv": "Xi5GevJ9nLNHQUv4kG8f+g=="
            }
        }
    },
    "[响应]": {
        "returnCode": 0,
        "returnMessage": "UPDATE_SESSION_SUCCESS",
        "returnData": {
            "id": "2a20bd9d0d240a74d6514ce55ba4a61f",
            "skey": "e4921060f999a5e3486388b26934d23d",
            "openid": "oPicY0cBD5ZB89KieBFSH-PNddIE",
            "user_info": {
                "openId": "oPicY0cBD5ZB89KieBFSH-PNddIE",
                "nickName": "普通话君",
                "gender": 1,
                "language": "zh_CN",
                "city": "Suzhou",
                "province": "Jiangsu",
                "country": "CN",
                "avatarUrl": "http:\/\/wx.qlogo.cn\/mmopen\/vi_32\/DYAIOgq83eoVvEdGWoKlDIyUibGRJic4ckYwWHy5bJkeTY8vdf4tT4ibjZiccDicibBjoM5N7aTXTSM7s94hMOc4BicDw\/0",
                "watermark": {
                    "timestamp": 1487193137,
                    "appid": "wx3c13313f866a541a"
                }
            },
            "duration": 7200
        },
        "version": 1,
        "componentName": "MA"
    },
    "[耗时]": "84ms"
}

[2017-02-16 05:12:17][DEBUG] Util::writeJsonResult => [200] {
    "F2C224D4-2BCE-4C64-AF9F-A6D872000D1A": 1,
    "session": {
        "id": "2a20bd9d0d240a74d6514ce55ba4a61f",
        "skey": "e4921060f999a5e3486388b26934d23d",
        "openid": "oPicY0cBD5ZB89KieBFSH-PNddIE"
    }
}

ERROR - 2017-02-16 05:14:50 --> 1 2
ERROR - 2017-02-16 05:14:50 --> 2 0
[2017-02-16 05:14:50][DEBUG] POST http://10.133.193.8/mina_auth/} => [200] {
    "[请求]": {
        "version": 1,
        "componentName": "MA",
        "interface": {
            "interfaceName": "qcloud.cam.id_skey",
            "para": {
                "code": "051cvFJw1ZXTqd0jtiNw10uYJw1cvFJv",
                "encrypt_data": "puvi3C9SUp8OZgbm8yKyQ7FZ7cYZU6cTiBn95KMHOegZzT5kN3L8UC6hB6BhP2e5+yQwvGPA4sFE+oLP0Ph8MesIV9wXuVwv5jhNruYQbITW753djs9PNuKZX9wYBCwDtCYk5Ld35eqTdiGPLiOtnskcEr2B6iweRDjtYICWtTnlL7E3Jx6sJVUKiQZJ2vGgfMPwNmyRyvctuAq5BNmNj0C6Uu3wIbNW40Cy9RsAggwrQSWSArpw+GAv3t5iPeSmyqy7go+rgTe7h4opBuyDsDleb81A+nJzJgb\/P9EgzAQBQw\/btWbOas1TvhzHGueHFtu+W5tAC21\/YshrNBYgy1D9x376ymEdxlJTDHP8X4Pe6xSMtLArWy4VDVuVqr03ppO40qF6GycJ5uQml49GUJeasYsA7wt4WPY1HQJNRELbrAvvm\/LzR1dkKbq+KzAmIeNCUCJeb64BxDqRYoNVuQ==",
                "iv": "AHVZpEnXU8+8vnAYbhKrgA=="
            }
        }
    },
    "[响应]": {
        "returnCode": 0,
        "returnMessage": "UPDATE_SESSION_SUCCESS",
        "returnData": {
            "id": "0d05e8a5d1e21733666c6fb59fa29218",
            "skey": "e9f81782a7d3cbd32ccf3f8ff6c4f82d",
            "openid": "oPicY0dtNCjgr9ot5nWbwbBUAIFI",
            "user_info": {
                "openId": "oPicY0dtNCjgr9ot5nWbwbBUAIFI",
                "nickName": "礼待四方",
                "gender": 2,
                "language": "zh_CN",
                "city": "",
                "province": "",
                "country": "CN",
                "avatarUrl": "http:\/\/wx.qlogo.cn\/mmopen\/vi_32\/PiajxSqBRaELBlqJBD2ZIcibvibk57IE2wsjuDTfHdc6tt21tdEgjVQicUrau9NicDJyn8ADWqj4uxCtAwZpXazShLg\/0",
                "watermark": {
                    "timestamp": 1487193290,
                    "appid": "wx3c13313f866a541a"
                }
            },
            "duration": 7200
        },
        "version": 1,
        "componentName": "MA"
    },
    "[耗时]": "86ms"
}

[2017-02-16 05:14:50][DEBUG] Util::writeJsonResult => [200] {
    "F2C224D4-2BCE-4C64-AF9F-A6D872000D1A": 1,
    "session": {
        "id": "0d05e8a5d1e21733666c6fb59fa29218",
        "skey": "e9f81782a7d3cbd32ccf3f8ff6c4f82d",
        "openid": "oPicY0dtNCjgr9ot5nWbwbBUAIFI"
    }
}

ERROR - 2017-02-16 06:49:40 --> 404 Page Not Found: Search/index
ERROR - 2017-02-16 06:49:41 --> 404 Page Not Found: 273/index
ERROR - 2017-02-16 13:25:41 --> 404 Page Not Found: Cache/global
ERROR - 2017-02-16 14:12:30 --> 1 2
ERROR - 2017-02-16 14:12:30 --> 2 0
[2017-02-16 14:12:30][DEBUG] POST http://10.133.193.8/mina_auth/} => [200] {
    "[请求]": {
        "version": 1,
        "componentName": "MA",
        "interface": {
            "interfaceName": "qcloud.cam.id_skey",
            "para": {
                "code": "021BESxd2x4A2C09F2xd2HxLxd2BESx6",
                "encrypt_data": "GoHJknBEgYWAvxxZqVxT1U6UgxckKTSi6JffNMNw9oorsS+kE85zpmeTXlYeX7NemwfI5ulvQD4nO+Ogpp8\/0J8tkLy8Hr0qH+7ucXU0GMHmw6dJ7BsOiqFe8abm3dAfwO0UFJxHIZWl9iAPrDQ0B5WhUiO3HtFPuJB4nTka6U2KEjTpRRXr0kuAhu9d0ljl2wgoKKtZd0GQIeA9rKRGW6AamP30LFLzOJtUUwhSyZCMF4WsAACMwTWbTDPkrxQe6AyyNeVDByS1UTWf1gcyUgMJgnIio8wjG14XE0DMxPLRMjEFDhkJ+ro\/xyuQzI5CeQkhruC83QYikhUgvCCmcYm2OLbIsgG1rEuJiGA59gAeRScqC4q7By\/APT\/MkQWa3AdEG4\/RLunrJYrH0qOKaRMlEj8vuT4kZ43T51OhCokd1y+\/L\/mK0f3yxhNzl1\/CJN8kA0q7+qiQRNNRU+nUmw==",
                "iv": "M48iqt4XhvlGszsYwdF4Lg=="
            }
        }
    },
    "[响应]": {
        "returnCode": 0,
        "returnMessage": "UPDATE_SESSION_SUCCESS",
        "returnData": {
            "id": "0d05e8a5d1e21733666c6fb59fa29218",
            "skey": "d7efa0602706d48809cd7ab81e9675c4",
            "openid": "oPicY0dtNCjgr9ot5nWbwbBUAIFI",
            "user_info": {
                "openId": "oPicY0dtNCjgr9ot5nWbwbBUAIFI",
                "nickName": "礼待四方",
                "gender": 2,
                "language": "zh_CN",
                "city": "",
                "province": "",
                "country": "CN",
                "avatarUrl": "http:\/\/wx.qlogo.cn\/mmopen\/vi_32\/PiajxSqBRaELBlqJBD2ZIcibvibk57IE2wsjuDTfHdc6tt21tdEgjVQicUrau9NicDJyn8ADWqj4uxCtAwZpXazShLg\/0",
                "watermark": {
                    "timestamp": 1487225550,
                    "appid": "wx3c13313f866a541a"
                }
            },
            "duration": 7200
        },
        "version": 1,
        "componentName": "MA"
    },
    "[耗时]": "109ms"
}

[2017-02-16 14:12:30][DEBUG] Util::writeJsonResult => [200] {
    "F2C224D4-2BCE-4C64-AF9F-A6D872000D1A": 1,
    "session": {
        "id": "0d05e8a5d1e21733666c6fb59fa29218",
        "skey": "d7efa0602706d48809cd7ab81e9675c4",
        "openid": "oPicY0dtNCjgr9ot5nWbwbBUAIFI"
    }
}

ERROR - 2017-02-16 14:13:06 --> 1 2
ERROR - 2017-02-16 14:13:06 --> 2 0
[2017-02-16 14:13:06][DEBUG] POST http://10.133.193.8/mina_auth/} => [200] {
    "[请求]": {
        "version": 1,
        "componentName": "MA",
        "interface": {
            "interfaceName": "qcloud.cam.id_skey",
            "para": {
                "code": "041ZnW6c0QTIav1dtW4c0j9X6c0ZnW6j",
                "encrypt_data": "\/WeO4LIB7ao6bIgNQDQRtn7jlOVDIYDmK\/n+s4oIWb+SvUDbY1+p2fbDu\/kfDX6Mrs8dir6SjB6Mw5Zhp3Acjn59OvNuPgEI+aXj0HkG4mtwxxusPuFTTvTew3rHxAr1VF9PaaqAGV\/A0N2bTxIw4rcDka3sFDp0CAU3tEb+cvH85QUf44WbYjKhjOs\/E\/Bmoh8E7mfoGLFZkAPwoZr3Jat1j1qt7mJ2VOSRLYycHsH5JaxGZTYSZMvQXqUE7BSpcN2ScLFwPPpqHkNti5XC3nd+1GvuxRQ6Ybtn5J36CDYYLw3Wl44a6PpNinrTqHZ3iABPtl7E2SkSs1jpAt0vQv2ZhOEWMVJPCQUaBq8kdu9WrbDvjNqW6uiWXjmca4HP1kaqudfAnD51zaeMxjSkJeiyHjvgJBovdAXbMEJR0vGrjnZP4jXxzC7hpcyEsI4A2JMxjqN\/cFqsvtiZtgBpPzm2\/WIOs0WgVkoFAR4EBPU=",
                "iv": "ogI6EOkBgTFQJZ7vsRZhEQ=="
            }
        }
    },
    "[响应]": {
        "returnCode": 0,
        "returnMessage": "UPDATE_SESSION_SUCCESS",
        "returnData": {
            "id": "2a20bd9d0d240a74d6514ce55ba4a61f",
            "skey": "fed2c7ebe01a818ee3ae1e204cdd85ff",
            "openid": "oPicY0cBD5ZB89KieBFSH-PNddIE",
            "user_info": {
                "openId": "oPicY0cBD5ZB89KieBFSH-PNddIE",
                "nickName": "普通话君",
                "gender": 1,
                "language": "zh_CN",
                "city": "Suzhou",
                "province": "Jiangsu",
                "country": "CN",
                "avatarUrl": "http:\/\/wx.qlogo.cn\/mmopen\/vi_32\/DYAIOgq83eoVvEdGWoKlDIyUibGRJic4ckYwWHy5bJkeTY8vdf4tT4ibjZiccDicibBjoM5N7aTXTSM7s94hMOc4BicDw\/0",
                "watermark": {
                    "timestamp": 1487225585,
                    "appid": "wx3c13313f866a541a"
                }
            },
            "duration": 7200
        },
        "version": 1,
        "componentName": "MA"
    },
    "[耗时]": "92ms"
}

[2017-02-16 14:13:06][DEBUG] Util::writeJsonResult => [200] {
    "F2C224D4-2BCE-4C64-AF9F-A6D872000D1A": 1,
    "session": {
        "id": "2a20bd9d0d240a74d6514ce55ba4a61f",
        "skey": "fed2c7ebe01a818ee3ae1e204cdd85ff",
        "openid": "oPicY0cBD5ZB89KieBFSH-PNddIE"
    }
}

ERROR - 2017-02-16 16:03:24 --> notify start
ERROR - 2017-02-16 16:03:24 --> notify end, id:20170216160317502348 wx_id:4002512001201702160150079299
ERROR - 2017-02-16 17:14:28 --> 404 Page Not Found: Admin/index
ERROR - 2017-02-16 17:48:36 --> notify start
ERROR - 2017-02-16 17:48:36 --> notify end, id:20170216174510738250 wx_id:4002512001201702160163554105
ERROR - 2017-02-16 17:51:03 --> notify start
ERROR - 2017-02-16 17:51:03 --> notify end, id:20170216175038506892 wx_id:4002512001201702160163732724
ERROR - 2017-02-16 20:14:00 --> 404 Page Not Found: Squid-reports/index
ERROR - 2017-02-16 20:20:05 --> 404 Page Not Found: Wp-includes/js
ERROR - 2017-02-16 20:20:06 --> 404 Page Not Found: Skins/vector
ERROR - 2017-02-16 20:20:06 --> 404 Page Not Found: Misc/states.js
ERROR - 2017-02-16 20:20:07 --> 404 Page Not Found: Static/js
ERROR - 2017-02-16 20:20:07 --> 404 Page Not Found: Include/js
ERROR - 2017-02-16 20:20:07 --> 404 Page Not Found: Include/js
ERROR - 2017-02-16 20:20:08 --> 404 Page Not Found: Include/js
ERROR - 2017-02-16 20:20:08 --> 404 Page Not Found: Res/js
ERROR - 2017-02-16 20:20:09 --> 404 Page Not Found: Js/wind_editor.js
ERROR - 2017-02-16 20:20:09 --> 404 Page Not Found: Styles/prosilver
ERROR - 2017-02-16 20:20:09 --> 404 Page Not Found: Styles/prosilver
ERROR - 2017-02-16 20:20:10 --> 404 Page Not Found: Editor/ubb
ERROR - 2017-02-16 20:20:10 --> 404 Page Not Found: Template/default
ERROR - 2017-02-16 20:20:11 --> 404 Page Not Found: Static/js
ERROR - 2017-02-16 20:20:11 --> 404 Page Not Found: Images/js
ERROR - 2017-02-16 20:20:11 --> 404 Page Not Found: Templets/style
ERROR - 2017-02-16 20:20:12 --> 404 Page Not Found: Include/dedeajax2.js
ERROR - 2017-02-16 20:20:12 --> 404 Page Not Found: Images/default
ERROR - 2017-02-16 20:20:12 --> 404 Page Not Found: Js/lang
ERROR - 2017-02-16 20:20:13 --> 404 Page Not Found: Js/lang
ERROR - 2017-02-16 20:20:13 --> 404 Page Not Found: D/js
ERROR - 2017-02-16 20:20:14 --> 404 Page Not Found: Skin/default
ERROR - 2017-02-16 20:20:14 --> 404 Page Not Found: Media/system
ERROR - 2017-02-16 20:20:14 --> 404 Page Not Found: Media/system
ERROR - 2017-02-16 20:20:15 --> 404 Page Not Found: Lang/zh
ERROR - 2017-02-16 20:20:15 --> 404 Page Not Found: Style/default
ERROR - 2017-02-16 20:20:15 --> 404 Page Not Found: Lang/zh
ERROR - 2017-02-16 20:20:16 --> 404 Page Not Found: Rockmongo/index
ERROR - 2017-02-16 20:20:16 --> 404 Page Not Found: Server-status/index
ERROR - 2017-02-16 20:20:17 --> 404 Page Not Found: Ueditoralljs/index
ERROR - 2017-02-16 20:20:17 --> 404 Page Not Found: Please_read/_search
ERROR - 2017-02-16 20:20:17 --> 404 Page Not Found: Pleasereadthis/index
ERROR - 2017-02-16 20:20:18 --> 404 Page Not Found: Wikilibd/PmWiki.ChangeLog
ERROR - 2017-02-16 20:20:18 --> 404 Page Not Found: Warning/index
ERROR - 2017-02-16 20:20:18 --> 404 Page Not Found: 4e5e5d7364f443e28fbf0d3ae744a59a/index
ERROR - 2017-02-16 20:20:19 --> 404 Page Not Found: Jenkins/index
ERROR - 2017-02-16 20:21:22 --> 404 Page Not Found: Wp-includes/js
ERROR - 2017-02-16 20:21:22 --> 404 Page Not Found: Skins/vector
ERROR - 2017-02-16 20:21:23 --> 404 Page Not Found: Misc/states.js
ERROR - 2017-02-16 20:21:23 --> 404 Page Not Found: Static/js
ERROR - 2017-02-16 20:21:24 --> 404 Page Not Found: Include/js
ERROR - 2017-02-16 20:21:24 --> 404 Page Not Found: Include/js
ERROR - 2017-02-16 20:21:24 --> 404 Page Not Found: Include/js
ERROR - 2017-02-16 20:21:25 --> 404 Page Not Found: Res/js
ERROR - 2017-02-16 20:21:25 --> 404 Page Not Found: Js/wind_editor.js
ERROR - 2017-02-16 20:21:26 --> 404 Page Not Found: Styles/prosilver
ERROR - 2017-02-16 20:21:26 --> 404 Page Not Found: Styles/prosilver
ERROR - 2017-02-16 20:21:26 --> 404 Page Not Found: Editor/ubb
ERROR - 2017-02-16 20:21:27 --> 404 Page Not Found: Template/default
ERROR - 2017-02-16 20:21:27 --> 404 Page Not Found: Static/js
ERROR - 2017-02-16 20:21:27 --> 404 Page Not Found: Images/js
ERROR - 2017-02-16 20:21:28 --> 404 Page Not Found: Templets/style
ERROR - 2017-02-16 20:21:28 --> 404 Page Not Found: Include/dedeajax2.js
ERROR - 2017-02-16 20:21:29 --> 404 Page Not Found: Images/default
ERROR - 2017-02-16 20:21:29 --> 404 Page Not Found: Js/lang
ERROR - 2017-02-16 20:21:29 --> 404 Page Not Found: Js/lang
ERROR - 2017-02-16 20:21:30 --> 404 Page Not Found: D/js
ERROR - 2017-02-16 20:21:30 --> 404 Page Not Found: Skin/default
ERROR - 2017-02-16 20:21:30 --> 404 Page Not Found: Media/system
ERROR - 2017-02-16 20:21:31 --> 404 Page Not Found: Media/system
ERROR - 2017-02-16 20:21:31 --> 404 Page Not Found: Lang/zh
ERROR - 2017-02-16 20:21:32 --> 404 Page Not Found: Style/default
ERROR - 2017-02-16 20:21:32 --> 404 Page Not Found: Lang/zh
ERROR - 2017-02-16 20:21:32 --> 404 Page Not Found: Rockmongo/index
ERROR - 2017-02-16 20:21:33 --> 404 Page Not Found: Server-status/index
ERROR - 2017-02-16 20:21:33 --> 404 Page Not Found: Ueditoralljs/index
ERROR - 2017-02-16 20:21:34 --> 404 Page Not Found: Please_read/_search
ERROR - 2017-02-16 20:21:34 --> 404 Page Not Found: Pleasereadthis/index
ERROR - 2017-02-16 20:21:34 --> 404 Page Not Found: Wikilibd/PmWiki.ChangeLog
ERROR - 2017-02-16 20:21:35 --> 404 Page Not Found: Warning/index
ERROR - 2017-02-16 20:21:35 --> 404 Page Not Found: 4e5e5d7364f443e28fbf0d3ae744a59a/index
ERROR - 2017-02-16 20:21:35 --> 404 Page Not Found: Jenkins/index
ERROR - 2017-02-16 20:38:25 --> 404 Page Not Found: Muieblackcat/index
ERROR - 2017-02-16 20:47:36 --> 1 2
ERROR - 2017-02-16 20:47:36 --> 2 0
[2017-02-16 20:47:36][DEBUG] POST http://10.133.193.8/mina_auth/} => [200] {
    "[请求]": {
        "version": 1,
        "componentName": "MA",
        "interface": {
            "interfaceName": "qcloud.cam.id_skey",
            "para": {
                "code": "031QGbo02ykVmY0J1yn029xxo02QGboo",
                "encrypt_data": "Ubq\/v5cd1479wrEYecE0LyPOJTU0GwSLFPbfJSQsTqsr5xBhWoadqESYQlXoONoaXe\/b2BiBBa\/WBseKRTzDssDEiG8mm7fwDiaNgweUlefJ+hI+sY7LN05oZ5o7NXa+US83\/rTknq5rx\/o10i9uYYumbX3uJdOyEflF235ANONoPNGU\/Yq2s+Q6GzLZASul9gSac6sPXiNUwrXZ+J3CFNOBfoFb1nGHYQk2y3ozayYgG\/z\/NJhDlqQSAqxSzO7hv4Qsp35sXYT22Q2Wxwd5vZlY\/Qh541n\/H6RvGKPR9ZzESQ+bvg\/9ImFEkLnZeXodRvi64dtfBTUnvh5CW2Ivb1SZo8NE3Ece+s12IIizL6g2u37CMOFZvP6V9SkasJv2aH5Xt0U\/kfOzX2FA7rVtbo0zsdrsEwaP0zRaKOLtrTqIdFuzybNIIBLLNEuqrlDxMGpDNEYKvM\/KsVGTMhdcB1PdqW+OZePQOuX0pudUNTw=",
                "iv": "+z2C4SBlPdCzqyMqHQMbZw=="
            }
        }
    },
    "[响应]": {
        "returnCode": 0,
        "returnMessage": "NEW_SESSION_SUCCESS",
        "returnData": {
            "id": "2cf24fa4e47169cf5cdc27fae97ea51d",
            "skey": "3fdc8f710cb10ed1d258eb364bbfa08a",
            "openid": "oPicY0eKLErSVPY9eCynPyHwZYB8",
            "user_info": {
                "openId": "oPicY0eKLErSVPY9eCynPyHwZYB8",
                "nickName": "蒋煜天.在路上",
                "gender": 1,
                "language": "en",
                "city": "Suzhou",
                "province": "Jiangsu",
                "country": "CN",
                "avatarUrl": "http:\/\/wx.qlogo.cn\/mmopen\/vi_32\/DYAIOgq83ep6oLvpbBfVcYSLBjobULhjllh9epmRg03RiaFZNoTNtoH9JRCRrAcuEjFgkVoblGFFTopTPTOvfgg\/0",
                "watermark": {
                    "timestamp": 1487249256,
                    "appid": "wx3c13313f866a541a"
                }
            },
            "duration": 7200
        },
        "version": 1,
        "componentName": "MA"
    },
    "[耗时]": "94ms"
}

[2017-02-16 20:47:36][DEBUG] Util::writeJsonResult => [200] {
    "F2C224D4-2BCE-4C64-AF9F-A6D872000D1A": 1,
    "session": {
        "id": "2cf24fa4e47169cf5cdc27fae97ea51d",
        "skey": "3fdc8f710cb10ed1d258eb364bbfa08a",
        "openid": "oPicY0eKLErSVPY9eCynPyHwZYB8"
    }
}

ERROR - 2017-02-16 20:48:21 --> Severity: Notice --> Trying to get property of non-object /data/release/php-weapp-demo/application/models/User_model.php 30
ERROR - 2017-02-16 20:48:29 --> Severity: Notice --> Trying to get property of non-object /data/release/php-weapp-demo/application/models/User_model.php 30
ERROR - 2017-02-16 20:48:32 --> Severity: Warning --> Missing argument 1 for User::address() /data/release/php-weapp-demo/application/controllers/User.php 52
ERROR - 2017-02-16 20:48:32 --> Severity: Notice --> Undefined variable: addressid /data/release/php-weapp-demo/application/controllers/User.php 56
ERROR - 2017-02-16 20:48:42 --> Severity: Notice --> Trying to get property of non-object /data/release/php-weapp-demo/application/models/User_model.php 30
ERROR - 2017-02-16 20:51:53 --> Severity: Notice --> Trying to get property of non-object /data/release/php-weapp-demo/application/models/User_model.php 30
ERROR - 2017-02-16 21:16:56 --> 1 2
ERROR - 2017-02-16 21:16:56 --> 2 0
[2017-02-16 21:16:56][DEBUG] POST http://10.133.193.8/mina_auth/} => [200] {
    "[请求]": {
        "version": 1,
        "componentName": "MA",
        "interface": {
            "interfaceName": "qcloud.cam.id_skey",
            "para": {
                "code": "051JFYg20luYUE1EM6l20GBfh20JFYgb",
                "encrypt_data": "0TnmocqlrVT1rk2cYzsEwJhNQiGQksyEImH57nQmIkTcBdcH3IJInCQq6DrtBMzKsf88KPzFpcQBiJoN\/M6T4XK12GRUSVjtP+DI\/3oxKh6I8G3kvdCuUU+IrgXSDrieCg1B2UVYMD0aJavE2agHPJ8zCb\/yzF1f3O5xg1MfaOwft\/TjsdF7Nx6eyf5ac95ofNf9BRuv\/j1ZbUBcF5DJJXzunx+cNslEXDguzzXIedz9JLWVGu1fjcHoncT5UodhQ2ajCwUqt3WtqaJXXucM5TsqDl90ulNj8\/cdbnXMFuY3cXzSJDHocKvdzFGr06ppx2o0YpGI+vad51tJfmj2LssmQLZsoTqa7t4KGekDSSQO13ysHFXHXxI\/RMHw4bUyI9WkjrYnWecba\/2FM6zVM7rXAfSfRQF3B6x05AcN4psXt91pMN5GUfIDlwgDY18MJWUlfrg7\/7EdubmTdDih3vu3YWQDu2q5qUkCUWNNn4U=",
                "iv": "ZtRfplplczz5\/2fPLP56mw=="
            }
        }
    },
    "[响应]": {
        "returnCode": 0,
        "returnMessage": "NEW_SESSION_SUCCESS",
        "returnData": {
            "id": "898f5454b534e7033d335e254871e3a4",
            "skey": "6c3e2ba7e4a8296bea640b44d7dbd7c4",
            "openid": "oPicY0ToNtf9fq1RstociWzt3lxE",
            "user_info": {
                "openId": "oPicY0ToNtf9fq1RstociWzt3lxE",
                "nickName": "桃林小仙",
                "gender": 2,
                "language": "zh_CN",
                "city": "Suzhou",
                "province": "Jiangsu",
                "country": "CN",
                "avatarUrl": "http:\/\/wx.qlogo.cn\/mmopen\/vi_32\/DYAIOgq83eqoVR2GZu8Dq0VAX9MGFrfXqCCX4Pglk1fDyI7kClTxvDia7tD3ic5ibmjicHVe78dPcH7XiaXbibuIaiarg\/0",
                "watermark": {
                    "timestamp": 1487251015,
                    "appid": "wx3c13313f866a541a"
                }
            },
            "duration": 7200
        },
        "version": 1,
        "componentName": "MA"
    },
    "[耗时]": "88ms"
}

[2017-02-16 21:16:56][DEBUG] Util::writeJsonResult => [200] {
    "F2C224D4-2BCE-4C64-AF9F-A6D872000D1A": 1,
    "session": {
        "id": "898f5454b534e7033d335e254871e3a4",
        "skey": "6c3e2ba7e4a8296bea640b44d7dbd7c4",
        "openid": "oPicY0ToNtf9fq1RstociWzt3lxE"
    }
}

ERROR - 2017-02-16 21:18:59 --> Severity: Notice --> Trying to get property of non-object /data/release/php-weapp-demo/application/models/User_model.php 30
ERROR - 2017-02-16 22:21:53 --> 404 Page Not Found: Rockmongo/index
ERROR - 2017-02-16 22:27:02 --> Severity: Warning --> date() expects at least 1 parameter, 0 given /data/release/php-weapp-demo/application/models/Order_model.php 122
ERROR - 2017-02-16 22:40:48 --> 404 Page Not Found: Wikilibd/PmWiki.ChangeLog
ERROR - 2017-02-16 22:41:24 --> 404 Page Not Found: Skins/vector
ERROR - 2017-02-16 22:41:24 --> 404 Page Not Found: Please_read/_search
ERROR - 2017-02-16 22:41:37 --> 404 Page Not Found: Skins/vector
ERROR - 2017-02-16 22:50:09 --> 404 Page Not Found: 4e5e5d7364f443e28fbf0d3ae744a59a/index
ERROR - 2017-02-16 22:50:21 --> 404 Page Not Found: 4e5e5d7364f443e28fbf0d3ae744a59a/index
ERROR - 2017-02-16 23:16:39 --> 404 Page Not Found: Pleasereadthis/index
ERROR - 2017-02-16 23:20:05 --> 404 Page Not Found: Jenkins/index
ERROR - 2017-02-16 23:20:15 --> 404 Page Not Found: Jenkins/index
