ERROR - 2017-02-27 01:07:03 --> 1 2
ERROR - 2017-02-27 01:07:03 --> 2 0
[2017-02-27 01:07:03][DEBUG] POST http://10.133.193.8/mina_auth/} => [200] {
    "[请求]": {
        "version": 1,
        "componentName": "MA",
        "interface": {
            "interfaceName": "qcloud.cam.id_skey",
            "para": {
                "code": "021Q7bWB1gA3O00sKlYB1aWXVB1Q7bWZ",
                "encrypt_data": "T2\/3k+A0yDnc7YDKNbO8P\/KDAP4UN00d7KVwQYNlYi\/fIMQoqm4KoOMW\/02r5Rrs+UK0hyqf\/RZBj\/wK1SlwbyjOdZ+Hbd8IFIR9BDUX3BFhA4U87aO6MU+bSQqhq1dQYaitr52S4\/fKxp2oxIz126fTzSnaLaPjyjO39Uzcbei2XWULspcF+35U66RqnmZbsGERwroM4PxiiJrRPsBM6DD2BlTa0GUiOABg2QJMxjFY4T8omLgxsDILwJ\/NNEh7sjpJ4pBZ1qiz4Uf6jOV0QFu0tuBVrRRPi47MSSSGqdbfVJEcm31XHqLak4wJx\/umx0dpnX95llfXz4i35HP1OIFXWxuVNi6h\/Y8A3uvHDmSXz99gP1Z2fnBf0z\/Gmha10A3442ssXC4utplpUE18noYDLe2TdrIldSNUWnq82NcLlj9LK1MA90Y2MYYMMiwYYKP0pEZq2oZL7xYKUziSCJ7E\/pvFCfBQqANvUqq18Ks=",
                "iv": "uwB9EsMDijPwV0RBGqyMuQ=="
            }
        }
    },
    "[响应]": {
        "returnCode": 0,
        "returnMessage": "UPDATE_SESSION_SUCCESS",
        "returnData": {
            "id": "0d05e8a5d1e21733666c6fb59fa29218",
            "skey": "86df95ee909759be874bb9b470eb0994",
            "openid": "oPicY0dtNCjgr9ot5nWbwbBUAIFI",
            "user_info": {
                "openId": "oPicY0dtNCjgr9ot5nWbwbBUAIFI",
                "nickName": "礼待四方",
                "gender": 2,
                "language": "zh_CN",
                "city": "Suzhou",
                "province": "Jiangsu",
                "country": "CN",
                "avatarUrl": "http:\/\/wx.qlogo.cn\/mmopen\/vi_32\/PiajxSqBRaELBlqJBD2ZIcibvibk57IE2wsjuDTfHdc6tt21tdEgjVQicUrau9NicDJyn8ADWqj4uxCtAwZpXazShLg\/0",
                "watermark": {
                    "timestamp": 1488128823,
                    "appid": "wx3c13313f866a541a"
                }
            },
            "duration": 7200
        },
        "version": 1,
        "componentName": "MA"
    },
    "[耗时]": "91ms"
}

[2017-02-27 01:07:03][DEBUG] Util::writeJsonResult => [200] {
    "F2C224D4-2BCE-4C64-AF9F-A6D872000D1A": 1,
    "session": {
        "id": "0d05e8a5d1e21733666c6fb59fa29218",
        "skey": "86df95ee909759be874bb9b470eb0994",
        "openid": "oPicY0dtNCjgr9ot5nWbwbBUAIFI"
    }
}

ERROR - 2017-02-27 01:08:52 --> 59
ERROR - 2017-02-27 01:32:25 --> 1
ERROR - 2017-02-27 01:36:23 --> 1
ERROR - 2017-02-27 01:40:42 --> 5
ERROR - 2017-02-27 01:40:50 --> notify start
ERROR - 2017-02-27 01:40:50 --> notify end, id:20170227014042169452 wx_id:4002512001201702271466150310
ERROR - 2017-02-27 01:43:07 --> 1
ERROR - 2017-02-27 01:46:49 --> 1
ERROR - 2017-02-27 01:46:54 --> notify start
ERROR - 2017-02-27 01:46:54 --> notify end, id:20170227014649592768 wx_id:4002512001201702271466223242
ERROR - 2017-02-27 02:54:03 --> 404 Page Not Found: Cgi-bin/kerbynet
ERROR - 2017-02-27 02:54:03 --> 404 Page Not Found: Cgi-bin/kerbynet
ERROR - 2017-02-27 02:54:04 --> 404 Page Not Found: Cgi-bin/kerbynet
ERROR - 2017-02-27 02:54:04 --> 404 Page Not Found: Cgi-bin/kerbynet
ERROR - 2017-02-27 02:54:05 --> 404 Page Not Found: Cgi-bin/kerbynet
ERROR - 2017-02-27 02:54:05 --> 404 Page Not Found: Cgi-bin/kerbynet
ERROR - 2017-02-27 02:54:06 --> 404 Page Not Found: Cgi-bin/kerbynet
ERROR - 2017-02-27 03:48:41 --> 404 Page Not Found: Cache/global
ERROR - 2017-02-27 04:10:38 --> 404 Page Not Found: Cache/global
ERROR - 2017-02-27 08:03:17 --> 404 Page Not Found: Admin/images
ERROR - 2017-02-27 12:33:24 --> Severity: Notice --> Trying to get property of non-object /data/release/php-weapp-demo/application/models/User_model.php 30
ERROR - 2017-02-27 12:33:24 --> 1 2
ERROR - 2017-02-27 12:33:24 --> 2 0
[2017-02-27 12:33:24][DEBUG] POST http://10.133.193.8/mina_auth/} => [200] {
    "[请求]": {
        "version": 1,
        "componentName": "MA",
        "interface": {
            "interfaceName": "qcloud.cam.id_skey",
            "para": {
                "code": "01129OYt0YPpSd1NPCYt0HMPYt029OYE",
                "encrypt_data": "P46rrYTlOrNlIG2BsvLZI7H8L7RS3HYQkVfIhTBWF2WpNrRZkMBKvUEyLhwseMAJVQhSDlx1j4bmEr80nISuRHHEpVs9ZHvLO3QluRd2TcW6sImfN1wcpkQaLHpgVHLec4e\/1NV1pnVio0+iI9fQ7xq5\/qqkWw9iFMirmDFURkyhWco\/L6M+k1EkGKUAj4Dv79DYZjsLIl\/BHZF7kMXiminbfP\/lT87sDvhjEURByIyhS6ik+IyRG3WQTiw54W59BXoJpINxuTbpn4JTuuiKExlgM8yfAB3AHqr+JiZmxfF8eKN\/1p\/qkQwfhz373XKNlbBNK8cqtfFAzhb9DkSbXeKVSB0p0\/fBpPtIkyCXHuQay6BMRypy5E\/LI+fDYFOHNa4l6FdGRH6O54fYPgA4PSsVrsyFpGrHDTlnIsgA2\/QgPX\/Ji7CJLIvQckTuMPZcv8DiIkY7ZR9onN0MbxCEt6BsYQVjt+3SDbHlxBHw9W4=",
                "iv": "XFLgsCfpLhk9F6e00L8qag=="
            }
        }
    },
    "[响应]": {
        "returnCode": 0,
        "returnMessage": "UPDATE_SESSION_SUCCESS",
        "returnData": {
            "id": "898f5454b534e7033d335e254871e3a4",
            "skey": "d885c600c671f0067012a59ad1c9faf9",
            "openid": "oPicY0ToNtf9fq1RstociWzt3lxE",
            "user_info": {
                "openId": "oPicY0ToNtf9fq1RstociWzt3lxE",
                "nickName": "桃林小仙",
                "gender": 2,
                "language": "zh_CN",
                "city": "Suzhou",
                "province": "Jiangsu",
                "country": "CN",
                "avatarUrl": "http:\/\/wx.qlogo.cn\/mmopen\/vi_32\/DYAIOgq83eqoVR2GZu8Dq0VAX9MGFrfXqCCX4Pglk1fDyI7kClTxvDia7tD3ic5ibmjicHVe78dPcH7XiaXbibuIaiarg\/0",
                "watermark": {
                    "timestamp": 1488170002,
                    "appid": "wx3c13313f866a541a"
                }
            },
            "duration": 7200
        },
        "version": 1,
        "componentName": "MA"
    },
    "[耗时]": "139ms"
}

[2017-02-27 12:33:24][DEBUG] Util::writeJsonResult => [200] {
    "F2C224D4-2BCE-4C64-AF9F-A6D872000D1A": 1,
    "session": {
        "id": "898f5454b534e7033d335e254871e3a4",
        "skey": "d885c600c671f0067012a59ad1c9faf9",
        "openid": "oPicY0ToNtf9fq1RstociWzt3lxE"
    }
}

ERROR - 2017-02-27 14:47:02 --> 1 2
ERROR - 2017-02-27 14:47:02 --> 2 0
[2017-02-27 14:47:02][DEBUG] POST http://10.133.193.8/mina_auth/} => [200] {
    "[请求]": {
        "version": 1,
        "componentName": "MA",
        "interface": {
            "interfaceName": "qcloud.cam.id_skey",
            "para": {
                "code": "051N7RYx0cF8Lg16YVVx0rnwYx0N7RYI",
                "encrypt_data": "U\/Rh6m5e3XTuDPt6MydF\/a\/SVRAjB6YB1hUWqA3ZUzeRVmyt\/p+wo6XEl0F3AHa9\/wTDnwP\/tTCjQHv0OgdqzfS+OGddLMn6NjLeA+0EesPMHuM3cFRMXotPzX7dI5yIDX9Kv5JN2gc6dtpSd861KBpUABVPdq9YaWAQrYdpx4+tzhq+7wF+sPAS7Dc4ZnjUSAeXB511wxnl9ePBjLnlRij5KL3mFbyMMwy8uxkYkyMHQD0IsHoeOkdbSa7wW1DpUQaoxMfSnuhtNDkAUn3hBZJYYq0\/wM4Y5TeuRfQ5XrBnY1WdYqQ\/VrR6A25fcqblhPWbC2AjQPCHfOZ7tEao\/b6X4AQxW8dgyv6LHjh6hKvIr8hOEVPHbh0AEQLiRrqb187WmgkJVcSLmDsEIQXo6tk3z8rNqxdjlyb+zGMekqraLkFGaPdEhss51Rh0yGmkvSm5wOoPzmYO94iP8qqlbrbUbDv3jJo1KngeVyO9yL4=",
                "iv": "eHpSBr2c9NoEFSLe79Sfqg=="
            }
        }
    },
    "[响应]": {
        "returnCode": 0,
        "returnMessage": "UPDATE_SESSION_SUCCESS",
        "returnData": {
            "id": "2a20bd9d0d240a74d6514ce55ba4a61f",
            "skey": "c9888e5aef5723a88b64c408652519ae",
            "openid": "oPicY0cBD5ZB89KieBFSH-PNddIE",
            "user_info": {
                "openId": "oPicY0cBD5ZB89KieBFSH-PNddIE",
                "nickName": "普通话君",
                "gender": 1,
                "language": "zh_CN",
                "city": "Suzhou",
                "province": "Jiangsu",
                "country": "CN",
                "avatarUrl": "http:\/\/wx.qlogo.cn\/mmopen\/vi_32\/DYAIOgq83eoVvEdGWoKlDIyUibGRJic4ckYwWHy5bJkeTY8vdf4tT4ibjZiccDicibBjoM5N7aTXTSM7s94hMOc4BicDw\/0",
                "watermark": {
                    "timestamp": 1488178022,
                    "appid": "wx3c13313f866a541a"
                }
            },
            "duration": 7200
        },
        "version": 1,
        "componentName": "MA"
    },
    "[耗时]": "114ms"
}

[2017-02-27 14:47:02][DEBUG] Util::writeJsonResult => [200] {
    "F2C224D4-2BCE-4C64-AF9F-A6D872000D1A": 1,
    "session": {
        "id": "2a20bd9d0d240a74d6514ce55ba4a61f",
        "skey": "c9888e5aef5723a88b64c408652519ae",
        "openid": "oPicY0cBD5ZB89KieBFSH-PNddIE"
    }
}

ERROR - 2017-02-27 15:36:00 --> 404 Page Not Found: Loginaction/index
ERROR - 2017-02-27 16:39:09 --> 404 Page Not Found: Cgi-bin/kerbynet
ERROR - 2017-02-27 16:39:09 --> 404 Page Not Found: Cgi-bin/kerbynet
ERROR - 2017-02-27 16:39:10 --> 404 Page Not Found: Cgi-bin/kerbynet
ERROR - 2017-02-27 16:39:10 --> 404 Page Not Found: Cgi-bin/kerbynet
ERROR - 2017-02-27 16:39:10 --> 404 Page Not Found: Cgi-bin/kerbynet
ERROR - 2017-02-27 16:39:10 --> 404 Page Not Found: Cgi-bin/kerbynet
ERROR - 2017-02-27 16:39:11 --> 404 Page Not Found: Cgi-bin/kerbynet
ERROR - 2017-02-27 16:46:30 --> Severity: Error --> Using $this when not in object context /data/release/php-weapp-demo/application/helpers/myutil_helper.php 197
ERROR - 2017-02-27 16:46:33 --> Severity: Error --> Using $this when not in object context /data/release/php-weapp-demo/application/helpers/myutil_helper.php 197
ERROR - 2017-02-27 16:46:42 --> Severity: Error --> Using $this when not in object context /data/release/php-weapp-demo/application/helpers/myutil_helper.php 197
ERROR - 2017-02-27 17:23:24 --> 404 Page Not Found: Faviconico/index
ERROR - 2017-02-27 17:52:05 --> 404 Page Not Found: Loginaction/index
ERROR - 2017-02-27 18:25:11 --> 404 Page Not Found: Loginaction/index
ERROR - 2017-02-27 20:52:02 --> 404 Page Not Found: Card/generatecard
ERROR - 2017-02-27 20:52:11 --> 404 Page Not Found: Card/generatecard
ERROR - 2017-02-27 21:08:46 --> 1 2
ERROR - 2017-02-27 21:08:46 --> 2 0
[2017-02-27 21:08:46][DEBUG] POST http://10.133.193.8/mina_auth/} => [200] {
    "[请求]": {
        "version": 1,
        "componentName": "MA",
        "interface": {
            "interfaceName": "qcloud.cam.id_skey",
            "para": {
                "code": "001o7qyb2PUNjS0tWgAb2ICjyb2o7qyf",
                "encrypt_data": "lvF6pJGGR\/hNKBTJnkjpmZHMhKLK80BI+RvlGvqb9xxcPeTNCoVhn8N4qYMeQKCLtiifowgPlsakZMBihYahtMaJdutGgG8g0\/XfqD7yMFkz8xGnC\/cZu9LOCxj6mhfcjq2f9MGd0QQQKae\/uK6S57Vh4QQx\/akpfOdy0UUBzhjxuj9lUTB44P2q3rPXYK7ZWeIwR4K\/YJBa0vOtjIqgyj9gB6HaNg2LY7zjSylfLHv+nSY0YnzeKcjw\/KLBFeyVXGovXGuFb8HNGEtVYVh8c4hqzeb0VkqEaEs0TNm2xdr3V6pSJlk6RmgHr+\/3RySmY9t16PNcJefoZK14DrAgfswLxwXbGD6Yc6xQ5v2l84h8ZydeT5rzN7yKTdYE\/Uy+Zpvd9Jk8tDIK1mHxbkJnsZ6w3VyTQ0MVwEQKgxVf0SwgtujWr+Ehnt4Eifp6lvHzEIfZof9xcu8jPKqrJZK1c1MO0x8Up3PsgNgzaLJ3UBM=",
                "iv": "QagXbtmcQEj\/1EuPz9HbgA=="
            }
        }
    },
    "[响应]": {
        "returnCode": 0,
        "returnMessage": "UPDATE_SESSION_SUCCESS",
        "returnData": {
            "id": "2a20bd9d0d240a74d6514ce55ba4a61f",
            "skey": "a1178c03485f7fba2bd1761e09b91db1",
            "openid": "oPicY0cBD5ZB89KieBFSH-PNddIE",
            "user_info": {
                "openId": "oPicY0cBD5ZB89KieBFSH-PNddIE",
                "nickName": "普通话君",
                "gender": 1,
                "language": "zh_CN",
                "city": "Suzhou",
                "province": "Jiangsu",
                "country": "CN",
                "avatarUrl": "http:\/\/wx.qlogo.cn\/mmopen\/vi_32\/DYAIOgq83eoVvEdGWoKlDIyUibGRJic4ckYwWHy5bJkeTY8vdf4tT4ibjZiccDicibBjoM5N7aTXTSM7s94hMOc4BicDw\/0",
                "watermark": {
                    "timestamp": 1488200925,
                    "appid": "wx3c13313f866a541a"
                }
            },
            "duration": 7200
        },
        "version": 1,
        "componentName": "MA"
    },
    "[耗时]": "85ms"
}

[2017-02-27 21:08:46][DEBUG] Util::writeJsonResult => [200] {
    "F2C224D4-2BCE-4C64-AF9F-A6D872000D1A": 1,
    "session": {
        "id": "2a20bd9d0d240a74d6514ce55ba4a61f",
        "skey": "a1178c03485f7fba2bd1761e09b91db1",
        "openid": "oPicY0cBD5ZB89KieBFSH-PNddIE"
    }
}

ERROR - 2017-02-27 22:12:18 --> Severity: Error --> Call to undefined function generateqrcode() /data/release/php-weapp-demo/application/controllers/Card.php 67
