ERROR - 2017-04-17 00:22:38 --> 404 Page Not Found: Cardqrcode/qrcode_0000000021.jpg
ERROR - 2017-04-17 00:22:38 --> 404 Page Not Found: Cardqrcode/qrcode_0000000075.jpg
ERROR - 2017-04-17 00:22:38 --> 404 Page Not Found: Cardqrcode/qrcode_0000000073.jpg
ERROR - 2017-04-17 00:22:38 --> 404 Page Not Found: Cardqrcode/qrcode_0000000074.jpg
ERROR - 2017-04-17 00:22:38 --> 404 Page Not Found: Cardqrcode/qrcode_0000000078.jpg
ERROR - 2017-04-17 00:22:38 --> 404 Page Not Found: Cardqrcode/qrcode_0000000076.jpg
ERROR - 2017-04-17 00:22:38 --> 404 Page Not Found: Cardqrcode/qrcode_0000000077.jpg
ERROR - 2017-04-17 00:22:38 --> 404 Page Not Found: Cardqrcode/qrcode_0000000080.jpg
ERROR - 2017-04-17 00:22:38 --> 404 Page Not Found: Cardqrcode/qrcode_0000000081.jpg
ERROR - 2017-04-17 00:22:38 --> 404 Page Not Found: Cardqrcode/qrcode_0000000079.jpg
ERROR - 2017-04-17 00:22:39 --> 404 Page Not Found: Cardqrcode/qrcode_0000000082.jpg
ERROR - 2017-04-17 00:22:39 --> 404 Page Not Found: Cardqrcode/qrcode_0000000084.jpg
ERROR - 2017-04-17 00:22:39 --> 404 Page Not Found: Cardqrcode/qrcode_0000000083.jpg
ERROR - 2017-04-17 00:22:39 --> 404 Page Not Found: Cardqrcode/qrcode_0000000085.jpg
ERROR - 2017-04-17 00:22:39 --> 404 Page Not Found: Cardqrcode/qrcode_0000000086.jpg
ERROR - 2017-04-17 00:22:39 --> 404 Page Not Found: Cardqrcode/qrcode_0000000088.jpg
ERROR - 2017-04-17 00:22:39 --> 404 Page Not Found: Cardqrcode/qrcode_0000000089.jpg
ERROR - 2017-04-17 00:22:39 --> 404 Page Not Found: Cardqrcode/qrcode_0000000087.jpg
ERROR - 2017-04-17 00:22:39 --> 404 Page Not Found: Cardqrcode/qrcode_0000000090.jpg
ERROR - 2017-04-17 00:22:39 --> 404 Page Not Found: Cardqrcode/qrcode_0000000091.jpg
ERROR - 2017-04-17 00:22:39 --> 404 Page Not Found: Cardqrcode/qrcode_0000000092.jpg
ERROR - 2017-04-17 00:22:39 --> 404 Page Not Found: Cardqrcode/qrcode_0000000093.jpg
ERROR - 2017-04-17 00:22:39 --> 404 Page Not Found: Cardqrcode/qrcode_0000000094.jpg
ERROR - 2017-04-17 00:22:39 --> 404 Page Not Found: Cardqrcode/qrcode_0000000097.jpg
ERROR - 2017-04-17 00:22:39 --> 404 Page Not Found: Cardqrcode/qrcode_0000000095.jpg
ERROR - 2017-04-17 00:22:39 --> 404 Page Not Found: Cardqrcode/qrcode_0000000096.jpg
ERROR - 2017-04-17 00:22:39 --> 404 Page Not Found: Cardqrcode/qrcode_0000000098.jpg
ERROR - 2017-04-17 00:22:40 --> 404 Page Not Found: Cardqrcode/qrcode_0000000099.jpg
ERROR - 2017-04-17 00:22:40 --> 404 Page Not Found: Cardqrcode/qrcode_0000000102.jpg
ERROR - 2017-04-17 00:22:40 --> 404 Page Not Found: Cardqrcode/qrcode_0000000100.jpg
ERROR - 2017-04-17 00:22:40 --> 404 Page Not Found: Cardqrcode/qrcode_0000000101.jpg
ERROR - 2017-04-17 00:22:40 --> 404 Page Not Found: Cardqrcode/qrcode_0000000103.jpg
ERROR - 2017-04-17 00:22:40 --> 404 Page Not Found: Cardqrcode/qrcode_0000000104.jpg
ERROR - 2017-04-17 00:22:40 --> 404 Page Not Found: Cardqrcode/qrcode_0000000106.jpg
ERROR - 2017-04-17 00:22:40 --> 404 Page Not Found: Cardqrcode/qrcode_0000000107.jpg
ERROR - 2017-04-17 00:22:40 --> 404 Page Not Found: Cardqrcode/qrcode_0000000105.jpg
ERROR - 2017-04-17 00:22:40 --> 404 Page Not Found: Cardqrcode/qrcode_0000000108.jpg
ERROR - 2017-04-17 00:22:40 --> 404 Page Not Found: Cardqrcode/qrcode_0000000109.jpg
ERROR - 2017-04-17 00:22:40 --> 404 Page Not Found: Cardqrcode/qrcode_0000000111.jpg
ERROR - 2017-04-17 00:22:40 --> 404 Page Not Found: Cardqrcode/qrcode_0000000112.jpg
ERROR - 2017-04-17 00:22:40 --> 404 Page Not Found: Cardqrcode/qrcode_0000000110.jpg
ERROR - 2017-04-17 00:22:40 --> 404 Page Not Found: Cardqrcode/qrcode_0000000113.jpg
ERROR - 2017-04-17 00:22:41 --> 404 Page Not Found: Cardqrcode/qrcode_0000000114.jpg
ERROR - 2017-04-17 00:22:41 --> 404 Page Not Found: Cardqrcode/qrcode_0000000115.jpg
ERROR - 2017-04-17 00:22:41 --> 404 Page Not Found: Cardqrcode/qrcode_0000000116.jpg
ERROR - 2017-04-17 00:22:41 --> 404 Page Not Found: Cardqrcode/qrcode_0000000117.jpg
ERROR - 2017-04-17 00:22:41 --> 404 Page Not Found: Cardqrcode/qrcode_0000000118.jpg
ERROR - 2017-04-17 00:22:41 --> 404 Page Not Found: Cardqrcode/qrcode_0000000120.jpg
ERROR - 2017-04-17 00:22:41 --> 404 Page Not Found: Cardqrcode/qrcode_0000000122.jpg
ERROR - 2017-04-17 00:22:41 --> 404 Page Not Found: Cardqrcode/qrcode_0000000119.jpg
ERROR - 2017-04-17 00:22:41 --> 404 Page Not Found: Cardqrcode/qrcode_0000000121.jpg
ERROR - 2017-04-17 00:23:49 --> 404 Page Not Found: Cardqrcode/qrcode_0000000021.jpg
ERROR - 2017-04-17 00:23:49 --> 404 Page Not Found: Cardqrcode/qrcode_0000000073.jpg
ERROR - 2017-04-17 00:23:49 --> 404 Page Not Found: Cardqrcode/qrcode_0000000075.jpg
ERROR - 2017-04-17 00:23:50 --> 404 Page Not Found: Cardqrcode/qrcode_0000000074.jpg
ERROR - 2017-04-17 00:23:50 --> 404 Page Not Found: Cardqrcode/qrcode_0000000076.jpg
ERROR - 2017-04-17 00:23:50 --> 404 Page Not Found: Cardqrcode/qrcode_0000000077.jpg
ERROR - 2017-04-17 00:23:50 --> 404 Page Not Found: Cardqrcode/qrcode_0000000078.jpg
ERROR - 2017-04-17 00:23:50 --> 404 Page Not Found: Cardqrcode/qrcode_0000000079.jpg
ERROR - 2017-04-17 00:23:50 --> 404 Page Not Found: Cardqrcode/qrcode_0000000081.jpg
ERROR - 2017-04-17 00:23:50 --> 404 Page Not Found: Cardqrcode/qrcode_0000000080.jpg
ERROR - 2017-04-17 00:23:50 --> 404 Page Not Found: Cardqrcode/qrcode_0000000082.jpg
ERROR - 2017-04-17 00:23:50 --> 404 Page Not Found: Cardqrcode/qrcode_0000000083.jpg
ERROR - 2017-04-17 00:23:50 --> 404 Page Not Found: Cardqrcode/qrcode_0000000085.jpg
ERROR - 2017-04-17 00:23:50 --> 404 Page Not Found: Cardqrcode/qrcode_0000000084.jpg
ERROR - 2017-04-17 00:23:50 --> 404 Page Not Found: Cardqrcode/qrcode_0000000086.jpg
ERROR - 2017-04-17 00:23:50 --> 404 Page Not Found: Cardqrcode/qrcode_0000000087.jpg
ERROR - 2017-04-17 00:23:50 --> 404 Page Not Found: Cardqrcode/qrcode_0000000088.jpg
ERROR - 2017-04-17 00:23:50 --> 404 Page Not Found: Cardqrcode/qrcode_0000000089.jpg
ERROR - 2017-04-17 00:23:50 --> 404 Page Not Found: Cardqrcode/qrcode_0000000090.jpg
ERROR - 2017-04-17 00:23:50 --> 404 Page Not Found: Cardqrcode/qrcode_0000000091.jpg
ERROR - 2017-04-17 00:23:51 --> 404 Page Not Found: Cardqrcode/qrcode_0000000092.jpg
ERROR - 2017-04-17 00:23:51 --> 404 Page Not Found: Cardqrcode/qrcode_0000000093.jpg
ERROR - 2017-04-17 00:23:51 --> 404 Page Not Found: Cardqrcode/qrcode_0000000094.jpg
ERROR - 2017-04-17 00:23:51 --> 404 Page Not Found: Cardqrcode/qrcode_0000000095.jpg
ERROR - 2017-04-17 00:23:51 --> 404 Page Not Found: Cardqrcode/qrcode_0000000096.jpg
ERROR - 2017-04-17 00:23:51 --> 404 Page Not Found: Cardqrcode/qrcode_0000000098.jpg
ERROR - 2017-04-17 00:23:51 --> 404 Page Not Found: Cardqrcode/qrcode_0000000097.jpg
ERROR - 2017-04-17 00:23:51 --> 404 Page Not Found: Cardqrcode/qrcode_0000000099.jpg
ERROR - 2017-04-17 00:23:51 --> 404 Page Not Found: Cardqrcode/qrcode_0000000100.jpg
ERROR - 2017-04-17 00:23:51 --> 404 Page Not Found: Cardqrcode/qrcode_0000000101.jpg
ERROR - 2017-04-17 00:23:51 --> 404 Page Not Found: Cardqrcode/qrcode_0000000103.jpg
ERROR - 2017-04-17 00:23:51 --> 404 Page Not Found: Cardqrcode/qrcode_0000000102.jpg
ERROR - 2017-04-17 00:23:51 --> 404 Page Not Found: Cardqrcode/qrcode_0000000104.jpg
ERROR - 2017-04-17 00:23:51 --> 404 Page Not Found: Cardqrcode/qrcode_0000000105.jpg
ERROR - 2017-04-17 00:23:51 --> 404 Page Not Found: Cardqrcode/qrcode_0000000106.jpg
ERROR - 2017-04-17 00:23:51 --> 404 Page Not Found: Cardqrcode/qrcode_0000000107.jpg
ERROR - 2017-04-17 00:23:51 --> 404 Page Not Found: Cardqrcode/qrcode_0000000108.jpg
ERROR - 2017-04-17 00:23:51 --> 404 Page Not Found: Cardqrcode/qrcode_0000000109.jpg
ERROR - 2017-04-17 00:23:51 --> 404 Page Not Found: Cardqrcode/qrcode_0000000110.jpg
ERROR - 2017-04-17 00:23:51 --> 404 Page Not Found: Cardqrcode/qrcode_0000000111.jpg
ERROR - 2017-04-17 00:23:51 --> 404 Page Not Found: Cardqrcode/qrcode_0000000112.jpg
ERROR - 2017-04-17 00:23:51 --> 404 Page Not Found: Cardqrcode/qrcode_0000000113.jpg
ERROR - 2017-04-17 00:23:51 --> 404 Page Not Found: Cardqrcode/qrcode_0000000114.jpg
ERROR - 2017-04-17 00:23:51 --> 404 Page Not Found: Cardqrcode/qrcode_0000000115.jpg
ERROR - 2017-04-17 00:23:52 --> 404 Page Not Found: Cardqrcode/qrcode_0000000116.jpg
ERROR - 2017-04-17 00:23:52 --> 404 Page Not Found: Cardqrcode/qrcode_0000000117.jpg
ERROR - 2017-04-17 00:23:52 --> 404 Page Not Found: Cardqrcode/qrcode_0000000118.jpg
ERROR - 2017-04-17 00:23:52 --> 404 Page Not Found: Cardqrcode/qrcode_0000000120.jpg
ERROR - 2017-04-17 00:23:52 --> 404 Page Not Found: Cardqrcode/qrcode_0000000119.jpg
ERROR - 2017-04-17 00:23:52 --> 404 Page Not Found: Cardqrcode/qrcode_0000000121.jpg
ERROR - 2017-04-17 00:23:52 --> 404 Page Not Found: Cardqrcode/qrcode_0000000122.jpg
ERROR - 2017-04-17 00:23:53 --> 404 Page Not Found: Cardqrcode/qrcode_0000000087.jpg
ERROR - 2017-04-17 00:23:53 --> 404 Page Not Found: Cardqrcode/qrcode_0000000089.jpg
ERROR - 2017-04-17 00:23:53 --> 404 Page Not Found: Cardqrcode/qrcode_0000000088.jpg
ERROR - 2017-04-17 00:23:53 --> 404 Page Not Found: Cardqrcode/qrcode_0000000090.jpg
ERROR - 2017-04-17 00:23:53 --> 404 Page Not Found: Cardqrcode/qrcode_0000000091.jpg
ERROR - 2017-04-17 00:23:53 --> 404 Page Not Found: Cardqrcode/qrcode_0000000092.jpg
ERROR - 2017-04-17 00:23:53 --> 404 Page Not Found: Cardqrcode/qrcode_0000000093.jpg
ERROR - 2017-04-17 00:23:53 --> 404 Page Not Found: Cardqrcode/qrcode_0000000094.jpg
ERROR - 2017-04-17 00:23:54 --> 404 Page Not Found: Cardqrcode/qrcode_0000000097.jpg
ERROR - 2017-04-17 00:23:54 --> 404 Page Not Found: Cardqrcode/qrcode_0000000098.jpg
ERROR - 2017-04-17 00:23:54 --> 404 Page Not Found: Cardqrcode/qrcode_0000000095.jpg
ERROR - 2017-04-17 00:23:54 --> 404 Page Not Found: Cardqrcode/qrcode_0000000096.jpg
ERROR - 2017-04-17 00:23:54 --> 404 Page Not Found: Cardqrcode/qrcode_0000000099.jpg
ERROR - 2017-04-17 00:23:54 --> 404 Page Not Found: Cardqrcode/qrcode_0000000100.jpg
ERROR - 2017-04-17 00:23:54 --> 404 Page Not Found: Cardqrcode/qrcode_0000000103.jpg
ERROR - 2017-04-17 00:23:54 --> 404 Page Not Found: Cardqrcode/qrcode_0000000101.jpg
ERROR - 2017-04-17 00:23:54 --> 404 Page Not Found: Cardqrcode/qrcode_0000000102.jpg
ERROR - 2017-04-17 00:23:54 --> 404 Page Not Found: Cardqrcode/qrcode_0000000104.jpg
ERROR - 2017-04-17 00:23:54 --> 404 Page Not Found: Cardqrcode/qrcode_0000000105.jpg
ERROR - 2017-04-17 00:23:54 --> 404 Page Not Found: Cardqrcode/qrcode_0000000108.jpg
ERROR - 2017-04-17 00:23:54 --> 404 Page Not Found: Cardqrcode/qrcode_0000000106.jpg
ERROR - 2017-04-17 00:23:54 --> 404 Page Not Found: Cardqrcode/qrcode_0000000107.jpg
ERROR - 2017-04-17 00:23:54 --> 404 Page Not Found: Cardqrcode/qrcode_0000000109.jpg
ERROR - 2017-04-17 00:23:54 --> 404 Page Not Found: Cardqrcode/qrcode_0000000111.jpg
ERROR - 2017-04-17 00:23:54 --> 404 Page Not Found: Cardqrcode/qrcode_0000000110.jpg
ERROR - 2017-04-17 00:23:54 --> 404 Page Not Found: Cardqrcode/qrcode_0000000112.jpg
ERROR - 2017-04-17 00:23:55 --> 404 Page Not Found: Cardqrcode/qrcode_0000000113.jpg
ERROR - 2017-04-17 00:23:55 --> 404 Page Not Found: Cardqrcode/qrcode_0000000114.jpg
ERROR - 2017-04-17 00:23:55 --> 404 Page Not Found: Cardqrcode/qrcode_0000000115.jpg
ERROR - 2017-04-17 00:23:55 --> 404 Page Not Found: Cardqrcode/qrcode_0000000116.jpg
ERROR - 2017-04-17 00:23:55 --> 404 Page Not Found: Cardqrcode/qrcode_0000000117.jpg
ERROR - 2017-04-17 00:23:55 --> 404 Page Not Found: Cardqrcode/qrcode_0000000118.jpg
ERROR - 2017-04-17 00:23:55 --> 404 Page Not Found: Cardqrcode/qrcode_0000000120.jpg
ERROR - 2017-04-17 00:23:55 --> 404 Page Not Found: Cardqrcode/qrcode_0000000121.jpg
ERROR - 2017-04-17 00:23:55 --> 404 Page Not Found: Cardqrcode/qrcode_0000000122.jpg
ERROR - 2017-04-17 00:23:55 --> 404 Page Not Found: Cardqrcode/qrcode_0000000119.jpg
ERROR - 2017-04-17 00:31:40 --> Severity: Warning --> fopen(/data/release/php-weapp-demo/cardqrcode/qrcode_0000000073.jpg): failed to open stream: Permission denied /data/release/php-weapp-demo/application/helpers/myutil_helper.php 244
ERROR - 2017-04-17 00:31:40 --> Severity: Warning --> fwrite() expects parameter 1 to be resource, boolean given /data/release/php-weapp-demo/application/helpers/myutil_helper.php 245
ERROR - 2017-04-17 00:31:40 --> Severity: Warning --> fclose() expects parameter 1 to be resource, boolean given /data/release/php-weapp-demo/application/helpers/myutil_helper.php 246
ERROR - 2017-04-17 00:31:40 --> Severity: Warning --> fopen(/data/release/php-weapp-demo/cardqrcode/qrcode_0000000074.jpg): failed to open stream: Permission denied /data/release/php-weapp-demo/application/helpers/myutil_helper.php 244
ERROR - 2017-04-17 00:31:40 --> Severity: Warning --> fwrite() expects parameter 1 to be resource, boolean given /data/release/php-weapp-demo/application/helpers/myutil_helper.php 245
ERROR - 2017-04-17 00:31:40 --> Severity: Warning --> fclose() expects parameter 1 to be resource, boolean given /data/release/php-weapp-demo/application/helpers/myutil_helper.php 246
ERROR - 2017-04-17 00:31:40 --> Severity: Warning --> fopen(/data/release/php-weapp-demo/cardqrcode/qrcode_0000000075.jpg): failed to open stream: Permission denied /data/release/php-weapp-demo/application/helpers/myutil_helper.php 244
ERROR - 2017-04-17 00:31:40 --> Severity: Warning --> fwrite() expects parameter 1 to be resource, boolean given /data/release/php-weapp-demo/application/helpers/myutil_helper.php 245
ERROR - 2017-04-17 00:31:40 --> Severity: Warning --> fclose() expects parameter 1 to be resource, boolean given /data/release/php-weapp-demo/application/helpers/myutil_helper.php 246
ERROR - 2017-04-17 00:31:41 --> Severity: Warning --> fopen(/data/release/php-weapp-demo/cardqrcode/qrcode_0000000076.jpg): failed to open stream: Permission denied /data/release/php-weapp-demo/application/helpers/myutil_helper.php 244
ERROR - 2017-04-17 00:31:41 --> Severity: Warning --> fwrite() expects parameter 1 to be resource, boolean given /data/release/php-weapp-demo/application/helpers/myutil_helper.php 245
ERROR - 2017-04-17 00:31:41 --> Severity: Warning --> fclose() expects parameter 1 to be resource, boolean given /data/release/php-weapp-demo/application/helpers/myutil_helper.php 246
ERROR - 2017-04-17 00:31:41 --> Severity: Warning --> fopen(/data/release/php-weapp-demo/cardqrcode/qrcode_0000000077.jpg): failed to open stream: Permission denied /data/release/php-weapp-demo/application/helpers/myutil_helper.php 244
ERROR - 2017-04-17 00:31:41 --> Severity: Warning --> fwrite() expects parameter 1 to be resource, boolean given /data/release/php-weapp-demo/application/helpers/myutil_helper.php 245
ERROR - 2017-04-17 00:31:41 --> Severity: Warning --> fclose() expects parameter 1 to be resource, boolean given /data/release/php-weapp-demo/application/helpers/myutil_helper.php 246
ERROR - 2017-04-17 00:31:41 --> Severity: Warning --> fopen(/data/release/php-weapp-demo/cardqrcode/qrcode_0000000078.jpg): failed to open stream: Permission denied /data/release/php-weapp-demo/application/helpers/myutil_helper.php 244
ERROR - 2017-04-17 00:31:41 --> Severity: Warning --> fwrite() expects parameter 1 to be resource, boolean given /data/release/php-weapp-demo/application/helpers/myutil_helper.php 245
ERROR - 2017-04-17 00:31:41 --> Severity: Warning --> fclose() expects parameter 1 to be resource, boolean given /data/release/php-weapp-demo/application/helpers/myutil_helper.php 246
ERROR - 2017-04-17 00:31:41 --> Severity: Warning --> fopen(/data/release/php-weapp-demo/cardqrcode/qrcode_0000000079.jpg): failed to open stream: Permission denied /data/release/php-weapp-demo/application/helpers/myutil_helper.php 244
ERROR - 2017-04-17 00:31:41 --> Severity: Warning --> fwrite() expects parameter 1 to be resource, boolean given /data/release/php-weapp-demo/application/helpers/myutil_helper.php 245
ERROR - 2017-04-17 00:31:41 --> Severity: Warning --> fclose() expects parameter 1 to be resource, boolean given /data/release/php-weapp-demo/application/helpers/myutil_helper.php 246
ERROR - 2017-04-17 00:31:41 --> Severity: Warning --> fopen(/data/release/php-weapp-demo/cardqrcode/qrcode_0000000080.jpg): failed to open stream: Permission denied /data/release/php-weapp-demo/application/helpers/myutil_helper.php 244
ERROR - 2017-04-17 00:31:41 --> Severity: Warning --> fwrite() expects parameter 1 to be resource, boolean given /data/release/php-weapp-demo/application/helpers/myutil_helper.php 245
ERROR - 2017-04-17 00:31:41 --> Severity: Warning --> fclose() expects parameter 1 to be resource, boolean given /data/release/php-weapp-demo/application/helpers/myutil_helper.php 246
ERROR - 2017-04-17 00:31:41 --> Severity: Warning --> fopen(/data/release/php-weapp-demo/cardqrcode/qrcode_0000000081.jpg): failed to open stream: Permission denied /data/release/php-weapp-demo/application/helpers/myutil_helper.php 244
ERROR - 2017-04-17 00:31:41 --> Severity: Warning --> fwrite() expects parameter 1 to be resource, boolean given /data/release/php-weapp-demo/application/helpers/myutil_helper.php 245
ERROR - 2017-04-17 00:31:41 --> Severity: Warning --> fclose() expects parameter 1 to be resource, boolean given /data/release/php-weapp-demo/application/helpers/myutil_helper.php 246
ERROR - 2017-04-17 00:31:41 --> Severity: Warning --> fopen(/data/release/php-weapp-demo/cardqrcode/qrcode_0000000082.jpg): failed to open stream: Permission denied /data/release/php-weapp-demo/application/helpers/myutil_helper.php 244
ERROR - 2017-04-17 00:31:41 --> Severity: Warning --> fwrite() expects parameter 1 to be resource, boolean given /data/release/php-weapp-demo/application/helpers/myutil_helper.php 245
ERROR - 2017-04-17 00:31:41 --> Severity: Warning --> fclose() expects parameter 1 to be resource, boolean given /data/release/php-weapp-demo/application/helpers/myutil_helper.php 246
ERROR - 2017-04-17 00:31:41 --> Severity: Warning --> fopen(/data/release/php-weapp-demo/cardqrcode/qrcode_0000000083.jpg): failed to open stream: Permission denied /data/release/php-weapp-demo/application/helpers/myutil_helper.php 244
ERROR - 2017-04-17 00:31:41 --> Severity: Warning --> fwrite() expects parameter 1 to be resource, boolean given /data/release/php-weapp-demo/application/helpers/myutil_helper.php 245
ERROR - 2017-04-17 00:31:41 --> Severity: Warning --> fclose() expects parameter 1 to be resource, boolean given /data/release/php-weapp-demo/application/helpers/myutil_helper.php 246
ERROR - 2017-04-17 00:31:41 --> Severity: Warning --> fopen(/data/release/php-weapp-demo/cardqrcode/qrcode_0000000084.jpg): failed to open stream: Permission denied /data/release/php-weapp-demo/application/helpers/myutil_helper.php 244
ERROR - 2017-04-17 00:31:41 --> Severity: Warning --> fwrite() expects parameter 1 to be resource, boolean given /data/release/php-weapp-demo/application/helpers/myutil_helper.php 245
ERROR - 2017-04-17 00:31:41 --> Severity: Warning --> fclose() expects parameter 1 to be resource, boolean given /data/release/php-weapp-demo/application/helpers/myutil_helper.php 246
ERROR - 2017-04-17 00:31:41 --> Severity: Warning --> fopen(/data/release/php-weapp-demo/cardqrcode/qrcode_0000000085.jpg): failed to open stream: Permission denied /data/release/php-weapp-demo/application/helpers/myutil_helper.php 244
ERROR - 2017-04-17 00:31:41 --> Severity: Warning --> fwrite() expects parameter 1 to be resource, boolean given /data/release/php-weapp-demo/application/helpers/myutil_helper.php 245
ERROR - 2017-04-17 00:31:41 --> Severity: Warning --> fclose() expects parameter 1 to be resource, boolean given /data/release/php-weapp-demo/application/helpers/myutil_helper.php 246
ERROR - 2017-04-17 00:31:41 --> Severity: Warning --> fopen(/data/release/php-weapp-demo/cardqrcode/qrcode_0000000086.jpg): failed to open stream: Permission denied /data/release/php-weapp-demo/application/helpers/myutil_helper.php 244
ERROR - 2017-04-17 00:31:41 --> Severity: Warning --> fwrite() expects parameter 1 to be resource, boolean given /data/release/php-weapp-demo/application/helpers/myutil_helper.php 245
ERROR - 2017-04-17 00:31:41 --> Severity: Warning --> fclose() expects parameter 1 to be resource, boolean given /data/release/php-weapp-demo/application/helpers/myutil_helper.php 246
ERROR - 2017-04-17 00:31:41 --> Severity: Warning --> fopen(/data/release/php-weapp-demo/cardqrcode/qrcode_0000000087.jpg): failed to open stream: Permission denied /data/release/php-weapp-demo/application/helpers/myutil_helper.php 244
ERROR - 2017-04-17 00:31:41 --> Severity: Warning --> fwrite() expects parameter 1 to be resource, boolean given /data/release/php-weapp-demo/application/helpers/myutil_helper.php 245
ERROR - 2017-04-17 00:31:41 --> Severity: Warning --> fclose() expects parameter 1 to be resource, boolean given /data/release/php-weapp-demo/application/helpers/myutil_helper.php 246
ERROR - 2017-04-17 00:31:42 --> Severity: Warning --> fopen(/data/release/php-weapp-demo/cardqrcode/qrcode_0000000088.jpg): failed to open stream: Permission denied /data/release/php-weapp-demo/application/helpers/myutil_helper.php 244
ERROR - 2017-04-17 00:31:42 --> Severity: Warning --> fwrite() expects parameter 1 to be resource, boolean given /data/release/php-weapp-demo/application/helpers/myutil_helper.php 245
ERROR - 2017-04-17 00:31:42 --> Severity: Warning --> fclose() expects parameter 1 to be resource, boolean given /data/release/php-weapp-demo/application/helpers/myutil_helper.php 246
ERROR - 2017-04-17 00:31:42 --> Severity: Warning --> fopen(/data/release/php-weapp-demo/cardqrcode/qrcode_0000000089.jpg): failed to open stream: Permission denied /data/release/php-weapp-demo/application/helpers/myutil_helper.php 244
ERROR - 2017-04-17 00:31:42 --> Severity: Warning --> fwrite() expects parameter 1 to be resource, boolean given /data/release/php-weapp-demo/application/helpers/myutil_helper.php 245
ERROR - 2017-04-17 00:31:42 --> Severity: Warning --> fclose() expects parameter 1 to be resource, boolean given /data/release/php-weapp-demo/application/helpers/myutil_helper.php 246
ERROR - 2017-04-17 00:31:42 --> Severity: Warning --> fopen(/data/release/php-weapp-demo/cardqrcode/qrcode_0000000090.jpg): failed to open stream: Permission denied /data/release/php-weapp-demo/application/helpers/myutil_helper.php 244
ERROR - 2017-04-17 00:31:42 --> Severity: Warning --> fwrite() expects parameter 1 to be resource, boolean given /data/release/php-weapp-demo/application/helpers/myutil_helper.php 245
ERROR - 2017-04-17 00:31:42 --> Severity: Warning --> fclose() expects parameter 1 to be resource, boolean given /data/release/php-weapp-demo/application/helpers/myutil_helper.php 246
ERROR - 2017-04-17 00:31:42 --> Severity: Warning --> fopen(/data/release/php-weapp-demo/cardqrcode/qrcode_0000000091.jpg): failed to open stream: Permission denied /data/release/php-weapp-demo/application/helpers/myutil_helper.php 244
ERROR - 2017-04-17 00:31:42 --> Severity: Warning --> fwrite() expects parameter 1 to be resource, boolean given /data/release/php-weapp-demo/application/helpers/myutil_helper.php 245
ERROR - 2017-04-17 00:31:42 --> Severity: Warning --> fclose() expects parameter 1 to be resource, boolean given /data/release/php-weapp-demo/application/helpers/myutil_helper.php 246
ERROR - 2017-04-17 00:31:42 --> Severity: Warning --> fopen(/data/release/php-weapp-demo/cardqrcode/qrcode_0000000092.jpg): failed to open stream: Permission denied /data/release/php-weapp-demo/application/helpers/myutil_helper.php 244
ERROR - 2017-04-17 00:31:42 --> Severity: Warning --> fwrite() expects parameter 1 to be resource, boolean given /data/release/php-weapp-demo/application/helpers/myutil_helper.php 245
ERROR - 2017-04-17 00:31:42 --> Severity: Warning --> fclose() expects parameter 1 to be resource, boolean given /data/release/php-weapp-demo/application/helpers/myutil_helper.php 246
ERROR - 2017-04-17 00:31:42 --> Severity: Warning --> fopen(/data/release/php-weapp-demo/cardqrcode/qrcode_0000000093.jpg): failed to open stream: Permission denied /data/release/php-weapp-demo/application/helpers/myutil_helper.php 244
ERROR - 2017-04-17 00:31:42 --> Severity: Warning --> fwrite() expects parameter 1 to be resource, boolean given /data/release/php-weapp-demo/application/helpers/myutil_helper.php 245
ERROR - 2017-04-17 00:31:42 --> Severity: Warning --> fclose() expects parameter 1 to be resource, boolean given /data/release/php-weapp-demo/application/helpers/myutil_helper.php 246
ERROR - 2017-04-17 00:31:42 --> Severity: Warning --> fopen(/data/release/php-weapp-demo/cardqrcode/qrcode_0000000094.jpg): failed to open stream: Permission denied /data/release/php-weapp-demo/application/helpers/myutil_helper.php 244
ERROR - 2017-04-17 00:31:42 --> Severity: Warning --> fwrite() expects parameter 1 to be resource, boolean given /data/release/php-weapp-demo/application/helpers/myutil_helper.php 245
ERROR - 2017-04-17 00:31:42 --> Severity: Warning --> fclose() expects parameter 1 to be resource, boolean given /data/release/php-weapp-demo/application/helpers/myutil_helper.php 246
ERROR - 2017-04-17 00:31:42 --> Severity: Warning --> fopen(/data/release/php-weapp-demo/cardqrcode/qrcode_0000000095.jpg): failed to open stream: Permission denied /data/release/php-weapp-demo/application/helpers/myutil_helper.php 244
ERROR - 2017-04-17 00:31:42 --> Severity: Warning --> fwrite() expects parameter 1 to be resource, boolean given /data/release/php-weapp-demo/application/helpers/myutil_helper.php 245
ERROR - 2017-04-17 00:31:42 --> Severity: Warning --> fclose() expects parameter 1 to be resource, boolean given /data/release/php-weapp-demo/application/helpers/myutil_helper.php 246
ERROR - 2017-04-17 00:31:42 --> Severity: Warning --> fopen(/data/release/php-weapp-demo/cardqrcode/qrcode_0000000096.jpg): failed to open stream: Permission denied /data/release/php-weapp-demo/application/helpers/myutil_helper.php 244
ERROR - 2017-04-17 00:31:42 --> Severity: Warning --> fwrite() expects parameter 1 to be resource, boolean given /data/release/php-weapp-demo/application/helpers/myutil_helper.php 245
ERROR - 2017-04-17 00:31:42 --> Severity: Warning --> fclose() expects parameter 1 to be resource, boolean given /data/release/php-weapp-demo/application/helpers/myutil_helper.php 246
ERROR - 2017-04-17 00:31:42 --> Severity: Warning --> fopen(/data/release/php-weapp-demo/cardqrcode/qrcode_0000000097.jpg): failed to open stream: Permission denied /data/release/php-weapp-demo/application/helpers/myutil_helper.php 244
ERROR - 2017-04-17 00:31:42 --> Severity: Warning --> fwrite() expects parameter 1 to be resource, boolean given /data/release/php-weapp-demo/application/helpers/myutil_helper.php 245
ERROR - 2017-04-17 00:31:42 --> Severity: Warning --> fclose() expects parameter 1 to be resource, boolean given /data/release/php-weapp-demo/application/helpers/myutil_helper.php 246
ERROR - 2017-04-17 00:31:42 --> Severity: Warning --> fopen(/data/release/php-weapp-demo/cardqrcode/qrcode_0000000098.jpg): failed to open stream: Permission denied /data/release/php-weapp-demo/application/helpers/myutil_helper.php 244
ERROR - 2017-04-17 00:31:42 --> Severity: Warning --> fwrite() expects parameter 1 to be resource, boolean given /data/release/php-weapp-demo/application/helpers/myutil_helper.php 245
ERROR - 2017-04-17 00:31:42 --> Severity: Warning --> fclose() expects parameter 1 to be resource, boolean given /data/release/php-weapp-demo/application/helpers/myutil_helper.php 246
ERROR - 2017-04-17 00:31:43 --> Severity: Warning --> fopen(/data/release/php-weapp-demo/cardqrcode/qrcode_0000000099.jpg): failed to open stream: Permission denied /data/release/php-weapp-demo/application/helpers/myutil_helper.php 244
ERROR - 2017-04-17 00:31:43 --> Severity: Warning --> fwrite() expects parameter 1 to be resource, boolean given /data/release/php-weapp-demo/application/helpers/myutil_helper.php 245
ERROR - 2017-04-17 00:31:43 --> Severity: Warning --> fclose() expects parameter 1 to be resource, boolean given /data/release/php-weapp-demo/application/helpers/myutil_helper.php 246
ERROR - 2017-04-17 00:31:43 --> Severity: Warning --> fopen(/data/release/php-weapp-demo/cardqrcode/qrcode_0000000100.jpg): failed to open stream: Permission denied /data/release/php-weapp-demo/application/helpers/myutil_helper.php 244
ERROR - 2017-04-17 00:31:43 --> Severity: Warning --> fwrite() expects parameter 1 to be resource, boolean given /data/release/php-weapp-demo/application/helpers/myutil_helper.php 245
ERROR - 2017-04-17 00:31:43 --> Severity: Warning --> fclose() expects parameter 1 to be resource, boolean given /data/release/php-weapp-demo/application/helpers/myutil_helper.php 246
ERROR - 2017-04-17 00:35:20 --> 404 Page Not Found: Cardqrcode/qrcode_0000000021.jpg
ERROR - 2017-04-17 00:35:20 --> 404 Page Not Found: Cardqrcode/qrcode_0000000101.jpg
ERROR - 2017-04-17 00:35:20 --> 404 Page Not Found: Cardqrcode/qrcode_0000000102.jpg
ERROR - 2017-04-17 00:35:20 --> 404 Page Not Found: Cardqrcode/qrcode_0000000103.jpg
ERROR - 2017-04-17 00:35:21 --> 404 Page Not Found: Cardqrcode/qrcode_0000000106.jpg
ERROR - 2017-04-17 00:35:21 --> 404 Page Not Found: Cardqrcode/qrcode_0000000105.jpg
ERROR - 2017-04-17 00:35:21 --> 404 Page Not Found: Cardqrcode/qrcode_0000000107.jpg
ERROR - 2017-04-17 00:35:21 --> 404 Page Not Found: Cardqrcode/qrcode_0000000108.jpg
ERROR - 2017-04-17 00:35:21 --> 404 Page Not Found: Cardqrcode/qrcode_0000000110.jpg
ERROR - 2017-04-17 00:35:21 --> 404 Page Not Found: Cardqrcode/qrcode_0000000109.jpg
ERROR - 2017-04-17 00:35:21 --> 404 Page Not Found: Cardqrcode/qrcode_0000000111.jpg
ERROR - 2017-04-17 00:35:21 --> 404 Page Not Found: Cardqrcode/qrcode_0000000112.jpg
ERROR - 2017-04-17 00:35:21 --> 404 Page Not Found: Cardqrcode/qrcode_0000000113.jpg
ERROR - 2017-04-17 00:35:21 --> 404 Page Not Found: Cardqrcode/qrcode_0000000114.jpg
ERROR - 2017-04-17 00:35:21 --> 404 Page Not Found: Cardqrcode/qrcode_0000000115.jpg
ERROR - 2017-04-17 00:35:21 --> 404 Page Not Found: Cardqrcode/qrcode_0000000116.jpg
ERROR - 2017-04-17 00:35:21 --> 404 Page Not Found: Cardqrcode/qrcode_0000000118.jpg
ERROR - 2017-04-17 00:35:21 --> 404 Page Not Found: Cardqrcode/qrcode_0000000119.jpg
ERROR - 2017-04-17 00:35:21 --> 404 Page Not Found: Cardqrcode/qrcode_0000000117.jpg
ERROR - 2017-04-17 00:35:21 --> 404 Page Not Found: Cardqrcode/qrcode_0000000120.jpg
ERROR - 2017-04-17 00:35:21 --> 404 Page Not Found: Cardqrcode/qrcode_0000000121.jpg
ERROR - 2017-04-17 00:35:22 --> 404 Page Not Found: Cardqrcode/qrcode_0000000122.jpg
ERROR - 2017-04-17 00:35:22 --> 404 Page Not Found: Cardqrcode/qrcode_0000000104.jpg
ERROR - 2017-04-17 00:38:21 --> 404 Page Not Found: Faviconico/index
ERROR - 2017-04-17 00:38:23 --> 404 Page Not Found: Cardqrcode/qrcode_0000000021.jpg
ERROR - 2017-04-17 00:38:23 --> 404 Page Not Found: Cardqrcode/qrcode_0000000101.jpg
ERROR - 2017-04-17 00:38:23 --> 404 Page Not Found: Cardqrcode/qrcode_0000000103.jpg
ERROR - 2017-04-17 00:38:23 --> 404 Page Not Found: Cardqrcode/qrcode_0000000102.jpg
ERROR - 2017-04-17 00:38:23 --> 404 Page Not Found: Cardqrcode/qrcode_0000000104.jpg
ERROR - 2017-04-17 00:38:23 --> 404 Page Not Found: Cardqrcode/qrcode_0000000105.jpg
ERROR - 2017-04-17 00:38:23 --> 404 Page Not Found: Cardqrcode/qrcode_0000000106.jpg
ERROR - 2017-04-17 00:38:24 --> 404 Page Not Found: Cardqrcode/qrcode_0000000107.jpg
ERROR - 2017-04-17 00:38:24 --> 404 Page Not Found: Cardqrcode/qrcode_0000000108.jpg
ERROR - 2017-04-17 00:38:24 --> 404 Page Not Found: Cardqrcode/qrcode_0000000109.jpg
ERROR - 2017-04-17 00:38:24 --> 404 Page Not Found: Cardqrcode/qrcode_0000000110.jpg
ERROR - 2017-04-17 00:38:24 --> 404 Page Not Found: Cardqrcode/qrcode_0000000112.jpg
ERROR - 2017-04-17 00:38:24 --> 404 Page Not Found: Cardqrcode/qrcode_0000000111.jpg
ERROR - 2017-04-17 00:38:24 --> 404 Page Not Found: Cardqrcode/qrcode_0000000113.jpg
ERROR - 2017-04-17 00:38:24 --> 404 Page Not Found: Cardqrcode/qrcode_0000000114.jpg
ERROR - 2017-04-17 00:38:24 --> 404 Page Not Found: Cardqrcode/qrcode_0000000115.jpg
ERROR - 2017-04-17 00:38:25 --> 404 Page Not Found: Cardqrcode/qrcode_0000000116.jpg
ERROR - 2017-04-17 00:38:25 --> 404 Page Not Found: Cardqrcode/qrcode_0000000117.jpg
ERROR - 2017-04-17 00:38:25 --> 404 Page Not Found: Cardqrcode/qrcode_0000000118.jpg
ERROR - 2017-04-17 00:38:25 --> 404 Page Not Found: Cardqrcode/qrcode_0000000119.jpg
ERROR - 2017-04-17 00:38:25 --> 404 Page Not Found: Cardqrcode/qrcode_0000000120.jpg
ERROR - 2017-04-17 00:38:25 --> 404 Page Not Found: Cardqrcode/qrcode_0000000121.jpg
ERROR - 2017-04-17 00:38:25 --> 404 Page Not Found: Cardqrcode/qrcode_0000000122.jpg
ERROR - 2017-04-17 00:38:26 --> 404 Page Not Found: Faviconico/index
ERROR - 2017-04-17 00:38:30 --> 404 Page Not Found: Faviconico/index
ERROR - 2017-04-17 01:27:10 --> 404 Page Not Found: Phpmyadmin/index
ERROR - 2017-04-17 03:26:02 --> 404 Page Not Found: LoginActionaction/index
ERROR - 2017-04-17 03:55:08 --> 404 Page Not Found: Loginaction/index
ERROR - 2017-04-17 03:55:08 --> 404 Page Not Found: Loginaction/index
ERROR - 2017-04-17 03:55:09 --> 404 Page Not Found: Loginaction/index
ERROR - 2017-04-17 03:55:09 --> 404 Page Not Found: Loginaction/index
ERROR - 2017-04-17 03:55:09 --> 404 Page Not Found: Loginaction/index
ERROR - 2017-04-17 03:55:09 --> 404 Page Not Found: Loginaction/index
ERROR - 2017-04-17 07:17:23 --> 404 Page Not Found: Loginaction/index
ERROR - 2017-04-17 07:17:29 --> 404 Page Not Found: Loginaction/index
ERROR - 2017-04-17 10:20:36 --> 404 Page Not Found: Wp-includes/js
ERROR - 2017-04-17 10:20:37 --> 404 Page Not Found: Skins/vector
ERROR - 2017-04-17 10:20:37 --> 404 Page Not Found: Misc/states.js
ERROR - 2017-04-17 10:20:38 --> 404 Page Not Found: Static/js
ERROR - 2017-04-17 10:20:38 --> 404 Page Not Found: Include/js
ERROR - 2017-04-17 10:20:38 --> 404 Page Not Found: Include/js
ERROR - 2017-04-17 10:20:39 --> 404 Page Not Found: Include/js
ERROR - 2017-04-17 10:20:39 --> 404 Page Not Found: Res/js
ERROR - 2017-04-17 10:20:39 --> 404 Page Not Found: Js/wind_editor.js
ERROR - 2017-04-17 10:20:40 --> 404 Page Not Found: Styles/prosilver
ERROR - 2017-04-17 10:20:40 --> 404 Page Not Found: Styles/prosilver
ERROR - 2017-04-17 10:20:41 --> 404 Page Not Found: Editor/ubb
ERROR - 2017-04-17 10:20:41 --> 404 Page Not Found: Template/default
ERROR - 2017-04-17 10:20:41 --> 404 Page Not Found: Static/js
ERROR - 2017-04-17 10:20:42 --> 404 Page Not Found: Images/js
ERROR - 2017-04-17 10:20:42 --> 404 Page Not Found: Templets/style
ERROR - 2017-04-17 10:20:42 --> 404 Page Not Found: Include/dedeajax2.js
ERROR - 2017-04-17 10:20:43 --> 404 Page Not Found: Images/default
ERROR - 2017-04-17 10:20:43 --> 404 Page Not Found: Js/lang
ERROR - 2017-04-17 10:20:44 --> 404 Page Not Found: Js/lang
ERROR - 2017-04-17 10:20:44 --> 404 Page Not Found: D/js
ERROR - 2017-04-17 10:20:44 --> 404 Page Not Found: Skin/default
ERROR - 2017-04-17 10:20:45 --> 404 Page Not Found: Media/system
ERROR - 2017-04-17 10:20:45 --> 404 Page Not Found: Media/system
ERROR - 2017-04-17 10:20:45 --> 404 Page Not Found: Lang/zh
ERROR - 2017-04-17 10:20:46 --> 404 Page Not Found: Style/default
ERROR - 2017-04-17 10:20:46 --> 404 Page Not Found: Lang/zh
ERROR - 2017-04-17 10:20:47 --> 404 Page Not Found: Rockmongo/index
ERROR - 2017-04-17 10:20:47 --> 404 Page Not Found: Server-status/index
ERROR - 2017-04-17 10:20:47 --> 404 Page Not Found: Ueditoralljs/index
ERROR - 2017-04-17 10:20:48 --> 404 Page Not Found: Wikilibd/PmWiki.ChangeLog
ERROR - 2017-04-17 10:20:48 --> 404 Page Not Found: 4e5e5d7364f443e28fbf0d3ae744a59a/index
ERROR - 2017-04-17 10:20:48 --> 404 Page Not Found: Jenkins/index
ERROR - 2017-04-17 10:45:00 --> 404 Page Not Found: HndUnblockcgi/index
ERROR - 2017-04-17 10:45:00 --> 404 Page Not Found: TmUnblockcgi/index
ERROR - 2017-04-17 10:45:02 --> 404 Page Not Found: Cgi/index
ERROR - 2017-04-17 10:45:03 --> 404 Page Not Found: Cgi-bin/cgiSrv.cgi
ERROR - 2017-04-17 11:44:16 --> 404 Page Not Found: Loginaction/index
ERROR - 2017-04-17 12:55:25 --> 404 Page Not Found: HndUnblockcgi/index
ERROR - 2017-04-17 13:54:28 --> 404 Page Not Found: Cache/global
ERROR - 2017-04-17 13:58:39 --> 404 Page Not Found: HndUnblockcgi/index
ERROR - 2017-04-17 14:14:59 --> 404 Page Not Found: Cgi/index
ERROR - 2017-04-17 14:15:08 --> 404 Page Not Found: Cgi/index
ERROR - 2017-04-17 14:46:56 --> 404 Page Not Found: Cache/global
ERROR - 2017-04-17 17:31:58 --> 404 Page Not Found: Cgi/index
ERROR - 2017-04-17 17:58:50 --> 1 2
ERROR - 2017-04-17 17:58:50 --> 2 0
[2017-04-17 17:58:50][DEBUG] POST http://10.133.193.8/mina_auth/} => [200] {
    "[请求]": {
        "version": 1,
        "componentName": "MA",
        "interface": {
            "interfaceName": "qcloud.cam.id_skey",
            "para": {
                "code": "011h2Ojk0dpOXk1Y4Jjk0oQWjk0h2Ojw",
                "encrypt_data": "3g1PhV0o616IVoOh25yKhxPQsEy4n7v2A5I7TzKr2Bg3gLW5SyO52hwO9trRU7bmqtpk9a+y\/25rvCHkoifpluSdZQ0yIKcpSks4kHUx+1O9p7bEMLmweBjrY85utRHgfFpozTcSmYBsJpM2M9fvKM8Uzo0z66YJNP03yDTgxqTfVuQAjTkRqdmByRikmhEWqa7DHXz2ZSN0bHBSZF13OMp8RCruBBTVtMvuFtwBsHrhI7YGUBQOLqEbemBCrOjK3h9LcMGpKvUHBbhd+EdFLNR7wy2a2sns4PBgQQRWRbc8JmEJCclaIWGG0ZzB4p9K5zIvdrUGogwvqVPQobcVX5fZzsTY1KILa4ZgGaxPQH1br38SpyxzMtGraOWvsNUdGC91c3jBGs0KwVJRwjDqDHNkLbPQTupHBTGUZWhAnFhxgmvX1cwBIwcpYjs1pqMcKz\/THQ6Yh174P0UStT+Rv++XP\/x30dOqzekueYsrUErIVHQqRN6dEXFgMyJz1GadtqcF4UEoA3hicSAgs9hRAg==",
                "iv": "VXJsK\/E6Qqa2xNFjFwykGA=="
            }
        }
    },
    "[响应]": {
        "returnCode": 0,
        "returnMessage": "NEW_SESSION_SUCCESS",
        "returnData": {
            "id": "145e06ecf257f573ef9cc5e9a2b8edca",
            "skey": "181418012e97aad11fbdb83a26d5a630",
            "user_info": {
                "openId": "oPicY0XqMfqto1974IkvrUJFtQBE",
                "nickName": "王兰洲",
                "gender": 1,
                "language": "zh_CN",
                "city": "Suzhou",
                "province": "Jiangsu",
                "country": "CN",
                "avatarUrl": "http:\/\/wx.qlogo.cn\/mmopen\/vi_32\/Q0j4TwGTfTJGjiauanv1bnsiaIkJ61WayiaVe59faAMqTUjw2fQRAPmFs7mibSLDgzdvmbX0sD8GBHhT1HcvWv2cmg\/0",
                "unionId": "oU11PxDQV5NsaQx8pTKhnFQjLl0w",
                "watermark": {
                    "timestamp": 1492423129,
                    "appid": "wx3c13313f866a541a"
                }
            },
            "duration": 7200
        },
        "version": 1,
        "componentName": "MA"
    },
    "[耗时]": "112ms"
}

[2017-04-17 17:58:50][DEBUG] Util::writeJsonResult => [200] {
    "F2C224D4-2BCE-4C64-AF9F-A6D872000D1A": 1,
    "session": {
        "id": "145e06ecf257f573ef9cc5e9a2b8edca",
        "skey": "181418012e97aad11fbdb83a26d5a630",
        "openid": "oPicY0XqMfqto1974IkvrUJFtQBE",
        "unionid": "oU11PxDQV5NsaQx8pTKhnFQjLl0w"
    }
}

ERROR - 2017-04-17 17:58:50 --> 1 2
ERROR - 2017-04-17 17:58:50 --> 2 0
[2017-04-17 17:58:50][DEBUG] POST http://10.133.193.8/mina_auth/} => [200] {
    "[请求]": {
        "version": 1,
        "componentName": "MA",
        "interface": {
            "interfaceName": "qcloud.cam.id_skey",
            "para": {
                "code": "031an6Lx0Fo6Hg14NUJx09eMKx0an6Lg",
                "encrypt_data": "5+xmBwLbsVooNeKk4d8I8ssXUgwVZtPG9lSmalOGAGrr+tJRvwU\/oKO9ew84+\/cNKxGVeAkynp+X7EvTpLWWj1qxEZBBZHe7AD1WMjwjzWe+wXvAPyrJvoIJgp48zaBEOSHGVGtJpx4z+Rh3g6eAUil\/aWBWksrDlsSy3y2wXXKKC5fDjXop8HCmXaOB8Gh5sNsKj88FHd5JsKou\/a4A3gB9OboVTa1Ki6RB1muHu\/s1HNeeiiuStmR6GF23fyzCreuRtSmB+sE8p\/JT7CYbVt9emRLR9TdU7HzF\/NiA3YiS\/VJjRDukOslT0vwOFUarJWx2eQSev2EAAJ5ZKlNA8WOx7ZXgOdG7SNn0epwECd6rGH3Pf0SpJawCL1uAcTA1Sz6smEmoODfyNer2KkHQ83fGKhXid5Pdx4YRhMnVp3DP84DTkjFc1bBDZxnXB8TenR2MCO43ieNO93OvhUGD\/7VTTvH\/EdX0zo2bKQotb8t38cbzmS16OC2NBhhwBuHj5b7swoRFcGInqszfrsDCFQ==",
                "iv": "HCSUME7RP1sr12wz+N1ANg=="
            }
        }
    },
    "[响应]": {
        "returnCode": 0,
        "returnMessage": "NEW_SESSION_SUCCESS",
        "returnData": {
            "id": "6140ae95f0ec00d211ba53f42f7c81b0",
            "skey": "ccac49c73d640c357304ae3fcda86eb2",
            "user_info": {
                "openId": "oPicY0XqMfqto1974IkvrUJFtQBE",
                "nickName": "王兰洲",
                "gender": 1,
                "language": "zh_CN",
                "city": "Suzhou",
                "province": "Jiangsu",
                "country": "CN",
                "avatarUrl": "http:\/\/wx.qlogo.cn\/mmopen\/vi_32\/Q0j4TwGTfTJGjiauanv1bnsiaIkJ61WayiaVe59faAMqTUjw2fQRAPmFs7mibSLDgzdvmbX0sD8GBHhT1HcvWv2cmg\/0",
                "unionId": "oU11PxDQV5NsaQx8pTKhnFQjLl0w",
                "watermark": {
                    "timestamp": 1492423129,
                    "appid": "wx3c13313f866a541a"
                }
            },
            "duration": 7200
        },
        "version": 1,
        "componentName": "MA"
    },
    "[耗时]": "180ms"
}

[2017-04-17 17:58:50][DEBUG] Util::writeJsonResult => [200] {
    "F2C224D4-2BCE-4C64-AF9F-A6D872000D1A": 1,
    "session": {
        "id": "6140ae95f0ec00d211ba53f42f7c81b0",
        "skey": "ccac49c73d640c357304ae3fcda86eb2",
        "openid": "oPicY0XqMfqto1974IkvrUJFtQBE",
        "unionid": "oU11PxDQV5NsaQx8pTKhnFQjLl0w"
    }
}

ERROR - 2017-04-17 17:58:50 --> Severity: Notice --> Trying to get property of non-object /data/release/php-weapp-demo/application/models/User_model.php 30
ERROR - 2017-04-17 17:59:26 --> 404 Page Not Found: Faviconico/index
ERROR - 2017-04-17 17:59:28 --> 404 Page Not Found: Cardqrcode/qrcode_0000000021.jpg
ERROR - 2017-04-17 17:59:29 --> 404 Page Not Found: Cardqrcode/qrcode_0000000101.jpg
ERROR - 2017-04-17 17:59:29 --> 404 Page Not Found: Cardqrcode/qrcode_0000000102.jpg
ERROR - 2017-04-17 17:59:29 --> 404 Page Not Found: Cardqrcode/qrcode_0000000103.jpg
ERROR - 2017-04-17 17:59:29 --> 404 Page Not Found: Cardqrcode/qrcode_0000000104.jpg
ERROR - 2017-04-17 17:59:29 --> 404 Page Not Found: Cardqrcode/qrcode_0000000105.jpg
ERROR - 2017-04-17 17:59:29 --> 404 Page Not Found: Cardqrcode/qrcode_0000000106.jpg
ERROR - 2017-04-17 17:59:29 --> 404 Page Not Found: Cardqrcode/qrcode_0000000107.jpg
ERROR - 2017-04-17 17:59:29 --> 404 Page Not Found: Cardqrcode/qrcode_0000000108.jpg
ERROR - 2017-04-17 17:59:29 --> 404 Page Not Found: Cardqrcode/qrcode_0000000109.jpg
ERROR - 2017-04-17 17:59:29 --> 404 Page Not Found: Cardqrcode/qrcode_0000000110.jpg
ERROR - 2017-04-17 17:59:30 --> 404 Page Not Found: Cardqrcode/qrcode_0000000111.jpg
ERROR - 2017-04-17 17:59:30 --> 404 Page Not Found: Cardqrcode/qrcode_0000000113.jpg
ERROR - 2017-04-17 17:59:30 --> 404 Page Not Found: Cardqrcode/qrcode_0000000112.jpg
ERROR - 2017-04-17 17:59:30 --> 404 Page Not Found: Cardqrcode/qrcode_0000000114.jpg
ERROR - 2017-04-17 17:59:30 --> 404 Page Not Found: Cardqrcode/qrcode_0000000116.jpg
ERROR - 2017-04-17 17:59:30 --> 404 Page Not Found: Cardqrcode/qrcode_0000000115.jpg
ERROR - 2017-04-17 17:59:30 --> 404 Page Not Found: Cardqrcode/qrcode_0000000117.jpg
ERROR - 2017-04-17 17:59:30 --> 404 Page Not Found: Cardqrcode/qrcode_0000000118.jpg
ERROR - 2017-04-17 17:59:30 --> 404 Page Not Found: Cardqrcode/qrcode_0000000119.jpg
ERROR - 2017-04-17 17:59:30 --> 404 Page Not Found: Cardqrcode/qrcode_0000000120.jpg
ERROR - 2017-04-17 17:59:30 --> 404 Page Not Found: Cardqrcode/qrcode_0000000121.jpg
ERROR - 2017-04-17 17:59:30 --> 404 Page Not Found: Cardqrcode/qrcode_0000000122.jpg
ERROR - 2017-04-17 17:59:31 --> 404 Page Not Found: Faviconico/index
ERROR - 2017-04-17 17:59:46 --> 404 Page Not Found: Faviconico/index
ERROR - 2017-04-17 17:59:51 --> 404 Page Not Found: Faviconico/index
ERROR - 2017-04-17 18:00:49 --> 404 Page Not Found: Cardqrcode/qrcode_0000000021.jpg
ERROR - 2017-04-17 18:00:49 --> 404 Page Not Found: Cardqrcode/qrcode_0000000101.jpg
ERROR - 2017-04-17 18:00:49 --> 404 Page Not Found: Cardqrcode/qrcode_0000000102.jpg
ERROR - 2017-04-17 18:00:50 --> 404 Page Not Found: Cardqrcode/qrcode_0000000103.jpg
ERROR - 2017-04-17 18:00:50 --> 404 Page Not Found: Cardqrcode/qrcode_0000000104.jpg
ERROR - 2017-04-17 18:00:50 --> 404 Page Not Found: Cardqrcode/qrcode_0000000105.jpg
ERROR - 2017-04-17 18:00:50 --> 404 Page Not Found: Cardqrcode/qrcode_0000000106.jpg
ERROR - 2017-04-17 18:00:50 --> 404 Page Not Found: Cardqrcode/qrcode_0000000107.jpg
ERROR - 2017-04-17 18:00:50 --> 404 Page Not Found: Cardqrcode/qrcode_0000000108.jpg
ERROR - 2017-04-17 18:00:50 --> 404 Page Not Found: Cardqrcode/qrcode_0000000109.jpg
ERROR - 2017-04-17 18:00:50 --> 404 Page Not Found: Cardqrcode/qrcode_0000000110.jpg
ERROR - 2017-04-17 18:00:50 --> 404 Page Not Found: Cardqrcode/qrcode_0000000111.jpg
ERROR - 2017-04-17 18:00:50 --> 404 Page Not Found: Cardqrcode/qrcode_0000000112.jpg
ERROR - 2017-04-17 18:00:50 --> 404 Page Not Found: Cardqrcode/qrcode_0000000113.jpg
ERROR - 2017-04-17 18:00:50 --> 404 Page Not Found: Cardqrcode/qrcode_0000000114.jpg
ERROR - 2017-04-17 18:00:50 --> 404 Page Not Found: Cardqrcode/qrcode_0000000115.jpg
ERROR - 2017-04-17 18:00:50 --> 404 Page Not Found: Cardqrcode/qrcode_0000000116.jpg
ERROR - 2017-04-17 18:00:50 --> 404 Page Not Found: Cardqrcode/qrcode_0000000117.jpg
ERROR - 2017-04-17 18:00:50 --> 404 Page Not Found: Cardqrcode/qrcode_0000000119.jpg
ERROR - 2017-04-17 18:00:50 --> 404 Page Not Found: Cardqrcode/qrcode_0000000118.jpg
ERROR - 2017-04-17 18:00:50 --> 404 Page Not Found: Cardqrcode/qrcode_0000000120.jpg
ERROR - 2017-04-17 18:00:50 --> 404 Page Not Found: Cardqrcode/qrcode_0000000121.jpg
ERROR - 2017-04-17 18:00:51 --> 404 Page Not Found: Cardqrcode/qrcode_0000000122.jpg
ERROR - 2017-04-17 18:00:51 --> 404 Page Not Found: Faviconico/index
ERROR - 2017-04-17 18:00:55 --> 404 Page Not Found: Faviconico/index
ERROR - 2017-04-17 19:36:26 --> 404 Page Not Found: Faviconico/index
ERROR - 2017-04-17 20:40:07 --> 404 Page Not Found: Faviconico/index
ERROR - 2017-04-17 20:40:10 --> 404 Page Not Found: Cardqrcode/qrcode_0000000021.jpg
ERROR - 2017-04-17 20:40:10 --> 404 Page Not Found: Cardqrcode/qrcode_0000000101.jpg
ERROR - 2017-04-17 20:40:10 --> 404 Page Not Found: Cardqrcode/qrcode_0000000102.jpg
ERROR - 2017-04-17 20:40:10 --> 404 Page Not Found: Cardqrcode/qrcode_0000000104.jpg
ERROR - 2017-04-17 20:40:10 --> 404 Page Not Found: Cardqrcode/qrcode_0000000103.jpg
ERROR - 2017-04-17 20:40:10 --> 404 Page Not Found: Cardqrcode/qrcode_0000000107.jpg
ERROR - 2017-04-17 20:40:10 --> 404 Page Not Found: Cardqrcode/qrcode_0000000105.jpg
ERROR - 2017-04-17 20:40:10 --> 404 Page Not Found: Cardqrcode/qrcode_0000000106.jpg
ERROR - 2017-04-17 20:40:10 --> 404 Page Not Found: Cardqrcode/qrcode_0000000108.jpg
ERROR - 2017-04-17 20:40:10 --> 404 Page Not Found: Cardqrcode/qrcode_0000000109.jpg
ERROR - 2017-04-17 20:40:10 --> 404 Page Not Found: Cardqrcode/qrcode_0000000112.jpg
ERROR - 2017-04-17 20:40:10 --> 404 Page Not Found: Cardqrcode/qrcode_0000000110.jpg
ERROR - 2017-04-17 20:40:10 --> 404 Page Not Found: Cardqrcode/qrcode_0000000111.jpg
ERROR - 2017-04-17 20:40:10 --> 404 Page Not Found: Cardqrcode/qrcode_0000000113.jpg
ERROR - 2017-04-17 20:40:11 --> 404 Page Not Found: Cardqrcode/qrcode_0000000114.jpg
ERROR - 2017-04-17 20:40:11 --> 404 Page Not Found: Cardqrcode/qrcode_0000000115.jpg
ERROR - 2017-04-17 20:40:11 --> 404 Page Not Found: Cardqrcode/qrcode_0000000118.jpg
ERROR - 2017-04-17 20:40:11 --> 404 Page Not Found: Cardqrcode/qrcode_0000000116.jpg
ERROR - 2017-04-17 20:40:11 --> 404 Page Not Found: Cardqrcode/qrcode_0000000117.jpg
ERROR - 2017-04-17 20:40:11 --> 404 Page Not Found: Cardqrcode/qrcode_0000000119.jpg
ERROR - 2017-04-17 20:40:11 --> 404 Page Not Found: Cardqrcode/qrcode_0000000121.jpg
ERROR - 2017-04-17 20:40:11 --> 404 Page Not Found: Cardqrcode/qrcode_0000000122.jpg
ERROR - 2017-04-17 20:40:11 --> 404 Page Not Found: Cardqrcode/qrcode_0000000120.jpg
ERROR - 2017-04-17 20:40:11 --> 404 Page Not Found: Faviconico/index
ERROR - 2017-04-17 21:14:38 --> 404 Page Not Found: Phpmyadmin/index
ERROR - 2017-04-17 21:56:03 --> 404 Page Not Found: Phpmyadmin/index
ERROR - 2017-04-17 23:57:26 --> 404 Page Not Found: Phpmyadmin/index
ERROR - 2017-04-17 23:57:35 --> 404 Page Not Found: Phpmyadmin/index
