ERROR - 2017-05-06 01:22:17 --> 404 Page Not Found: A2billing/common
ERROR - 2017-05-06 01:22:32 --> 404 Page Not Found: A2billing/common
ERROR - 2017-05-06 01:22:34 --> 404 Page Not Found: A2billing/common
ERROR - 2017-05-06 01:22:40 --> 404 Page Not Found: A2billing/common
ERROR - 2017-05-06 01:23:38 --> 404 Page Not Found: A2billing/common
ERROR - 2017-05-06 01:55:33 --> 404 Page Not Found: Info/SYSTEM
ERROR - 2017-05-06 02:06:56 --> 404 Page Not Found: Faviconico/index
ERROR - 2017-05-06 04:18:12 --> 404 Page Not Found: Ifixwebspace/index
ERROR - 2017-05-06 08:21:58 --> 404 Page Not Found: Ifixwebspace/index
ERROR - 2017-05-06 08:21:58 --> 404 Page Not Found: Ifixwebspace/index
ERROR - 2017-05-06 08:21:59 --> 404 Page Not Found: Info/SYSTEM
ERROR - 2017-05-06 08:21:59 --> 404 Page Not Found: Info/SYSTEM
ERROR - 2017-05-06 08:21:59 --> 404 Page Not Found: Info/SYSTEM
ERROR - 2017-05-06 08:21:59 --> 404 Page Not Found: Info/SYSTEM
ERROR - 2017-05-06 13:38:28 --> 404 Page Not Found: Wp-includes/js
ERROR - 2017-05-06 13:38:28 --> 404 Page Not Found: Skins/vector
ERROR - 2017-05-06 13:38:29 --> 404 Page Not Found: Misc/states.js
ERROR - 2017-05-06 13:38:29 --> 404 Page Not Found: Static/js
ERROR - 2017-05-06 13:38:29 --> 404 Page Not Found: Include/js
ERROR - 2017-05-06 13:38:29 --> 404 Page Not Found: Include/js
ERROR - 2017-05-06 13:38:29 --> 404 Page Not Found: Include/js
ERROR - 2017-05-06 13:38:30 --> 404 Page Not Found: Res/js
ERROR - 2017-05-06 13:38:30 --> 404 Page Not Found: Js/wind_editor.js
ERROR - 2017-05-06 13:38:30 --> 404 Page Not Found: Styles/prosilver
ERROR - 2017-05-06 13:38:30 --> 404 Page Not Found: Styles/prosilver
ERROR - 2017-05-06 13:38:30 --> 404 Page Not Found: Editor/ubb
ERROR - 2017-05-06 13:38:31 --> 404 Page Not Found: Template/default
ERROR - 2017-05-06 13:38:31 --> 404 Page Not Found: Static/js
ERROR - 2017-05-06 13:38:31 --> 404 Page Not Found: Images/js
ERROR - 2017-05-06 13:38:31 --> 404 Page Not Found: Templets/style
ERROR - 2017-05-06 13:38:31 --> 404 Page Not Found: Include/dedeajax2.js
ERROR - 2017-05-06 13:38:31 --> 404 Page Not Found: Images/default
ERROR - 2017-05-06 13:38:32 --> 404 Page Not Found: Js/lang
ERROR - 2017-05-06 13:38:32 --> 404 Page Not Found: Js/lang
ERROR - 2017-05-06 13:38:32 --> 404 Page Not Found: D/js
ERROR - 2017-05-06 13:38:32 --> 404 Page Not Found: Skin/default
ERROR - 2017-05-06 13:38:33 --> 404 Page Not Found: Media/system
ERROR - 2017-05-06 13:38:33 --> 404 Page Not Found: Media/system
ERROR - 2017-05-06 13:38:33 --> 404 Page Not Found: Lang/zh
ERROR - 2017-05-06 13:38:33 --> 404 Page Not Found: Style/default
ERROR - 2017-05-06 13:38:33 --> 404 Page Not Found: Lang/zh
ERROR - 2017-05-06 13:38:34 --> 404 Page Not Found: Rockmongo/index
ERROR - 2017-05-06 13:38:34 --> 404 Page Not Found: Server-status/index
ERROR - 2017-05-06 13:38:34 --> 404 Page Not Found: Ueditoralljs/index
ERROR - 2017-05-06 13:38:34 --> 404 Page Not Found: Wikilibd/PmWiki.ChangeLog
ERROR - 2017-05-06 13:38:34 --> 404 Page Not Found: 4e5e5d7364f443e28fbf0d3ae744a59a/index
ERROR - 2017-05-06 13:38:35 --> 404 Page Not Found: Jenkins/index
ERROR - 2017-05-06 13:39:55 --> 404 Page Not Found: Wp-includes/js
ERROR - 2017-05-06 13:39:55 --> 404 Page Not Found: Skins/vector
ERROR - 2017-05-06 13:39:55 --> 404 Page Not Found: Misc/states.js
ERROR - 2017-05-06 13:39:56 --> 404 Page Not Found: Static/js
ERROR - 2017-05-06 13:39:56 --> 404 Page Not Found: Include/js
ERROR - 2017-05-06 13:39:56 --> 404 Page Not Found: Include/js
ERROR - 2017-05-06 13:39:56 --> 404 Page Not Found: Include/js
ERROR - 2017-05-06 13:39:56 --> 404 Page Not Found: Res/js
ERROR - 2017-05-06 13:39:57 --> 404 Page Not Found: Js/wind_editor.js
ERROR - 2017-05-06 13:39:57 --> 404 Page Not Found: Styles/prosilver
ERROR - 2017-05-06 13:39:57 --> 404 Page Not Found: Styles/prosilver
ERROR - 2017-05-06 13:39:57 --> 404 Page Not Found: Editor/ubb
ERROR - 2017-05-06 13:39:57 --> 404 Page Not Found: Template/default
ERROR - 2017-05-06 13:39:58 --> 404 Page Not Found: Static/js
ERROR - 2017-05-06 13:39:58 --> 404 Page Not Found: Images/js
ERROR - 2017-05-06 13:39:58 --> 404 Page Not Found: Templets/style
ERROR - 2017-05-06 13:39:58 --> 404 Page Not Found: Include/dedeajax2.js
ERROR - 2017-05-06 13:39:58 --> 404 Page Not Found: Images/default
ERROR - 2017-05-06 13:39:59 --> 404 Page Not Found: Js/lang
ERROR - 2017-05-06 13:39:59 --> 404 Page Not Found: Js/lang
ERROR - 2017-05-06 13:39:59 --> 404 Page Not Found: D/js
ERROR - 2017-05-06 13:39:59 --> 404 Page Not Found: Skin/default
ERROR - 2017-05-06 13:39:59 --> 404 Page Not Found: Media/system
ERROR - 2017-05-06 13:40:00 --> 404 Page Not Found: Media/system
ERROR - 2017-05-06 13:40:00 --> 404 Page Not Found: Lang/zh
ERROR - 2017-05-06 13:40:00 --> 404 Page Not Found: Style/default
ERROR - 2017-05-06 13:40:00 --> 404 Page Not Found: Lang/zh
ERROR - 2017-05-06 13:40:00 --> 404 Page Not Found: Rockmongo/index
ERROR - 2017-05-06 13:40:00 --> 404 Page Not Found: Server-status/index
ERROR - 2017-05-06 13:40:01 --> 404 Page Not Found: Ueditoralljs/index
ERROR - 2017-05-06 13:40:01 --> 404 Page Not Found: Wikilibd/PmWiki.ChangeLog
ERROR - 2017-05-06 13:40:01 --> 404 Page Not Found: 4e5e5d7364f443e28fbf0d3ae744a59a/index
ERROR - 2017-05-06 13:40:01 --> 404 Page Not Found: Jenkins/index
ERROR - 2017-05-06 19:42:31 --> 404 Page Not Found: Loginaction/index
ERROR - 2017-05-06 19:42:31 --> 404 Page Not Found: Loginaction/index
ERROR - 2017-05-06 19:42:31 --> 404 Page Not Found: Loginaction/index
ERROR - 2017-05-06 19:42:32 --> 404 Page Not Found: Loginaction/index
ERROR - 2017-05-06 19:42:32 --> 404 Page Not Found: Loginaction/index
ERROR - 2017-05-06 19:42:32 --> 404 Page Not Found: Loginaction/index
ERROR - 2017-05-06 21:41:22 --> 404 Page Not Found: Cgi-bin/test-cgi
ERROR - 2017-05-06 22:06:55 --> 404 Page Not Found: Loginaction/index
