ERROR - 2017-06-04 00:57:32 --> 404 Page Not Found: Faviconico/index
ERROR - 2017-06-04 02:15:31 --> 404 Page Not Found: Robotstxt/index
ERROR - 2017-06-04 02:28:34 --> 404 Page Not Found: TmUnblockcgi/index
ERROR - 2017-06-04 07:30:23 --> 404 Page Not Found: HndUnblockcgi/index
ERROR - 2017-06-04 07:40:12 --> 404 Page Not Found: Search/index
ERROR - 2017-06-04 07:40:12 --> 404 Page Not Found: 273/index
ERROR - 2017-06-04 10:32:29 --> 404 Page Not Found: Manager/html
ERROR - 2017-06-04 11:43:09 --> 404 Page Not Found: Cache/global
ERROR - 2017-06-04 13:04:29 --> 404 Page Not Found: Current_config/Account1
ERROR - 2017-06-04 16:04:43 --> 404 Page Not Found: Wp-includes/js
ERROR - 2017-06-04 16:04:43 --> 404 Page Not Found: Skins/vector
ERROR - 2017-06-04 16:04:44 --> 404 Page Not Found: Misc/states.js
ERROR - 2017-06-04 16:04:44 --> 404 Page Not Found: Static/js
ERROR - 2017-06-04 16:04:44 --> 404 Page Not Found: Include/js
ERROR - 2017-06-04 16:04:45 --> 404 Page Not Found: Include/js
ERROR - 2017-06-04 16:04:45 --> 404 Page Not Found: Include/js
ERROR - 2017-06-04 16:04:45 --> 404 Page Not Found: Res/js
ERROR - 2017-06-04 16:04:46 --> 404 Page Not Found: Js/wind_editor.js
ERROR - 2017-06-04 16:04:46 --> 404 Page Not Found: Styles/prosilver
ERROR - 2017-06-04 16:04:47 --> 404 Page Not Found: Styles/prosilver
ERROR - 2017-06-04 16:04:47 --> 404 Page Not Found: Editor/ubb
ERROR - 2017-06-04 16:04:47 --> 404 Page Not Found: Template/default
ERROR - 2017-06-04 16:04:48 --> 404 Page Not Found: Static/js
ERROR - 2017-06-04 16:04:48 --> 404 Page Not Found: Images/js
ERROR - 2017-06-04 16:04:48 --> 404 Page Not Found: Templets/style
ERROR - 2017-06-04 16:04:49 --> 404 Page Not Found: Include/dedeajax2.js
ERROR - 2017-06-04 16:04:49 --> 404 Page Not Found: Images/default
ERROR - 2017-06-04 16:04:50 --> 404 Page Not Found: Js/lang
ERROR - 2017-06-04 16:04:50 --> 404 Page Not Found: Js/lang
ERROR - 2017-06-04 16:04:50 --> 404 Page Not Found: D/js
ERROR - 2017-06-04 16:04:51 --> 404 Page Not Found: Skin/default
ERROR - 2017-06-04 16:04:51 --> 404 Page Not Found: Media/system
ERROR - 2017-06-04 16:04:51 --> 404 Page Not Found: Media/system
ERROR - 2017-06-04 16:04:52 --> 404 Page Not Found: Lang/zh
ERROR - 2017-06-04 16:04:52 --> 404 Page Not Found: Style/default
ERROR - 2017-06-04 16:04:53 --> 404 Page Not Found: Lang/zh
ERROR - 2017-06-04 16:04:53 --> 404 Page Not Found: Rockmongo/index
ERROR - 2017-06-04 16:04:53 --> 404 Page Not Found: Server-status/index
ERROR - 2017-06-04 16:04:54 --> 404 Page Not Found: Ueditoralljs/index
ERROR - 2017-06-04 16:04:54 --> 404 Page Not Found: Wikilibd/PmWiki.ChangeLog
ERROR - 2017-06-04 16:04:54 --> 404 Page Not Found: 4e5e5d7364f443e28fbf0d3ae744a59a/index
ERROR - 2017-06-04 16:04:55 --> 404 Page Not Found: Jenkins/index
ERROR - 2017-06-04 21:16:40 --> 404 Page Not Found: Cache/global
ERROR - 2017-06-04 22:24:42 --> 404 Page Not Found: Userlogin/login.aspx
