ERROR - 2017-07-01 02:24:30 --> 404 Page Not Found: Cache/global
ERROR - 2017-07-01 03:55:56 --> 404 Page Not Found: Faviconico/index
ERROR - 2017-07-01 03:55:57 --> 404 Page Not Found: Faviconico/index
ERROR - 2017-07-01 12:11:59 --> 404 Page Not Found: Manager/html
ERROR - 2017-07-01 14:33:09 --> 404 Page Not Found: Wp-includes/js
ERROR - 2017-07-01 14:33:10 --> 404 Page Not Found: Skins/vector
ERROR - 2017-07-01 14:33:10 --> 404 Page Not Found: Misc/states.js
ERROR - 2017-07-01 14:33:11 --> 404 Page Not Found: Static/js
ERROR - 2017-07-01 14:33:11 --> 404 Page Not Found: Include/js
ERROR - 2017-07-01 14:33:11 --> 404 Page Not Found: Include/js
ERROR - 2017-07-01 14:33:12 --> 404 Page Not Found: Include/js
ERROR - 2017-07-01 14:33:12 --> 404 Page Not Found: Res/js
ERROR - 2017-07-01 14:33:12 --> 404 Page Not Found: Js/wind_editor.js
ERROR - 2017-07-01 14:33:13 --> 404 Page Not Found: Styles/prosilver
ERROR - 2017-07-01 14:33:13 --> 404 Page Not Found: Styles/prosilver
ERROR - 2017-07-01 14:33:13 --> 404 Page Not Found: Editor/ubb
ERROR - 2017-07-01 14:33:14 --> 404 Page Not Found: Template/default
ERROR - 2017-07-01 14:33:14 --> 404 Page Not Found: Static/js
ERROR - 2017-07-01 14:33:15 --> 404 Page Not Found: Images/js
ERROR - 2017-07-01 14:33:15 --> 404 Page Not Found: Templets/style
ERROR - 2017-07-01 14:33:15 --> 404 Page Not Found: Include/dedeajax2.js
ERROR - 2017-07-01 14:33:16 --> 404 Page Not Found: Images/default
ERROR - 2017-07-01 14:33:16 --> 404 Page Not Found: Js/lang
ERROR - 2017-07-01 14:33:16 --> 404 Page Not Found: Js/lang
ERROR - 2017-07-01 14:33:17 --> 404 Page Not Found: D/js
ERROR - 2017-07-01 14:33:17 --> 404 Page Not Found: Skin/default
ERROR - 2017-07-01 14:33:18 --> 404 Page Not Found: Media/system
ERROR - 2017-07-01 14:33:18 --> 404 Page Not Found: Media/system
ERROR - 2017-07-01 14:33:18 --> 404 Page Not Found: Lang/zh
ERROR - 2017-07-01 14:33:19 --> 404 Page Not Found: Style/default
ERROR - 2017-07-01 14:33:19 --> 404 Page Not Found: Lang/zh
ERROR - 2017-07-01 14:33:19 --> 404 Page Not Found: Rockmongo/index
ERROR - 2017-07-01 14:33:20 --> 404 Page Not Found: Server-status/index
ERROR - 2017-07-01 14:33:20 --> 404 Page Not Found: Ueditoralljs/index
ERROR - 2017-07-01 14:33:21 --> 404 Page Not Found: Wikilibd/PmWiki.ChangeLog
ERROR - 2017-07-01 14:33:21 --> 404 Page Not Found: 4e5e5d7364f443e28fbf0d3ae744a59a/index
ERROR - 2017-07-01 14:33:21 --> 404 Page Not Found: Jenkins/index
ERROR - 2017-07-01 15:04:04 --> 404 Page Not Found: OWA-AUTODISCOVER-EWS/index
