ERROR - 2017-07-10 03:19:35 --> 404 Page Not Found: Manager/html
ERROR - 2017-07-10 06:26:11 --> 404 Page Not Found: Cache/global
ERROR - 2017-07-10 06:30:31 --> 404 Page Not Found: Manager/html
ERROR - 2017-07-10 08:42:40 --> 404 Page Not Found: Muieblackcat/index
ERROR - 2017-07-10 11:15:14 --> 404 Page Not Found: Muieblackcat/index
ERROR - 2017-07-10 11:30:18 --> 404 Page Not Found: Manager/html
ERROR - 2017-07-10 15:05:56 --> 404 Page Not Found: Mysql/admin
ERROR - 2017-07-10 15:05:57 --> 404 Page Not Found: Mysql/dbadmin
ERROR - 2017-07-10 15:05:57 --> 404 Page Not Found: Mysql/sqlmanager
ERROR - 2017-07-10 15:05:58 --> 404 Page Not Found: Mysql/mysqlmanager
ERROR - 2017-07-10 15:05:58 --> 404 Page Not Found: Phpmyadmin/index
ERROR - 2017-07-10 15:05:58 --> 404 Page Not Found: PhpMyadmin/index
ERROR - 2017-07-10 15:05:59 --> 404 Page Not Found: PhpMyAdmin/index
ERROR - 2017-07-10 15:05:59 --> 404 Page Not Found: PhpmyAdmin/index
ERROR - 2017-07-10 15:06:00 --> 404 Page Not Found: Phpmyadmin2/index
ERROR - 2017-07-10 15:06:00 --> 404 Page Not Found: Phpmyadmin3/index
ERROR - 2017-07-10 15:06:01 --> 404 Page Not Found: Phpmyadmin4/index
ERROR - 2017-07-10 15:06:01 --> 404 Page Not Found: 2phpmyadmin/index
ERROR - 2017-07-10 15:06:02 --> 404 Page Not Found: Wp-content/plugins
ERROR - 2017-07-10 15:06:02 --> 404 Page Not Found: Phpmy/index
ERROR - 2017-07-10 15:06:03 --> 404 Page Not Found: Phppma/index
ERROR - 2017-07-10 15:06:03 --> 404 Page Not Found: Myadmin/index
ERROR - 2017-07-10 15:06:03 --> 404 Page Not Found: Shopdb/index
ERROR - 2017-07-10 15:06:04 --> 404 Page Not Found: MyAdmin/index
ERROR - 2017-07-10 15:06:04 --> 404 Page Not Found: Program/index
ERROR - 2017-07-10 15:06:05 --> 404 Page Not Found: PMA/index
ERROR - 2017-07-10 15:06:05 --> 404 Page Not Found: Dbadmin/index
ERROR - 2017-07-10 15:06:06 --> 404 Page Not Found: Pma/index
ERROR - 2017-07-10 15:06:06 --> 404 Page Not Found: Db/index
ERROR - 2017-07-10 15:06:08 --> 404 Page Not Found: Mysql/index
ERROR - 2017-07-10 15:06:09 --> 404 Page Not Found: Database/index
ERROR - 2017-07-10 15:06:10 --> 404 Page Not Found: Db/phpmyadmin
ERROR - 2017-07-10 15:06:10 --> 404 Page Not Found: Db/phpMyAdmin
ERROR - 2017-07-10 15:06:11 --> 404 Page Not Found: Sqlmanager/index
ERROR - 2017-07-10 15:06:11 --> 404 Page Not Found: Mysqlmanager/index
ERROR - 2017-07-10 15:06:12 --> 404 Page Not Found: Php-myadmin/index
ERROR - 2017-07-10 15:06:12 --> 404 Page Not Found: Phpmy-admin/index
ERROR - 2017-07-10 15:06:13 --> 404 Page Not Found: Mysqladmin/index
ERROR - 2017-07-10 15:06:13 --> 404 Page Not Found: Mysql-admin/index
ERROR - 2017-07-10 15:06:14 --> 404 Page Not Found: Admin/phpmyadmin
ERROR - 2017-07-10 15:06:14 --> 404 Page Not Found: Admin/phpMyAdmin
ERROR - 2017-07-10 15:06:15 --> 404 Page Not Found: Admin/sysadmin
ERROR - 2017-07-10 15:06:16 --> 404 Page Not Found: Admin/sqladmin
ERROR - 2017-07-10 15:06:16 --> 404 Page Not Found: Admin/db
ERROR - 2017-07-10 15:06:17 --> 404 Page Not Found: Admin/web
ERROR - 2017-07-10 15:06:18 --> 404 Page Not Found: Admin/pMA
ERROR - 2017-07-10 15:06:19 --> 404 Page Not Found: Mysql/pma
ERROR - 2017-07-10 15:06:19 --> 404 Page Not Found: Mysql/db
ERROR - 2017-07-10 15:06:20 --> 404 Page Not Found: Mysql/web
ERROR - 2017-07-10 15:06:21 --> 404 Page Not Found: Mysql/pMA
ERROR - 2017-07-10 15:06:22 --> 404 Page Not Found: Sql/phpmanager
ERROR - 2017-07-10 15:06:23 --> 404 Page Not Found: Sql/php-myadmin
ERROR - 2017-07-10 15:06:24 --> 404 Page Not Found: Sql/phpmy-admin
ERROR - 2017-07-10 15:06:25 --> 404 Page Not Found: Sql/sql
ERROR - 2017-07-10 15:06:26 --> 404 Page Not Found: Sql/myadmin
ERROR - 2017-07-10 15:06:27 --> 404 Page Not Found: Sql/webadmin
ERROR - 2017-07-10 15:06:30 --> 404 Page Not Found: Sql/sqlweb
ERROR - 2017-07-10 15:06:31 --> 404 Page Not Found: Sql/websql
ERROR - 2017-07-10 15:06:32 --> 404 Page Not Found: Sql/webdb
ERROR - 2017-07-10 15:06:34 --> 404 Page Not Found: Sql/sqladmin
ERROR - 2017-07-10 15:06:34 --> 404 Page Not Found: Sql/sql-admin
ERROR - 2017-07-10 15:06:35 --> 404 Page Not Found: Sql/phpmyadmin2
ERROR - 2017-07-10 15:06:37 --> 404 Page Not Found: Sql/phpMyAdmin2
ERROR - 2017-07-10 15:06:38 --> 404 Page Not Found: Sql/phpMyAdmin
ERROR - 2017-07-10 15:06:38 --> 404 Page Not Found: Db/myadmin
ERROR - 2017-07-10 15:06:39 --> 404 Page Not Found: Db/webadmin
ERROR - 2017-07-10 15:06:40 --> 404 Page Not Found: Db/dbweb
ERROR - 2017-07-10 15:06:41 --> 404 Page Not Found: Db/websql
ERROR - 2017-07-10 15:06:41 --> 404 Page Not Found: Db/webdb
ERROR - 2017-07-10 15:06:43 --> 404 Page Not Found: Db/dbadmin
ERROR - 2017-07-10 15:06:44 --> 404 Page Not Found: Db/db-admin
ERROR - 2017-07-10 15:06:45 --> 404 Page Not Found: Db/phpmyadmin3
ERROR - 2017-07-10 15:06:46 --> 404 Page Not Found: Db/phpMyAdmin3
ERROR - 2017-07-10 15:06:46 --> 404 Page Not Found: Db/phpMyAdmin-3
ERROR - 2017-07-10 15:06:47 --> 404 Page Not Found: Administrator/phpmyadmin
ERROR - 2017-07-10 15:06:48 --> 404 Page Not Found: Administrator/phpMyAdmin
ERROR - 2017-07-10 15:06:49 --> 404 Page Not Found: Administrator/db
ERROR - 2017-07-10 15:06:49 --> 404 Page Not Found: Administrator/web
ERROR - 2017-07-10 15:06:50 --> 404 Page Not Found: Administrator/pma
ERROR - 2017-07-10 15:06:51 --> 404 Page Not Found: Administrator/PMA
ERROR - 2017-07-10 15:06:51 --> 404 Page Not Found: Administrator/admin
ERROR - 2017-07-10 15:06:52 --> 404 Page Not Found: PhpMyAdmin2/index
ERROR - 2017-07-10 15:06:53 --> 404 Page Not Found: PhpMyAdmin3/index
ERROR - 2017-07-10 15:06:54 --> 404 Page Not Found: PhpMyAdmin4/index
ERROR - 2017-07-10 15:06:54 --> 404 Page Not Found: PhpMyAdmin-3/index
ERROR - 2017-07-10 15:06:55 --> 404 Page Not Found: Php-my-admin/index
ERROR - 2017-07-10 15:06:56 --> 404 Page Not Found: PMA2011/index
ERROR - 2017-07-10 15:06:56 --> 404 Page Not Found: PMA2012/index
ERROR - 2017-07-10 15:06:57 --> 404 Page Not Found: PMA2013/index
ERROR - 2017-07-10 15:06:58 --> 404 Page Not Found: PMA2014/index
ERROR - 2017-07-10 15:06:59 --> 404 Page Not Found: PMA2015/index
ERROR - 2017-07-10 15:06:59 --> 404 Page Not Found: PMA2016/index
ERROR - 2017-07-10 15:07:00 --> 404 Page Not Found: PMA2017/index
ERROR - 2017-07-10 15:07:01 --> 404 Page Not Found: PMA2018/index
ERROR - 2017-07-10 15:07:02 --> 404 Page Not Found: Pma2011/index
ERROR - 2017-07-10 15:07:02 --> 404 Page Not Found: Pma2012/index
ERROR - 2017-07-10 15:07:03 --> 404 Page Not Found: Pma2013/index
ERROR - 2017-07-10 15:07:04 --> 404 Page Not Found: Pma2014/index
ERROR - 2017-07-10 15:07:05 --> 404 Page Not Found: Pma2015/index
ERROR - 2017-07-10 15:07:05 --> 404 Page Not Found: Pma2016/index
ERROR - 2017-07-10 15:07:06 --> 404 Page Not Found: Pma2017/index
ERROR - 2017-07-10 15:07:07 --> 404 Page Not Found: Pma2018/index
ERROR - 2017-07-10 15:07:08 --> 404 Page Not Found: Phpmyadmin2011/index
ERROR - 2017-07-10 15:07:08 --> 404 Page Not Found: Phpmyadmin2012/index
ERROR - 2017-07-10 15:07:09 --> 404 Page Not Found: Phpmyadmin2013/index
ERROR - 2017-07-10 15:07:10 --> 404 Page Not Found: Phpmyadmin2014/index
ERROR - 2017-07-10 15:07:11 --> 404 Page Not Found: Phpmyadmin2015/index
ERROR - 2017-07-10 15:07:11 --> 404 Page Not Found: Phpmyadmin2016/index
ERROR - 2017-07-10 15:07:12 --> 404 Page Not Found: Phpmyadmin2017/index
ERROR - 2017-07-10 15:07:13 --> 404 Page Not Found: Phpmyadmin2018/index
ERROR - 2017-07-10 15:07:14 --> 404 Page Not Found: Phpmanager/index
ERROR - 2017-07-10 17:47:05 --> 1 2
ERROR - 2017-07-10 17:47:05 --> 2 0
[2017-07-10 17:47:05][DEBUG] POST http://10.133.193.8/mina_auth/} => [200] {
    "[请求]": {
        "version": 1,
        "componentName": "MA",
        "interface": {
            "interfaceName": "qcloud.cam.id_skey",
            "para": {
                "code": "011sCNl00y9jfD1rqyi00MKMl00sCNlZ",
                "encrypt_data": "2qZvlHuWUn2dgyNyvJQHRQcgQlfI2tPsxhVIC8hHVyswldLU0z5Bzk+\/rGNbUyD96bsRR6gb4Ac7GcbFJ3d7X1gqiOl9V4AYd4MGqX33NtVEm3EvEyMdXD1\/ROvjORzC\/55IHuTMNOlS85PpVeLW0BZ9meiplPd29VhhsFsmXBPAbFIv\/4SigqjWuwW5Qtl79wTbcwh2345zhKaQanhnmeBszy82cztlvXlAsYUFlaTw\/f4tqpei6sxYHLZJLKMju1Jps9bT\/25CClId83QhIPdZx3vmvBgG2\/AHTNq9Y+qzoALKU\/ItCCP4bVEJYBxaxFwXQ8kyy92tR\/y\/aAvaHNfWOkSjgD7g9xTiaGXEA1hbSP5e+K9wmWDsMfGF5phKlz0cRfq2qLF+h23XFQBumIaDN+cz5ARMEv0VPuZKJ1RTSCL05tCmPzm3aKTRIq7IUaShH2UfBUjwOm00ui0fjOPhIfwK3lnGF69REVlrUk0bUnlKAa2zLfHHom2HsmsYf5UgrYSBTsyyIxgStesxpQ==",
                "iv": "yMUFrq6EY2gTfS1XK5MA8g=="
            }
        }
    },
    "[响应]": {
        "returnCode": 0,
        "returnMessage": "UPDATE_SESSION_SUCCESS",
        "returnData": {
            "id": "633ab63af813386d7487ba23ce178724",
            "skey": "9474f0f4eb77b67e546ca108318d4979",
            "user_info": {
                "openId": "oPicY0Vk5izUfMOPfIF5zdNAxzGk",
                "nickName": "惟嘉",
                "gender": 2,
                "language": "zh_CN",
                "city": "Nanjing",
                "province": "Jiangsu",
                "country": "CN",
                "avatarUrl": "https:\/\/wx.qlogo.cn\/mmopen\/vi_32\/DYAIOgq83eoOIiatmVjthR2zdYsiaWsvYbgsnc0Qz3r3V0zsP26xmibaGLyTSwlwYiaiaLrlJDXhZMAGmTda1ozicv3w\/0",
                "unionId": "oU11PxAEm2ePsE-UuJwL5g4M_UZc",
                "watermark": {
                    "timestamp": 1499680025,
                    "appid": "wx3c13313f866a541a"
                }
            },
            "duration": 7200
        },
        "version": 1,
        "componentName": "MA"
    },
    "[耗时]": "316ms"
}

[2017-07-10 17:47:05][DEBUG] Util::writeJsonResult => [200] {
    "F2C224D4-2BCE-4C64-AF9F-A6D872000D1A": 1,
    "session": {
        "id": "633ab63af813386d7487ba23ce178724",
        "skey": "9474f0f4eb77b67e546ca108318d4979",
        "openid": "oPicY0Vk5izUfMOPfIF5zdNAxzGk",
        "unionid": "oU11PxAEm2ePsE-UuJwL5g4M_UZc"
    }
}

ERROR - 2017-07-10 17:47:05 --> 1 2
ERROR - 2017-07-10 17:47:05 --> 2 0
[2017-07-10 17:47:05][DEBUG] POST http://10.133.193.8/mina_auth/} => [200] {
    "[请求]": {
        "version": 1,
        "componentName": "MA",
        "interface": {
            "interfaceName": "qcloud.cam.id_skey",
            "para": {
                "code": "031P7iJc1ZOt2s0QHmMc1tBcJc1P7iJO",
                "encrypt_data": "4g8vsLEIjyraMXFGlx0tEUwp7TrjIhL9I0Ath8nl9Gsh5sNbWSb59s\/gDtbdKozkWvVMbsBOnfn71pW1v7dHF3a3ERM83ZsSOt2dqHzSFvAhAAIjnkRHnTYBZAlU\/OOdx3LrK\/ycmY\/vOIZwwAvBU4Zd+g0RwJfXIvswkpmz7FM9tllZMksSsaRXtM9D6HoxH4iohB7I8nT6E+MlfvDOoykKucOQZlxr\/TfsE4pRIrV3qXEv3xWNhTtn\/2J0L+9DtVYxQBeShWub\/W\/ygTXieHVaM8W1fS+k91oZH3GelJv2QUFV7w+K6Fhx2rIoglZNBi9w4E2AERHbv6wPXJby+XvMc2nVxloyBzVMwqNg0xJ41oixbZuAmlYpTpT8aVUWN9Kb2jA2IhCtkX5TNErVixNl72TIu9BXBdOOqJZ8W1gUy30JgybpKunMTakow4C2H93k+vl6lzVNFJUILRD1rxCigZcEXdyiPdEpajquo3P0DWlPqPs+bbxfNN1tNNeQMeh5\/mKOn+JSnVGWstP2yw==",
                "iv": "JqekMXugK2J5bNDt2AUmxg=="
            }
        }
    },
    "[响应]": "<br \/>\n<b>Warning<\/b>:  mkdir(): File exists in <b>\/opt\/lampp\/htdocs\/mina_auth\/system\/log\/log.php<\/b> on line <b>241<\/b><br \/>\n{\"returnCode\":0,\"returnMessage\":\"UPDATE_SESSION_SUCCESS\",\"returnData\":{\"id\":\"633ab63af813386d7487ba23ce178724\",\"skey\":\"41da126169547c30d53146879a4725ee\",\"user_info\":{\"openId\":\"oPicY0Vk5izUfMOPfIF5zdNAxzGk\",\"nickName\":\"\\u60df\\u5609\",\"gender\":2,\"language\":\"zh_CN\",\"city\":\"Nanjing\",\"province\":\"Jiangsu\",\"country\":\"CN\",\"avatarUrl\":\"https:\\\/\\\/wx.qlogo.cn\\\/mmopen\\\/vi_32\\\/DYAIOgq83eoOIiatmVjthR2zdYsiaWsvYbgsnc0Qz3r3V0zsP26xmibaGLyTSwlwYiaiaLrlJDXhZMAGmTda1ozicv3w\\\/0\",\"unionId\":\"oU11PxAEm2ePsE-UuJwL5g4M_UZc\",\"watermark\":{\"timestamp\":1499680025,\"appid\":\"wx3c13313f866a541a\"}},\"duration\":7200},\"version\":1,\"componentName\":\"MA\"}",
    "[耗时]": "317ms"
}

[2017-07-10 17:47:05][DEBUG] Util::writeJsonResult => [200] {
    "F2C224D4-2BCE-4C64-AF9F-A6D872000D1A": 1,
    "error": "ERR_LOGIN_FAILED",
    "message": "鉴权服务器响应格式错误，无法解析 JSON 字符串"
}

ERROR - 2017-07-10 18:03:43 --> 404 Page Not Found: Mysql/sqlmanager
ERROR - 2017-07-10 18:03:43 --> 404 Page Not Found: Myadmin/index
ERROR - 2017-07-10 18:03:43 --> 404 Page Not Found: Phpmyadmin2015/index
ERROR - 2017-07-10 18:03:43 --> 404 Page Not Found: Phppma/index
ERROR - 2017-07-10 18:11:16 --> 404 Page Not Found: Administrator/phpmyadmin
ERROR - 2017-07-10 18:11:16 --> 404 Page Not Found: Administrator/phpMyAdmin
ERROR - 2017-07-10 18:11:16 --> 404 Page Not Found: Mysql/mysqlmanager
ERROR - 2017-07-10 18:11:16 --> 404 Page Not Found: Mysqlmanager/index
ERROR - 2017-07-10 18:11:16 --> 404 Page Not Found: Sql/phpmyadmin2
ERROR - 2017-07-10 18:16:46 --> 404 Page Not Found: Pma2014/index
ERROR - 2017-07-10 18:16:46 --> 404 Page Not Found: Mysql/pma
ERROR - 2017-07-10 18:16:54 --> 404 Page Not Found: Db/phpmyadmin3
ERROR - 2017-07-10 18:16:54 --> 404 Page Not Found: Mysql/pMA
ERROR - 2017-07-10 18:18:02 --> 404 Page Not Found: Sql/sqlweb
ERROR - 2017-07-10 18:45:59 --> 404 Page Not Found: Sql/sqladmin
ERROR - 2017-07-10 18:47:22 --> 404 Page Not Found: PMA2014/index
ERROR - 2017-07-10 18:47:22 --> 404 Page Not Found: Administrator/web
ERROR - 2017-07-10 18:51:51 --> 404 Page Not Found: Pma2015/index
ERROR - 2017-07-10 22:01:57 --> 404 Page Not Found: Robotstxt/index
ERROR - 2017-07-10 22:01:58 --> 404 Page Not Found: Sitemapxml/index
ERROR - 2017-07-10 22:06:36 --> 404 Page Not Found: Mysql/sqlmanager
ERROR - 2017-07-10 22:50:29 --> 404 Page Not Found: Sql/phpmyadmin2
