ERROR - 2017-06-01 00:19:44 --> 404 Page Not Found: Pma2012/index
ERROR - 2017-06-01 00:23:21 --> 404 Page Not Found: HndUnblockcgi/index
ERROR - 2017-06-01 00:25:19 --> 404 Page Not Found: MyAdmin/index
ERROR - 2017-06-01 00:26:07 --> 404 Page Not Found: Manager/html
ERROR - 2017-06-01 00:34:53 --> 404 Page Not Found: Php-my-admin/index
ERROR - 2017-06-01 00:35:20 --> 404 Page Not Found: Db/phpMyAdmin3
ERROR - 2017-06-01 00:35:45 --> 404 Page Not Found: Db/myadmin
ERROR - 2017-06-01 00:41:50 --> 404 Page Not Found: Admin/web
ERROR - 2017-06-01 00:42:13 --> 404 Page Not Found: Sql/phpmyadmin2
ERROR - 2017-06-01 00:43:16 --> 404 Page Not Found: Sql/sqladmin
ERROR - 2017-06-01 00:43:55 --> 404 Page Not Found: Mysql/pma
ERROR - 2017-06-01 00:44:02 --> 404 Page Not Found: Sql/sql-admin
ERROR - 2017-06-01 00:56:05 --> 404 Page Not Found: Phpmyadmin2/index
ERROR - 2017-06-01 00:59:11 --> 404 Page Not Found: PMA/index
ERROR - 2017-06-01 01:01:06 --> 404 Page Not Found: Administrator/pma
ERROR - 2017-06-01 01:01:06 --> 404 Page Not Found: Sql/websql
ERROR - 2017-06-01 01:06:45 --> 404 Page Not Found: Sql/phpMyAdmin
ERROR - 2017-06-01 01:22:44 --> 404 Page Not Found: Administrator/PMA
ERROR - 2017-06-01 01:22:44 --> 404 Page Not Found: Phpmyadmin3/index
ERROR - 2017-06-01 01:24:06 --> 404 Page Not Found: Sql/webdb
ERROR - 2017-06-01 01:24:06 --> 404 Page Not Found: Db/websql
ERROR - 2017-06-01 01:24:06 --> 404 Page Not Found: Sql/phpmy-admin
ERROR - 2017-06-01 01:24:06 --> 404 Page Not Found: Stssyshtm/index
ERROR - 2017-06-01 01:32:12 --> 404 Page Not Found: TmUnblockcgi/index
ERROR - 2017-06-01 01:43:36 --> 404 Page Not Found: Shopdb/index
ERROR - 2017-06-01 01:44:06 --> 404 Page Not Found: Mysqlmanager/index
ERROR - 2017-06-01 01:52:09 --> 404 Page Not Found: PhpMyAdmin-3/index
ERROR - 2017-06-01 01:58:52 --> 404 Page Not Found: CFIDE/administrator
ERROR - 2017-06-01 02:00:13 --> 404 Page Not Found: Db/webdb
ERROR - 2017-06-01 02:00:13 --> 404 Page Not Found: PhpmyAdmin/index
ERROR - 2017-06-01 02:05:34 --> 404 Page Not Found: Admin/sysadmin
ERROR - 2017-06-01 02:05:35 --> 404 Page Not Found: Program/index
ERROR - 2017-06-01 02:05:35 --> 404 Page Not Found: Phpmy-admin/index
ERROR - 2017-06-01 02:19:25 --> 404 Page Not Found: Pma/index
ERROR - 2017-06-01 02:19:25 --> 404 Page Not Found: Mysql/dbadmin
ERROR - 2017-06-01 02:27:52 --> 404 Page Not Found: Db/db-admin
ERROR - 2017-06-01 02:27:52 --> 404 Page Not Found: Mysql/pMA
ERROR - 2017-06-01 02:35:55 --> 404 Page Not Found: Check_proxy/index
ERROR - 2017-06-01 02:43:30 --> 404 Page Not Found: Mysql/web
ERROR - 2017-06-01 02:52:48 --> 404 Page Not Found: Cache/global
ERROR - 2017-06-01 03:12:34 --> 404 Page Not Found: PhpMyAdmin/index
ERROR - 2017-06-01 05:24:02 --> 404 Page Not Found: Search/index
ERROR - 2017-06-01 05:24:02 --> 404 Page Not Found: 273/index
ERROR - 2017-06-01 06:50:38 --> 404 Page Not Found: MyAdmin/index
ERROR - 2017-06-01 08:38:15 --> 404 Page Not Found: Db/phpMyAdmin
ERROR - 2017-06-01 08:59:36 --> 404 Page Not Found: Myadmin/index
ERROR - 2017-06-01 08:59:36 --> 404 Page Not Found: Phppma/index
ERROR - 2017-06-01 09:10:41 --> 404 Page Not Found: Mysql/pma
ERROR - 2017-06-01 10:00:28 --> 404 Page Not Found: HndUnblockcgi/index
ERROR - 2017-06-01 10:49:54 --> 404 Page Not Found: Current_config/Account1
ERROR - 2017-06-01 11:22:24 --> 404 Page Not Found: PMA2011/index
ERROR - 2017-06-01 11:22:24 --> 404 Page Not Found: Sqlmanager/index
ERROR - 2017-06-01 11:40:38 --> 404 Page Not Found: Admin/sqladmin
ERROR - 2017-06-01 11:43:01 --> 404 Page Not Found: Cache/global
ERROR - 2017-06-01 17:02:23 --> 404 Page Not Found: Manager/html
ERROR - 2017-06-01 17:59:57 --> 404 Page Not Found: PhpMyAdmin/index
ERROR - 2017-06-01 18:00:52 --> 404 Page Not Found: PhpMyAdmin/index
