ERROR - 2017-03-20 01:36:40 --> 404 Page Not Found: Systemini/index
ERROR - 2017-03-20 01:43:10 --> 404 Page Not Found: Manager/html
ERROR - 2017-03-20 01:52:11 --> 404 Page Not Found: Manager/html
ERROR - 2017-03-20 02:10:57 --> 404 Page Not Found: Faviconico/index
ERROR - 2017-03-20 02:38:57 --> 1 2
ERROR - 2017-03-20 02:38:57 --> 2 0
[2017-03-20 02:38:57][DEBUG] POST http://10.133.193.8/mina_auth/} => [200] {
    "[请求]": {
        "version": 1,
        "componentName": "MA",
        "interface": {
            "interfaceName": "qcloud.cam.id_skey",
            "para": {
                "code": "031V1XzI0mMbPk20I4AI0nQQzI0V1Xzq",
                "encrypt_data": "oxD\/iP8fH4GeRbttuEFbQTa\/F7Vpkf7NkM9lg+FDdE1ZOriOsl\/CybtIin4ME1SrNzUlGhRGEa8RUjJcKXi8xnMf0g1+sDIqUHRrZtHamfqEJkL\/AOeXs9dCyiAqNfAqLBLX\/DXYQMe10gF9WiagcpE+H9IGZuYNYhpiiK49fyKraOzNM1W8vWGLxMuNSvR2RJ569ZDJdVvMogmWo7hBCDpornD1\/crvInXt2QuM2O5TNBC2HNhUvVo9PomEMTjy+aYKde3CQGLFa1K9sJljxyl0HOkOt4V4+p133Q36jXGFewdmtuQGJglN+PdrJ3p\/kfqPjbGUX9XZQORgM2gd\/9O3K3FDFlAhJU1B+FpRygwLi19FCvQTVDs7pZFuJ24Nz8IVa48\/iSU4cbxqKaEjzKopsTODmwgFtWCV9UEXkynxsjvvNNHH8XNosyDrjM9izM4GO44ZG\/ZGOy3EArtfIE+6cZ1KEWu5sPt1kxIwaZKGHK\/JmxbcW0BMF6WwQLlRFz\/BI+SNHqt7bxghhB5NcA==",
                "iv": "0H1N9OSMEm+Azuak+cr95A=="
            }
        }
    },
    "[响应]": {
        "returnCode": 0,
        "returnMessage": "UPDATE_SESSION_SUCCESS",
        "returnData": {
            "id": "280ca83d168f1844115ea1912f988ec8",
            "skey": "2ac93e29f1cf8fa4f76d4e15a2b1aa0e",
            "user_info": {
                "openId": "oPicY0cBD5ZB89KieBFSH-PNddIE",
                "nickName": "普通话君",
                "gender": 1,
                "language": "zh_CN",
                "city": "Suzhou",
                "province": "Jiangsu",
                "country": "CN",
                "avatarUrl": "http:\/\/wx.qlogo.cn\/mmopen\/vi_32\/DYAIOgq83eoVvEdGWoKlDIyUibGRJic4ckYwWHy5bJkeTY8vdf4tT4ibjZiccDicibBjoM5N7aTXTSM7s94hMOc4BicDw\/0",
                "unionId": "oU11PxF4Uy0w_t7N6rhIUzOyZ6VU",
                "watermark": {
                    "timestamp": 1489948737,
                    "appid": "wx3c13313f866a541a"
                }
            },
            "duration": 7200
        },
        "version": 1,
        "componentName": "MA"
    },
    "[耗时]": "95ms"
}

[2017-03-20 02:38:57][DEBUG] Util::writeJsonResult => [200] {
    "F2C224D4-2BCE-4C64-AF9F-A6D872000D1A": 1,
    "session": {
        "id": "280ca83d168f1844115ea1912f988ec8",
        "skey": "2ac93e29f1cf8fa4f76d4e15a2b1aa0e",
        "openid": "oPicY0cBD5ZB89KieBFSH-PNddIE",
        "unionid": "oU11PxF4Uy0w_t7N6rhIUzOyZ6VU"
    }
}

ERROR - 2017-03-20 02:38:57 --> 1 2
ERROR - 2017-03-20 02:38:57 --> 2 0
[2017-03-20 02:38:57][DEBUG] POST http://10.133.193.8/mina_auth/} => [200] {
    "[请求]": {
        "version": 1,
        "componentName": "MA",
        "interface": {
            "interfaceName": "qcloud.cam.id_skey",
            "para": {
                "code": "001lMQjW1MkpST0lDqkW1Zo2kW1lMQjF",
                "encrypt_data": "Wn8I1U0ge3ergs8z6fQdJ7NsD2WY1cXYMnRTZph+1PAG3tQqlN7vRsaiC5sLcWxMbeIssMuUm9g4g7dA+PmzkKEcE0fj8oiB3rfRE8Tvo\/XkvL6OiMuRG3uYvaYPIRu17rX3iW0+i9xI2HCu8VVWXNSNSvCLPA9SVsQfBZO1mqKcnXm2OieraL+tIs\/EoKjIXpONLKocEo3IFJ5j2Cte3tBTEyHrs2acyhJlw6K005FzFO+j9S9OQHgjJmPMJMhM7RTmz0mwjs\/riHjM5jsiwaJUynI4lFfldGc6L2vyOvAF4iUFInHfj7zHxnsX6Du9RnzS3xuTs79HtjAeaHpNCh263j6sAPhab1XFrFZo8eDLm+l9hCn0BGqfOToalstS34v4MFAgYIalBebyYEZgxzHfuwFXKuXZc5K1LLR+DKP3AQKhSScEacG7Zs5yjswEtTRLwA+izNxa9vbQMN4dTAxYT+HW\/BnZ7wAgtnSo+8\/JGLXga9waSiHUrk5cZcv0564b0ej9j88YQF8fBsZ6SA==",
                "iv": "uwCe\/IoGIQbpNYJDmBva9Q=="
            }
        }
    },
    "[响应]": {
        "returnCode": 0,
        "returnMessage": "UPDATE_SESSION_SUCCESS",
        "returnData": {
            "id": "280ca83d168f1844115ea1912f988ec8",
            "skey": "911464597388bdceb4ca0363d6901d5f",
            "user_info": {
                "openId": "oPicY0cBD5ZB89KieBFSH-PNddIE",
                "nickName": "普通话君",
                "gender": 1,
                "language": "zh_CN",
                "city": "Suzhou",
                "province": "Jiangsu",
                "country": "CN",
                "avatarUrl": "http:\/\/wx.qlogo.cn\/mmopen\/vi_32\/DYAIOgq83eoVvEdGWoKlDIyUibGRJic4ckYwWHy5bJkeTY8vdf4tT4ibjZiccDicibBjoM5N7aTXTSM7s94hMOc4BicDw\/0",
                "unionId": "oU11PxF4Uy0w_t7N6rhIUzOyZ6VU",
                "watermark": {
                    "timestamp": 1489948737,
                    "appid": "wx3c13313f866a541a"
                }
            },
            "duration": 7200
        },
        "version": 1,
        "componentName": "MA"
    },
    "[耗时]": "84ms"
}

[2017-03-20 02:38:57][DEBUG] Util::writeJsonResult => [200] {
    "F2C224D4-2BCE-4C64-AF9F-A6D872000D1A": 1,
    "session": {
        "id": "280ca83d168f1844115ea1912f988ec8",
        "skey": "911464597388bdceb4ca0363d6901d5f",
        "openid": "oPicY0cBD5ZB89KieBFSH-PNddIE",
        "unionid": "oU11PxF4Uy0w_t7N6rhIUzOyZ6VU"
    }
}

ERROR - 2017-03-20 02:39:00 --> 
ERROR - 2017-03-20 02:39:17 --> 
ERROR - 2017-03-20 03:32:02 --> 404 Page Not Found: Manager/html
ERROR - 2017-03-20 05:49:22 --> 404 Page Not Found: Robotstxt/index
ERROR - 2017-03-20 06:25:06 --> 404 Page Not Found: Systemini/index
ERROR - 2017-03-20 08:51:53 --> 404 Page Not Found: Systemini/index
ERROR - 2017-03-20 08:52:02 --> 404 Page Not Found: Systemini/index
ERROR - 2017-03-20 11:13:20 --> 404 Page Not Found: Manager/html
ERROR - 2017-03-20 11:16:44 --> 404 Page Not Found: Systemini/index
ERROR - 2017-03-20 11:17:45 --> 404 Page Not Found: Manager/html
ERROR - 2017-03-20 12:18:07 --> 404 Page Not Found: Systemini/index
ERROR - 2017-03-20 13:13:40 --> 404 Page Not Found: Faviconico/index
ERROR - 2017-03-20 13:13:42 --> 404 Page Not Found: Faviconico/index
ERROR - 2017-03-20 13:13:44 --> 404 Page Not Found: Faviconico/index
ERROR - 2017-03-20 13:14:29 --> 404 Page Not Found: Faviconico/index
ERROR - 2017-03-20 13:14:32 --> 404 Page Not Found: Faviconico/index
ERROR - 2017-03-20 14:57:46 --> 404 Page Not Found: Cache/global
ERROR - 2017-03-20 19:00:42 --> 404 Page Not Found: Phpmyadmin/index
ERROR - 2017-03-20 19:00:42 --> 404 Page Not Found: PhpMyAdmin/index
ERROR - 2017-03-20 19:00:43 --> 404 Page Not Found: PMA/index
ERROR - 2017-03-20 19:00:43 --> 404 Page Not Found: Pma/index
ERROR - 2017-03-20 19:00:45 --> 404 Page Not Found: Dbadmin/index
ERROR - 2017-03-20 19:00:45 --> 404 Page Not Found: Mysql/index
ERROR - 2017-03-20 19:00:46 --> 404 Page Not Found: Myadmin/index
ERROR - 2017-03-20 19:00:46 --> 404 Page Not Found: Openserver/phpmyadmin
ERROR - 2017-03-20 19:00:47 --> 404 Page Not Found: Phpmyadmin2/index
ERROR - 2017-03-20 19:00:47 --> 404 Page Not Found: PhpMyAdmin2/index
ERROR - 2017-03-20 19:00:48 --> 404 Page Not Found: PhpMyAdmin-2/index
ERROR - 2017-03-20 19:00:48 --> 404 Page Not Found: Php-my-admin/index
ERROR - 2017-03-20 19:00:49 --> 404 Page Not Found: PhpMyAdmin-223/index
ERROR - 2017-03-20 19:00:49 --> 404 Page Not Found: PhpMyAdmin-226/index
ERROR - 2017-03-20 19:00:50 --> 404 Page Not Found: PhpMyAdmin-251/index
ERROR - 2017-03-20 19:00:50 --> 404 Page Not Found: PhpMyAdmin-254/index
ERROR - 2017-03-20 19:00:51 --> 404 Page Not Found: PhpMyAdmin-255-rc1/index
ERROR - 2017-03-20 19:00:52 --> 404 Page Not Found: PhpMyAdmin-255-rc2/index
ERROR - 2017-03-20 19:00:52 --> 404 Page Not Found: PhpMyAdmin-255/index
ERROR - 2017-03-20 19:00:53 --> 404 Page Not Found: PhpMyAdmin-255-pl1/index
ERROR - 2017-03-20 19:00:53 --> 404 Page Not Found: PhpMyAdmin-256-rc1/index
ERROR - 2017-03-20 19:00:54 --> 404 Page Not Found: PhpMyAdmin-256-rc2/index
ERROR - 2017-03-20 19:00:54 --> 404 Page Not Found: PhpMyAdmin-256/index
ERROR - 2017-03-20 19:00:55 --> 404 Page Not Found: PhpMyAdmin-257/index
ERROR - 2017-03-20 19:00:56 --> 404 Page Not Found: PhpMyAdmin-257-pl1/index
ERROR - 2017-03-20 19:00:56 --> 404 Page Not Found: PhpMyAdmin-260-alpha/index
ERROR - 2017-03-20 19:00:57 --> 404 Page Not Found: PhpMyAdmin-260-alpha2/index
ERROR - 2017-03-20 19:00:57 --> 404 Page Not Found: PhpMyAdmin-260-beta1/index
ERROR - 2017-03-20 19:00:58 --> 404 Page Not Found: PhpMyAdmin-260-beta2/index
ERROR - 2017-03-20 19:00:58 --> 404 Page Not Found: PhpMyAdmin-260-rc1/index
ERROR - 2017-03-20 19:00:59 --> 404 Page Not Found: PhpMyAdmin-260-rc2/index
ERROR - 2017-03-20 19:00:59 --> 404 Page Not Found: PhpMyAdmin-260-rc3/index
ERROR - 2017-03-20 19:01:00 --> 404 Page Not Found: PhpMyAdmin-260/index
ERROR - 2017-03-20 19:01:00 --> 404 Page Not Found: PhpMyAdmin-260-pl1/index
ERROR - 2017-03-20 19:01:01 --> 404 Page Not Found: PhpMyAdmin-260-pl2/index
ERROR - 2017-03-20 19:01:02 --> 404 Page Not Found: PhpMyAdmin-260-pl3/index
ERROR - 2017-03-20 19:01:02 --> 404 Page Not Found: PhpMyAdmin-261-rc1/index
ERROR - 2017-03-20 19:01:03 --> 404 Page Not Found: PhpMyAdmin-261-rc2/index
ERROR - 2017-03-20 19:01:03 --> 404 Page Not Found: PhpMyAdmin-261/index
ERROR - 2017-03-20 19:01:04 --> 404 Page Not Found: PhpMyAdmin-261-pl1/index
ERROR - 2017-03-20 19:01:05 --> 404 Page Not Found: PhpMyAdmin-261-pl2/index
ERROR - 2017-03-20 19:01:05 --> 404 Page Not Found: PhpMyAdmin-261-pl3/index
ERROR - 2017-03-20 19:01:06 --> 404 Page Not Found: PhpMyAdmin-262-rc1/index
ERROR - 2017-03-20 19:01:06 --> 404 Page Not Found: PhpMyAdmin-262-beta1/index
ERROR - 2017-03-20 19:01:07 --> 404 Page Not Found: PhpMyAdmin-262-rc1/index
ERROR - 2017-03-20 19:01:07 --> 404 Page Not Found: PhpMyAdmin-262/index
ERROR - 2017-03-20 19:01:08 --> 404 Page Not Found: PhpMyAdmin-262-pl1/index
ERROR - 2017-03-20 19:01:08 --> 404 Page Not Found: PhpMyAdmin-263/index
ERROR - 2017-03-20 19:01:09 --> 404 Page Not Found: PhpMyAdmin-263-rc1/index
ERROR - 2017-03-20 19:01:10 --> 404 Page Not Found: PhpMyAdmin-263/index
ERROR - 2017-03-20 19:01:10 --> 404 Page Not Found: PhpMyAdmin-263-pl1/index
ERROR - 2017-03-20 19:01:11 --> 404 Page Not Found: PhpMyAdmin-264-rc1/index
ERROR - 2017-03-20 19:01:12 --> 404 Page Not Found: PhpMyAdmin-264-pl1/index
ERROR - 2017-03-20 19:01:12 --> 404 Page Not Found: PhpMyAdmin-264-pl2/index
ERROR - 2017-03-20 19:01:13 --> 404 Page Not Found: PhpMyAdmin-264-pl3/index
ERROR - 2017-03-20 19:01:13 --> 404 Page Not Found: PhpMyAdmin-264-pl4/index
ERROR - 2017-03-20 19:01:14 --> 404 Page Not Found: PhpMyAdmin-264/index
ERROR - 2017-03-20 19:01:14 --> 404 Page Not Found: PhpMyAdmin-270-beta1/index
ERROR - 2017-03-20 19:01:15 --> 404 Page Not Found: PhpMyAdmin-270-rc1/index
ERROR - 2017-03-20 19:01:15 --> 404 Page Not Found: PhpMyAdmin-270-pl1/index
ERROR - 2017-03-20 19:01:16 --> 404 Page Not Found: PhpMyAdmin-270-pl2/index
ERROR - 2017-03-20 19:01:16 --> 404 Page Not Found: PhpMyAdmin-270/index
ERROR - 2017-03-20 19:01:17 --> 404 Page Not Found: PhpMyAdmin-280-beta1/index
ERROR - 2017-03-20 19:01:18 --> 404 Page Not Found: PhpMyAdmin-280-rc1/index
ERROR - 2017-03-20 19:01:18 --> 404 Page Not Found: PhpMyAdmin-280-rc2/index
ERROR - 2017-03-20 19:01:19 --> 404 Page Not Found: PhpMyAdmin-280/index
ERROR - 2017-03-20 19:01:19 --> 404 Page Not Found: PhpMyAdmin-2801/index
ERROR - 2017-03-20 19:01:20 --> 404 Page Not Found: PhpMyAdmin-2802/index
ERROR - 2017-03-20 19:01:20 --> 404 Page Not Found: PhpMyAdmin-2803/index
ERROR - 2017-03-20 19:01:21 --> 404 Page Not Found: PhpMyAdmin-2804/index
ERROR - 2017-03-20 19:01:22 --> 404 Page Not Found: PhpMyAdmin-281-rc1/index
ERROR - 2017-03-20 19:01:22 --> 404 Page Not Found: PhpMyAdmin-281/index
ERROR - 2017-03-20 19:01:23 --> 404 Page Not Found: PhpMyAdmin-282/index
ERROR - 2017-03-20 19:01:24 --> 404 Page Not Found: Sqlmanager/index
ERROR - 2017-03-20 19:01:24 --> 404 Page Not Found: Mysqlmanager/index
ERROR - 2017-03-20 19:01:25 --> 404 Page Not Found: P/m
ERROR - 2017-03-20 19:01:25 --> 404 Page Not Found: PMA2005/index
ERROR - 2017-03-20 19:01:26 --> 404 Page Not Found: Pma2005/index
ERROR - 2017-03-20 19:01:26 --> 404 Page Not Found: Phpmanager/index
ERROR - 2017-03-20 19:01:27 --> 404 Page Not Found: Php-myadmin/index
ERROR - 2017-03-20 19:01:28 --> 404 Page Not Found: Phpmy-admin/index
ERROR - 2017-03-20 19:01:28 --> 404 Page Not Found: Webadmin/index
ERROR - 2017-03-20 19:01:29 --> 404 Page Not Found: Sqlweb/index
ERROR - 2017-03-20 19:01:29 --> 404 Page Not Found: Websql/index
ERROR - 2017-03-20 19:01:30 --> 404 Page Not Found: Webdb/index
ERROR - 2017-03-20 19:01:30 --> 404 Page Not Found: Mysqladmin/index
ERROR - 2017-03-20 19:01:31 --> 404 Page Not Found: Mysql-admin/index
