ERROR - 2017-06-18 02:21:31 --> 404 Page Not Found: HndUnblockcgi/index
ERROR - 2017-06-18 06:50:21 --> 404 Page Not Found: TmUnblockcgi/index
ERROR - 2017-06-18 08:34:29 --> 404 Page Not Found: Admin/images
ERROR - 2017-06-18 09:31:37 --> 404 Page Not Found: Cgi-sys/realsignup.cgi
ERROR - 2017-06-18 09:31:37 --> 404 Page Not Found: Cgi-bin/test-cgi
ERROR - 2017-06-18 09:31:38 --> 404 Page Not Found: Cgi-bin/test.cgi
ERROR - 2017-06-18 09:31:39 --> 404 Page Not Found: Cgi-bin/login.cgi
ERROR - 2017-06-18 09:44:48 --> 404 Page Not Found: TmUnblockcgi/index
ERROR - 2017-06-18 11:56:03 --> 404 Page Not Found: Cgi-bin/test-cgi
ERROR - 2017-06-18 12:28:38 --> 404 Page Not Found: Cgi-bin/login.cgi
ERROR - 2017-06-18 15:04:26 --> 404 Page Not Found: Wp-includes/js
ERROR - 2017-06-18 15:04:26 --> 404 Page Not Found: Skins/vector
ERROR - 2017-06-18 15:04:27 --> 404 Page Not Found: Misc/states.js
ERROR - 2017-06-18 15:04:27 --> 404 Page Not Found: Static/js
ERROR - 2017-06-18 15:04:27 --> 404 Page Not Found: Include/js
ERROR - 2017-06-18 15:04:28 --> 404 Page Not Found: Include/js
ERROR - 2017-06-18 15:04:28 --> 404 Page Not Found: Include/js
ERROR - 2017-06-18 15:04:28 --> 404 Page Not Found: Res/js
ERROR - 2017-06-18 15:04:29 --> 404 Page Not Found: Js/wind_editor.js
ERROR - 2017-06-18 15:04:29 --> 404 Page Not Found: Styles/prosilver
ERROR - 2017-06-18 15:04:30 --> 404 Page Not Found: Styles/prosilver
ERROR - 2017-06-18 15:04:30 --> 404 Page Not Found: Editor/ubb
ERROR - 2017-06-18 15:04:30 --> 404 Page Not Found: Template/default
ERROR - 2017-06-18 15:04:31 --> 404 Page Not Found: Static/js
ERROR - 2017-06-18 15:04:31 --> 404 Page Not Found: Images/js
ERROR - 2017-06-18 15:04:31 --> 404 Page Not Found: Templets/style
ERROR - 2017-06-18 15:04:32 --> 404 Page Not Found: Include/dedeajax2.js
ERROR - 2017-06-18 15:04:32 --> 404 Page Not Found: Images/default
ERROR - 2017-06-18 15:04:33 --> 404 Page Not Found: Js/lang
ERROR - 2017-06-18 15:04:33 --> 404 Page Not Found: Js/lang
ERROR - 2017-06-18 15:04:33 --> 404 Page Not Found: D/js
ERROR - 2017-06-18 15:04:34 --> 404 Page Not Found: Skin/default
ERROR - 2017-06-18 15:04:34 --> 404 Page Not Found: Media/system
ERROR - 2017-06-18 15:04:34 --> 404 Page Not Found: Media/system
ERROR - 2017-06-18 15:04:35 --> 404 Page Not Found: Lang/zh
ERROR - 2017-06-18 15:04:35 --> 404 Page Not Found: Style/default
ERROR - 2017-06-18 15:04:36 --> 404 Page Not Found: Lang/zh
ERROR - 2017-06-18 15:04:36 --> 404 Page Not Found: Rockmongo/index
ERROR - 2017-06-18 15:04:36 --> 404 Page Not Found: Server-status/index
ERROR - 2017-06-18 15:04:37 --> 404 Page Not Found: Ueditoralljs/index
ERROR - 2017-06-18 15:04:37 --> 404 Page Not Found: Wikilibd/PmWiki.ChangeLog
ERROR - 2017-06-18 15:04:37 --> 404 Page Not Found: 4e5e5d7364f443e28fbf0d3ae744a59a/index
ERROR - 2017-06-18 15:04:38 --> 404 Page Not Found: Jenkins/index
ERROR - 2017-06-18 17:51:54 --> 404 Page Not Found: Jenkins/index
ERROR - 2017-06-18 18:00:02 --> 404 Page Not Found: Wikilibd/PmWiki.ChangeLog
