ERROR - 2017-04-07 06:01:47 --> 404 Page Not Found: Cgi-bin/php
ERROR - 2017-04-07 08:04:41 --> 404 Page Not Found: Search/index
ERROR - 2017-04-07 08:04:42 --> 404 Page Not Found: 273/index
ERROR - 2017-04-07 08:05:49 --> 404 Page Not Found: Info/SYSTEM
ERROR - 2017-04-07 08:05:49 --> 404 Page Not Found: Info/SYSTEM
ERROR - 2017-04-07 08:05:49 --> 404 Page Not Found: Info/SYSTEM
ERROR - 2017-04-07 08:05:49 --> 404 Page Not Found: Info/SYSTEM
ERROR - 2017-04-07 08:05:50 --> 404 Page Not Found: Ifixwebspace/index
ERROR - 2017-04-07 08:05:50 --> 404 Page Not Found: Ifixwebspace/index
ERROR - 2017-04-07 09:41:47 --> 404 Page Not Found: Manager/html
ERROR - 2017-04-07 11:14:36 --> 404 Page Not Found: Info/SYSTEM
ERROR - 2017-04-07 11:14:45 --> 404 Page Not Found: Info/SYSTEM
ERROR - 2017-04-07 11:22:31 --> 404 Page Not Found: Info/SYSTEM
ERROR - 2017-04-07 11:22:43 --> 404 Page Not Found: Info/SYSTEM
ERROR - 2017-04-07 11:37:08 --> 404 Page Not Found: Search/index
ERROR - 2017-04-07 11:37:08 --> 404 Page Not Found: 276/index
ERROR - 2017-04-07 12:05:57 --> 404 Page Not Found: HndUnblockcgi/index
ERROR - 2017-04-07 12:05:59 --> 404 Page Not Found: TmUnblockcgi/index
ERROR - 2017-04-07 12:06:00 --> 404 Page Not Found: Cgi/index
ERROR - 2017-04-07 12:06:01 --> 404 Page Not Found: Cgi-bin/cgiSrv.cgi
ERROR - 2017-04-07 14:29:24 --> 404 Page Not Found: Admin/i18n
ERROR - 2017-04-07 14:47:13 --> 404 Page Not Found: Cache/global
ERROR - 2017-04-07 15:23:09 --> 404 Page Not Found: TmUnblockcgi/index
ERROR - 2017-04-07 16:13:51 --> 404 Page Not Found: HndUnblockcgi/index
ERROR - 2017-04-07 16:13:51 --> 404 Page Not Found: Cgi/index
ERROR - 2017-04-07 18:05:55 --> 404 Page Not Found: Cache/global
