ERROR - 2017-07-16 10:14:59 --> 404 Page Not Found: Cgi/common.cgi
ERROR - 2017-07-16 10:15:00 --> 404 Page Not Found: Stssyshtm/index
ERROR - 2017-07-16 11:40:27 --> 404 Page Not Found: Manager/html
ERROR - 2017-07-16 17:13:29 --> 404 Page Not Found: Cache/global
LDSF - 2017-07-16 17:25:18 --> >>> User->addressbookisempty()
LDSF - 2017-07-16 17:25:18 --> openid=oPicY0cBD5ZB89KieBFSH-PNddIE
LDSF - 2017-07-16 17:25:19 --> >>> User->loginrecord()
LDSF - 2017-07-16 17:25:19 --> openid=oPicY0cBD5ZB89KieBFSH-PNddIE
ERROR - 2017-07-16 17:25:22 --> 
ERROR - 2017-07-16 17:25:26 --> 
ERROR - 2017-07-16 17:27:06 --> 
ERROR - 2017-07-16 17:27:12 --> 
ERROR - 2017-07-16 17:27:51 --> 
ERROR - 2017-07-16 17:33:24 --> 
ERROR - 2017-07-16 17:33:27 --> 
ERROR - 2017-07-16 17:33:30 --> 
ERROR - 2017-07-16 17:33:53 --> 
ERROR - 2017-07-16 18:04:49 --> 404 Page Not Found: Faviconico/index
ERROR - 2017-07-16 18:17:33 --> 404 Page Not Found: Upload/bank-icons
ERROR - 2017-07-16 18:23:38 --> 404 Page Not Found: Faviconico/index
ERROR - 2017-07-16 18:23:40 --> 404 Page Not Found: Faviconico/index
ERROR - 2017-07-16 18:23:48 --> 404 Page Not Found: Faviconico/index
ERROR - 2017-07-16 18:23:58 --> 404 Page Not Found: Faviconico/index
ERROR - 2017-07-16 18:24:11 --> 404 Page Not Found: Faviconico/index
ERROR - 2017-07-16 18:24:24 --> 404 Page Not Found: Faviconico/index
ERROR - 2017-07-16 19:40:02 --> 404 Page Not Found: Manager/html
ERROR - 2017-07-16 21:03:31 --> 404 Page Not Found: Manager/html
