ERROR - 2017-03-05 00:26:07 --> 404 Page Not Found: Wp-includes/js
ERROR - 2017-03-05 00:26:07 --> 404 Page Not Found: Skins/vector
ERROR - 2017-03-05 00:26:08 --> 404 Page Not Found: Misc/states.js
ERROR - 2017-03-05 00:26:08 --> 404 Page Not Found: Static/js
ERROR - 2017-03-05 00:26:09 --> 404 Page Not Found: Include/js
ERROR - 2017-03-05 00:26:09 --> 404 Page Not Found: Include/js
ERROR - 2017-03-05 00:26:09 --> 404 Page Not Found: Include/js
ERROR - 2017-03-05 00:26:10 --> 404 Page Not Found: Res/js
ERROR - 2017-03-05 00:26:10 --> 404 Page Not Found: Js/wind_editor.js
ERROR - 2017-03-05 00:26:11 --> 404 Page Not Found: Styles/prosilver
ERROR - 2017-03-05 00:26:11 --> 404 Page Not Found: Styles/prosilver
ERROR - 2017-03-05 00:26:11 --> 404 Page Not Found: Editor/ubb
ERROR - 2017-03-05 00:26:12 --> 404 Page Not Found: Template/default
ERROR - 2017-03-05 00:26:12 --> 404 Page Not Found: Static/js
ERROR - 2017-03-05 00:26:12 --> 404 Page Not Found: Images/js
ERROR - 2017-03-05 00:26:13 --> 404 Page Not Found: Templets/style
ERROR - 2017-03-05 00:26:13 --> 404 Page Not Found: Include/dedeajax2.js
ERROR - 2017-03-05 00:26:14 --> 404 Page Not Found: Images/default
ERROR - 2017-03-05 00:26:14 --> 404 Page Not Found: Js/lang
ERROR - 2017-03-05 00:26:14 --> 404 Page Not Found: Js/lang
ERROR - 2017-03-05 00:26:15 --> 404 Page Not Found: D/js
ERROR - 2017-03-05 00:26:15 --> 404 Page Not Found: Skin/default
ERROR - 2017-03-05 00:26:15 --> 404 Page Not Found: Media/system
ERROR - 2017-03-05 00:26:16 --> 404 Page Not Found: Media/system
ERROR - 2017-03-05 00:26:16 --> 404 Page Not Found: Lang/zh
ERROR - 2017-03-05 00:26:17 --> 404 Page Not Found: Style/default
ERROR - 2017-03-05 00:26:17 --> 404 Page Not Found: Lang/zh
ERROR - 2017-03-05 00:26:17 --> 404 Page Not Found: Rockmongo/index
ERROR - 2017-03-05 00:26:18 --> 404 Page Not Found: Server-status/index
ERROR - 2017-03-05 00:26:18 --> 404 Page Not Found: Ueditoralljs/index
ERROR - 2017-03-05 00:26:19 --> 404 Page Not Found: Please_read/_search
ERROR - 2017-03-05 00:26:19 --> 404 Page Not Found: Pleasereadthis/index
ERROR - 2017-03-05 00:26:19 --> 404 Page Not Found: Wikilibd/PmWiki.ChangeLog
ERROR - 2017-03-05 00:26:20 --> 404 Page Not Found: Warning/index
ERROR - 2017-03-05 00:26:20 --> 404 Page Not Found: 4e5e5d7364f443e28fbf0d3ae744a59a/index
ERROR - 2017-03-05 00:26:20 --> 404 Page Not Found: Jenkins/index
ERROR - 2017-03-05 00:27:16 --> 404 Page Not Found: Wp-includes/js
ERROR - 2017-03-05 00:27:16 --> 404 Page Not Found: Skins/vector
ERROR - 2017-03-05 00:27:16 --> 404 Page Not Found: Misc/states.js
ERROR - 2017-03-05 00:27:17 --> 404 Page Not Found: Static/js
ERROR - 2017-03-05 00:27:17 --> 404 Page Not Found: Include/js
ERROR - 2017-03-05 00:27:17 --> 404 Page Not Found: Include/js
ERROR - 2017-03-05 00:27:18 --> 404 Page Not Found: Include/js
ERROR - 2017-03-05 00:27:18 --> 404 Page Not Found: Res/js
ERROR - 2017-03-05 00:27:19 --> 404 Page Not Found: Js/wind_editor.js
ERROR - 2017-03-05 00:27:19 --> 404 Page Not Found: Styles/prosilver
ERROR - 2017-03-05 00:27:19 --> 404 Page Not Found: Styles/prosilver
ERROR - 2017-03-05 00:27:20 --> 404 Page Not Found: Editor/ubb
ERROR - 2017-03-05 00:27:20 --> 404 Page Not Found: Template/default
ERROR - 2017-03-05 00:27:20 --> 404 Page Not Found: Static/js
ERROR - 2017-03-05 00:27:21 --> 404 Page Not Found: Images/js
ERROR - 2017-03-05 00:27:21 --> 404 Page Not Found: Templets/style
ERROR - 2017-03-05 00:27:22 --> 404 Page Not Found: Include/dedeajax2.js
ERROR - 2017-03-05 00:27:22 --> 404 Page Not Found: Images/default
ERROR - 2017-03-05 00:27:22 --> 404 Page Not Found: Js/lang
ERROR - 2017-03-05 00:27:23 --> 404 Page Not Found: Js/lang
ERROR - 2017-03-05 00:27:23 --> 404 Page Not Found: D/js
ERROR - 2017-03-05 00:27:24 --> 404 Page Not Found: Skin/default
ERROR - 2017-03-05 00:27:24 --> 404 Page Not Found: Media/system
ERROR - 2017-03-05 00:27:24 --> 404 Page Not Found: Media/system
ERROR - 2017-03-05 00:27:25 --> 404 Page Not Found: Lang/zh
ERROR - 2017-03-05 00:27:25 --> 404 Page Not Found: Style/default
ERROR - 2017-03-05 00:27:26 --> 404 Page Not Found: Lang/zh
ERROR - 2017-03-05 00:27:26 --> 404 Page Not Found: Rockmongo/index
ERROR - 2017-03-05 00:27:26 --> 404 Page Not Found: Server-status/index
ERROR - 2017-03-05 00:27:27 --> 404 Page Not Found: Ueditoralljs/index
ERROR - 2017-03-05 00:27:27 --> 404 Page Not Found: Please_read/_search
ERROR - 2017-03-05 00:27:27 --> 404 Page Not Found: Pleasereadthis/index
ERROR - 2017-03-05 00:27:28 --> 404 Page Not Found: Wikilibd/PmWiki.ChangeLog
ERROR - 2017-03-05 00:27:28 --> 404 Page Not Found: Warning/index
ERROR - 2017-03-05 00:27:29 --> 404 Page Not Found: 4e5e5d7364f443e28fbf0d3ae744a59a/index
ERROR - 2017-03-05 00:27:29 --> 404 Page Not Found: Jenkins/index
ERROR - 2017-03-05 00:48:27 --> 404 Page Not Found: Phpmyadmin/index
ERROR - 2017-03-05 01:12:36 --> 404 Page Not Found: Phpmyadmin/index
ERROR - 2017-03-05 01:38:03 --> 404 Page Not Found: Manager/html
ERROR - 2017-03-05 03:51:21 --> 404 Page Not Found: Please_read/_search
ERROR - 2017-03-05 04:35:22 --> 404 Page Not Found: Cache/global
ERROR - 2017-03-05 08:43:39 --> 404 Page Not Found: Antanistaticmap/stats
ERROR - 2017-03-05 11:11:53 --> 404 Page Not Found: Antanistaticmap/stats
ERROR - 2017-03-05 11:12:05 --> 404 Page Not Found: Antanistaticmap/stats
ERROR - 2017-03-05 22:01:33 --> 404 Page Not Found: 1rar/index
ERROR - 2017-03-05 22:01:34 --> 404 Page Not Found: 1zip/index
ERROR - 2017-03-05 22:01:34 --> 404 Page Not Found: 123rar/index
ERROR - 2017-03-05 22:01:34 --> 404 Page Not Found: 123zip/index
ERROR - 2017-03-05 22:01:34 --> 404 Page Not Found: Arar/index
ERROR - 2017-03-05 22:01:35 --> 404 Page Not Found: Azip/index
ERROR - 2017-03-05 22:01:36 --> 404 Page Not Found: Htmlzip/index
ERROR - 2017-03-05 22:01:36 --> 404 Page Not Found: Htmlrar/index
ERROR - 2017-03-05 22:01:36 --> 404 Page Not Found: Abczip/index
ERROR - 2017-03-05 22:01:36 --> 404 Page Not Found: Abcrar/index
ERROR - 2017-03-05 22:01:37 --> 404 Page Not Found: Public_htmlrar/index
ERROR - 2017-03-05 22:01:37 --> 404 Page Not Found: Public_htmlzip/index
ERROR - 2017-03-05 22:01:37 --> 404 Page Not Found: Flashfxpzip/index
ERROR - 2017-03-05 22:01:37 --> 404 Page Not Found: Flashfxprar/index
ERROR - 2017-03-05 22:01:38 --> 404 Page Not Found: HYTopmdb/index
ERROR - 2017-03-05 22:01:38 --> 404 Page Not Found: Wwwrootrar/index
ERROR - 2017-03-05 22:01:38 --> 404 Page Not Found: Wwwrootzip/index
ERROR - 2017-03-05 22:01:39 --> 404 Page Not Found: Wwwrar/index
ERROR - 2017-03-05 22:01:39 --> 404 Page Not Found: Wwwzip/index
ERROR - 2017-03-05 22:01:40 --> 404 Page Not Found: Webrar/index
ERROR - 2017-03-05 22:01:40 --> 404 Page Not Found: Webzip/index
ERROR - 2017-03-05 22:01:40 --> 404 Page Not Found: HYTopmdb/index
ERROR - 2017-03-05 22:01:40 --> 404 Page Not Found: Packetmdb/index
ERROR - 2017-03-05 22:01:41 --> 404 Page Not Found: Mcmdb/index
ERROR - 2017-03-05 22:01:41 --> 404 Page Not Found: ToMdbmdb/index
ERROR - 2017-03-05 22:01:41 --> 404 Page Not Found: Unpackmdb/index
ERROR - 2017-03-05 22:01:41 --> 404 Page Not Found: HUOHUzip/index
ERROR - 2017-03-05 22:01:42 --> 404 Page Not Found: 123206119254rar/index
ERROR - 2017-03-05 22:01:42 --> 404 Page Not Found: 123206119254zip/index
ERROR - 2017-03-05 22:01:42 --> 404 Page Not Found: 123_206_119_254rar/index
ERROR - 2017-03-05 22:01:42 --> 404 Page Not Found: 123_206_119_254zip/index
ERROR - 2017-03-05 22:01:43 --> 404 Page Not Found: 123206119254rar/index
ERROR - 2017-03-05 22:01:43 --> 404 Page Not Found: 123206119254zip/index
ERROR - 2017-03-05 22:01:43 --> 404 Page Not Found: 119254rar/index
ERROR - 2017-03-05 22:01:44 --> 404 Page Not Found: 119254zip/index
ERROR - 2017-03-05 22:01:44 --> 404 Page Not Found: 119rar/index
ERROR - 2017-03-05 22:01:44 --> 404 Page Not Found: 119zip/index
ERROR - 2017-03-05 22:01:44 --> 404 Page Not Found: 119_254rar/index
ERROR - 2017-03-05 22:01:45 --> 404 Page Not Found: 119_254zip/index
ERROR - 2017-03-05 22:01:45 --> 404 Page Not Found: 123_206_119_254rar/index
ERROR - 2017-03-05 22:01:45 --> 404 Page Not Found: 123_206_119_254zip/index
ERROR - 2017-03-05 22:20:35 --> 404 Page Not Found: Wp-includes/js
ERROR - 2017-03-05 22:20:35 --> 404 Page Not Found: Skins/vector
ERROR - 2017-03-05 22:20:35 --> 404 Page Not Found: Misc/states.js
ERROR - 2017-03-05 22:20:36 --> 404 Page Not Found: Static/js
ERROR - 2017-03-05 22:20:36 --> 404 Page Not Found: Include/js
ERROR - 2017-03-05 22:20:37 --> 404 Page Not Found: Include/js
ERROR - 2017-03-05 22:20:37 --> 404 Page Not Found: Include/js
ERROR - 2017-03-05 22:20:37 --> 404 Page Not Found: Res/js
ERROR - 2017-03-05 22:20:38 --> 404 Page Not Found: Js/wind_editor.js
ERROR - 2017-03-05 22:20:38 --> 404 Page Not Found: Styles/prosilver
ERROR - 2017-03-05 22:20:38 --> 404 Page Not Found: Styles/prosilver
ERROR - 2017-03-05 22:20:39 --> 404 Page Not Found: Editor/ubb
ERROR - 2017-03-05 22:20:39 --> 404 Page Not Found: Template/default
ERROR - 2017-03-05 22:20:40 --> 404 Page Not Found: Static/js
ERROR - 2017-03-05 22:20:40 --> 404 Page Not Found: Images/js
ERROR - 2017-03-05 22:20:40 --> 404 Page Not Found: Templets/style
ERROR - 2017-03-05 22:20:41 --> 404 Page Not Found: Include/dedeajax2.js
ERROR - 2017-03-05 22:20:41 --> 404 Page Not Found: Images/default
ERROR - 2017-03-05 22:20:41 --> 404 Page Not Found: Js/lang
ERROR - 2017-03-05 22:20:42 --> 404 Page Not Found: Js/lang
ERROR - 2017-03-05 22:20:42 --> 404 Page Not Found: D/js
ERROR - 2017-03-05 22:20:43 --> 404 Page Not Found: Skin/default
ERROR - 2017-03-05 22:20:43 --> 404 Page Not Found: Media/system
ERROR - 2017-03-05 22:20:43 --> 404 Page Not Found: Media/system
ERROR - 2017-03-05 22:20:44 --> 404 Page Not Found: Lang/zh
ERROR - 2017-03-05 22:20:44 --> 404 Page Not Found: Style/default
ERROR - 2017-03-05 22:20:45 --> 404 Page Not Found: Lang/zh
ERROR - 2017-03-05 22:20:45 --> 404 Page Not Found: Rockmongo/index
ERROR - 2017-03-05 22:20:45 --> 404 Page Not Found: Server-status/index
ERROR - 2017-03-05 22:20:46 --> 404 Page Not Found: Ueditoralljs/index
ERROR - 2017-03-05 22:20:46 --> 404 Page Not Found: Please_read/_search
ERROR - 2017-03-05 22:20:47 --> 404 Page Not Found: Pleasereadthis/index
ERROR - 2017-03-05 22:20:47 --> 404 Page Not Found: Wikilibd/PmWiki.ChangeLog
ERROR - 2017-03-05 22:20:47 --> 404 Page Not Found: Warning/index
ERROR - 2017-03-05 22:20:48 --> 404 Page Not Found: 4e5e5d7364f443e28fbf0d3ae744a59a/index
ERROR - 2017-03-05 22:20:48 --> 404 Page Not Found: Jenkins/index
ERROR - 2017-03-05 22:21:43 --> 404 Page Not Found: Wp-includes/js
ERROR - 2017-03-05 22:21:43 --> 404 Page Not Found: Skins/vector
ERROR - 2017-03-05 22:21:43 --> 404 Page Not Found: Misc/states.js
ERROR - 2017-03-05 22:21:44 --> 404 Page Not Found: Static/js
ERROR - 2017-03-05 22:21:44 --> 404 Page Not Found: Include/js
ERROR - 2017-03-05 22:21:45 --> 404 Page Not Found: Include/js
ERROR - 2017-03-05 22:21:45 --> 404 Page Not Found: Include/js
ERROR - 2017-03-05 22:21:45 --> 404 Page Not Found: Res/js
ERROR - 2017-03-05 22:21:46 --> 404 Page Not Found: Js/wind_editor.js
ERROR - 2017-03-05 22:21:46 --> 404 Page Not Found: Styles/prosilver
ERROR - 2017-03-05 22:21:47 --> 404 Page Not Found: Styles/prosilver
ERROR - 2017-03-05 22:21:47 --> 404 Page Not Found: Editor/ubb
ERROR - 2017-03-05 22:21:47 --> 404 Page Not Found: Template/default
ERROR - 2017-03-05 22:21:48 --> 404 Page Not Found: Static/js
ERROR - 2017-03-05 22:21:48 --> 404 Page Not Found: Images/js
ERROR - 2017-03-05 22:21:48 --> 404 Page Not Found: Templets/style
ERROR - 2017-03-05 22:21:49 --> 404 Page Not Found: Include/dedeajax2.js
ERROR - 2017-03-05 22:21:49 --> 404 Page Not Found: Images/default
ERROR - 2017-03-05 22:21:50 --> 404 Page Not Found: Js/lang
ERROR - 2017-03-05 22:21:50 --> 404 Page Not Found: Js/lang
ERROR - 2017-03-05 22:21:50 --> 404 Page Not Found: D/js
ERROR - 2017-03-05 22:21:51 --> 404 Page Not Found: Skin/default
ERROR - 2017-03-05 22:21:51 --> 404 Page Not Found: Media/system
ERROR - 2017-03-05 22:21:51 --> 404 Page Not Found: Media/system
ERROR - 2017-03-05 22:21:52 --> 404 Page Not Found: Lang/zh
ERROR - 2017-03-05 22:21:52 --> 404 Page Not Found: Style/default
ERROR - 2017-03-05 22:21:53 --> 404 Page Not Found: Lang/zh
ERROR - 2017-03-05 22:21:53 --> 404 Page Not Found: Rockmongo/index
ERROR - 2017-03-05 22:21:53 --> 404 Page Not Found: Server-status/index
ERROR - 2017-03-05 22:21:54 --> 404 Page Not Found: Ueditoralljs/index
ERROR - 2017-03-05 22:21:54 --> 404 Page Not Found: Please_read/_search
ERROR - 2017-03-05 22:21:54 --> 404 Page Not Found: Pleasereadthis/index
ERROR - 2017-03-05 22:21:55 --> 404 Page Not Found: Wikilibd/PmWiki.ChangeLog
ERROR - 2017-03-05 22:21:55 --> 404 Page Not Found: Warning/index
ERROR - 2017-03-05 22:21:56 --> 404 Page Not Found: 4e5e5d7364f443e28fbf0d3ae744a59a/index
ERROR - 2017-03-05 22:21:56 --> 404 Page Not Found: Jenkins/index
ERROR - 2017-03-05 22:46:11 --> 404 Page Not Found: Phpmyadmin/index
ERROR - 2017-03-05 23:56:28 --> 404 Page Not Found: 1rar/index
ERROR - 2017-03-05 23:56:28 --> 404 Page Not Found: 1zip/index
ERROR - 2017-03-05 23:56:28 --> 404 Page Not Found: 123rar/index
ERROR - 2017-03-05 23:56:29 --> 404 Page Not Found: 123zip/index
ERROR - 2017-03-05 23:56:29 --> 404 Page Not Found: Arar/index
ERROR - 2017-03-05 23:56:29 --> 404 Page Not Found: Azip/index
ERROR - 2017-03-05 23:56:29 --> 404 Page Not Found: Htmlzip/index
ERROR - 2017-03-05 23:56:30 --> 404 Page Not Found: Htmlrar/index
ERROR - 2017-03-05 23:56:30 --> 404 Page Not Found: Abczip/index
ERROR - 2017-03-05 23:56:30 --> 404 Page Not Found: Abcrar/index
ERROR - 2017-03-05 23:56:31 --> 404 Page Not Found: Public_htmlrar/index
ERROR - 2017-03-05 23:56:31 --> 404 Page Not Found: Public_htmlzip/index
ERROR - 2017-03-05 23:56:31 --> 404 Page Not Found: Flashfxpzip/index
ERROR - 2017-03-05 23:56:31 --> 404 Page Not Found: Flashfxprar/index
ERROR - 2017-03-05 23:56:32 --> 404 Page Not Found: HYTopmdb/index
ERROR - 2017-03-05 23:56:32 --> 404 Page Not Found: Wwwrootrar/index
ERROR - 2017-03-05 23:56:32 --> 404 Page Not Found: Wwwrootzip/index
ERROR - 2017-03-05 23:56:33 --> 404 Page Not Found: Wwwrar/index
ERROR - 2017-03-05 23:56:33 --> 404 Page Not Found: Wwwzip/index
ERROR - 2017-03-05 23:56:34 --> 404 Page Not Found: Webrar/index
ERROR - 2017-03-05 23:56:34 --> 404 Page Not Found: Webzip/index
ERROR - 2017-03-05 23:56:34 --> 404 Page Not Found: HYTopmdb/index
ERROR - 2017-03-05 23:56:34 --> 404 Page Not Found: Packetmdb/index
ERROR - 2017-03-05 23:56:35 --> 404 Page Not Found: Mcmdb/index
ERROR - 2017-03-05 23:56:35 --> 404 Page Not Found: ToMdbmdb/index
ERROR - 2017-03-05 23:56:35 --> 404 Page Not Found: Unpackmdb/index
ERROR - 2017-03-05 23:56:35 --> 404 Page Not Found: HUOHUzip/index
ERROR - 2017-03-05 23:56:36 --> 404 Page Not Found: 123206119254rar/index
ERROR - 2017-03-05 23:56:36 --> 404 Page Not Found: 123206119254zip/index
ERROR - 2017-03-05 23:56:36 --> 404 Page Not Found: 123_206_119_254rar/index
ERROR - 2017-03-05 23:56:36 --> 404 Page Not Found: 123_206_119_254zip/index
ERROR - 2017-03-05 23:56:37 --> 404 Page Not Found: 123206119254rar/index
ERROR - 2017-03-05 23:56:37 --> 404 Page Not Found: 123206119254zip/index
ERROR - 2017-03-05 23:56:37 --> 404 Page Not Found: 119254rar/index
ERROR - 2017-03-05 23:56:37 --> 404 Page Not Found: 119254zip/index
ERROR - 2017-03-05 23:56:38 --> 404 Page Not Found: 119rar/index
ERROR - 2017-03-05 23:56:38 --> 404 Page Not Found: 119zip/index
ERROR - 2017-03-05 23:56:38 --> 404 Page Not Found: 119_254rar/index
ERROR - 2017-03-05 23:56:38 --> 404 Page Not Found: 119_254zip/index
ERROR - 2017-03-05 23:56:39 --> 404 Page Not Found: 123_206_119_254rar/index
ERROR - 2017-03-05 23:56:39 --> 404 Page Not Found: 123_206_119_254zip/index
