ERROR - 2017-04-15 01:43:30 --> 404 Page Not Found: Pmd/index
ERROR - 2017-04-15 02:30:18 --> 404 Page Not Found: Pmd/index
ERROR - 2017-04-15 04:02:55 --> 404 Page Not Found: Pmd/index
ERROR - 2017-04-15 06:03:56 --> 404 Page Not Found: Pma/favicon.ico
ERROR - 2017-04-15 06:03:56 --> 404 Page Not Found: Pmy/favicon.ico
ERROR - 2017-04-15 06:03:56 --> 404 Page Not Found: Ebak/images
ERROR - 2017-04-15 06:03:56 --> 404 Page Not Found: Beifen/images
ERROR - 2017-04-15 06:03:56 --> 404 Page Not Found: Mysql/favicon.ico
ERROR - 2017-04-15 06:03:56 --> 404 Page Not Found: Dgbf/images
ERROR - 2017-04-15 06:03:56 --> 404 Page Not Found: Diguo/images
ERROR - 2017-04-15 06:03:56 --> 404 Page Not Found: Pmu/favicon.ico
ERROR - 2017-04-15 07:17:19 --> 404 Page Not Found: Pmd/index
ERROR - 2017-04-15 09:26:25 --> 404 Page Not Found: Phpmyadmin/index
ERROR - 2017-04-15 11:06:33 --> 404 Page Not Found: Phpmyadmin/index
ERROR - 2017-04-15 12:11:14 --> 404 Page Not Found: Phpmyadmin/index
ERROR - 2017-04-15 12:11:27 --> 404 Page Not Found: Phpmyadmin/index
ERROR - 2017-04-15 12:19:45 --> 404 Page Not Found: Phpmyadmin/index
ERROR - 2017-04-15 14:29:28 --> 404 Page Not Found: AppRoom/index
ERROR - 2017-04-15 14:36:30 --> 404 Page Not Found: AppRoom/index
ERROR - 2017-04-15 14:48:13 --> 404 Page Not Found: AppRoom/index
ERROR - 2017-04-15 16:41:26 --> 404 Page Not Found: Cache/global
ERROR - 2017-04-15 19:57:19 --> 404 Page Not Found: Pmd/index
ERROR - 2017-04-15 20:35:32 --> 404 Page Not Found: Cgi-bin/php
